[35m[Appium][39m Welcome to Appium v1.22.0
[35m[Appium][39m Non-default server args:
[35m[Appium][39m   port: 51155
[35m[Appium][39m   loglevel: info
[35m[Appium][39m   tmpDir: C:\Users\User\AppData\Local\Temp\\Katalon\Appium\Temp1689236432372
[35m[Appium][39m   chromedriverPort: 51158
[35m[Appium][39m Deprecated server args:
[35m[Appium][39m   [31m--chromedriver-port[39m => --default-capabilities
[35m[Appium][39m Default capabilities, which will be added to each request unless overridden by desired capabilities:
[35m[Appium][39m   chromedriverPort: 51158
[35m[Appium][39m Appium REST http interface listener started on 0.0.0.0:51155
[35m[HTTP][39m [37m-->[39m [37mGET[39m [37m/wd/hub/status[39m
[35m[HTTP][39m [90m{}[39m
[35m[HTTP][39m [37m<-- GET /wd/hub/status [39m[32m200[39m [90m7 ms - 68[39m
[35m[HTTP][39m [90m[39m
[35m[HTTP][39m [37m-->[39m [37mPOST[39m [37m/wd/hub/session[39m
[35m[HTTP][39m [90m{"desiredCapabilities":{"appActivity":".Settings","appPackage":"com.android.settings","newCommandTimeout":1800,"platformVersion":"12","automationName":"uiautomator2","autoGrantPermissions":true,"platformName":"Android","udid":"aihykrce5lrgzhxg","deviceName":"Xiaomi M2103K19PG (Android 12)","platform":"ANDROID","systemPort":8282},"capabilities":{"firstMatch":[{"appium:appActivity":".Settings","appium:appPackage":"com.android.settings","appium:autoGrantPermissions":true,"appium:automationName":"uiautomator2","appium:deviceName":"Xiaomi M2103K19PG (Android 12)","appium:newCommandTimeout":1800,"platform":"ANDROID","platformName":"android","appium:platformVersion":"12","appium:systemPort":8282,"appium:udid":"aihykrce5lrgzhxg"}]}}[39m
[35m[BaseDriver][39m The following capabilities are not standard capabilities and should have an extension prefix:
[35m[BaseDriver][39m   platform
[35m[BaseDriver][39m   chromedriverPort
[35m[Appium][39m Appium v1.22.0 creating new AndroidUiautomator2Driver (v1.69.0) session
[35m[BaseDriver][39m The following capabilities were provided, but are not recognized by Appium:
[35m[BaseDriver][39m   platform
[35m[BaseDriver][39m Session created with session id: f10fe1f4-62d2-4c49-8d31-6c3555cfeae5
[35m[UiAutomator2][39m Starting 'com.android.settings' directly on the device
[35m[ADB][39m Found 1 'build-tools' folders under 'C:\Users\User\.katalon\tools\android_sdk' (newest first):
[35m[ADB][39m     C:/Users/User/.katalon/tools/android_sdk/build-tools/29.0.3
[35m[ADB][39m Using 'adb.exe' from 'C:\Users\User\.katalon\tools\android_sdk\platform-tools\adb.exe'
[35m[AndroidDriver][39m Retrieving device list
[35m[AndroidDriver][39m Using device: aihykrce5lrgzhxg
[35m[ADB][39m Using 'adb.exe' from 'C:\Users\User\.katalon\tools\android_sdk\platform-tools\adb.exe'
[35m[ADB][39m Getting device platform version
[35m[UiAutomator2][39m Relaxing hidden api policy
[35m[AndroidDriver][39m No app sent in, not parsing package/activity
[35m[ADB][39m Using 'apksigner.jar' from 'C:\Users\User\.katalon\tools\android_sdk\build-tools\29.0.3\lib\apksigner.jar'
[35m[ADB][39m 'C:\Users\User\AppData\Roaming\npm\node_modules\appium\node_modules\appium-uiautomator2-server\apks\appium-uiautomator2-server-v4.24.0.apk' is signed with the default certificate
[35m[ADB][39m 'C:\Users\User\AppData\Roaming\npm\node_modules\appium\node_modules\appium-uiautomator2-server\apks\appium-uiautomator2-server-debug-androidTest.apk' is signed with the default certificate
[35m[UiAutomator2][39m Server packages are not going to be (re)installed
[35m[ADB][39m Adding packages ["io.appium.settings","io.appium.uiautomator2.server","io.appium.uiautomator2.server.test"] to Doze whitelist
[35m[UiAutomator2][39m Starting UIAutomator2 server 4.24.0
[35m[UiAutomator2][39m Using UIAutomator2 server from 'C:\Users\User\AppData\Roaming\npm\node_modules\appium\node_modules\appium-uiautomator2-server\apks\appium-uiautomator2-server-v4.24.0.apk' and test from 'C:\Users\User\AppData\Roaming\npm\node_modules\appium\node_modules\appium-uiautomator2-server\apks\appium-uiautomator2-server-debug-androidTest.apk'
[35m[UiAutomator2][39m Waiting up to 30000ms for UiAutomator2 to be online...
[35m[WD Proxy][39m socket hang up
[35m[WD Proxy][39m socket hang up
[35m[WD Proxy][39m socket hang up
[35m[WD Proxy][39m socket hang up
[35m[WD Proxy][39m socket hang up
[35m[WD Proxy][39m socket hang up
[35m[WD Proxy][39m Determined the downstream protocol as 'W3C'
[35m[AndroidDriver][39m Screen already unlocked, doing nothing
[35m[UiAutomator2][39m Starting 'com.android.settings/.Settings and waiting for 'com.android.settings/.Settings'
[35m[Appium][39m New AndroidUiautomator2Driver session created successfully, session f10fe1f4-62d2-4c49-8d31-6c3555cfeae5 added to master session list
[35m[HTTP][39m [37m<-- POST /wd/hub/session [39m[32m200[39m [90m14689 ms - 1181[39m
[35m[HTTP][39m [90m[39m
[35m[HTTP][39m [37m-->[39m [37mGET[39m [37m/wd/hub/session/f10fe1f4-62d2-4c49-8d31-6c3555cfeae5[39m
[35m[HTTP][39m [90m{}[39m
[35m[HTTP][39m [37m<-- GET /wd/hub/session/f10fe1f4-62d2-4c49-8d31-6c3555cfeae5 [39m[32m200[39m [90m71 ms - 1135[39m
[35m[HTTP][39m [90m[39m
[35m[HTTP][39m [37m-->[39m [37mGET[39m [37m/wd/hub/session/f10fe1f4-62d2-4c49-8d31-6c3555cfeae5[39m
[35m[HTTP][39m [90m{}[39m
[35m[HTTP][39m [37m<-- GET /wd/hub/session/f10fe1f4-62d2-4c49-8d31-6c3555cfeae5 [39m[32m200[39m [90m147 ms - 1135[39m
[35m[HTTP][39m [90m[39m
[35m[HTTP][39m [37m-->[39m [37mGET[39m [37m/wd/hub/status[39m
[35m[HTTP][39m [90m{}[39m
[35m[HTTP][39m [37m<-- GET /wd/hub/status [39m[32m200[39m [90m2 ms - 68[39m
[35m[HTTP][39m [90m[39m
[35m[HTTP][39m [37m-->[39m [37mPOST[39m [37m/wd/hub/session/f10fe1f4-62d2-4c49-8d31-6c3555cfeae5/timeouts[39m
[35m[HTTP][39m [90m{"implicit":120000}[39m
[35m[HTTP][39m [37m<-- POST /wd/hub/session/f10fe1f4-62d2-4c49-8d31-6c3555cfeae5/timeouts [39m[32m200[39m [90m5 ms - 14[39m
[35m[HTTP][39m [90m[39m
[35m[HTTP][39m [37m-->[39m [37mGET[39m [37m/wd/hub/session/f10fe1f4-62d2-4c49-8d31-6c3555cfeae5/screenshot[39m
[35m[HTTP][39m [90m{}[39m
[35m[HTTP][39m [37m<-- GET /wd/hub/session/f10fe1f4-62d2-4c49-8d31-6c3555cfeae5/screenshot [39m[32m200[39m [90m414 ms - 202414[39m
[35m[HTTP][39m [90m[39m
[35m[HTTP][39m [37m-->[39m [37mGET[39m [37m/wd/hub/session/f10fe1f4-62d2-4c49-8d31-6c3555cfeae5/window/rect[39m
[35m[HTTP][39m [90m{}[39m
[35m[HTTP][39m [37m<-- GET /wd/hub/session/f10fe1f4-62d2-4c49-8d31-6c3555cfeae5/window/rect [39m[32m200[39m [90m21 ms - 50[39m
[35m[HTTP][39m [90m[39m
[35m[HTTP][39m [37m-->[39m [37mGET[39m [37m/wd/hub/session/f10fe1f4-62d2-4c49-8d31-6c3555cfeae5/appium/device/system_bars[39m
[35m[HTTP][39m [90m{}[39m
[35m[HTTP][39m [37m<-- GET /wd/hub/session/f10fe1f4-62d2-4c49-8d31-6c3555cfeae5/appium/device/system_bars [39m[32m200[39m [90m118 ms - 145[39m
[35m[HTTP][39m [90m[39m
[35m[HTTP][39m [37m-->[39m [37mPOST[39m [37m/wd/hub/session/f10fe1f4-62d2-4c49-8d31-6c3555cfeae5/appium/device/activate_app[39m
[35m[HTTP][39m [90m{"bundleId":"pkp.mobile.fmui"}[39m
[35m[HTTP][39m [37m<-- POST /wd/hub/session/f10fe1f4-62d2-4c49-8d31-6c3555cfeae5/appium/device/activate_app [39m[32m200[39m [90m3510 ms - 14[39m
[35m[HTTP][39m [90m[39m
[35m[HTTP][39m [37m-->[39m [37mPOST[39m [37m/wd/hub/session/f10fe1f4-62d2-4c49-8d31-6c3555cfeae5/timeouts[39m
[35m[HTTP][39m [90m{"implicit":50}[39m
[35m[HTTP][39m [37m<-- POST /wd/hub/session/f10fe1f4-62d2-4c49-8d31-6c3555cfeae5/timeouts [39m[32m200[39m [90m4 ms - 14[39m
[35m[HTTP][39m [90m[39m
[35m[HTTP][39m [37m-->[39m [37mGET[39m [37m/wd/hub/session/f10fe1f4-62d2-4c49-8d31-6c3555cfeae5/window/rect[39m
[35m[HTTP][39m [90m{}[39m
[35m[HTTP][39m [37m<-- GET /wd/hub/session/f10fe1f4-62d2-4c49-8d31-6c3555cfeae5/window/rect [39m[32m200[39m [90m32 ms - 50[39m
[35m[HTTP][39m [90m[39m
[35m[HTTP][39m [37m-->[39m [37mPOST[39m [37m/wd/hub/session/f10fe1f4-62d2-4c49-8d31-6c3555cfeae5/elements[39m
[35m[HTTP][39m [90m{"using":"xpath","value":"//*[@class = 'android.widget.ImageView' and @resource-id = '' and (@text = '' or . = '')]"}[39m
[35m[HTTP][39m [37m<-- POST /wd/hub/session/f10fe1f4-62d2-4c49-8d31-6c3555cfeae5/elements [39m[32m200[39m [90m215 ms - 139[39m
[35m[HTTP][39m [90m[39m
[35m[HTTP][39m [37m-->[39m [37mGET[39m [37m/wd/hub/session/f10fe1f4-62d2-4c49-8d31-6c3555cfeae5/element/00000000-0000-04d5-0000-047900000003/location[39m
[35m[HTTP][39m [90m{}[39m
[35m[W3C (f10fe1f4)][39m Driver proxy active, passing request on via HTTP proxy
[35m[WD Proxy][39m Replacing sessionId 17aa81d6-34ff-42a7-85b8-cf4fdde0b01d with f10fe1f4-62d2-4c49-8d31-6c3555cfeae5
[35m[HTTP][39m [37m<-- GET /wd/hub/session/f10fe1f4-62d2-4c49-8d31-6c3555cfeae5/element/00000000-0000-04d5-0000-047900000003/location [39m[32m200[39m [90m607 ms - 79[39m
[35m[HTTP][39m [90m[39m
[35m[HTTP][39m [37m-->[39m [37mPOST[39m [37m/wd/hub/session/f10fe1f4-62d2-4c49-8d31-6c3555cfeae5/timeouts[39m
[35m[HTTP][39m [90m{"implicit":120000}[39m
[35m[HTTP][39m [37m<-- POST /wd/hub/session/f10fe1f4-62d2-4c49-8d31-6c3555cfeae5/timeouts [39m[32m200[39m [90m4 ms - 14[39m
[35m[HTTP][39m [90m[39m
[35m[HTTP][39m [37m-->[39m [37mPOST[39m [37m/wd/hub/session/f10fe1f4-62d2-4c49-8d31-6c3555cfeae5/element/00000000-0000-04d5-0000-047900000003/click[39m
[35m[HTTP][39m [90m{"id":"00000000-0000-04d5-0000-047900000003"}[39m
[35m[HTTP][39m [37m<-- POST /wd/hub/session/f10fe1f4-62d2-4c49-8d31-6c3555cfeae5/element/00000000-0000-04d5-0000-047900000003/click [39m[32m200[39m [90m829 ms - 14[39m
[35m[HTTP][39m [90m[39m
[35m[HTTP][39m [37m-->[39m [37mPOST[39m [37m/wd/hub/session/f10fe1f4-62d2-4c49-8d31-6c3555cfeae5/timeouts[39m
[35m[HTTP][39m [90m{"implicit":50}[39m
[35m[HTTP][39m [37m<-- POST /wd/hub/session/f10fe1f4-62d2-4c49-8d31-6c3555cfeae5/timeouts [39m[32m200[39m [90m2 ms - 14[39m
[35m[HTTP][39m [90m[39m
[35m[HTTP][39m [37m-->[39m [37mGET[39m [37m/wd/hub/session/f10fe1f4-62d2-4c49-8d31-6c3555cfeae5/window/rect[39m
[35m[HTTP][39m [90m{}[39m
[35m[HTTP][39m [37m<-- GET /wd/hub/session/f10fe1f4-62d2-4c49-8d31-6c3555cfeae5/window/rect [39m[32m200[39m [90m29 ms - 50[39m
[35m[HTTP][39m [90m[39m
[35m[HTTP][39m [37m-->[39m [37mPOST[39m [37m/wd/hub/session/f10fe1f4-62d2-4c49-8d31-6c3555cfeae5/elements[39m
[35m[HTTP][39m [90m{"using":"accessibility id","value":"PENUGASAN"}[39m
[35m[HTTP][39m [37m<-- POST /wd/hub/session/f10fe1f4-62d2-4c49-8d31-6c3555cfeae5/elements [39m[32m200[39m [90m63 ms - 139[39m
[35m[HTTP][39m [90m[39m
[35m[HTTP][39m [37m-->[39m [37mGET[39m [37m/wd/hub/session/f10fe1f4-62d2-4c49-8d31-6c3555cfeae5/element/00000000-0000-04d5-0000-048100000003/location[39m
[35m[HTTP][39m [90m{}[39m
[35m[W3C (f10fe1f4)][39m Driver proxy active, passing request on via HTTP proxy
[35m[WD Proxy][39m Replacing sessionId 17aa81d6-34ff-42a7-85b8-cf4fdde0b01d with f10fe1f4-62d2-4c49-8d31-6c3555cfeae5
[35m[HTTP][39m [37m<-- GET /wd/hub/session/f10fe1f4-62d2-4c49-8d31-6c3555cfeae5/element/00000000-0000-04d5-0000-048100000003/location [39m[32m200[39m [90m31 ms - 78[39m
[35m[HTTP][39m [90m[39m
[35m[HTTP][39m [37m-->[39m [37mPOST[39m [37m/wd/hub/session/f10fe1f4-62d2-4c49-8d31-6c3555cfeae5/timeouts[39m
[35m[HTTP][39m [90m{"implicit":120000}[39m
[35m[HTTP][39m [37m<-- POST /wd/hub/session/f10fe1f4-62d2-4c49-8d31-6c3555cfeae5/timeouts [39m[32m200[39m [90m2 ms - 14[39m
[35m[HTTP][39m [90m[39m
[35m[HTTP][39m [37m-->[39m [37mPOST[39m [37m/wd/hub/session/f10fe1f4-62d2-4c49-8d31-6c3555cfeae5/element/00000000-0000-04d5-0000-048100000003/click[39m
[35m[HTTP][39m [90m{"id":"00000000-0000-04d5-0000-048100000003"}[39m
[35m[HTTP][39m [37m<-- POST /wd/hub/session/f10fe1f4-62d2-4c49-8d31-6c3555cfeae5/element/00000000-0000-04d5-0000-048100000003/click [39m[32m200[39m [90m1615 ms - 14[39m
[35m[HTTP][39m [90m[39m
[35m[HTTP][39m [37m-->[39m [37mPOST[39m [37m/wd/hub/session/f10fe1f4-62d2-4c49-8d31-6c3555cfeae5/timeouts[39m
[35m[HTTP][39m [90m{"implicit":50}[39m
[35m[HTTP][39m [37m<-- POST /wd/hub/session/f10fe1f4-62d2-4c49-8d31-6c3555cfeae5/timeouts [39m[32m200[39m [90m1 ms - 14[39m
[35m[HTTP][39m [90m[39m
[35m[HTTP][39m [37m-->[39m [37mGET[39m [37m/wd/hub/session/f10fe1f4-62d2-4c49-8d31-6c3555cfeae5/window/rect[39m
[35m[HTTP][39m [90m{}[39m
[35m[HTTP][39m [37m<-- GET /wd/hub/session/f10fe1f4-62d2-4c49-8d31-6c3555cfeae5/window/rect [39m[32m200[39m [90m23 ms - 50[39m
[35m[HTTP][39m [90m[39m
[35m[HTTP][39m [37m-->[39m [37mPOST[39m [37m/wd/hub/session/f10fe1f4-62d2-4c49-8d31-6c3555cfeae5/elements[39m
[35m[HTTP][39m [90m{"using":"xpath","value":"//hierarchy/android.widget.FrameLayout[1]/android.widget.LinearLayout[1]/android.widget.FrameLayout[1]/android.widget.FrameLayout[1]/android.view.View[1]/android.view.View[1]/android.view.View[1]/android.view.View[1]/android.view.View[4]/android.view.View[1]/android.view.View[1]/android.view.View[1]/android.view.View[1]"}[39m
[35m[HTTP][39m [37m<-- POST /wd/hub/session/f10fe1f4-62d2-4c49-8d31-6c3555cfeae5/elements [39m[32m200[39m [90m126 ms - 139[39m
[35m[HTTP][39m [90m[39m
[35m[HTTP][39m [37m-->[39m [37mGET[39m [37m/wd/hub/session/f10fe1f4-62d2-4c49-8d31-6c3555cfeae5/element/00000000-0000-04d5-0000-049800000003/location[39m
[35m[HTTP][39m [90m{}[39m
[35m[W3C (f10fe1f4)][39m Driver proxy active, passing request on via HTTP proxy
[35m[WD Proxy][39m Replacing sessionId 17aa81d6-34ff-42a7-85b8-cf4fdde0b01d with f10fe1f4-62d2-4c49-8d31-6c3555cfeae5
[35m[HTTP][39m [37m<-- GET /wd/hub/session/f10fe1f4-62d2-4c49-8d31-6c3555cfeae5/element/00000000-0000-04d5-0000-049800000003/location [39m[32m200[39m [90m22 ms - 78[39m
[35m[HTTP][39m [90m[39m
[35m[HTTP][39m [37m-->[39m [37mPOST[39m [37m/wd/hub/session/f10fe1f4-62d2-4c49-8d31-6c3555cfeae5/timeouts[39m
[35m[HTTP][39m [90m{"implicit":120000}[39m
[35m[HTTP][39m [37m<-- POST /wd/hub/session/f10fe1f4-62d2-4c49-8d31-6c3555cfeae5/timeouts [39m[32m200[39m [90m2 ms - 14[39m
[35m[HTTP][39m [90m[39m
[35m[HTTP][39m [37m-->[39m [37mPOST[39m [37m/wd/hub/session/f10fe1f4-62d2-4c49-8d31-6c3555cfeae5/element/00000000-0000-04d5-0000-049800000003/click[39m
[35m[HTTP][39m [90m{"id":"00000000-0000-04d5-0000-049800000003"}[39m
[35m[HTTP][39m [37m<-- POST /wd/hub/session/f10fe1f4-62d2-4c49-8d31-6c3555cfeae5/element/00000000-0000-04d5-0000-049800000003/click [39m[32m200[39m [90m976 ms - 14[39m
[35m[HTTP][39m [90m[39m
[35m[HTTP][39m [37m-->[39m [37mPOST[39m [37m/wd/hub/session/f10fe1f4-62d2-4c49-8d31-6c3555cfeae5/timeouts[39m
[35m[HTTP][39m [90m{"implicit":50}[39m
[35m[HTTP][39m [37m<-- POST /wd/hub/session/f10fe1f4-62d2-4c49-8d31-6c3555cfeae5/timeouts [39m[32m200[39m [90m1 ms - 14[39m
[35m[HTTP][39m [90m[39m
[35m[HTTP][39m [37m-->[39m [37mGET[39m [37m/wd/hub/session/f10fe1f4-62d2-4c49-8d31-6c3555cfeae5/window/rect[39m
[35m[HTTP][39m [90m{}[39m
[35m[HTTP][39m [37m<-- GET /wd/hub/session/f10fe1f4-62d2-4c49-8d31-6c3555cfeae5/window/rect [39m[32m200[39m [90m24 ms - 50[39m
[35m[HTTP][39m [90m[39m
[35m[HTTP][39m [37m-->[39m [37mPOST[39m [37m/wd/hub/session/f10fe1f4-62d2-4c49-8d31-6c3555cfeae5/elements[39m
[35m[HTTP][39m [90m{"using":"accessibility id","value":"Selanjutnya"}[39m
[35m[HTTP][39m [37m<-- POST /wd/hub/session/f10fe1f4-62d2-4c49-8d31-6c3555cfeae5/elements [39m[32m200[39m [90m57 ms - 139[39m
[35m[HTTP][39m [90m[39m
[35m[HTTP][39m [37m-->[39m [37mGET[39m [37m/wd/hub/session/f10fe1f4-62d2-4c49-8d31-6c3555cfeae5/element/00000000-0000-04d5-0000-04af00000003/location[39m
[35m[HTTP][39m [90m{}[39m
[35m[W3C (f10fe1f4)][39m Driver proxy active, passing request on via HTTP proxy
[35m[WD Proxy][39m Replacing sessionId 17aa81d6-34ff-42a7-85b8-cf4fdde0b01d with f10fe1f4-62d2-4c49-8d31-6c3555cfeae5
[35m[HTTP][39m [37m<-- GET /wd/hub/session/f10fe1f4-62d2-4c49-8d31-6c3555cfeae5/element/00000000-0000-04d5-0000-04af00000003/location [39m[32m200[39m [90m21 ms - 78[39m
[35m[HTTP][39m [90m[39m
[35m[HTTP][39m [37m-->[39m [37mPOST[39m [37m/wd/hub/session/f10fe1f4-62d2-4c49-8d31-6c3555cfeae5/timeouts[39m
[35m[HTTP][39m [90m{"implicit":120000}[39m
[35m[HTTP][39m [37m<-- POST /wd/hub/session/f10fe1f4-62d2-4c49-8d31-6c3555cfeae5/timeouts [39m[32m200[39m [90m1 ms - 14[39m
[35m[HTTP][39m [90m[39m
[35m[HTTP][39m [37m-->[39m [37mPOST[39m [37m/wd/hub/session/f10fe1f4-62d2-4c49-8d31-6c3555cfeae5/element/00000000-0000-04d5-0000-04af00000003/click[39m
[35m[HTTP][39m [90m{"id":"00000000-0000-04d5-0000-04af00000003"}[39m
[35m[HTTP][39m [37m<-- POST /wd/hub/session/f10fe1f4-62d2-4c49-8d31-6c3555cfeae5/element/00000000-0000-04d5-0000-04af00000003/click [39m[32m200[39m [90m2911 ms - 14[39m
[35m[HTTP][39m [90m[39m
[35m[HTTP][39m [37m-->[39m [37mGET[39m [37m/wd/hub/session/f10fe1f4-62d2-4c49-8d31-6c3555cfeae5/context[39m
[35m[HTTP][39m [90m{}[39m
[35m[HTTP][39m [37m<-- GET /wd/hub/session/f10fe1f4-62d2-4c49-8d31-6c3555cfeae5/context [39m[32m200[39m [90m1 ms - 22[39m
[35m[HTTP][39m [90m[39m
[35m[HTTP][39m [37m-->[39m [37mGET[39m [37m/wd/hub/session/f10fe1f4-62d2-4c49-8d31-6c3555cfeae5/contexts[39m
[35m[HTTP][39m [90m{}[39m
[35m[HTTP][39m [37m<-- GET /wd/hub/session/f10fe1f4-62d2-4c49-8d31-6c3555cfeae5/contexts [39m[32m200[39m [90m125 ms - 24[39m
[35m[HTTP][39m [90m[39m
[35m[HTTP][39m [37m-->[39m [37mPOST[39m [37m/wd/hub/session/f10fe1f4-62d2-4c49-8d31-6c3555cfeae5/context[39m
[35m[HTTP][39m [90m{"name":"NATIVE_APP"}[39m
[35m[HTTP][39m [37m<-- POST /wd/hub/session/f10fe1f4-62d2-4c49-8d31-6c3555cfeae5/context [39m[32m200[39m [90m2 ms - 14[39m
[35m[HTTP][39m [90m[39m
[35m[HTTP][39m [37m-->[39m [37mPOST[39m [37m/wd/hub/session/f10fe1f4-62d2-4c49-8d31-6c3555cfeae5/touch/perform[39m
[35m[HTTP][39m [90m{"actions":[{"action":"press","options":{"x":0,"y":1926}},{"action":"wait","options":{"ms":500}},{"action":"moveTo","options":{"x":0,"y":1472}},{"action":"release","options":{}}]}[39m
[35m[HTTP][39m [37m<-- POST /wd/hub/session/f10fe1f4-62d2-4c49-8d31-6c3555cfeae5/touch/perform [39m[32m200[39m [90m920 ms - 14[39m
[35m[HTTP][39m [90m[39m
[35m[HTTP][39m [37m-->[39m [37mPOST[39m [37m/wd/hub/session/f10fe1f4-62d2-4c49-8d31-6c3555cfeae5/context[39m
[35m[HTTP][39m [90m{"name":"NATIVE_APP"}[39m
[35m[HTTP][39m [37m<-- POST /wd/hub/session/f10fe1f4-62d2-4c49-8d31-6c3555cfeae5/context [39m[32m200[39m [90m1 ms - 14[39m
[35m[HTTP][39m [90m[39m
[35m[HTTP][39m [37m-->[39m [37mPOST[39m [37m/wd/hub/session/f10fe1f4-62d2-4c49-8d31-6c3555cfeae5/timeouts[39m
[35m[HTTP][39m [90m{"implicit":50}[39m
[35m[HTTP][39m [37m<-- POST /wd/hub/session/f10fe1f4-62d2-4c49-8d31-6c3555cfeae5/timeouts [39m[32m200[39m [90m2 ms - 14[39m
[35m[HTTP][39m [90m[39m
[35m[HTTP][39m [37m-->[39m [37mGET[39m [37m/wd/hub/session/f10fe1f4-62d2-4c49-8d31-6c3555cfeae5/window/rect[39m
[35m[HTTP][39m [90m{}[39m
[35m[HTTP][39m [37m<-- GET /wd/hub/session/f10fe1f4-62d2-4c49-8d31-6c3555cfeae5/window/rect [39m[32m200[39m [90m12 ms - 50[39m
[35m[HTTP][39m [90m[39m
[35m[HTTP][39m [37m-->[39m [37mPOST[39m [37m/wd/hub/session/f10fe1f4-62d2-4c49-8d31-6c3555cfeae5/elements[39m
[35m[HTTP][39m [90m{"using":"accessibility id","value":"Selanjutnya"}[39m
[35m[HTTP][39m [37m<-- POST /wd/hub/session/f10fe1f4-62d2-4c49-8d31-6c3555cfeae5/elements [39m[32m200[39m [90m300 ms - 139[39m
[35m[HTTP][39m [90m[39m
[35m[HTTP][39m [37m-->[39m [37mGET[39m [37m/wd/hub/session/f10fe1f4-62d2-4c49-8d31-6c3555cfeae5/element/00000000-0000-04d5-0000-04c100000003/location[39m
[35m[HTTP][39m [90m{}[39m
[35m[W3C (f10fe1f4)][39m Driver proxy active, passing request on via HTTP proxy
[35m[WD Proxy][39m Replacing sessionId 17aa81d6-34ff-42a7-85b8-cf4fdde0b01d with f10fe1f4-62d2-4c49-8d31-6c3555cfeae5
[35m[HTTP][39m [37m<-- GET /wd/hub/session/f10fe1f4-62d2-4c49-8d31-6c3555cfeae5/element/00000000-0000-04d5-0000-04c100000003/location [39m[32m200[39m [90m21 ms - 78[39m
[35m[HTTP][39m [90m[39m
[35m[HTTP][39m [37m-->[39m [37mPOST[39m [37m/wd/hub/session/f10fe1f4-62d2-4c49-8d31-6c3555cfeae5/timeouts[39m
[35m[HTTP][39m [90m{"implicit":120000}[39m
[35m[HTTP][39m [37m<-- POST /wd/hub/session/f10fe1f4-62d2-4c49-8d31-6c3555cfeae5/timeouts [39m[32m200[39m [90m2 ms - 14[39m
[35m[HTTP][39m [90m[39m
[35m[HTTP][39m [37m-->[39m [37mPOST[39m [37m/wd/hub/session/f10fe1f4-62d2-4c49-8d31-6c3555cfeae5/timeouts[39m
[35m[HTTP][39m [90m{"implicit":50}[39m
[35m[HTTP][39m [37m<-- POST /wd/hub/session/f10fe1f4-62d2-4c49-8d31-6c3555cfeae5/timeouts [39m[32m200[39m [90m1 ms - 14[39m
[35m[HTTP][39m [90m[39m
[35m[HTTP][39m [37m-->[39m [37mGET[39m [37m/wd/hub/session/f10fe1f4-62d2-4c49-8d31-6c3555cfeae5/window/rect[39m
[35m[HTTP][39m [90m{}[39m
[35m[HTTP][39m [37m<-- GET /wd/hub/session/f10fe1f4-62d2-4c49-8d31-6c3555cfeae5/window/rect [39m[32m200[39m [90m14 ms - 50[39m
[35m[HTTP][39m [90m[39m
[35m[HTTP][39m [37m-->[39m [37mPOST[39m [37m/wd/hub/session/f10fe1f4-62d2-4c49-8d31-6c3555cfeae5/elements[39m
[35m[HTTP][39m [90m{"using":"accessibility id","value":"Selanjutnya"}[39m
[35m[HTTP][39m [37m<-- POST /wd/hub/session/f10fe1f4-62d2-4c49-8d31-6c3555cfeae5/elements [39m[32m200[39m [90m30 ms - 139[39m
[35m[HTTP][39m [90m[39m
[35m[HTTP][39m [37m-->[39m [37mGET[39m [37m/wd/hub/session/f10fe1f4-62d2-4c49-8d31-6c3555cfeae5/element/00000000-0000-04d5-0000-04c100000003/location[39m
[35m[HTTP][39m [90m{}[39m
[35m[W3C (f10fe1f4)][39m Driver proxy active, passing request on via HTTP proxy
[35m[WD Proxy][39m Replacing sessionId 17aa81d6-34ff-42a7-85b8-cf4fdde0b01d with f10fe1f4-62d2-4c49-8d31-6c3555cfeae5
[35m[HTTP][39m [37m<-- GET /wd/hub/session/f10fe1f4-62d2-4c49-8d31-6c3555cfeae5/element/00000000-0000-04d5-0000-04c100000003/location [39m[32m200[39m [90m19 ms - 78[39m
[35m[HTTP][39m [90m[39m
[35m[HTTP][39m [37m-->[39m [37mPOST[39m [37m/wd/hub/session/f10fe1f4-62d2-4c49-8d31-6c3555cfeae5/timeouts[39m
[35m[HTTP][39m [90m{"implicit":120000}[39m
[35m[HTTP][39m [37m<-- POST /wd/hub/session/f10fe1f4-62d2-4c49-8d31-6c3555cfeae5/timeouts [39m[32m200[39m [90m1 ms - 14[39m
[35m[HTTP][39m [90m[39m
[35m[HTTP][39m [37m-->[39m [37mPOST[39m [37m/wd/hub/session/f10fe1f4-62d2-4c49-8d31-6c3555cfeae5/element/00000000-0000-04d5-0000-04c100000003/click[39m
[35m[HTTP][39m [90m{"id":"00000000-0000-04d5-0000-04c100000003"}[39m
[35m[HTTP][39m [37m<-- POST /wd/hub/session/f10fe1f4-62d2-4c49-8d31-6c3555cfeae5/element/00000000-0000-04d5-0000-04c100000003/click [39m[32m200[39m [90m1737 ms - 14[39m
[35m[HTTP][39m [90m[39m
[35m[HTTP][39m [37m-->[39m [37mPOST[39m [37m/wd/hub/session/f10fe1f4-62d2-4c49-8d31-6c3555cfeae5/timeouts[39m
[35m[HTTP][39m [90m{"implicit":50}[39m
[35m[HTTP][39m [37m<-- POST /wd/hub/session/f10fe1f4-62d2-4c49-8d31-6c3555cfeae5/timeouts [39m[32m200[39m [90m2 ms - 14[39m
[35m[HTTP][39m [90m[39m
[35m[HTTP][39m [37m-->[39m [37mGET[39m [37m/wd/hub/session/f10fe1f4-62d2-4c49-8d31-6c3555cfeae5/window/rect[39m
[35m[HTTP][39m [90m{}[39m
[35m[HTTP][39m [37m<-- GET /wd/hub/session/f10fe1f4-62d2-4c49-8d31-6c3555cfeae5/window/rect [39m[32m200[39m [90m29 ms - 50[39m
[35m[HTTP][39m [90m[39m
[35m[HTTP][39m [37m-->[39m [37mPOST[39m [37m/wd/hub/session/f10fe1f4-62d2-4c49-8d31-6c3555cfeae5/elements[39m
[35m[HTTP][39m [90m{"using":"xpath","value":"//hierarchy/android.widget.FrameLayout[1]/android.widget.LinearLayout[1]/android.widget.FrameLayout[1]/android.widget.FrameLayout[1]/android.view.View[1]/android.view.View[1]/android.view.View[1]/android.view.View[1]/android.view.View[1]/android.view.View[1]/android.widget.Button[1]"}[39m
[35m[HTTP][39m [37m<-- POST /wd/hub/session/f10fe1f4-62d2-4c49-8d31-6c3555cfeae5/elements [39m[32m200[39m [90m135 ms - 139[39m
[35m[HTTP][39m [90m[39m
[35m[HTTP][39m [37m-->[39m [37mGET[39m [37m/wd/hub/session/f10fe1f4-62d2-4c49-8d31-6c3555cfeae5/element/00000000-0000-04d5-0000-04c500000003/location[39m
[35m[HTTP][39m [90m{}[39m
[35m[W3C (f10fe1f4)][39m Driver proxy active, passing request on via HTTP proxy
[35m[WD Proxy][39m Replacing sessionId 17aa81d6-34ff-42a7-85b8-cf4fdde0b01d with f10fe1f4-62d2-4c49-8d31-6c3555cfeae5
[35m[HTTP][39m [37m<-- GET /wd/hub/session/f10fe1f4-62d2-4c49-8d31-6c3555cfeae5/element/00000000-0000-04d5-0000-04c500000003/location [39m[32m200[39m [90m27 ms - 76[39m
[35m[HTTP][39m [90m[39m
[35m[HTTP][39m [37m-->[39m [37mPOST[39m [37m/wd/hub/session/f10fe1f4-62d2-4c49-8d31-6c3555cfeae5/timeouts[39m
[35m[HTTP][39m [90m{"implicit":120000}[39m
[35m[HTTP][39m [37m<-- POST /wd/hub/session/f10fe1f4-62d2-4c49-8d31-6c3555cfeae5/timeouts [39m[32m200[39m [90m2 ms - 14[39m
[35m[HTTP][39m [90m[39m
[35m[HTTP][39m [37m-->[39m [37mPOST[39m [37m/wd/hub/session/f10fe1f4-62d2-4c49-8d31-6c3555cfeae5/element/00000000-0000-04d5-0000-04c500000003/click[39m
[35m[HTTP][39m [90m{"id":"00000000-0000-04d5-0000-04c500000003"}[39m
[35m[HTTP][39m [37m<-- POST /wd/hub/session/f10fe1f4-62d2-4c49-8d31-6c3555cfeae5/element/00000000-0000-04d5-0000-04c500000003/click [39m[32m200[39m [90m646 ms - 14[39m
[35m[HTTP][39m [90m[39m
[35m[HTTP][39m [37m-->[39m [37mPOST[39m [37m/wd/hub/session/f10fe1f4-62d2-4c49-8d31-6c3555cfeae5/timeouts[39m
[35m[HTTP][39m [90m{"implicit":50}[39m
[35m[HTTP][39m [37m<-- POST /wd/hub/session/f10fe1f4-62d2-4c49-8d31-6c3555cfeae5/timeouts [39m[32m200[39m [90m2 ms - 14[39m
[35m[HTTP][39m [90m[39m
[35m[HTTP][39m [37m-->[39m [37mGET[39m [37m/wd/hub/session/f10fe1f4-62d2-4c49-8d31-6c3555cfeae5/window/rect[39m
[35m[HTTP][39m [90m{}[39m
[35m[HTTP][39m [37m<-- GET /wd/hub/session/f10fe1f4-62d2-4c49-8d31-6c3555cfeae5/window/rect [39m[32m200[39m [90m26 ms - 50[39m
[35m[HTTP][39m [90m[39m
[35m[HTTP][39m [37m-->[39m [37mPOST[39m [37m/wd/hub/session/f10fe1f4-62d2-4c49-8d31-6c3555cfeae5/elements[39m
[35m[HTTP][39m [90m{"using":"xpath","value":"//hierarchy/android.widget.FrameLayout[1]/android.widget.LinearLayout[1]/android.widget.FrameLayout[1]/android.widget.FrameLayout[1]/android.view.View[1]/android.view.View[1]/android.view.View[1]/android.view.View[1]/android.view.View[1]/android.view.View[1]/android.widget.Button[1]"}[39m
[35m[HTTP][39m [37m<-- POST /wd/hub/session/f10fe1f4-62d2-4c49-8d31-6c3555cfeae5/elements [39m[32m200[39m [90m40 ms - 139[39m
[35m[HTTP][39m [90m[39m
[35m[HTTP][39m [37m-->[39m [37mGET[39m [37m/wd/hub/session/f10fe1f4-62d2-4c49-8d31-6c3555cfeae5/element/00000000-0000-04d5-0000-04c500000003/location[39m
[35m[HTTP][39m [90m{}[39m
[35m[W3C (f10fe1f4)][39m Driver proxy active, passing request on via HTTP proxy
[35m[WD Proxy][39m Replacing sessionId 17aa81d6-34ff-42a7-85b8-cf4fdde0b01d with f10fe1f4-62d2-4c49-8d31-6c3555cfeae5
[35m[HTTP][39m [37m<-- GET /wd/hub/session/f10fe1f4-62d2-4c49-8d31-6c3555cfeae5/element/00000000-0000-04d5-0000-04c500000003/location [39m[32m200[39m [90m20 ms - 76[39m
[35m[HTTP][39m [90m[39m
[35m[HTTP][39m [37m-->[39m [37mPOST[39m [37m/wd/hub/session/f10fe1f4-62d2-4c49-8d31-6c3555cfeae5/timeouts[39m
[35m[HTTP][39m [90m{"implicit":120000}[39m
[35m[HTTP][39m [37m<-- POST /wd/hub/session/f10fe1f4-62d2-4c49-8d31-6c3555cfeae5/timeouts [39m[32m200[39m [90m2 ms - 14[39m
[35m[HTTP][39m [90m[39m
[35m[HTTP][39m [37m-->[39m [37mPOST[39m [37m/wd/hub/session/f10fe1f4-62d2-4c49-8d31-6c3555cfeae5/element/00000000-0000-04d5-0000-04c500000003/click[39m
[35m[HTTP][39m [90m{"id":"00000000-0000-04d5-0000-04c500000003"}[39m
[35m[HTTP][39m [37m<-- POST /wd/hub/session/f10fe1f4-62d2-4c49-8d31-6c3555cfeae5/element/00000000-0000-04d5-0000-04c500000003/click [39m[32m200[39m [90m736 ms - 14[39m
[35m[HTTP][39m [90m[39m
[35m[HTTP][39m [37m-->[39m [37mPOST[39m [37m/wd/hub/session/f10fe1f4-62d2-4c49-8d31-6c3555cfeae5/timeouts[39m
[35m[HTTP][39m [90m{"implicit":50}[39m
[35m[HTTP][39m [37m<-- POST /wd/hub/session/f10fe1f4-62d2-4c49-8d31-6c3555cfeae5/timeouts [39m[32m200[39m [90m1 ms - 14[39m
[35m[HTTP][39m [90m[39m
[35m[HTTP][39m [37m-->[39m [37mGET[39m [37m/wd/hub/session/f10fe1f4-62d2-4c49-8d31-6c3555cfeae5/window/rect[39m
[35m[HTTP][39m [90m{}[39m
[35m[HTTP][39m [37m<-- GET /wd/hub/session/f10fe1f4-62d2-4c49-8d31-6c3555cfeae5/window/rect [39m[32m200[39m [90m12 ms - 50[39m
[35m[HTTP][39m [90m[39m
[35m[HTTP][39m [37m-->[39m [37mPOST[39m [37m/wd/hub/session/f10fe1f4-62d2-4c49-8d31-6c3555cfeae5/elements[39m
[35m[HTTP][39m [90m{"using":"accessibility id","value":"Iya"}[39m
[35m[HTTP][39m [37m<-- POST /wd/hub/session/f10fe1f4-62d2-4c49-8d31-6c3555cfeae5/elements [39m[32m200[39m [90m29 ms - 139[39m
[35m[HTTP][39m [90m[39m
[35m[HTTP][39m [37m-->[39m [37mGET[39m [37m/wd/hub/session/f10fe1f4-62d2-4c49-8d31-6c3555cfeae5/element/00000000-0000-04d5-0000-04f300000003/location[39m
[35m[HTTP][39m [90m{}[39m
[35m[W3C (f10fe1f4)][39m Driver proxy active, passing request on via HTTP proxy
[35m[WD Proxy][39m Replacing sessionId 17aa81d6-34ff-42a7-85b8-cf4fdde0b01d with f10fe1f4-62d2-4c49-8d31-6c3555cfeae5
[35m[HTTP][39m [37m<-- GET /wd/hub/session/f10fe1f4-62d2-4c49-8d31-6c3555cfeae5/element/00000000-0000-04d5-0000-04f300000003/location [39m[32m200[39m [90m20 ms - 79[39m
[35m[HTTP][39m [90m[39m
[35m[HTTP][39m [37m-->[39m [37mPOST[39m [37m/wd/hub/session/f10fe1f4-62d2-4c49-8d31-6c3555cfeae5/timeouts[39m
[35m[HTTP][39m [90m{"implicit":120000}[39m
[35m[HTTP][39m [37m<-- POST /wd/hub/session/f10fe1f4-62d2-4c49-8d31-6c3555cfeae5/timeouts [39m[32m200[39m [90m1 ms - 14[39m
[35m[HTTP][39m [90m[39m
[35m[HTTP][39m [37m-->[39m [37mPOST[39m [37m/wd/hub/session/f10fe1f4-62d2-4c49-8d31-6c3555cfeae5/element/00000000-0000-04d5-0000-04f300000003/click[39m
[35m[HTTP][39m [90m{"id":"00000000-0000-04d5-0000-04f300000003"}[39m
[35m[HTTP][39m [37m<-- POST /wd/hub/session/f10fe1f4-62d2-4c49-8d31-6c3555cfeae5/element/00000000-0000-04d5-0000-04f300000003/click [39m[32m200[39m [90m51 ms - 14[39m
[35m[HTTP][39m [90m[39m
[35m[HTTP][39m [37m-->[39m [37mPOST[39m [37m/wd/hub/session/f10fe1f4-62d2-4c49-8d31-6c3555cfeae5/timeouts[39m
[35m[HTTP][39m [90m{"implicit":50}[39m
[35m[HTTP][39m [37m<-- POST /wd/hub/session/f10fe1f4-62d2-4c49-8d31-6c3555cfeae5/timeouts [39m[32m200[39m [90m2 ms - 14[39m
[35m[HTTP][39m [90m[39m
[35m[HTTP][39m [37m-->[39m [37mGET[39m [37m/wd/hub/session/f10fe1f4-62d2-4c49-8d31-6c3555cfeae5/window/rect[39m
[35m[HTTP][39m [90m{}[39m
[35m[HTTP][39m [37m<-- GET /wd/hub/session/f10fe1f4-62d2-4c49-8d31-6c3555cfeae5/window/rect [39m[32m200[39m [90m17 ms - 50[39m
[35m[HTTP][39m [90m[39m
[35m[HTTP][39m [37m-->[39m [37mPOST[39m [37m/wd/hub/session/f10fe1f4-62d2-4c49-8d31-6c3555cfeae5/elements[39m
[35m[HTTP][39m [90m{"using":"accessibility id","value":"Selanjutnya"}[39m
[35m[HTTP][39m [37m<-- POST /wd/hub/session/f10fe1f4-62d2-4c49-8d31-6c3555cfeae5/elements [39m[32m200[39m [90m33 ms - 139[39m
[35m[HTTP][39m [90m[39m
[35m[HTTP][39m [37m-->[39m [37mGET[39m [37m/wd/hub/session/f10fe1f4-62d2-4c49-8d31-6c3555cfeae5/element/00000000-0000-04d5-0000-050000000003/location[39m
[35m[HTTP][39m [90m{}[39m
[35m[W3C (f10fe1f4)][39m Driver proxy active, passing request on via HTTP proxy
[35m[WD Proxy][39m Replacing sessionId 17aa81d6-34ff-42a7-85b8-cf4fdde0b01d with f10fe1f4-62d2-4c49-8d31-6c3555cfeae5
[35m[HTTP][39m [37m<-- GET /wd/hub/session/f10fe1f4-62d2-4c49-8d31-6c3555cfeae5/element/00000000-0000-04d5-0000-050000000003/location [39m[32m200[39m [90m20 ms - 78[39m
[35m[HTTP][39m [90m[39m
[35m[HTTP][39m [37m-->[39m [37mPOST[39m [37m/wd/hub/session/f10fe1f4-62d2-4c49-8d31-6c3555cfeae5/timeouts[39m
[35m[HTTP][39m [90m{"implicit":120000}[39m
[35m[HTTP][39m [37m<-- POST /wd/hub/session/f10fe1f4-62d2-4c49-8d31-6c3555cfeae5/timeouts [39m[32m200[39m [90m1 ms - 14[39m
[35m[HTTP][39m [90m[39m
[35m[HTTP][39m [37m-->[39m [37mPOST[39m [37m/wd/hub/session/f10fe1f4-62d2-4c49-8d31-6c3555cfeae5/element/00000000-0000-04d5-0000-050000000003/click[39m
[35m[HTTP][39m [90m{"id":"00000000-0000-04d5-0000-050000000003"}[39m
[35m[HTTP][39m [37m<-- POST /wd/hub/session/f10fe1f4-62d2-4c49-8d31-6c3555cfeae5/element/00000000-0000-04d5-0000-050000000003/click [39m[32m200[39m [90m1896 ms - 14[39m
[35m[HTTP][39m [90m[39m
[35m[HTTP][39m [37m-->[39m [37mGET[39m [37m/wd/hub/session/f10fe1f4-62d2-4c49-8d31-6c3555cfeae5/context[39m
[35m[HTTP][39m [90m{}[39m
[35m[HTTP][39m [37m<-- GET /wd/hub/session/f10fe1f4-62d2-4c49-8d31-6c3555cfeae5/context [39m[32m200[39m [90m2 ms - 22[39m
[35m[HTTP][39m [90m[39m
[35m[HTTP][39m [37m-->[39m [37mGET[39m [37m/wd/hub/session/f10fe1f4-62d2-4c49-8d31-6c3555cfeae5/contexts[39m
[35m[HTTP][39m [90m{}[39m
[35m[HTTP][39m [37m<-- GET /wd/hub/session/f10fe1f4-62d2-4c49-8d31-6c3555cfeae5/contexts [39m[32m200[39m [90m144 ms - 24[39m
[35m[HTTP][39m [90m[39m
[35m[HTTP][39m [37m-->[39m [37mPOST[39m [37m/wd/hub/session/f10fe1f4-62d2-4c49-8d31-6c3555cfeae5/context[39m
[35m[HTTP][39m [90m{"name":"NATIVE_APP"}[39m
[35m[HTTP][39m [37m<-- POST /wd/hub/session/f10fe1f4-62d2-4c49-8d31-6c3555cfeae5/context [39m[32m200[39m [90m3 ms - 14[39m
[35m[HTTP][39m [90m[39m
[35m[HTTP][39m [37m-->[39m [37mPOST[39m [37m/wd/hub/session/f10fe1f4-62d2-4c49-8d31-6c3555cfeae5/touch/perform[39m
[35m[HTTP][39m [90m{"actions":[{"action":"press","options":{"x":0,"y":1926}},{"action":"wait","options":{"ms":500}},{"action":"moveTo","options":{"x":0,"y":1472}},{"action":"release","options":{}}]}[39m
[35m[HTTP][39m [37m<-- POST /wd/hub/session/f10fe1f4-62d2-4c49-8d31-6c3555cfeae5/touch/perform [39m[32m200[39m [90m884 ms - 14[39m
[35m[HTTP][39m [90m[39m
[35m[HTTP][39m [37m-->[39m [37mPOST[39m [37m/wd/hub/session/f10fe1f4-62d2-4c49-8d31-6c3555cfeae5/context[39m
[35m[HTTP][39m [90m{"name":"NATIVE_APP"}[39m
[35m[HTTP][39m [37m<-- POST /wd/hub/session/f10fe1f4-62d2-4c49-8d31-6c3555cfeae5/context [39m[32m200[39m [90m1 ms - 14[39m
[35m[HTTP][39m [90m[39m
[35m[HTTP][39m [37m-->[39m [37mPOST[39m [37m/wd/hub/session/f10fe1f4-62d2-4c49-8d31-6c3555cfeae5/timeouts[39m
[35m[HTTP][39m [90m{"implicit":50}[39m
[35m[HTTP][39m [37m<-- POST /wd/hub/session/f10fe1f4-62d2-4c49-8d31-6c3555cfeae5/timeouts [39m[32m200[39m [90m2 ms - 14[39m
[35m[HTTP][39m [90m[39m
[35m[HTTP][39m [37m-->[39m [37mGET[39m [37m/wd/hub/session/f10fe1f4-62d2-4c49-8d31-6c3555cfeae5/window/rect[39m
[35m[HTTP][39m [90m{}[39m
[35m[HTTP][39m [37m<-- GET /wd/hub/session/f10fe1f4-62d2-4c49-8d31-6c3555cfeae5/window/rect [39m[32m200[39m [90m11 ms - 50[39m
[35m[HTTP][39m [90m[39m
[35m[HTTP][39m [37m-->[39m [37mPOST[39m [37m/wd/hub/session/f10fe1f4-62d2-4c49-8d31-6c3555cfeae5/elements[39m
[35m[HTTP][39m [90m{"using":"accessibility id","value":"Selanjutnya"}[39m
[35m[HTTP][39m [37m<-- POST /wd/hub/session/f10fe1f4-62d2-4c49-8d31-6c3555cfeae5/elements [39m[32m200[39m [90m89 ms - 12[39m
[35m[HTTP][39m [90m[39m
[35m[HTTP][39m [37m-->[39m [37mPOST[39m [37m/wd/hub/session/f10fe1f4-62d2-4c49-8d31-6c3555cfeae5/elements[39m
[35m[HTTP][39m [90m{"using":"accessibility id","value":"Selanjutnya"}[39m
[35m[HTTP][39m [37m<-- POST /wd/hub/session/f10fe1f4-62d2-4c49-8d31-6c3555cfeae5/elements [39m[32m200[39m [90m83 ms - 12[39m
[35m[HTTP][39m [90m[39m
[35m[HTTP][39m [37m-->[39m [37mPOST[39m [37m/wd/hub/session/f10fe1f4-62d2-4c49-8d31-6c3555cfeae5/elements[39m
[35m[HTTP][39m [90m{"using":"accessibility id","value":"Selanjutnya"}[39m
[35m[HTTP][39m [37m<-- POST /wd/hub/session/f10fe1f4-62d2-4c49-8d31-6c3555cfeae5/elements [39m[32m200[39m [90m588 ms - 12[39m
[35m[HTTP][39m [90m[39m
[35m[HTTP][39m [37m-->[39m [37mPOST[39m [37m/wd/hub/session/f10fe1f4-62d2-4c49-8d31-6c3555cfeae5/elements[39m
[35m[HTTP][39m [90m{"using":"accessibility id","value":"Selanjutnya"}[39m
[35m[HTTP][39m [37m<-- POST /wd/hub/session/f10fe1f4-62d2-4c49-8d31-6c3555cfeae5/elements [39m[32m200[39m [90m55 ms - 12[39m
[35m[HTTP][39m [90m[39m
[35m[HTTP][39m [37m-->[39m [37mPOST[39m [37m/wd/hub/session/f10fe1f4-62d2-4c49-8d31-6c3555cfeae5/elements[39m
[35m[HTTP][39m [90m{"using":"accessibility id","value":"Selanjutnya"}[39m
[35m[HTTP][39m [37m<-- POST /wd/hub/session/f10fe1f4-62d2-4c49-8d31-6c3555cfeae5/elements [39m[32m200[39m [90m905 ms - 12[39m
[35m[HTTP][39m [90m[39m
[35m[HTTP][39m [37m-->[39m [37mPOST[39m [37m/wd/hub/session/f10fe1f4-62d2-4c49-8d31-6c3555cfeae5/elements[39m
[35m[HTTP][39m [90m{"using":"accessibility id","value":"Selanjutnya"}[39m
[35m[HTTP][39m [37m<-- POST /wd/hub/session/f10fe1f4-62d2-4c49-8d31-6c3555cfeae5/elements [39m[32m200[39m [90m106 ms - 12[39m
[35m[HTTP][39m [90m[39m
[35m[HTTP][39m [37m-->[39m [37mPOST[39m [37m/wd/hub/session/f10fe1f4-62d2-4c49-8d31-6c3555cfeae5/elements[39m
[35m[HTTP][39m [90m{"using":"accessibility id","value":"Selanjutnya"}[39m
[35m[HTTP][39m [37m<-- POST /wd/hub/session/f10fe1f4-62d2-4c49-8d31-6c3555cfeae5/elements [39m[32m200[39m [90m99 ms - 12[39m
[35m[HTTP][39m [90m[39m
[35m[HTTP][39m [37m-->[39m [37mPOST[39m [37m/wd/hub/session/f10fe1f4-62d2-4c49-8d31-6c3555cfeae5/elements[39m
[35m[HTTP][39m [90m{"using":"accessibility id","value":"Selanjutnya"}[39m
[35m[HTTP][39m [37m<-- POST /wd/hub/session/f10fe1f4-62d2-4c49-8d31-6c3555cfeae5/elements [39m[32m200[39m [90m99 ms - 12[39m
[35m[HTTP][39m [90m[39m
[35m[HTTP][39m [37m-->[39m [37mPOST[39m [37m/wd/hub/session/f10fe1f4-62d2-4c49-8d31-6c3555cfeae5/elements[39m
[35m[HTTP][39m [90m{"using":"accessibility id","value":"Selanjutnya"}[39m
[35m[HTTP][39m [37m<-- POST /wd/hub/session/f10fe1f4-62d2-4c49-8d31-6c3555cfeae5/elements [39m[32m200[39m [90m107 ms - 12[39m
[35m[HTTP][39m [90m[39m
[35m[HTTP][39m [37m-->[39m [37mPOST[39m [37m/wd/hub/session/f10fe1f4-62d2-4c49-8d31-6c3555cfeae5/elements[39m
[35m[HTTP][39m [90m{"using":"accessibility id","value":"Selanjutnya"}[39m
[35m[HTTP][39m [37m<-- POST /wd/hub/session/f10fe1f4-62d2-4c49-8d31-6c3555cfeae5/elements [39m[32m200[39m [90m533 ms - 12[39m
[35m[HTTP][39m [90m[39m
[35m[HTTP][39m [37m-->[39m [37mPOST[39m [37m/wd/hub/session/f10fe1f4-62d2-4c49-8d31-6c3555cfeae5/elements[39m
[35m[HTTP][39m [90m{"using":"accessibility id","value":"Selanjutnya"}[39m
[35m[HTTP][39m [37m<-- POST /wd/hub/session/f10fe1f4-62d2-4c49-8d31-6c3555cfeae5/elements [39m[32m200[39m [90m56 ms - 12[39m
[35m[HTTP][39m [90m[39m
[35m[HTTP][39m [37m-->[39m [37mPOST[39m [37m/wd/hub/session/f10fe1f4-62d2-4c49-8d31-6c3555cfeae5/elements[39m
[35m[HTTP][39m [90m{"using":"accessibility id","value":"Selanjutnya"}[39m
[35m[HTTP][39m [37m<-- POST /wd/hub/session/f10fe1f4-62d2-4c49-8d31-6c3555cfeae5/elements [39m[32m200[39m [90m111 ms - 12[39m
[35m[HTTP][39m [90m[39m
[35m[HTTP][39m [37m-->[39m [37mPOST[39m [37m/wd/hub/session/f10fe1f4-62d2-4c49-8d31-6c3555cfeae5/elements[39m
[35m[HTTP][39m [90m{"using":"accessibility id","value":"Selanjutnya"}[39m
[35m[HTTP][39m [37m<-- POST /wd/hub/session/f10fe1f4-62d2-4c49-8d31-6c3555cfeae5/elements [39m[32m200[39m [90m58 ms - 12[39m
[35m[HTTP][39m [90m[39m
[35m[HTTP][39m [37m-->[39m [37mPOST[39m [37m/wd/hub/session/f10fe1f4-62d2-4c49-8d31-6c3555cfeae5/elements[39m
[35m[HTTP][39m [90m{"using":"accessibility id","value":"Selanjutnya"}[39m
[35m[HTTP][39m [37m<-- POST /wd/hub/session/f10fe1f4-62d2-4c49-8d31-6c3555cfeae5/elements [39m[32m200[39m [90m71 ms - 12[39m
[35m[HTTP][39m [90m[39m
[35m[HTTP][39m [37m-->[39m [37mPOST[39m [37m/wd/hub/session/f10fe1f4-62d2-4c49-8d31-6c3555cfeae5/elements[39m
[35m[HTTP][39m [90m{"using":"accessibility id","value":"Selanjutnya"}[39m
[35m[HTTP][39m [37m<-- POST /wd/hub/session/f10fe1f4-62d2-4c49-8d31-6c3555cfeae5/elements [39m[32m200[39m [90m104 ms - 12[39m
[35m[HTTP][39m [90m[39m
[35m[HTTP][39m [37m-->[39m [37mPOST[39m [37m/wd/hub/session/f10fe1f4-62d2-4c49-8d31-6c3555cfeae5/elements[39m
[35m[HTTP][39m [90m{"using":"accessibility id","value":"Selanjutnya"}[39m
[35m[HTTP][39m [37m<-- POST /wd/hub/session/f10fe1f4-62d2-4c49-8d31-6c3555cfeae5/elements [39m[32m200[39m [90m552 ms - 12[39m
[35m[HTTP][39m [90m[39m
[35m[HTTP][39m [37m-->[39m [37mPOST[39m [37m/wd/hub/session/f10fe1f4-62d2-4c49-8d31-6c3555cfeae5/elements[39m
[35m[HTTP][39m [90m{"using":"accessibility id","value":"Selanjutnya"}[39m
[35m[HTTP][39m [37m<-- POST /wd/hub/session/f10fe1f4-62d2-4c49-8d31-6c3555cfeae5/elements [39m[32m200[39m [90m102 ms - 12[39m
[35m[HTTP][39m [90m[39m
[35m[HTTP][39m [37m-->[39m [37mPOST[39m [37m/wd/hub/session/f10fe1f4-62d2-4c49-8d31-6c3555cfeae5/elements[39m
[35m[HTTP][39m [90m{"using":"accessibility id","value":"Selanjutnya"}[39m
[35m[HTTP][39m [37m<-- POST /wd/hub/session/f10fe1f4-62d2-4c49-8d31-6c3555cfeae5/elements [39m[32m200[39m [90m98 ms - 12[39m
[35m[HTTP][39m [90m[39m
[35m[HTTP][39m [37m-->[39m [37mPOST[39m [37m/wd/hub/session/f10fe1f4-62d2-4c49-8d31-6c3555cfeae5/elements[39m
[35m[HTTP][39m [90m{"using":"accessibility id","value":"Selanjutnya"}[39m
[35m[HTTP][39m [37m<-- POST /wd/hub/session/f10fe1f4-62d2-4c49-8d31-6c3555cfeae5/elements [39m[32m200[39m [90m87 ms - 12[39m
[35m[HTTP][39m [90m[39m
[35m[HTTP][39m [37m-->[39m [37mPOST[39m [37m/wd/hub/session/f10fe1f4-62d2-4c49-8d31-6c3555cfeae5/elements[39m
[35m[HTTP][39m [90m{"using":"accessibility id","value":"Selanjutnya"}[39m
[35m[HTTP][39m [37m<-- POST /wd/hub/session/f10fe1f4-62d2-4c49-8d31-6c3555cfeae5/elements [39m[32m200[39m [90m83 ms - 12[39m
[35m[HTTP][39m [90m[39m
[35m[HTTP][39m [37m-->[39m [37mPOST[39m [37m/wd/hub/session/f10fe1f4-62d2-4c49-8d31-6c3555cfeae5/elements[39m
[35m[HTTP][39m [90m{"using":"accessibility id","value":"Selanjutnya"}[39m
[35m[HTTP][39m [37m<-- POST /wd/hub/session/f10fe1f4-62d2-4c49-8d31-6c3555cfeae5/elements [39m[32m200[39m [90m579 ms - 12[39m
[35m[HTTP][39m [90m[39m
[35m[HTTP][39m [37m-->[39m [37mPOST[39m [37m/wd/hub/session/f10fe1f4-62d2-4c49-8d31-6c3555cfeae5/elements[39m
[35m[HTTP][39m [90m{"using":"accessibility id","value":"Selanjutnya"}[39m
[35m[HTTP][39m [37m<-- POST /wd/hub/session/f10fe1f4-62d2-4c49-8d31-6c3555cfeae5/elements [39m[32m200[39m [90m105 ms - 12[39m
[35m[HTTP][39m [90m[39m
[35m[HTTP][39m [37m-->[39m [37mPOST[39m [37m/wd/hub/session/f10fe1f4-62d2-4c49-8d31-6c3555cfeae5/elements[39m
[35m[HTTP][39m [90m{"using":"accessibility id","value":"Selanjutnya"}[39m
[35m[HTTP][39m [37m<-- POST /wd/hub/session/f10fe1f4-62d2-4c49-8d31-6c3555cfeae5/elements [39m[32m200[39m [90m888 ms - 12[39m
[35m[HTTP][39m [90m[39m
[35m[HTTP][39m [37m-->[39m [37mPOST[39m [37m/wd/hub/session/f10fe1f4-62d2-4c49-8d31-6c3555cfeae5/elements[39m
[35m[HTTP][39m [90m{"using":"accessibility id","value":"Selanjutnya"}[39m
[35m[HTTP][39m [37m<-- POST /wd/hub/session/f10fe1f4-62d2-4c49-8d31-6c3555cfeae5/elements [39m[32m200[39m [90m102 ms - 12[39m
[35m[HTTP][39m [90m[39m
[35m[HTTP][39m [37m-->[39m [37mPOST[39m [37m/wd/hub/session/f10fe1f4-62d2-4c49-8d31-6c3555cfeae5/elements[39m
[35m[HTTP][39m [90m{"using":"accessibility id","value":"Selanjutnya"}[39m
[35m[HTTP][39m [37m<-- POST /wd/hub/session/f10fe1f4-62d2-4c49-8d31-6c3555cfeae5/elements [39m[32m200[39m [90m90 ms - 12[39m
[35m[HTTP][39m [90m[39m
[35m[HTTP][39m [37m-->[39m [37mPOST[39m [37m/wd/hub/session/f10fe1f4-62d2-4c49-8d31-6c3555cfeae5/elements[39m
[35m[HTTP][39m [90m{"using":"accessibility id","value":"Selanjutnya"}[39m
[35m[HTTP][39m [37m<-- POST /wd/hub/session/f10fe1f4-62d2-4c49-8d31-6c3555cfeae5/elements [39m[32m200[39m [90m88 ms - 12[39m
[35m[HTTP][39m [90m[39m
[35m[HTTP][39m [37m-->[39m [37mPOST[39m [37m/wd/hub/session/f10fe1f4-62d2-4c49-8d31-6c3555cfeae5/elements[39m
[35m[HTTP][39m [90m{"using":"accessibility id","value":"Selanjutnya"}[39m
[35m[HTTP][39m [37m<-- POST /wd/hub/session/f10fe1f4-62d2-4c49-8d31-6c3555cfeae5/elements [39m[32m200[39m [90m91 ms - 12[39m
[35m[HTTP][39m [90m[39m
[35m[HTTP][39m [37m-->[39m [37mPOST[39m [37m/wd/hub/session/f10fe1f4-62d2-4c49-8d31-6c3555cfeae5/elements[39m
[35m[HTTP][39m [90m{"using":"accessibility id","value":"Selanjutnya"}[39m
[35m[HTTP][39m [37m<-- POST /wd/hub/session/f10fe1f4-62d2-4c49-8d31-6c3555cfeae5/elements [39m[32m200[39m [90m565 ms - 12[39m
[35m[HTTP][39m [90m[39m
[35m[HTTP][39m [37m-->[39m [37mPOST[39m [37m/wd/hub/session/f10fe1f4-62d2-4c49-8d31-6c3555cfeae5/elements[39m
[35m[HTTP][39m [90m{"using":"accessibility id","value":"Selanjutnya"}[39m
[35m[HTTP][39m [37m<-- POST /wd/hub/session/f10fe1f4-62d2-4c49-8d31-6c3555cfeae5/elements [39m[32m200[39m [90m99 ms - 12[39m
[35m[HTTP][39m [90m[39m
[35m[HTTP][39m [37m-->[39m [37mPOST[39m [37m/wd/hub/session/f10fe1f4-62d2-4c49-8d31-6c3555cfeae5/elements[39m
[35m[HTTP][39m [90m{"using":"accessibility id","value":"Selanjutnya"}[39m
[35m[HTTP][39m [37m<-- POST /wd/hub/session/f10fe1f4-62d2-4c49-8d31-6c3555cfeae5/elements [39m[32m200[39m [90m100 ms - 12[39m
[35m[HTTP][39m [90m[39m
[35m[HTTP][39m [37m-->[39m [37mPOST[39m [37m/wd/hub/session/f10fe1f4-62d2-4c49-8d31-6c3555cfeae5/elements[39m
[35m[HTTP][39m [90m{"using":"accessibility id","value":"Selanjutnya"}[39m
[35m[HTTP][39m [37m<-- POST /wd/hub/session/f10fe1f4-62d2-4c49-8d31-6c3555cfeae5/elements [39m[32m200[39m [90m103 ms - 12[39m
[35m[HTTP][39m [90m[39m
[35m[HTTP][39m [37m-->[39m [37mPOST[39m [37m/wd/hub/session/f10fe1f4-62d2-4c49-8d31-6c3555cfeae5/elements[39m
[35m[HTTP][39m [90m{"using":"accessibility id","value":"Selanjutnya"}[39m
[35m[HTTP][39m [37m<-- POST /wd/hub/session/f10fe1f4-62d2-4c49-8d31-6c3555cfeae5/elements [39m[32m200[39m [90m106 ms - 12[39m
[35m[HTTP][39m [90m[39m
[35m[HTTP][39m [37m-->[39m [37mPOST[39m [37m/wd/hub/session/f10fe1f4-62d2-4c49-8d31-6c3555cfeae5/elements[39m
[35m[HTTP][39m [90m{"using":"accessibility id","value":"Selanjutnya"}[39m
[35m[HTTP][39m [37m<-- POST /wd/hub/session/f10fe1f4-62d2-4c49-8d31-6c3555cfeae5/elements [39m[32m200[39m [90m547 ms - 12[39m
[35m[HTTP][39m [90m[39m
[35m[HTTP][39m [37m-->[39m [37mPOST[39m [37m/wd/hub/session/f10fe1f4-62d2-4c49-8d31-6c3555cfeae5/elements[39m
[35m[HTTP][39m [90m{"using":"accessibility id","value":"Selanjutnya"}[39m
[35m[HTTP][39m [37m<-- POST /wd/hub/session/f10fe1f4-62d2-4c49-8d31-6c3555cfeae5/elements [39m[32m200[39m [90m103 ms - 12[39m
[35m[HTTP][39m [90m[39m
[35m[HTTP][39m [37m-->[39m [37mPOST[39m [37m/wd/hub/session/f10fe1f4-62d2-4c49-8d31-6c3555cfeae5/elements[39m
[35m[HTTP][39m [90m{"using":"accessibility id","value":"Selanjutnya"}[39m
[35m[HTTP][39m [37m<-- POST /wd/hub/session/f10fe1f4-62d2-4c49-8d31-6c3555cfeae5/elements [39m[32m200[39m [90m104 ms - 12[39m
[35m[HTTP][39m [90m[39m
[35m[HTTP][39m [37m-->[39m [37mPOST[39m [37m/wd/hub/session/f10fe1f4-62d2-4c49-8d31-6c3555cfeae5/elements[39m
[35m[HTTP][39m [90m{"using":"accessibility id","value":"Selanjutnya"}[39m
[35m[HTTP][39m [37m<-- POST /wd/hub/session/f10fe1f4-62d2-4c49-8d31-6c3555cfeae5/elements [39m[32m200[39m [90m96 ms - 12[39m
[35m[HTTP][39m [90m[39m
[35m[HTTP][39m [37m-->[39m [37mPOST[39m [37m/wd/hub/session/f10fe1f4-62d2-4c49-8d31-6c3555cfeae5/elements[39m
[35m[HTTP][39m [90m{"using":"accessibility id","value":"Selanjutnya"}[39m
[35m[HTTP][39m [37m<-- POST /wd/hub/session/f10fe1f4-62d2-4c49-8d31-6c3555cfeae5/elements [39m[32m200[39m [90m105 ms - 12[39m
[35m[HTTP][39m [90m[39m
[35m[HTTP][39m [37m-->[39m [37mPOST[39m [37m/wd/hub/session/f10fe1f4-62d2-4c49-8d31-6c3555cfeae5/elements[39m
[35m[HTTP][39m [90m{"using":"accessibility id","value":"Selanjutnya"}[39m
[35m[HTTP][39m [37m<-- POST /wd/hub/session/f10fe1f4-62d2-4c49-8d31-6c3555cfeae5/elements [39m[32m200[39m [90m513 ms - 12[39m
[35m[HTTP][39m [90m[39m
[35m[HTTP][39m [37m-->[39m [37mPOST[39m [37m/wd/hub/session/f10fe1f4-62d2-4c49-8d31-6c3555cfeae5/elements[39m
[35m[HTTP][39m [90m{"using":"accessibility id","value":"Selanjutnya"}[39m
[35m[HTTP][39m [37m<-- POST /wd/hub/session/f10fe1f4-62d2-4c49-8d31-6c3555cfeae5/elements [39m[32m200[39m [90m78 ms - 12[39m
[35m[HTTP][39m [90m[39m
[35m[HTTP][39m [37m-->[39m [37mPOST[39m [37m/wd/hub/session/f10fe1f4-62d2-4c49-8d31-6c3555cfeae5/elements[39m
[35m[HTTP][39m [90m{"using":"accessibility id","value":"Selanjutnya"}[39m
[35m[HTTP][39m [37m<-- POST /wd/hub/session/f10fe1f4-62d2-4c49-8d31-6c3555cfeae5/elements [39m[32m200[39m [90m90 ms - 12[39m
[35m[HTTP][39m [90m[39m
[35m[HTTP][39m [37m-->[39m [37mPOST[39m [37m/wd/hub/session/f10fe1f4-62d2-4c49-8d31-6c3555cfeae5/elements[39m
[35m[HTTP][39m [90m{"using":"accessibility id","value":"Selanjutnya"}[39m
[35m[HTTP][39m [37m<-- POST /wd/hub/session/f10fe1f4-62d2-4c49-8d31-6c3555cfeae5/elements [39m[32m200[39m [90m793 ms - 12[39m
[35m[HTTP][39m [90m[39m
[35m[HTTP][39m [37m-->[39m [37mPOST[39m [37m/wd/hub/session/f10fe1f4-62d2-4c49-8d31-6c3555cfeae5/elements[39m
[35m[HTTP][39m [90m{"using":"accessibility id","value":"Selanjutnya"}[39m
[35m[HTTP][39m [37m<-- POST /wd/hub/session/f10fe1f4-62d2-4c49-8d31-6c3555cfeae5/elements [39m[32m200[39m [90m55 ms - 12[39m
[35m[HTTP][39m [90m[39m
[35m[HTTP][39m [37m-->[39m [37mPOST[39m [37m/wd/hub/session/f10fe1f4-62d2-4c49-8d31-6c3555cfeae5/elements[39m
[35m[HTTP][39m [90m{"using":"accessibility id","value":"Selanjutnya"}[39m
[35m[HTTP][39m [37m<-- POST /wd/hub/session/f10fe1f4-62d2-4c49-8d31-6c3555cfeae5/elements [39m[32m200[39m [90m98 ms - 12[39m
[35m[HTTP][39m [90m[39m
[35m[HTTP][39m [37m-->[39m [37mPOST[39m [37m/wd/hub/session/f10fe1f4-62d2-4c49-8d31-6c3555cfeae5/elements[39m
[35m[HTTP][39m [90m{"using":"accessibility id","value":"Selanjutnya"}[39m
[35m[HTTP][39m [37m<-- POST /wd/hub/session/f10fe1f4-62d2-4c49-8d31-6c3555cfeae5/elements [39m[32m200[39m [90m89 ms - 12[39m
[35m[HTTP][39m [90m[39m
[35m[HTTP][39m [37m-->[39m [37mPOST[39m [37m/wd/hub/session/f10fe1f4-62d2-4c49-8d31-6c3555cfeae5/elements[39m
[35m[HTTP][39m [90m{"using":"accessibility id","value":"Selanjutnya"}[39m
[35m[HTTP][39m [37m<-- POST /wd/hub/session/f10fe1f4-62d2-4c49-8d31-6c3555cfeae5/elements [39m[32m200[39m [90m90 ms - 12[39m
[35m[HTTP][39m [90m[39m
[35m[HTTP][39m [37m-->[39m [37mPOST[39m [37m/wd/hub/session/f10fe1f4-62d2-4c49-8d31-6c3555cfeae5/elements[39m
[35m[HTTP][39m [90m{"using":"accessibility id","value":"Selanjutnya"}[39m
[35m[HTTP][39m [37m<-- POST /wd/hub/session/f10fe1f4-62d2-4c49-8d31-6c3555cfeae5/elements [39m[32m200[39m [90m90 ms - 12[39m
[35m[HTTP][39m [90m[39m
[35m[HTTP][39m [37m-->[39m [37mPOST[39m [37m/wd/hub/session/f10fe1f4-62d2-4c49-8d31-6c3555cfeae5/elements[39m
[35m[HTTP][39m [90m{"using":"accessibility id","value":"Selanjutnya"}[39m
[35m[HTTP][39m [37m<-- POST /wd/hub/session/f10fe1f4-62d2-4c49-8d31-6c3555cfeae5/elements [39m[32m200[39m [90m519 ms - 12[39m
[35m[HTTP][39m [90m[39m
[35m[HTTP][39m [37m-->[39m [37mPOST[39m [37m/wd/hub/session/f10fe1f4-62d2-4c49-8d31-6c3555cfeae5/elements[39m
[35m[HTTP][39m [90m{"using":"accessibility id","value":"Selanjutnya"}[39m
[35m[HTTP][39m [37m<-- POST /wd/hub/session/f10fe1f4-62d2-4c49-8d31-6c3555cfeae5/elements [39m[32m200[39m [90m99 ms - 12[39m
[35m[HTTP][39m [90m[39m
[35m[HTTP][39m [37m-->[39m [37mPOST[39m [37m/wd/hub/session/f10fe1f4-62d2-4c49-8d31-6c3555cfeae5/elements[39m
[35m[HTTP][39m [90m{"using":"accessibility id","value":"Selanjutnya"}[39m
[35m[HTTP][39m [37m<-- POST /wd/hub/session/f10fe1f4-62d2-4c49-8d31-6c3555cfeae5/elements [39m[32m200[39m [90m96 ms - 12[39m
[35m[HTTP][39m [90m[39m
[35m[HTTP][39m [37m-->[39m [37mPOST[39m [37m/wd/hub/session/f10fe1f4-62d2-4c49-8d31-6c3555cfeae5/elements[39m
[35m[HTTP][39m [90m{"using":"accessibility id","value":"Selanjutnya"}[39m
[35m[HTTP][39m [37m<-- POST /wd/hub/session/f10fe1f4-62d2-4c49-8d31-6c3555cfeae5/elements [39m[32m200[39m [90m90 ms - 12[39m
[35m[HTTP][39m [90m[39m
[35m[HTTP][39m [37m-->[39m [37mPOST[39m [37m/wd/hub/session/f10fe1f4-62d2-4c49-8d31-6c3555cfeae5/elements[39m
[35m[HTTP][39m [90m{"using":"accessibility id","value":"Selanjutnya"}[39m
[35m[HTTP][39m [37m<-- POST /wd/hub/session/f10fe1f4-62d2-4c49-8d31-6c3555cfeae5/elements [39m[32m200[39m [90m89 ms - 12[39m
[35m[HTTP][39m [90m[39m
[35m[HTTP][39m [37m-->[39m [37mPOST[39m [37m/wd/hub/session/f10fe1f4-62d2-4c49-8d31-6c3555cfeae5/elements[39m
[35m[HTTP][39m [90m{"using":"accessibility id","value":"Selanjutnya"}[39m
[35m[HTTP][39m [37m<-- POST /wd/hub/session/f10fe1f4-62d2-4c49-8d31-6c3555cfeae5/elements [39m[32m200[39m [90m568 ms - 12[39m
[35m[HTTP][39m [90m[39m
[35m[HTTP][39m [37m-->[39m [37mPOST[39m [37m/wd/hub/session/f10fe1f4-62d2-4c49-8d31-6c3555cfeae5/elements[39m
[35m[HTTP][39m [90m{"using":"accessibility id","value":"Selanjutnya"}[39m
[35m[HTTP][39m [37m<-- POST /wd/hub/session/f10fe1f4-62d2-4c49-8d31-6c3555cfeae5/elements [39m[32m200[39m [90m97 ms - 12[39m
[35m[HTTP][39m [90m[39m
[35m[HTTP][39m [37m-->[39m [37mPOST[39m [37m/wd/hub/session/f10fe1f4-62d2-4c49-8d31-6c3555cfeae5/elements[39m
[35m[HTTP][39m [90m{"using":"accessibility id","value":"Selanjutnya"}[39m
[35m[HTTP][39m [37m<-- POST /wd/hub/session/f10fe1f4-62d2-4c49-8d31-6c3555cfeae5/elements [39m[32m200[39m [90m81 ms - 12[39m
[35m[HTTP][39m [90m[39m
[35m[HTTP][39m [37m-->[39m [37mPOST[39m [37m/wd/hub/session/f10fe1f4-62d2-4c49-8d31-6c3555cfeae5/elements[39m
[35m[HTTP][39m [90m{"using":"accessibility id","value":"Selanjutnya"}[39m
[35m[HTTP][39m [37m<-- POST /wd/hub/session/f10fe1f4-62d2-4c49-8d31-6c3555cfeae5/elements [39m[32m200[39m [90m90 ms - 12[39m
[35m[HTTP][39m [90m[39m
[35m[HTTP][39m [37m-->[39m [37mPOST[39m [37m/wd/hub/session/f10fe1f4-62d2-4c49-8d31-6c3555cfeae5/elements[39m
[35m[HTTP][39m [90m{"using":"accessibility id","value":"Selanjutnya"}[39m
[35m[HTTP][39m [37m<-- POST /wd/hub/session/f10fe1f4-62d2-4c49-8d31-6c3555cfeae5/elements [39m[32m200[39m [90m92 ms - 12[39m
[35m[HTTP][39m [90m[39m
[35m[HTTP][39m [37m-->[39m [37mPOST[39m [37m/wd/hub/session/f10fe1f4-62d2-4c49-8d31-6c3555cfeae5/elements[39m
[35m[HTTP][39m [90m{"using":"accessibility id","value":"Selanjutnya"}[39m
[35m[HTTP][39m [37m<-- POST /wd/hub/session/f10fe1f4-62d2-4c49-8d31-6c3555cfeae5/elements [39m[32m200[39m [90m575 ms - 12[39m
[35m[HTTP][39m [90m[39m
[35m[HTTP][39m [37m-->[39m [37mPOST[39m [37m/wd/hub/session/f10fe1f4-62d2-4c49-8d31-6c3555cfeae5/elements[39m
[35m[HTTP][39m [90m{"using":"accessibility id","value":"Selanjutnya"}[39m
[35m[HTTP][39m [37m<-- POST /wd/hub/session/f10fe1f4-62d2-4c49-8d31-6c3555cfeae5/elements [39m[32m200[39m [90m98 ms - 12[39m
[35m[HTTP][39m [90m[39m
[35m[HTTP][39m [37m-->[39m [37mPOST[39m [37m/wd/hub/session/f10fe1f4-62d2-4c49-8d31-6c3555cfeae5/elements[39m
[35m[HTTP][39m [90m{"using":"accessibility id","value":"Selanjutnya"}[39m
[35m[HTTP][39m [37m<-- POST /wd/hub/session/f10fe1f4-62d2-4c49-8d31-6c3555cfeae5/elements [39m[32m200[39m [90m850 ms - 12[39m
[35m[HTTP][39m [90m[39m
[35m[HTTP][39m [37m-->[39m [37mPOST[39m [37m/wd/hub/session/f10fe1f4-62d2-4c49-8d31-6c3555cfeae5/elements[39m
[35m[HTTP][39m [90m{"using":"accessibility id","value":"Selanjutnya"}[39m
[35m[HTTP][39m [37m<-- POST /wd/hub/session/f10fe1f4-62d2-4c49-8d31-6c3555cfeae5/elements [39m[32m200[39m [90m115 ms - 12[39m
[35m[HTTP][39m [90m[39m
[35m[HTTP][39m [37m-->[39m [37mPOST[39m [37m/wd/hub/session/f10fe1f4-62d2-4c49-8d31-6c3555cfeae5/elements[39m
[35m[HTTP][39m [90m{"using":"accessibility id","value":"Selanjutnya"}[39m
[35m[HTTP][39m [37m<-- POST /wd/hub/session/f10fe1f4-62d2-4c49-8d31-6c3555cfeae5/elements [39m[32m200[39m [90m80 ms - 12[39m
[35m[HTTP][39m [90m[39m
[35m[HTTP][39m [37m-->[39m [37mPOST[39m [37m/wd/hub/session/f10fe1f4-62d2-4c49-8d31-6c3555cfeae5/elements[39m
[35m[HTTP][39m [90m{"using":"accessibility id","value":"Selanjutnya"}[39m
[35m[HTTP][39m [37m<-- POST /wd/hub/session/f10fe1f4-62d2-4c49-8d31-6c3555cfeae5/elements [39m[32m200[39m [90m111 ms - 12[39m
[35m[HTTP][39m [90m[39m
[35m[HTTP][39m [37m-->[39m [37mPOST[39m [37m/wd/hub/session/f10fe1f4-62d2-4c49-8d31-6c3555cfeae5/elements[39m
[35m[HTTP][39m [90m{"using":"accessibility id","value":"Selanjutnya"}[39m
[35m[HTTP][39m [37m<-- POST /wd/hub/session/f10fe1f4-62d2-4c49-8d31-6c3555cfeae5/elements [39m[32m200[39m [90m97 ms - 12[39m
[35m[HTTP][39m [90m[39m
[35m[HTTP][39m [37m-->[39m [37mPOST[39m [37m/wd/hub/session/f10fe1f4-62d2-4c49-8d31-6c3555cfeae5/elements[39m
[35m[HTTP][39m [90m{"using":"accessibility id","value":"Selanjutnya"}[39m
[35m[HTTP][39m [37m<-- POST /wd/hub/session/f10fe1f4-62d2-4c49-8d31-6c3555cfeae5/elements [39m[32m200[39m [90m570 ms - 12[39m
[35m[HTTP][39m [90m[39m
[35m[HTTP][39m [37m-->[39m [37mPOST[39m [37m/wd/hub/session/f10fe1f4-62d2-4c49-8d31-6c3555cfeae5/elements[39m
[35m[HTTP][39m [90m{"using":"accessibility id","value":"Selanjutnya"}[39m
[35m[HTTP][39m [37m<-- POST /wd/hub/session/f10fe1f4-62d2-4c49-8d31-6c3555cfeae5/elements [39m[32m200[39m [90m170 ms - 12[39m
[35m[HTTP][39m [90m[39m
[35m[HTTP][39m [37m-->[39m [37mPOST[39m [37m/wd/hub/session/f10fe1f4-62d2-4c49-8d31-6c3555cfeae5/elements[39m
[35m[HTTP][39m [90m{"using":"accessibility id","value":"Selanjutnya"}[39m
[35m[HTTP][39m [37m<-- POST /wd/hub/session/f10fe1f4-62d2-4c49-8d31-6c3555cfeae5/elements [39m[32m200[39m [90m67 ms - 12[39m
[35m[HTTP][39m [90m[39m
[35m[HTTP][39m [37m-->[39m [37mPOST[39m [37m/wd/hub/session/f10fe1f4-62d2-4c49-8d31-6c3555cfeae5/elements[39m
[35m[HTTP][39m [90m{"using":"accessibility id","value":"Selanjutnya"}[39m
[35m[HTTP][39m [37m<-- POST /wd/hub/session/f10fe1f4-62d2-4c49-8d31-6c3555cfeae5/elements [39m[32m200[39m [90m52 ms - 12[39m
[35m[HTTP][39m [90m[39m
[35m[HTTP][39m [37m-->[39m [37mPOST[39m [37m/wd/hub/session/f10fe1f4-62d2-4c49-8d31-6c3555cfeae5/elements[39m
[35m[HTTP][39m [90m{"using":"accessibility id","value":"Selanjutnya"}[39m
[35m[HTTP][39m [37m<-- POST /wd/hub/session/f10fe1f4-62d2-4c49-8d31-6c3555cfeae5/elements [39m[32m200[39m [90m111 ms - 12[39m
[35m[HTTP][39m [90m[39m
[35m[HTTP][39m [37m-->[39m [37mPOST[39m [37m/wd/hub/session/f10fe1f4-62d2-4c49-8d31-6c3555cfeae5/elements[39m
[35m[HTTP][39m [90m{"using":"accessibility id","value":"Selanjutnya"}[39m
[35m[HTTP][39m [37m<-- POST /wd/hub/session/f10fe1f4-62d2-4c49-8d31-6c3555cfeae5/elements [39m[32m200[39m [90m527 ms - 12[39m
[35m[HTTP][39m [90m[39m
[35m[HTTP][39m [37m-->[39m [37mPOST[39m [37m/wd/hub/session/f10fe1f4-62d2-4c49-8d31-6c3555cfeae5/elements[39m
[35m[HTTP][39m [90m{"using":"accessibility id","value":"Selanjutnya"}[39m
[35m[HTTP][39m [37m<-- POST /wd/hub/session/f10fe1f4-62d2-4c49-8d31-6c3555cfeae5/elements [39m[32m200[39m [90m96 ms - 12[39m
[35m[HTTP][39m [90m[39m
[35m[HTTP][39m [37m-->[39m [37mPOST[39m [37m/wd/hub/session/f10fe1f4-62d2-4c49-8d31-6c3555cfeae5/elements[39m
[35m[HTTP][39m [90m{"using":"accessibility id","value":"Selanjutnya"}[39m
[35m[HTTP][39m [37m<-- POST /wd/hub/session/f10fe1f4-62d2-4c49-8d31-6c3555cfeae5/elements [39m[32m200[39m [90m93 ms - 12[39m
[35m[HTTP][39m [90m[39m
[35m[HTTP][39m [37m-->[39m [37mPOST[39m [37m/wd/hub/session/f10fe1f4-62d2-4c49-8d31-6c3555cfeae5/elements[39m
[35m[HTTP][39m [90m{"using":"accessibility id","value":"Selanjutnya"}[39m
[35m[HTTP][39m [37m<-- POST /wd/hub/session/f10fe1f4-62d2-4c49-8d31-6c3555cfeae5/elements [39m[32m200[39m [90m81 ms - 12[39m
[35m[HTTP][39m [90m[39m
[35m[HTTP][39m [37m-->[39m [37mPOST[39m [37m/wd/hub/session/f10fe1f4-62d2-4c49-8d31-6c3555cfeae5/elements[39m
[35m[HTTP][39m [90m{"using":"accessibility id","value":"Selanjutnya"}[39m
[35m[HTTP][39m [37m<-- POST /wd/hub/session/f10fe1f4-62d2-4c49-8d31-6c3555cfeae5/elements [39m[32m200[39m [90m87 ms - 12[39m
[35m[HTTP][39m [90m[39m
[35m[HTTP][39m [37m-->[39m [37mPOST[39m [37m/wd/hub/session/f10fe1f4-62d2-4c49-8d31-6c3555cfeae5/elements[39m
[35m[HTTP][39m [90m{"using":"accessibility id","value":"Selanjutnya"}[39m
[35m[HTTP][39m [37m<-- POST /wd/hub/session/f10fe1f4-62d2-4c49-8d31-6c3555cfeae5/elements [39m[32m200[39m [90m587 ms - 12[39m
[35m[HTTP][39m [90m[39m
[35m[HTTP][39m [37m-->[39m [37mPOST[39m [37m/wd/hub/session/f10fe1f4-62d2-4c49-8d31-6c3555cfeae5/elements[39m
[35m[HTTP][39m [90m{"using":"accessibility id","value":"Selanjutnya"}[39m
[35m[HTTP][39m [37m<-- POST /wd/hub/session/f10fe1f4-62d2-4c49-8d31-6c3555cfeae5/elements [39m[32m200[39m [90m105 ms - 12[39m
[35m[HTTP][39m [90m[39m
[35m[HTTP][39m [37m-->[39m [37mPOST[39m [37m/wd/hub/session/f10fe1f4-62d2-4c49-8d31-6c3555cfeae5/elements[39m
[35m[HTTP][39m [90m{"using":"accessibility id","value":"Selanjutnya"}[39m
[35m[HTTP][39m [37m<-- POST /wd/hub/session/f10fe1f4-62d2-4c49-8d31-6c3555cfeae5/elements [39m[32m200[39m [90m82 ms - 12[39m
[35m[HTTP][39m [90m[39m
[35m[HTTP][39m [37m-->[39m [37mPOST[39m [37m/wd/hub/session/f10fe1f4-62d2-4c49-8d31-6c3555cfeae5/elements[39m
[35m[HTTP][39m [90m{"using":"accessibility id","value":"Selanjutnya"}[39m
[35m[HTTP][39m [37m<-- POST /wd/hub/session/f10fe1f4-62d2-4c49-8d31-6c3555cfeae5/elements [39m[32m200[39m [90m771 ms - 12[39m
[35m[HTTP][39m [90m[39m
[35m[HTTP][39m [37m-->[39m [37mPOST[39m [37m/wd/hub/session/f10fe1f4-62d2-4c49-8d31-6c3555cfeae5/elements[39m
[35m[HTTP][39m [90m{"using":"accessibility id","value":"Selanjutnya"}[39m
[35m[HTTP][39m [37m<-- POST /wd/hub/session/f10fe1f4-62d2-4c49-8d31-6c3555cfeae5/elements [39m[32m200[39m [90m101 ms - 12[39m
[35m[HTTP][39m [90m[39m
[35m[HTTP][39m [37m-->[39m [37mPOST[39m [37m/wd/hub/session/f10fe1f4-62d2-4c49-8d31-6c3555cfeae5/elements[39m
[35m[HTTP][39m [90m{"using":"accessibility id","value":"Selanjutnya"}[39m
[35m[HTTP][39m [37m<-- POST /wd/hub/session/f10fe1f4-62d2-4c49-8d31-6c3555cfeae5/elements [39m[32m200[39m [90m102 ms - 12[39m
[35m[HTTP][39m [90m[39m
[35m[HTTP][39m [37m-->[39m [37mPOST[39m [37m/wd/hub/session/f10fe1f4-62d2-4c49-8d31-6c3555cfeae5/elements[39m
[35m[HTTP][39m [90m{"using":"accessibility id","value":"Selanjutnya"}[39m
[35m[HTTP][39m [37m<-- POST /wd/hub/session/f10fe1f4-62d2-4c49-8d31-6c3555cfeae5/elements [39m[32m200[39m [90m85 ms - 12[39m
[35m[HTTP][39m [90m[39m
[35m[HTTP][39m [37m-->[39m [37mPOST[39m [37m/wd/hub/session/f10fe1f4-62d2-4c49-8d31-6c3555cfeae5/elements[39m
[35m[HTTP][39m [90m{"using":"accessibility id","value":"Selanjutnya"}[39m
[35m[HTTP][39m [37m<-- POST /wd/hub/session/f10fe1f4-62d2-4c49-8d31-6c3555cfeae5/elements [39m[32m200[39m [90m86 ms - 12[39m
[35m[HTTP][39m [90m[39m
[35m[HTTP][39m [37m-->[39m [37mPOST[39m [37m/wd/hub/session/f10fe1f4-62d2-4c49-8d31-6c3555cfeae5/elements[39m
[35m[HTTP][39m [90m{"using":"accessibility id","value":"Selanjutnya"}[39m
[35m[HTTP][39m [37m<-- POST /wd/hub/session/f10fe1f4-62d2-4c49-8d31-6c3555cfeae5/elements [39m[32m200[39m [90m578 ms - 12[39m
[35m[HTTP][39m [90m[39m
[35m[HTTP][39m [37m-->[39m [37mPOST[39m [37m/wd/hub/session/f10fe1f4-62d2-4c49-8d31-6c3555cfeae5/elements[39m
[35m[HTTP][39m [90m{"using":"accessibility id","value":"Selanjutnya"}[39m
[35m[HTTP][39m [37m<-- POST /wd/hub/session/f10fe1f4-62d2-4c49-8d31-6c3555cfeae5/elements [39m[32m200[39m [90m102 ms - 12[39m
[35m[HTTP][39m [90m[39m
[35m[HTTP][39m [37m-->[39m [37mPOST[39m [37m/wd/hub/session/f10fe1f4-62d2-4c49-8d31-6c3555cfeae5/elements[39m
[35m[HTTP][39m [90m{"using":"accessibility id","value":"Selanjutnya"}[39m
[35m[HTTP][39m [37m<-- POST /wd/hub/session/f10fe1f4-62d2-4c49-8d31-6c3555cfeae5/elements [39m[32m200[39m [90m103 ms - 12[39m
[35m[HTTP][39m [90m[39m
[35m[HTTP][39m [37m-->[39m [37mPOST[39m [37m/wd/hub/session/f10fe1f4-62d2-4c49-8d31-6c3555cfeae5/elements[39m
[35m[HTTP][39m [90m{"using":"accessibility id","value":"Selanjutnya"}[39m
[35m[HTTP][39m [37m<-- POST /wd/hub/session/f10fe1f4-62d2-4c49-8d31-6c3555cfeae5/elements [39m[32m200[39m [90m83 ms - 12[39m
[35m[HTTP][39m [90m[39m
[35m[HTTP][39m [37m-->[39m [37mPOST[39m [37m/wd/hub/session/f10fe1f4-62d2-4c49-8d31-6c3555cfeae5/elements[39m
[35m[HTTP][39m [90m{"using":"accessibility id","value":"Selanjutnya"}[39m
[35m[HTTP][39m [37m<-- POST /wd/hub/session/f10fe1f4-62d2-4c49-8d31-6c3555cfeae5/elements [39m[32m200[39m [90m88 ms - 12[39m
[35m[HTTP][39m [90m[39m
[35m[HTTP][39m [37m-->[39m [37mPOST[39m [37m/wd/hub/session/f10fe1f4-62d2-4c49-8d31-6c3555cfeae5/elements[39m
[35m[HTTP][39m [90m{"using":"accessibility id","value":"Selanjutnya"}[39m
[35m[HTTP][39m [37m<-- POST /wd/hub/session/f10fe1f4-62d2-4c49-8d31-6c3555cfeae5/elements [39m[32m200[39m [90m590 ms - 12[39m
[35m[HTTP][39m [90m[39m
[35m[HTTP][39m [37m-->[39m [37mPOST[39m [37m/wd/hub/session/f10fe1f4-62d2-4c49-8d31-6c3555cfeae5/elements[39m
[35m[HTTP][39m [90m{"using":"accessibility id","value":"Selanjutnya"}[39m
[35m[HTTP][39m [37m<-- POST /wd/hub/session/f10fe1f4-62d2-4c49-8d31-6c3555cfeae5/elements [39m[32m200[39m [90m105 ms - 12[39m
[35m[HTTP][39m [90m[39m
[35m[HTTP][39m [37m-->[39m [37mPOST[39m [37m/wd/hub/session/f10fe1f4-62d2-4c49-8d31-6c3555cfeae5/elements[39m
[35m[HTTP][39m [90m{"using":"accessibility id","value":"Selanjutnya"}[39m
[35m[HTTP][39m [37m<-- POST /wd/hub/session/f10fe1f4-62d2-4c49-8d31-6c3555cfeae5/elements [39m[32m200[39m [90m100 ms - 12[39m
[35m[HTTP][39m [90m[39m
[35m[HTTP][39m [37m-->[39m [37mPOST[39m [37m/wd/hub/session/f10fe1f4-62d2-4c49-8d31-6c3555cfeae5/elements[39m
[35m[HTTP][39m [90m{"using":"accessibility id","value":"Selanjutnya"}[39m
[35m[HTTP][39m [37m<-- POST /wd/hub/session/f10fe1f4-62d2-4c49-8d31-6c3555cfeae5/elements [39m[32m200[39m [90m90 ms - 12[39m
[35m[HTTP][39m [90m[39m
[35m[HTTP][39m [37m-->[39m [37mPOST[39m [37m/wd/hub/session/f10fe1f4-62d2-4c49-8d31-6c3555cfeae5/elements[39m
[35m[HTTP][39m [90m{"using":"accessibility id","value":"Selanjutnya"}[39m
[35m[HTTP][39m [37m<-- POST /wd/hub/session/f10fe1f4-62d2-4c49-8d31-6c3555cfeae5/elements [39m[32m200[39m [90m87 ms - 12[39m
[35m[HTTP][39m [90m[39m
[35m[HTTP][39m [37m-->[39m [37mPOST[39m [37m/wd/hub/session/f10fe1f4-62d2-4c49-8d31-6c3555cfeae5/elements[39m
[35m[HTTP][39m [90m{"using":"accessibility id","value":"Selanjutnya"}[39m
[35m[HTTP][39m [37m<-- POST /wd/hub/session/f10fe1f4-62d2-4c49-8d31-6c3555cfeae5/elements [39m[32m200[39m [90m570 ms - 12[39m
[35m[HTTP][39m [90m[39m
[35m[HTTP][39m [37m-->[39m [37mPOST[39m [37m/wd/hub/session/f10fe1f4-62d2-4c49-8d31-6c3555cfeae5/elements[39m
[35m[HTTP][39m [90m{"using":"accessibility id","value":"Selanjutnya"}[39m
[35m[HTTP][39m [37m<-- POST /wd/hub/session/f10fe1f4-62d2-4c49-8d31-6c3555cfeae5/elements [39m[32m200[39m [90m97 ms - 12[39m
[35m[HTTP][39m [90m[39m
[35m[HTTP][39m [37m-->[39m [37mPOST[39m [37m/wd/hub/session/f10fe1f4-62d2-4c49-8d31-6c3555cfeae5/elements[39m
[35m[HTTP][39m [90m{"using":"accessibility id","value":"Selanjutnya"}[39m
[35m[HTTP][39m [37m<-- POST /wd/hub/session/f10fe1f4-62d2-4c49-8d31-6c3555cfeae5/elements [39m[32m200[39m [90m104 ms - 12[39m
[35m[HTTP][39m [90m[39m
[35m[HTTP][39m [37m-->[39m [37mPOST[39m [37m/wd/hub/session/f10fe1f4-62d2-4c49-8d31-6c3555cfeae5/elements[39m
[35m[HTTP][39m [90m{"using":"accessibility id","value":"Selanjutnya"}[39m
[35m[HTTP][39m [37m<-- POST /wd/hub/session/f10fe1f4-62d2-4c49-8d31-6c3555cfeae5/elements [39m[32m200[39m [90m788 ms - 12[39m
[35m[HTTP][39m [90m[39m
[35m[HTTP][39m [37m-->[39m [37mPOST[39m [37m/wd/hub/session/f10fe1f4-62d2-4c49-8d31-6c3555cfeae5/elements[39m
[35m[HTTP][39m [90m{"using":"accessibility id","value":"Selanjutnya"}[39m
[35m[HTTP][39m [37m<-- POST /wd/hub/session/f10fe1f4-62d2-4c49-8d31-6c3555cfeae5/elements [39m[32m200[39m [90m99 ms - 12[39m
[35m[HTTP][39m [90m[39m
[35m[HTTP][39m [37m-->[39m [37mPOST[39m [37m/wd/hub/session/f10fe1f4-62d2-4c49-8d31-6c3555cfeae5/elements[39m
[35m[HTTP][39m [90m{"using":"accessibility id","value":"Selanjutnya"}[39m
[35m[HTTP][39m [37m<-- POST /wd/hub/session/f10fe1f4-62d2-4c49-8d31-6c3555cfeae5/elements [39m[32m200[39m [90m103 ms - 12[39m
[35m[HTTP][39m [90m[39m
[35m[HTTP][39m [37m-->[39m [37mPOST[39m [37m/wd/hub/session/f10fe1f4-62d2-4c49-8d31-6c3555cfeae5/elements[39m
[35m[HTTP][39m [90m{"using":"accessibility id","value":"Selanjutnya"}[39m
[35m[HTTP][39m [37m<-- POST /wd/hub/session/f10fe1f4-62d2-4c49-8d31-6c3555cfeae5/elements [39m[32m200[39m [90m92 ms - 12[39m
[35m[HTTP][39m [90m[39m
[35m[HTTP][39m [37m-->[39m [37mPOST[39m [37m/wd/hub/session/f10fe1f4-62d2-4c49-8d31-6c3555cfeae5/elements[39m
[35m[HTTP][39m [90m{"using":"accessibility id","value":"Selanjutnya"}[39m
[35m[HTTP][39m [37m<-- POST /wd/hub/session/f10fe1f4-62d2-4c49-8d31-6c3555cfeae5/elements [39m[32m200[39m [90m90 ms - 12[39m
[35m[HTTP][39m [90m[39m
[35m[HTTP][39m [37m-->[39m [37mPOST[39m [37m/wd/hub/session/f10fe1f4-62d2-4c49-8d31-6c3555cfeae5/elements[39m
[35m[HTTP][39m [90m{"using":"accessibility id","value":"Selanjutnya"}[39m
[35m[HTTP][39m [37m<-- POST /wd/hub/session/f10fe1f4-62d2-4c49-8d31-6c3555cfeae5/elements [39m[32m200[39m [90m544 ms - 12[39m
[35m[HTTP][39m [90m[39m
[35m[HTTP][39m [37m-->[39m [37mPOST[39m [37m/wd/hub/session/f10fe1f4-62d2-4c49-8d31-6c3555cfeae5/elements[39m
[35m[HTTP][39m [90m{"using":"accessibility id","value":"Selanjutnya"}[39m
[35m[HTTP][39m [37m<-- POST /wd/hub/session/f10fe1f4-62d2-4c49-8d31-6c3555cfeae5/elements [39m[32m200[39m [90m103 ms - 12[39m
[35m[HTTP][39m [90m[39m
[35m[HTTP][39m [37m-->[39m [37mPOST[39m [37m/wd/hub/session/f10fe1f4-62d2-4c49-8d31-6c3555cfeae5/elements[39m
[35m[HTTP][39m [90m{"using":"accessibility id","value":"Selanjutnya"}[39m
[35m[HTTP][39m [37m<-- POST /wd/hub/session/f10fe1f4-62d2-4c49-8d31-6c3555cfeae5/elements [39m[32m200[39m [90m90 ms - 12[39m
[35m[HTTP][39m [90m[39m
[35m[HTTP][39m [37m-->[39m [37mPOST[39m [37m/wd/hub/session/f10fe1f4-62d2-4c49-8d31-6c3555cfeae5/elements[39m
[35m[HTTP][39m [90m{"using":"accessibility id","value":"Selanjutnya"}[39m
[35m[HTTP][39m [37m<-- POST /wd/hub/session/f10fe1f4-62d2-4c49-8d31-6c3555cfeae5/elements [39m[32m200[39m [90m88 ms - 12[39m
[35m[HTTP][39m [90m[39m
[35m[HTTP][39m [37m-->[39m [37mPOST[39m [37m/wd/hub/session/f10fe1f4-62d2-4c49-8d31-6c3555cfeae5/elements[39m
[35m[HTTP][39m [90m{"using":"accessibility id","value":"Selanjutnya"}[39m
[35m[HTTP][39m [37m<-- POST /wd/hub/session/f10fe1f4-62d2-4c49-8d31-6c3555cfeae5/elements [39m[32m200[39m [90m88 ms - 12[39m
[35m[HTTP][39m [90m[39m
[35m[HTTP][39m [37m-->[39m [37mPOST[39m [37m/wd/hub/session/f10fe1f4-62d2-4c49-8d31-6c3555cfeae5/elements[39m
[35m[HTTP][39m [90m{"using":"accessibility id","value":"Selanjutnya"}[39m
[35m[HTTP][39m [37m<-- POST /wd/hub/session/f10fe1f4-62d2-4c49-8d31-6c3555cfeae5/elements [39m[32m200[39m [90m598 ms - 12[39m
[35m[HTTP][39m [90m[39m
[35m[HTTP][39m [37m-->[39m [37mPOST[39m [37m/wd/hub/session/f10fe1f4-62d2-4c49-8d31-6c3555cfeae5/elements[39m
[35m[HTTP][39m [90m{"using":"accessibility id","value":"Selanjutnya"}[39m
[35m[HTTP][39m [37m<-- POST /wd/hub/session/f10fe1f4-62d2-4c49-8d31-6c3555cfeae5/elements [39m[32m200[39m [90m100 ms - 12[39m
[35m[HTTP][39m [90m[39m
[35m[HTTP][39m [37m-->[39m [37mPOST[39m [37m/wd/hub/session/f10fe1f4-62d2-4c49-8d31-6c3555cfeae5/elements[39m
[35m[HTTP][39m [90m{"using":"accessibility id","value":"Selanjutnya"}[39m
[35m[HTTP][39m [37m<-- POST /wd/hub/session/f10fe1f4-62d2-4c49-8d31-6c3555cfeae5/elements [39m[32m200[39m [90m89 ms - 12[39m
[35m[HTTP][39m [90m[39m
[35m[HTTP][39m [37m-->[39m [37mPOST[39m [37m/wd/hub/session/f10fe1f4-62d2-4c49-8d31-6c3555cfeae5/elements[39m
[35m[HTTP][39m [90m{"using":"accessibility id","value":"Selanjutnya"}[39m
[35m[HTTP][39m [37m<-- POST /wd/hub/session/f10fe1f4-62d2-4c49-8d31-6c3555cfeae5/elements [39m[32m200[39m [90m86 ms - 12[39m
[35m[HTTP][39m [90m[39m
[35m[HTTP][39m [37m-->[39m [37mPOST[39m [37m/wd/hub/session/f10fe1f4-62d2-4c49-8d31-6c3555cfeae5/elements[39m
[35m[HTTP][39m [90m{"using":"accessibility id","value":"Selanjutnya"}[39m
[35m[HTTP][39m [37m<-- POST /wd/hub/session/f10fe1f4-62d2-4c49-8d31-6c3555cfeae5/elements [39m[32m200[39m [90m89 ms - 12[39m
[35m[HTTP][39m [90m[39m
[35m[HTTP][39m [37m-->[39m [37mPOST[39m [37m/wd/hub/session/f10fe1f4-62d2-4c49-8d31-6c3555cfeae5/elements[39m
[35m[HTTP][39m [90m{"using":"accessibility id","value":"Selanjutnya"}[39m
[35m[HTTP][39m [37m<-- POST /wd/hub/session/f10fe1f4-62d2-4c49-8d31-6c3555cfeae5/elements [39m[32m200[39m [90m577 ms - 12[39m
[35m[HTTP][39m [90m[39m
[35m[HTTP][39m [37m-->[39m [37mPOST[39m [37m/wd/hub/session/f10fe1f4-62d2-4c49-8d31-6c3555cfeae5/elements[39m
[35m[HTTP][39m [90m{"using":"accessibility id","value":"Selanjutnya"}[39m
[35m[HTTP][39m [37m<-- POST /wd/hub/session/f10fe1f4-62d2-4c49-8d31-6c3555cfeae5/elements [39m[32m200[39m [90m107 ms - 12[39m
[35m[HTTP][39m [90m[39m
[35m[HTTP][39m [37m-->[39m [37mPOST[39m [37m/wd/hub/session/f10fe1f4-62d2-4c49-8d31-6c3555cfeae5/elements[39m
[35m[HTTP][39m [90m{"using":"accessibility id","value":"Selanjutnya"}[39m
[35m[HTTP][39m [37m<-- POST /wd/hub/session/f10fe1f4-62d2-4c49-8d31-6c3555cfeae5/elements [39m[32m200[39m [90m102 ms - 12[39m
[35m[HTTP][39m [90m[39m
[35m[HTTP][39m [37m-->[39m [37mPOST[39m [37m/wd/hub/session/f10fe1f4-62d2-4c49-8d31-6c3555cfeae5/elements[39m
[35m[HTTP][39m [90m{"using":"accessibility id","value":"Selanjutnya"}[39m
[35m[HTTP][39m [37m<-- POST /wd/hub/session/f10fe1f4-62d2-4c49-8d31-6c3555cfeae5/elements [39m[32m200[39m [90m766 ms - 12[39m
[35m[HTTP][39m [90m[39m
[35m[HTTP][39m [37m-->[39m [37mPOST[39m [37m/wd/hub/session/f10fe1f4-62d2-4c49-8d31-6c3555cfeae5/elements[39m
[35m[HTTP][39m [90m{"using":"accessibility id","value":"Selanjutnya"}[39m
[35m[HTTP][39m [37m<-- POST /wd/hub/session/f10fe1f4-62d2-4c49-8d31-6c3555cfeae5/elements [39m[32m200[39m [90m104 ms - 12[39m
[35m[HTTP][39m [90m[39m
[35m[HTTP][39m [37m-->[39m [37mPOST[39m [37m/wd/hub/session/f10fe1f4-62d2-4c49-8d31-6c3555cfeae5/elements[39m
[35m[HTTP][39m [90m{"using":"accessibility id","value":"Selanjutnya"}[39m
[35m[HTTP][39m [37m<-- POST /wd/hub/session/f10fe1f4-62d2-4c49-8d31-6c3555cfeae5/elements [39m[32m200[39m [90m90 ms - 12[39m
[35m[HTTP][39m [90m[39m
[35m[HTTP][39m [37m-->[39m [37mPOST[39m [37m/wd/hub/session/f10fe1f4-62d2-4c49-8d31-6c3555cfeae5/elements[39m
[35m[HTTP][39m [90m{"using":"accessibility id","value":"Selanjutnya"}[39m
[35m[HTTP][39m [37m<-- POST /wd/hub/session/f10fe1f4-62d2-4c49-8d31-6c3555cfeae5/elements [39m[32m200[39m [90m88 ms - 12[39m
[35m[HTTP][39m [90m[39m
[35m[HTTP][39m [37m-->[39m [37mPOST[39m [37m/wd/hub/session/f10fe1f4-62d2-4c49-8d31-6c3555cfeae5/elements[39m
[35m[HTTP][39m [90m{"using":"accessibility id","value":"Selanjutnya"}[39m
[35m[HTTP][39m [37m<-- POST /wd/hub/session/f10fe1f4-62d2-4c49-8d31-6c3555cfeae5/elements [39m[32m200[39m [90m87 ms - 12[39m
[35m[HTTP][39m [90m[39m
[35m[HTTP][39m [37m-->[39m [37mPOST[39m [37m/wd/hub/session/f10fe1f4-62d2-4c49-8d31-6c3555cfeae5/elements[39m
[35m[HTTP][39m [90m{"using":"accessibility id","value":"Selanjutnya"}[39m
[35m[HTTP][39m [37m<-- POST /wd/hub/session/f10fe1f4-62d2-4c49-8d31-6c3555cfeae5/elements [39m[32m200[39m [90m86 ms - 12[39m
[35m[HTTP][39m [90m[39m
[35m[HTTP][39m [37m-->[39m [37mPOST[39m [37m/wd/hub/session/f10fe1f4-62d2-4c49-8d31-6c3555cfeae5/elements[39m
[35m[HTTP][39m [90m{"using":"accessibility id","value":"Selanjutnya"}[39m
[35m[HTTP][39m [37m<-- POST /wd/hub/session/f10fe1f4-62d2-4c49-8d31-6c3555cfeae5/elements [39m[32m200[39m [90m514 ms - 12[39m
[35m[HTTP][39m [90m[39m
[35m[HTTP][39m [37m-->[39m [37mPOST[39m [37m/wd/hub/session/f10fe1f4-62d2-4c49-8d31-6c3555cfeae5/elements[39m
[35m[HTTP][39m [90m{"using":"accessibility id","value":"Selanjutnya"}[39m
[35m[HTTP][39m [37m<-- POST /wd/hub/session/f10fe1f4-62d2-4c49-8d31-6c3555cfeae5/elements [39m[32m200[39m [90m54 ms - 12[39m
[35m[HTTP][39m [90m[39m
[35m[HTTP][39m [37m-->[39m [37mPOST[39m [37m/wd/hub/session/f10fe1f4-62d2-4c49-8d31-6c3555cfeae5/elements[39m
[35m[HTTP][39m [90m{"using":"accessibility id","value":"Selanjutnya"}[39m
[35m[HTTP][39m [37m<-- POST /wd/hub/session/f10fe1f4-62d2-4c49-8d31-6c3555cfeae5/elements [39m[32m200[39m [90m78 ms - 12[39m
[35m[HTTP][39m [90m[39m
[35m[HTTP][39m [37m-->[39m [37mPOST[39m [37m/wd/hub/session/f10fe1f4-62d2-4c49-8d31-6c3555cfeae5/elements[39m
[35m[HTTP][39m [90m{"using":"accessibility id","value":"Selanjutnya"}[39m
[35m[HTTP][39m [37m<-- POST /wd/hub/session/f10fe1f4-62d2-4c49-8d31-6c3555cfeae5/elements [39m[32m200[39m [90m98 ms - 12[39m
[35m[HTTP][39m [90m[39m
[35m[HTTP][39m [37m-->[39m [37mPOST[39m [37m/wd/hub/session/f10fe1f4-62d2-4c49-8d31-6c3555cfeae5/elements[39m
[35m[HTTP][39m [90m{"using":"accessibility id","value":"Selanjutnya"}[39m
[35m[HTTP][39m [37m<-- POST /wd/hub/session/f10fe1f4-62d2-4c49-8d31-6c3555cfeae5/elements [39m[32m200[39m [90m101 ms - 12[39m
[35m[HTTP][39m [90m[39m
[35m[HTTP][39m [37m-->[39m [37mPOST[39m [37m/wd/hub/session/f10fe1f4-62d2-4c49-8d31-6c3555cfeae5/elements[39m
[35m[HTTP][39m [90m{"using":"accessibility id","value":"Selanjutnya"}[39m
[35m[HTTP][39m [37m<-- POST /wd/hub/session/f10fe1f4-62d2-4c49-8d31-6c3555cfeae5/elements [39m[32m200[39m [90m80 ms - 12[39m
[35m[HTTP][39m [90m[39m
[35m[HTTP][39m [37m-->[39m [37mPOST[39m [37m/wd/hub/session/f10fe1f4-62d2-4c49-8d31-6c3555cfeae5/elements[39m
[35m[HTTP][39m [90m{"using":"accessibility id","value":"Selanjutnya"}[39m
[35m[HTTP][39m [37m<-- POST /wd/hub/session/f10fe1f4-62d2-4c49-8d31-6c3555cfeae5/elements [39m[32m200[39m [90m504 ms - 12[39m
[35m[HTTP][39m [90m[39m
[35m[HTTP][39m [37m-->[39m [37mPOST[39m [37m/wd/hub/session/f10fe1f4-62d2-4c49-8d31-6c3555cfeae5/elements[39m
[35m[HTTP][39m [90m{"using":"accessibility id","value":"Selanjutnya"}[39m
[35m[HTTP][39m [37m<-- POST /wd/hub/session/f10fe1f4-62d2-4c49-8d31-6c3555cfeae5/elements [39m[32m200[39m [90m90 ms - 12[39m
[35m[HTTP][39m [90m[39m
[35m[HTTP][39m [37m-->[39m [37mPOST[39m [37m/wd/hub/session/f10fe1f4-62d2-4c49-8d31-6c3555cfeae5/elements[39m
[35m[HTTP][39m [90m{"using":"accessibility id","value":"Selanjutnya"}[39m
[35m[HTTP][39m [37m<-- POST /wd/hub/session/f10fe1f4-62d2-4c49-8d31-6c3555cfeae5/elements [39m[32m200[39m [90m82 ms - 12[39m
[35m[HTTP][39m [90m[39m
[35m[HTTP][39m [37m-->[39m [37mPOST[39m [37m/wd/hub/session/f10fe1f4-62d2-4c49-8d31-6c3555cfeae5/elements[39m
[35m[HTTP][39m [90m{"using":"accessibility id","value":"Selanjutnya"}[39m
[35m[HTTP][39m [37m<-- POST /wd/hub/session/f10fe1f4-62d2-4c49-8d31-6c3555cfeae5/elements [39m[32m200[39m [90m77 ms - 12[39m
[35m[HTTP][39m [90m[39m
[35m[HTTP][39m [37m-->[39m [37mPOST[39m [37m/wd/hub/session/f10fe1f4-62d2-4c49-8d31-6c3555cfeae5/elements[39m
[35m[HTTP][39m [90m{"using":"accessibility id","value":"Selanjutnya"}[39m
[35m[HTTP][39m [37m<-- POST /wd/hub/session/f10fe1f4-62d2-4c49-8d31-6c3555cfeae5/elements [39m[32m200[39m [90m76 ms - 12[39m
[35m[HTTP][39m [90m[39m
[35m[HTTP][39m [37m-->[39m [37mPOST[39m [37m/wd/hub/session/f10fe1f4-62d2-4c49-8d31-6c3555cfeae5/elements[39m
[35m[HTTP][39m [90m{"using":"accessibility id","value":"Selanjutnya"}[39m
[35m[HTTP][39m [37m<-- POST /wd/hub/session/f10fe1f4-62d2-4c49-8d31-6c3555cfeae5/elements [39m[32m200[39m [90m83 ms - 12[39m
[35m[HTTP][39m [90m[39m
[35m[HTTP][39m [37m-->[39m [37mPOST[39m [37m/wd/hub/session/f10fe1f4-62d2-4c49-8d31-6c3555cfeae5/elements[39m
[35m[HTTP][39m [90m{"using":"accessibility id","value":"Selanjutnya"}[39m
[35m[HTTP][39m [37m<-- POST /wd/hub/session/f10fe1f4-62d2-4c49-8d31-6c3555cfeae5/elements [39m[32m200[39m [90m519 ms - 12[39m
[35m[HTTP][39m [90m[39m
[35m[HTTP][39m [37m-->[39m [37mPOST[39m [37m/wd/hub/session/f10fe1f4-62d2-4c49-8d31-6c3555cfeae5/elements[39m
[35m[HTTP][39m [90m{"using":"accessibility id","value":"Selanjutnya"}[39m
[35m[HTTP][39m [37m<-- POST /wd/hub/session/f10fe1f4-62d2-4c49-8d31-6c3555cfeae5/elements [39m[32m200[39m [90m100 ms - 12[39m
[35m[HTTP][39m [90m[39m
[35m[HTTP][39m [37m-->[39m [37mPOST[39m [37m/wd/hub/session/f10fe1f4-62d2-4c49-8d31-6c3555cfeae5/elements[39m
[35m[HTTP][39m [90m{"using":"accessibility id","value":"Selanjutnya"}[39m
[35m[HTTP][39m [37m<-- POST /wd/hub/session/f10fe1f4-62d2-4c49-8d31-6c3555cfeae5/elements [39m[32m200[39m [90m98 ms - 12[39m
[35m[HTTP][39m [90m[39m
[35m[HTTP][39m [37m-->[39m [37mPOST[39m [37m/wd/hub/session/f10fe1f4-62d2-4c49-8d31-6c3555cfeae5/elements[39m
[35m[HTTP][39m [90m{"using":"accessibility id","value":"Selanjutnya"}[39m
[35m[HTTP][39m [37m<-- POST /wd/hub/session/f10fe1f4-62d2-4c49-8d31-6c3555cfeae5/elements [39m[32m200[39m [90m785 ms - 12[39m
[35m[HTTP][39m [90m[39m
[35m[HTTP][39m [37m-->[39m [37mPOST[39m [37m/wd/hub/session/f10fe1f4-62d2-4c49-8d31-6c3555cfeae5/elements[39m
[35m[HTTP][39m [90m{"using":"accessibility id","value":"Selanjutnya"}[39m
[35m[HTTP][39m [37m<-- POST /wd/hub/session/f10fe1f4-62d2-4c49-8d31-6c3555cfeae5/elements [39m[32m200[39m [90m100 ms - 12[39m
[35m[HTTP][39m [90m[39m
[35m[HTTP][39m [37m-->[39m [37mPOST[39m [37m/wd/hub/session/f10fe1f4-62d2-4c49-8d31-6c3555cfeae5/elements[39m
[35m[HTTP][39m [90m{"using":"accessibility id","value":"Selanjutnya"}[39m
[35m[HTTP][39m [37m<-- POST /wd/hub/session/f10fe1f4-62d2-4c49-8d31-6c3555cfeae5/elements [39m[32m200[39m [90m93 ms - 12[39m
[35m[HTTP][39m [90m[39m
[35m[HTTP][39m [37m-->[39m [37mPOST[39m [37m/wd/hub/session/f10fe1f4-62d2-4c49-8d31-6c3555cfeae5/elements[39m
[35m[HTTP][39m [90m{"using":"accessibility id","value":"Selanjutnya"}[39m
[35m[HTTP][39m [37m<-- POST /wd/hub/session/f10fe1f4-62d2-4c49-8d31-6c3555cfeae5/elements [39m[32m200[39m [90m86 ms - 12[39m
[35m[HTTP][39m [90m[39m
[35m[HTTP][39m [37m-->[39m [37mPOST[39m [37m/wd/hub/session/f10fe1f4-62d2-4c49-8d31-6c3555cfeae5/elements[39m
[35m[HTTP][39m [90m{"using":"accessibility id","value":"Selanjutnya"}[39m
[35m[HTTP][39m [37m<-- POST /wd/hub/session/f10fe1f4-62d2-4c49-8d31-6c3555cfeae5/elements [39m[32m200[39m [90m87 ms - 12[39m
[35m[HTTP][39m [90m[39m
[35m[HTTP][39m [37m-->[39m [37mPOST[39m [37m/wd/hub/session/f10fe1f4-62d2-4c49-8d31-6c3555cfeae5/elements[39m
[35m[HTTP][39m [90m{"using":"accessibility id","value":"Selanjutnya"}[39m
[35m[HTTP][39m [37m<-- POST /wd/hub/session/f10fe1f4-62d2-4c49-8d31-6c3555cfeae5/elements [39m[32m200[39m [90m587 ms - 12[39m
[35m[HTTP][39m [90m[39m
[35m[HTTP][39m [37m-->[39m [37mPOST[39m [37m/wd/hub/session/f10fe1f4-62d2-4c49-8d31-6c3555cfeae5/elements[39m
[35m[HTTP][39m [90m{"using":"accessibility id","value":"Selanjutnya"}[39m
[35m[HTTP][39m [37m<-- POST /wd/hub/session/f10fe1f4-62d2-4c49-8d31-6c3555cfeae5/elements [39m[32m200[39m [90m96 ms - 12[39m
[35m[HTTP][39m [90m[39m
[35m[HTTP][39m [37m-->[39m [37mPOST[39m [37m/wd/hub/session/f10fe1f4-62d2-4c49-8d31-6c3555cfeae5/elements[39m
[35m[HTTP][39m [90m{"using":"accessibility id","value":"Selanjutnya"}[39m
[35m[HTTP][39m [37m<-- POST /wd/hub/session/f10fe1f4-62d2-4c49-8d31-6c3555cfeae5/elements [39m[32m200[39m [90m82 ms - 12[39m
[35m[HTTP][39m [90m[39m
[35m[HTTP][39m [37m-->[39m [37mPOST[39m [37m/wd/hub/session/f10fe1f4-62d2-4c49-8d31-6c3555cfeae5/elements[39m
[35m[HTTP][39m [90m{"using":"accessibility id","value":"Selanjutnya"}[39m
[35m[HTTP][39m [37m<-- POST /wd/hub/session/f10fe1f4-62d2-4c49-8d31-6c3555cfeae5/elements [39m[32m200[39m [90m82 ms - 12[39m
[35m[HTTP][39m [90m[39m
[35m[HTTP][39m [37m-->[39m [37mPOST[39m [37m/wd/hub/session/f10fe1f4-62d2-4c49-8d31-6c3555cfeae5/elements[39m
[35m[HTTP][39m [90m{"using":"accessibility id","value":"Selanjutnya"}[39m
[35m[HTTP][39m [37m<-- POST /wd/hub/session/f10fe1f4-62d2-4c49-8d31-6c3555cfeae5/elements [39m[32m200[39m [90m93 ms - 12[39m
[35m[HTTP][39m [90m[39m
