[35m[Appium][39m Welcome to Appium v1.22.0
[35m[Appium][39m Non-default server args:
[35m[Appium][39m   port: 62279
[35m[Appium][39m   loglevel: info
[35m[Appium][39m   tmpDir: C:\Users\User\AppData\Local\Temp\\Katalon\Appium\Temp1689906238024
[35m[Appium][39m   chromedriverPort: 62280
[35m[Appium][39m Deprecated server args:
[35m[Appium][39m   [31m--chromedriver-port[39m => --default-capabilities
[35m[Appium][39m Default capabilities, which will be added to each request unless overridden by desired capabilities:
[35m[Appium][39m   chromedriverPort: 62280
[35m[Appium][39m Appium REST http interface listener started on 0.0.0.0:62279
[35m[HTTP][39m [37m-->[39m [37mGET[39m [37m/wd/hub/status[39m
[35m[HTTP][39m [90m{}[39m
[35m[HTTP][39m [37m<-- GET /wd/hub/status [39m[32m200[39m [90m11 ms - 68[39m
[35m[HTTP][39m [90m[39m
[35m[HTTP][39m [37m-->[39m [37mPOST[39m [37m/wd/hub/session[39m
[35m[HTTP][39m [90m{"desiredCapabilities":{"appActivity":".Settings","appPackage":"com.android.settings","newCommandTimeout":1800,"platformVersion":"12","automationName":"uiautomator2","autoGrantPermissions":true,"platformName":"Android","udid":"aihykrce5lrgzhxg","deviceName":"Xiaomi M2103K19PG (Android 12)","platform":"ANDROID","systemPort":8255},"capabilities":{"firstMatch":[{"appium:appActivity":".Settings","appium:appPackage":"com.android.settings","appium:autoGrantPermissions":true,"appium:automationName":"uiautomator2","appium:deviceName":"Xiaomi M2103K19PG (Android 12)","appium:newCommandTimeout":1800,"platform":"ANDROID","platformName":"android","appium:platformVersion":"12","appium:systemPort":8255,"appium:udid":"aihykrce5lrgzhxg"}]}}[39m
[35m[BaseDriver][39m The following capabilities are not standard capabilities and should have an extension prefix:
[35m[BaseDriver][39m   platform
[35m[BaseDriver][39m   chromedriverPort
[35m[Appium][39m Appium v1.22.0 creating new AndroidUiautomator2Driver (v1.69.0) session
[35m[BaseDriver][39m The following capabilities were provided, but are not recognized by Appium:
[35m[BaseDriver][39m   platform
[35m[BaseDriver][39m Session created with session id: ce11b503-9193-43f7-aaad-3304b8b42000
[35m[UiAutomator2][39m Starting 'com.android.settings' directly on the device
[35m[ADB][39m Found 1 'build-tools' folders under 'C:\Users\User\.katalon\tools\android_sdk' (newest first):
[35m[ADB][39m     C:/Users/User/.katalon/tools/android_sdk/build-tools/29.0.3
[35m[ADB][39m Using 'adb.exe' from 'C:\Users\User\.katalon\tools\android_sdk\platform-tools\adb.exe'
[35m[AndroidDriver][39m Retrieving device list
[35m[AndroidDriver][39m Using device: aihykrce5lrgzhxg
[35m[ADB][39m Using 'adb.exe' from 'C:\Users\User\.katalon\tools\android_sdk\platform-tools\adb.exe'
[35m[ADB][39m Getting device platform version
[35m[UiAutomator2][39m Relaxing hidden api policy
[35m[AndroidDriver][39m No app sent in, not parsing package/activity
[35m[ADB][39m Using 'apksigner.jar' from 'C:\Users\User\.katalon\tools\android_sdk\build-tools\29.0.3\lib\apksigner.jar'
[35m[ADB][39m 'C:\Users\User\AppData\Roaming\npm\node_modules\appium\node_modules\appium-uiautomator2-server\apks\appium-uiautomator2-server-v4.24.0.apk' is signed with the default certificate
[35m[ADB][39m 'C:\Users\User\AppData\Roaming\npm\node_modules\appium\node_modules\appium-uiautomator2-server\apks\appium-uiautomator2-server-debug-androidTest.apk' is signed with the default certificate
[35m[UiAutomator2][39m Server packages are not going to be (re)installed
[35m[ADB][39m Adding packages ["io.appium.settings","io.appium.uiautomator2.server","io.appium.uiautomator2.server.test"] to Doze whitelist
[35m[UiAutomator2][39m Starting UIAutomator2 server 4.24.0
[35m[UiAutomator2][39m Using UIAutomator2 server from 'C:\Users\User\AppData\Roaming\npm\node_modules\appium\node_modules\appium-uiautomator2-server\apks\appium-uiautomator2-server-v4.24.0.apk' and test from 'C:\Users\User\AppData\Roaming\npm\node_modules\appium\node_modules\appium-uiautomator2-server\apks\appium-uiautomator2-server-debug-androidTest.apk'
[35m[UiAutomator2][39m Waiting up to 30000ms for UiAutomator2 to be online...
[35m[WD Proxy][39m Determined the downstream protocol as 'W3C'
[35m[AndroidDriver][39m Screen already unlocked, doing nothing
[35m[UiAutomator2][39m Starting 'com.android.settings/.Settings and waiting for 'com.android.settings/.Settings'
[35m[Appium][39m New AndroidUiautomator2Driver session created successfully, session ce11b503-9193-43f7-aaad-3304b8b42000 added to master session list
[35m[HTTP][39m [37m<-- POST /wd/hub/session [39m[32m200[39m [90m11573 ms - 1181[39m
[35m[HTTP][39m [90m[39m
[35m[HTTP][39m [37m-->[39m [37mGET[39m [37m/wd/hub/session/ce11b503-9193-43f7-aaad-3304b8b42000[39m
[35m[HTTP][39m [90m{}[39m
[35m[HTTP][39m [37m<-- GET /wd/hub/session/ce11b503-9193-43f7-aaad-3304b8b42000 [39m[32m200[39m [90m395 ms - 1135[39m
[35m[HTTP][39m [90m[39m
[35m[HTTP][39m [37m-->[39m [37mGET[39m [37m/wd/hub/session/ce11b503-9193-43f7-aaad-3304b8b42000[39m
[35m[HTTP][39m [90m{}[39m
[35m[HTTP][39m [37m<-- GET /wd/hub/session/ce11b503-9193-43f7-aaad-3304b8b42000 [39m[32m200[39m [90m38 ms - 1135[39m
[35m[HTTP][39m [90m[39m
[35m[HTTP][39m [37m-->[39m [37mGET[39m [37m/wd/hub/status[39m
[35m[HTTP][39m [90m{}[39m
[35m[HTTP][39m [37m<-- GET /wd/hub/status [39m[32m200[39m [90m1 ms - 68[39m
[35m[HTTP][39m [90m[39m
[35m[HTTP][39m [37m-->[39m [37mPOST[39m [37m/wd/hub/session/ce11b503-9193-43f7-aaad-3304b8b42000/timeouts[39m
[35m[HTTP][39m [90m{"implicit":120000}[39m
[35m[HTTP][39m [37m<-- POST /wd/hub/session/ce11b503-9193-43f7-aaad-3304b8b42000/timeouts [39m[32m200[39m [90m4 ms - 14[39m
[35m[HTTP][39m [90m[39m
[35m[HTTP][39m [37m-->[39m [37mGET[39m [37m/wd/hub/session/ce11b503-9193-43f7-aaad-3304b8b42000/screenshot[39m
[35m[HTTP][39m [90m{}[39m
[35m[WD Proxy][39m socket hang up
[35m[HTTP][39m [37m<-- GET /wd/hub/session/ce11b503-9193-43f7-aaad-3304b8b42000/screenshot [39m[31m500[39m [90m86 ms - 830[39m
[35m[HTTP][39m [90m[39m
[35m[HTTP][39m [37m-->[39m [37mGET[39m [37m/wd/hub/session/ce11b503-9193-43f7-aaad-3304b8b42000/appium/device/system_bars[39m
[35m[HTTP][39m [90m{}[39m
[35m[HTTP][39m [37m<-- GET /wd/hub/session/ce11b503-9193-43f7-aaad-3304b8b42000/appium/device/system_bars [39m[32m200[39m [90m145 ms - 145[39m
[35m[HTTP][39m [90m[39m
[35m[HTTP][39m [37m-->[39m [37mPOST[39m [37m/wd/hub/session/ce11b503-9193-43f7-aaad-3304b8b42000/appium/device/activate_app[39m
[35m[HTTP][39m [90m{"bundleId":"pkp.mobile.fmui"}[39m
[35m[HTTP][39m [37m<-- POST /wd/hub/session/ce11b503-9193-43f7-aaad-3304b8b42000/appium/device/activate_app [39m[32m200[39m [90m3728 ms - 14[39m
[35m[HTTP][39m [90m[39m
[35m[HTTP][39m [37m-->[39m [37mPOST[39m [37m/wd/hub/session/ce11b503-9193-43f7-aaad-3304b8b42000/timeouts[39m
[35m[HTTP][39m [90m{"implicit":50}[39m
[35m[HTTP][39m [37m<-- POST /wd/hub/session/ce11b503-9193-43f7-aaad-3304b8b42000/timeouts [39m[32m200[39m [90m5 ms - 14[39m
[35m[HTTP][39m [90m[39m
[35m[HTTP][39m [37m-->[39m [37mGET[39m [37m/wd/hub/session/ce11b503-9193-43f7-aaad-3304b8b42000/window/rect[39m
[35m[HTTP][39m [90m{}[39m
[35m[WD Proxy][39m Got response with status 404: {"sessionId":"156387bc-278d-4195-bc77-c4234f3ecc7f","value":{"error":"invalid session id","message":"The session identified by 156387bc-278d-4195-bc77-c4234f3ecc7f is not known","stacktrace":"io.appium.uiautomator2.common.exceptions.NoSuchDriverException: The session identified by 156387bc-278d-4195-bc77-c4234f3ecc7f is not known\n\tat io.appium.uiautomator2.handler.request.SafeRequestHandler.handle(SafeRequestHandler.java:54)\n\tat io.appium.uiautomator2.server.AppiumServlet.handleRequest(AppiumServlet.java:264)\n\tat io.appium.uiautomator2.server.AppiumServlet.handleHttpRequest(AppiumServlet.java:258)\n\tat io.appium.uiautomator2.http.ServerHandler.channelRead(ServerHandler.java:68)\n\tat io.netty.channel.AbstractChannelHandlerContext.invokeChannelRead(AbstractChannelHandlerContext.java:366)\n\tat io.netty.channel.AbstractChannelHandlerContext.invokeChannelRead(AbstractChannelHandlerContext.java:352)\n\tat io.netty.channel.AbstractChannelHandlerContext.fireChannelRead(AbstractChannelHandlerContext.java:3...
[35m[HTTP][39m [37m<-- GET /wd/hub/session/ce11b503-9193-43f7-aaad-3304b8b42000/window/rect [39m[33m404[39m [90m130 ms - 3692[39m
[35m[HTTP][39m [90m[39m
[35m[HTTP][39m [37m-->[39m [37mPOST[39m [37m/wd/hub/session/ce11b503-9193-43f7-aaad-3304b8b42000/timeouts[39m
[35m[HTTP][39m [90m{"implicit":120000}[39m
[35m[HTTP][39m [37m<-- POST /wd/hub/session/ce11b503-9193-43f7-aaad-3304b8b42000/timeouts [39m[32m200[39m [90m2 ms - 14[39m
[35m[HTTP][39m [90m[39m
[35m[HTTP][39m [37m-->[39m [37mGET[39m [37m/wd/hub/session/ce11b503-9193-43f7-aaad-3304b8b42000/context[39m
[35m[HTTP][39m [90m{}[39m
[35m[HTTP][39m [37m<-- GET /wd/hub/session/ce11b503-9193-43f7-aaad-3304b8b42000/context [39m[32m200[39m [90m3 ms - 22[39m
[35m[HTTP][39m [90m[39m
[35m[HTTP][39m [37m-->[39m [37mGET[39m [37m/wd/hub/session/ce11b503-9193-43f7-aaad-3304b8b42000/contexts[39m
[35m[HTTP][39m [90m{}[39m
[35m[HTTP][39m [37m<-- GET /wd/hub/session/ce11b503-9193-43f7-aaad-3304b8b42000/contexts [39m[32m200[39m [90m173 ms - 24[39m
[35m[HTTP][39m [90m[39m
[35m[HTTP][39m [37m-->[39m [37mPOST[39m [37m/wd/hub/session/ce11b503-9193-43f7-aaad-3304b8b42000/context[39m
[35m[HTTP][39m [90m{"name":"NATIVE_APP"}[39m
[35m[HTTP][39m [37m<-- POST /wd/hub/session/ce11b503-9193-43f7-aaad-3304b8b42000/context [39m[32m200[39m [90m2 ms - 14[39m
[35m[HTTP][39m [90m[39m
[35m[HTTP][39m [37m-->[39m [37mGET[39m [37m/wd/hub/session/ce11b503-9193-43f7-aaad-3304b8b42000/screenshot[39m
[35m[HTTP][39m [90m{}[39m
[35m[WD Proxy][39m Got response with status 404: {"sessionId":"156387bc-278d-4195-bc77-c4234f3ecc7f","value":{"error":"invalid session id","message":"The session identified by 156387bc-278d-4195-bc77-c4234f3ecc7f is not known","stacktrace":"io.appium.uiautomator2.common.exceptions.NoSuchDriverException: The session identified by 156387bc-278d-4195-bc77-c4234f3ecc7f is not known\n\tat io.appium.uiautomator2.handler.request.SafeRequestHandler.handle(SafeRequestHandler.java:54)\n\tat io.appium.uiautomator2.server.AppiumServlet.handleRequest(AppiumServlet.java:264)\n\tat io.appium.uiautomator2.server.AppiumServlet.handleHttpRequest(AppiumServlet.java:258)\n\tat io.appium.uiautomator2.http.ServerHandler.channelRead(ServerHandler.java:68)\n\tat io.netty.channel.AbstractChannelHandlerContext.invokeChannelRead(AbstractChannelHandlerContext.java:366)\n\tat io.netty.channel.AbstractChannelHandlerContext.invokeChannelRead(AbstractChannelHandlerContext.java:352)\n\tat io.netty.channel.AbstractChannelHandlerContext.fireChannelRead(AbstractChannelHandlerContext.java:3...
[35m[HTTP][39m [37m<-- GET /wd/hub/session/ce11b503-9193-43f7-aaad-3304b8b42000/screenshot [39m[33m404[39m [90m16 ms - 3692[39m
[35m[HTTP][39m [90m[39m
[35m[HTTP][39m [37m-->[39m [37mPOST[39m [37m/wd/hub/session/ce11b503-9193-43f7-aaad-3304b8b42000/context[39m
[35m[HTTP][39m [90m{"name":"NATIVE_APP"}[39m
[35m[HTTP][39m [37m<-- POST /wd/hub/session/ce11b503-9193-43f7-aaad-3304b8b42000/context [39m[32m200[39m [90m2 ms - 14[39m
[35m[HTTP][39m [90m[39m
[35m[HTTP][39m [37m-->[39m [37mPOST[39m [37m/wd/hub/session/ce11b503-9193-43f7-aaad-3304b8b42000/timeouts[39m
[35m[HTTP][39m [90m{"implicit":50}[39m
[35m[HTTP][39m [37m<-- POST /wd/hub/session/ce11b503-9193-43f7-aaad-3304b8b42000/timeouts [39m[32m200[39m [90m2 ms - 14[39m
[35m[HTTP][39m [90m[39m
[35m[HTTP][39m [37m-->[39m [37mGET[39m [37m/wd/hub/session/ce11b503-9193-43f7-aaad-3304b8b42000/window/rect[39m
[35m[HTTP][39m [90m{}[39m
[35m[WD Proxy][39m Got response with status 404: {"sessionId":"156387bc-278d-4195-bc77-c4234f3ecc7f","value":{"error":"invalid session id","message":"The session identified by 156387bc-278d-4195-bc77-c4234f3ecc7f is not known","stacktrace":"io.appium.uiautomator2.common.exceptions.NoSuchDriverException: The session identified by 156387bc-278d-4195-bc77-c4234f3ecc7f is not known\n\tat io.appium.uiautomator2.handler.request.SafeRequestHandler.handle(SafeRequestHandler.java:54)\n\tat io.appium.uiautomator2.server.AppiumServlet.handleRequest(AppiumServlet.java:264)\n\tat io.appium.uiautomator2.server.AppiumServlet.handleHttpRequest(AppiumServlet.java:258)\n\tat io.appium.uiautomator2.http.ServerHandler.channelRead(ServerHandler.java:68)\n\tat io.netty.channel.AbstractChannelHandlerContext.invokeChannelRead(AbstractChannelHandlerContext.java:366)\n\tat io.netty.channel.AbstractChannelHandlerContext.invokeChannelRead(AbstractChannelHandlerContext.java:352)\n\tat io.netty.channel.AbstractChannelHandlerContext.fireChannelRead(AbstractChannelHandlerContext.java:3...
[35m[HTTP][39m [37m<-- GET /wd/hub/session/ce11b503-9193-43f7-aaad-3304b8b42000/window/rect [39m[33m404[39m [90m21 ms - 3692[39m
[35m[HTTP][39m [90m[39m
[35m[HTTP][39m [37m-->[39m [37mPOST[39m [37m/wd/hub/session/ce11b503-9193-43f7-aaad-3304b8b42000/timeouts[39m
[35m[HTTP][39m [90m{"implicit":120000}[39m
[35m[HTTP][39m [37m<-- POST /wd/hub/session/ce11b503-9193-43f7-aaad-3304b8b42000/timeouts [39m[32m200[39m [90m2 ms - 14[39m
[35m[HTTP][39m [90m[39m
[35m[HTTP][39m [37m-->[39m [37mGET[39m [37m/wd/hub/session/ce11b503-9193-43f7-aaad-3304b8b42000/context[39m
[35m[HTTP][39m [90m{}[39m
[35m[HTTP][39m [37m<-- GET /wd/hub/session/ce11b503-9193-43f7-aaad-3304b8b42000/context [39m[32m200[39m [90m2 ms - 22[39m
[35m[HTTP][39m [90m[39m
[35m[HTTP][39m [37m-->[39m [37mGET[39m [37m/wd/hub/session/ce11b503-9193-43f7-aaad-3304b8b42000/contexts[39m
[35m[HTTP][39m [90m{}[39m
[35m[HTTP][39m [37m<-- GET /wd/hub/session/ce11b503-9193-43f7-aaad-3304b8b42000/contexts [39m[32m200[39m [90m148 ms - 24[39m
[35m[HTTP][39m [90m[39m
[35m[HTTP][39m [37m-->[39m [37mPOST[39m [37m/wd/hub/session/ce11b503-9193-43f7-aaad-3304b8b42000/context[39m
[35m[HTTP][39m [90m{"name":"NATIVE_APP"}[39m
[35m[HTTP][39m [37m<-- POST /wd/hub/session/ce11b503-9193-43f7-aaad-3304b8b42000/context [39m[32m200[39m [90m2 ms - 14[39m
[35m[HTTP][39m [90m[39m
[35m[HTTP][39m [37m-->[39m [37mGET[39m [37m/wd/hub/session/ce11b503-9193-43f7-aaad-3304b8b42000/screenshot[39m
[35m[HTTP][39m [90m{}[39m
[35m[WD Proxy][39m Got response with status 404: {"sessionId":"156387bc-278d-4195-bc77-c4234f3ecc7f","value":{"error":"invalid session id","message":"The session identified by 156387bc-278d-4195-bc77-c4234f3ecc7f is not known","stacktrace":"io.appium.uiautomator2.common.exceptions.NoSuchDriverException: The session identified by 156387bc-278d-4195-bc77-c4234f3ecc7f is not known\n\tat io.appium.uiautomator2.handler.request.SafeRequestHandler.handle(SafeRequestHandler.java:54)\n\tat io.appium.uiautomator2.server.AppiumServlet.handleRequest(AppiumServlet.java:264)\n\tat io.appium.uiautomator2.server.AppiumServlet.handleHttpRequest(AppiumServlet.java:258)\n\tat io.appium.uiautomator2.http.ServerHandler.channelRead(ServerHandler.java:68)\n\tat io.netty.channel.AbstractChannelHandlerContext.invokeChannelRead(AbstractChannelHandlerContext.java:366)\n\tat io.netty.channel.AbstractChannelHandlerContext.invokeChannelRead(AbstractChannelHandlerContext.java:352)\n\tat io.netty.channel.AbstractChannelHandlerContext.fireChannelRead(AbstractChannelHandlerContext.java:3...
[35m[HTTP][39m [37m<-- GET /wd/hub/session/ce11b503-9193-43f7-aaad-3304b8b42000/screenshot [39m[33m404[39m [90m26 ms - 3692[39m
[35m[HTTP][39m [90m[39m
[35m[HTTP][39m [37m-->[39m [37mPOST[39m [37m/wd/hub/session/ce11b503-9193-43f7-aaad-3304b8b42000/context[39m
[35m[HTTP][39m [90m{"name":"NATIVE_APP"}[39m
[35m[HTTP][39m [37m<-- POST /wd/hub/session/ce11b503-9193-43f7-aaad-3304b8b42000/context [39m[32m200[39m [90m3 ms - 14[39m
[35m[HTTP][39m [90m[39m
[35m[HTTP][39m [37m-->[39m [37mGET[39m [37m/wd/hub/status[39m
[35m[HTTP][39m [90m{}[39m
[35m[HTTP][39m [37m<-- GET /wd/hub/status [39m[32m200[39m [90m1 ms - 68[39m
[35m[HTTP][39m [90m[39m
[35m[HTTP][39m [37m-->[39m [37mPOST[39m [37m/wd/hub/session[39m
[35m[HTTP][39m [90m{"desiredCapabilities":{"appActivity":".Settings","appPackage":"com.android.settings","newCommandTimeout":1800,"platformVersion":"12","automationName":"uiautomator2","autoGrantPermissions":true,"platformName":"Android","udid":"aihykrce5lrgzhxg","deviceName":"Xiaomi M2103K19PG (Android 12)","platform":"ANDROID","systemPort":8261},"capabilities":{"firstMatch":[{"appium:appActivity":".Settings","appium:appPackage":"com.android.settings","appium:autoGrantPermissions":true,"appium:automationName":"uiautomator2","appium:deviceName":"Xiaomi M2103K19PG (Android 12)","appium:newCommandTimeout":1800,"platform":"ANDROID","platformName":"android","appium:platformVersion":"12","appium:systemPort":8261,"appium:udid":"aihykrce5lrgzhxg"}]}}[39m
[35m[BaseDriver][39m The following capabilities are not standard capabilities and should have an extension prefix:
[35m[BaseDriver][39m   platform
[35m[BaseDriver][39m   chromedriverPort
[35m[Appium][39m Appium v1.22.0 creating new AndroidUiautomator2Driver (v1.69.0) session
[35m[BaseDriver][39m The following capabilities were provided, but are not recognized by Appium:
[35m[BaseDriver][39m   platform
[35m[BaseDriver][39m Session created with session id: f6cab560-877c-4163-9547-e150d90461b3
[35m[UiAutomator2][39m Starting 'com.android.settings' directly on the device
[35m[ADB][39m Using 'adb.exe' from 'C:\Users\User\.katalon\tools\android_sdk\platform-tools\adb.exe'
[35m[AndroidDriver][39m Retrieving device list
[35m[AndroidDriver][39m Using device: aihykrce5lrgzhxg
[35m[ADB][39m Using 'adb.exe' from 'C:\Users\User\.katalon\tools\android_sdk\platform-tools\adb.exe'
[35m[ADB][39m Getting device platform version
[35m[UiAutomator2][39m Relaxing hidden api policy
[35m[AndroidDriver][39m No app sent in, not parsing package/activity
[35m[UiAutomator2][39m Server packages are not going to be (re)installed
[35m[ADB][39m Adding packages ["io.appium.settings","io.appium.uiautomator2.server","io.appium.uiautomator2.server.test"] to Doze whitelist
[35m[UiAutomator2][39m Starting UIAutomator2 server 4.24.0
[35m[UiAutomator2][39m Using UIAutomator2 server from 'C:\Users\User\AppData\Roaming\npm\node_modules\appium\node_modules\appium-uiautomator2-server\apks\appium-uiautomator2-server-v4.24.0.apk' and test from 'C:\Users\User\AppData\Roaming\npm\node_modules\appium\node_modules\appium-uiautomator2-server\apks\appium-uiautomator2-server-debug-androidTest.apk'
[35m[UiAutomator2][39m Waiting up to 30000ms for UiAutomator2 to be online...
[35m[WD Proxy][39m Determined the downstream protocol as 'W3C'
[35m[AndroidDriver][39m Screen already unlocked, doing nothing
[35m[UiAutomator2][39m Starting 'com.android.settings/.Settings and waiting for 'com.android.settings/.Settings'
[35m[Appium][39m New AndroidUiautomator2Driver session created successfully, session f6cab560-877c-4163-9547-e150d90461b3 added to master session list
[35m[HTTP][39m [37m<-- POST /wd/hub/session [39m[32m200[39m [90m9095 ms - 1181[39m
[35m[HTTP][39m [90m[39m
[35m[HTTP][39m [37m-->[39m [37mGET[39m [37m/wd/hub/session/f6cab560-877c-4163-9547-e150d90461b3[39m
[35m[HTTP][39m [90m{}[39m
[35m[HTTP][39m [37m<-- GET /wd/hub/session/f6cab560-877c-4163-9547-e150d90461b3 [39m[32m200[39m [90m58 ms - 1135[39m
[35m[HTTP][39m [90m[39m
[35m[HTTP][39m [37m-->[39m [37mGET[39m [37m/wd/hub/session/f6cab560-877c-4163-9547-e150d90461b3[39m
[35m[HTTP][39m [90m{}[39m
[35m[HTTP][39m [37m<-- GET /wd/hub/session/f6cab560-877c-4163-9547-e150d90461b3 [39m[32m200[39m [90m37 ms - 1135[39m
[35m[HTTP][39m [90m[39m
[35m[HTTP][39m [37m-->[39m [37mGET[39m [37m/wd/hub/status[39m
[35m[HTTP][39m [90m{}[39m
[35m[HTTP][39m [37m<-- GET /wd/hub/status [39m[32m200[39m [90m1 ms - 68[39m
[35m[HTTP][39m [90m[39m
[35m[HTTP][39m [37m-->[39m [37mPOST[39m [37m/wd/hub/session/f6cab560-877c-4163-9547-e150d90461b3/timeouts[39m
[35m[HTTP][39m [90m{"implicit":120000}[39m
[35m[HTTP][39m [37m<-- POST /wd/hub/session/f6cab560-877c-4163-9547-e150d90461b3/timeouts [39m[32m200[39m [90m2 ms - 14[39m
[35m[HTTP][39m [90m[39m
[35m[HTTP][39m [37m-->[39m [37mGET[39m [37m/wd/hub/session/f6cab560-877c-4163-9547-e150d90461b3/screenshot[39m
[35m[HTTP][39m [90m{}[39m
[35m[HTTP][39m [37m<-- GET /wd/hub/session/f6cab560-877c-4163-9547-e150d90461b3/screenshot [39m[32m200[39m [90m529 ms - 184794[39m
[35m[HTTP][39m [90m[39m
[35m[HTTP][39m [37m-->[39m [37mGET[39m [37m/wd/hub/session/f6cab560-877c-4163-9547-e150d90461b3/window/rect[39m
[35m[HTTP][39m [90m{}[39m
[35m[HTTP][39m [37m<-- GET /wd/hub/session/f6cab560-877c-4163-9547-e150d90461b3/window/rect [39m[32m200[39m [90m43 ms - 50[39m
[35m[HTTP][39m [90m[39m
[35m[HTTP][39m [37m-->[39m [37mGET[39m [37m/wd/hub/session/f6cab560-877c-4163-9547-e150d90461b3/appium/device/system_bars[39m
[35m[HTTP][39m [90m{}[39m
[35m[HTTP][39m [37m<-- GET /wd/hub/session/f6cab560-877c-4163-9547-e150d90461b3/appium/device/system_bars [39m[32m200[39m [90m158 ms - 145[39m
[35m[HTTP][39m [90m[39m
[35m[HTTP][39m [37m-->[39m [37mPOST[39m [37m/wd/hub/session/f6cab560-877c-4163-9547-e150d90461b3/appium/device/activate_app[39m
[35m[HTTP][39m [90m{"bundleId":"pkp.mobile.fmui"}[39m
[35m[HTTP][39m [37m<-- POST /wd/hub/session/f6cab560-877c-4163-9547-e150d90461b3/appium/device/activate_app [39m[32m200[39m [90m3663 ms - 14[39m
[35m[HTTP][39m [90m[39m
[35m[HTTP][39m [37m-->[39m [37mPOST[39m [37m/wd/hub/session/f6cab560-877c-4163-9547-e150d90461b3/timeouts[39m
[35m[HTTP][39m [90m{"implicit":50}[39m
[35m[HTTP][39m [37m<-- POST /wd/hub/session/f6cab560-877c-4163-9547-e150d90461b3/timeouts [39m[32m200[39m [90m2 ms - 14[39m
[35m[HTTP][39m [90m[39m
[35m[HTTP][39m [37m-->[39m [37mGET[39m [37m/wd/hub/session/f6cab560-877c-4163-9547-e150d90461b3/window/rect[39m
[35m[HTTP][39m [90m{}[39m
[35m[WD Proxy][39m Got response with status 404: {"sessionId":"ba709cde-3bcf-4b39-ad08-4ec05676923a","value":{"error":"invalid session id","message":"The session identified by ba709cde-3bcf-4b39-ad08-4ec05676923a is not known","stacktrace":"io.appium.uiautomator2.common.exceptions.NoSuchDriverException: The session identified by ba709cde-3bcf-4b39-ad08-4ec05676923a is not known\n\tat io.appium.uiautomator2.handler.request.SafeRequestHandler.handle(SafeRequestHandler.java:54)\n\tat io.appium.uiautomator2.server.AppiumServlet.handleRequest(AppiumServlet.java:264)\n\tat io.appium.uiautomator2.server.AppiumServlet.handleHttpRequest(AppiumServlet.java:258)\n\tat io.appium.uiautomator2.http.ServerHandler.channelRead(ServerHandler.java:68)\n\tat io.netty.channel.AbstractChannelHandlerContext.invokeChannelRead(AbstractChannelHandlerContext.java:366)\n\tat io.netty.channel.AbstractChannelHandlerContext.invokeChannelRead(AbstractChannelHandlerContext.java:352)\n\tat io.netty.channel.AbstractChannelHandlerContext.fireChannelRead(AbstractChannelHandlerContext.java:3...
[35m[HTTP][39m [37m<-- GET /wd/hub/session/f6cab560-877c-4163-9547-e150d90461b3/window/rect [39m[33m404[39m [90m162 ms - 3692[39m
[35m[HTTP][39m [90m[39m
[35m[HTTP][39m [37m-->[39m [37mPOST[39m [37m/wd/hub/session/f6cab560-877c-4163-9547-e150d90461b3/timeouts[39m
[35m[HTTP][39m [90m{"implicit":120000}[39m
[35m[HTTP][39m [37m<-- POST /wd/hub/session/f6cab560-877c-4163-9547-e150d90461b3/timeouts [39m[32m200[39m [90m1 ms - 14[39m
[35m[HTTP][39m [90m[39m
[35m[HTTP][39m [37m-->[39m [37mGET[39m [37m/wd/hub/session/f6cab560-877c-4163-9547-e150d90461b3/context[39m
[35m[HTTP][39m [90m{}[39m
[35m[HTTP][39m [37m<-- GET /wd/hub/session/f6cab560-877c-4163-9547-e150d90461b3/context [39m[32m200[39m [90m2 ms - 22[39m
[35m[HTTP][39m [90m[39m
[35m[HTTP][39m [37m-->[39m [37mGET[39m [37m/wd/hub/session/f6cab560-877c-4163-9547-e150d90461b3/contexts[39m
[35m[HTTP][39m [90m{}[39m
[35m[HTTP][39m [37m<-- GET /wd/hub/session/f6cab560-877c-4163-9547-e150d90461b3/contexts [39m[32m200[39m [90m134 ms - 24[39m
[35m[HTTP][39m [90m[39m
[35m[HTTP][39m [37m-->[39m [37mPOST[39m [37m/wd/hub/session/f6cab560-877c-4163-9547-e150d90461b3/context[39m
[35m[HTTP][39m [90m{"name":"NATIVE_APP"}[39m
[35m[HTTP][39m [37m<-- POST /wd/hub/session/f6cab560-877c-4163-9547-e150d90461b3/context [39m[32m200[39m [90m2 ms - 14[39m
[35m[HTTP][39m [90m[39m
[35m[HTTP][39m [37m-->[39m [37mGET[39m [37m/wd/hub/session/f6cab560-877c-4163-9547-e150d90461b3/screenshot[39m
[35m[HTTP][39m [90m{}[39m
[35m[WD Proxy][39m Got response with status 404: {"sessionId":"ba709cde-3bcf-4b39-ad08-4ec05676923a","value":{"error":"invalid session id","message":"The session identified by ba709cde-3bcf-4b39-ad08-4ec05676923a is not known","stacktrace":"io.appium.uiautomator2.common.exceptions.NoSuchDriverException: The session identified by ba709cde-3bcf-4b39-ad08-4ec05676923a is not known\n\tat io.appium.uiautomator2.handler.request.SafeRequestHandler.handle(SafeRequestHandler.java:54)\n\tat io.appium.uiautomator2.server.AppiumServlet.handleRequest(AppiumServlet.java:264)\n\tat io.appium.uiautomator2.server.AppiumServlet.handleHttpRequest(AppiumServlet.java:258)\n\tat io.appium.uiautomator2.http.ServerHandler.channelRead(ServerHandler.java:68)\n\tat io.netty.channel.AbstractChannelHandlerContext.invokeChannelRead(AbstractChannelHandlerContext.java:366)\n\tat io.netty.channel.AbstractChannelHandlerContext.invokeChannelRead(AbstractChannelHandlerContext.java:352)\n\tat io.netty.channel.AbstractChannelHandlerContext.fireChannelRead(AbstractChannelHandlerContext.java:3...
[35m[HTTP][39m [37m<-- GET /wd/hub/session/f6cab560-877c-4163-9547-e150d90461b3/screenshot [39m[33m404[39m [90m35 ms - 3692[39m
[35m[HTTP][39m [90m[39m
[35m[HTTP][39m [37m-->[39m [37mPOST[39m [37m/wd/hub/session/f6cab560-877c-4163-9547-e150d90461b3/context[39m
[35m[HTTP][39m [90m{"name":"NATIVE_APP"}[39m
[35m[HTTP][39m [37m<-- POST /wd/hub/session/f6cab560-877c-4163-9547-e150d90461b3/context [39m[32m200[39m [90m1 ms - 14[39m
[35m[HTTP][39m [90m[39m
[35m[HTTP][39m [37m-->[39m [37mDELETE[39m [37m/wd/hub/session/f6cab560-877c-4163-9547-e150d90461b3[39m
[35m[HTTP][39m [90m{}[39m
[35m[Appium][39m Removing session f6cab560-877c-4163-9547-e150d90461b3 from our master session list
[35m[WD Proxy][39m Got response with status 404: {"sessionId":"ba709cde-3bcf-4b39-ad08-4ec05676923a","value":{"error":"invalid session id","message":"The session identified by ba709cde-3bcf-4b39-ad08-4ec05676923a is not known","stacktrace":"io.appium.uiautomator2.common.exceptions.NoSuchDriverException: The session identified by ba709cde-3bcf-4b39-ad08-4ec05676923a is not known\n\tat io.appium.uiautomator2.handler.request.SafeRequestHandler.handle(SafeRequestHandler.java:54)\n\tat io.appium.uiautomator2.server.AppiumServlet.handleRequest(AppiumServlet.java:264)\n\tat io.appium.uiautomator2.server.AppiumServlet.handleHttpRequest(AppiumServlet.java:258)\n\tat io.appium.uiautomator2.http.ServerHandler.channelRead(ServerHandler.java:68)\n\tat io.netty.channel.AbstractChannelHandlerContext.invokeChannelRead(AbstractChannelHandlerContext.java:366)\n\tat io.netty.channel.AbstractChannelHandlerContext.invokeChannelRead(AbstractChannelHandlerContext.java:352)\n\tat io.netty.channel.AbstractChannelHandlerContext.fireChannelRead(AbstractChannelHandlerContext.java:3...
[35m[UiAutomator2][39m Did not get confirmation UiAutomator2 deleteSession worked; Error was: NoSuchDriverError: The session identified by ba709cde-3bcf-4b39-ad08-4ec05676923a is not known
[35m[UiAutomator2][39m Restoring hidden api policy to the device default configuration
[35m[HTTP][39m [37m<-- DELETE /wd/hub/session/f6cab560-877c-4163-9547-e150d90461b3 [39m[32m200[39m [90m737 ms - 14[39m
[35m[HTTP][39m [90m[39m
