[35m[Appium][39m Welcome to Appium v1.22.0
[35m[Appium][39m Non-default server args:
[35m[Appium][39m   port: 62205
[35m[Appium][39m   loglevel: info
[35m[Appium][39m   tmpDir: C:\Users\badum\AppData\Local\Temp\\Katalon\Appium\Temp1691747063550
[35m[Appium][39m   chromedriverPort: 62206
[35m[Appium][39m Deprecated server args:
[35m[Appium][39m   [31m--chromedriver-port[39m => --default-capabilities
[35m[Appium][39m Default capabilities, which will be added to each request unless overridden by desired capabilities:
[35m[Appium][39m   chromedriverPort: 62206
[35m[Appium][39m Appium REST http interface listener started on 0.0.0.0:62205
[35m[HTTP][39m [37m-->[39m [37mGET[39m [37m/wd/hub/status[39m
[35m[HTTP][39m [90m{}[39m
[35m[HTTP][39m [37m<-- GET /wd/hub/status [39m[32m200[39m [90m5 ms - 68[39m
[35m[HTTP][39m [90m[39m
[35m[HTTP][39m [37m-->[39m [37mGET[39m [37m/wd/hub/status[39m
[35m[HTTP][39m [90m{}[39m
[35m[HTTP][39m [37m<-- GET /wd/hub/status [39m[32m200[39m [90m1 ms - 68[39m
[35m[HTTP][39m [90m[39m
[35m[HTTP][39m [37m-->[39m [37mPOST[39m [37m/wd/hub/session[39m
[35m[HTTP][39m [90m{"desiredCapabilities":{"appActivity":".Settings","appPackage":"com.android.settings","newCommandTimeout":1800,"platformVersion":"13","automationName":"uiautomator2","autoGrantPermissions":true,"platformName":"Android","udid":"RRCR30047TD","deviceName":"samsung SM-G991B (Android 13)","platform":"ANDROID","systemPort":8257},"capabilities":{"firstMatch":[{"appium:appActivity":".Settings","appium:appPackage":"com.android.settings","appium:autoGrantPermissions":true,"appium:automationName":"uiautomator2","appium:deviceName":"samsung SM-G991B (Android 13)","appium:newCommandTimeout":1800,"platform":"ANDROID","platformName":"android","appium:platformVersion":"13","appium:systemPort":8257,"appium:udid":"RRCR30047TD"}]}}[39m
[35m[BaseDriver][39m The following capabilities are not standard capabilities and should have an extension prefix:
[35m[BaseDriver][39m   platform
[35m[BaseDriver][39m   chromedriverPort
[35m[Appium][39m Appium v1.22.0 creating new AndroidUiautomator2Driver (v1.69.0) session
[35m[BaseDriver][39m The following capabilities were provided, but are not recognized by Appium:
[35m[BaseDriver][39m   platform
[35m[BaseDriver][39m Session created with session id: f504c42e-f7d1-4c10-8a1e-c808f2343183
[35m[UiAutomator2][39m Starting 'com.android.settings' directly on the device
[35m[ADB][39m Found 1 'build-tools' folders under 'C:\Users\badum\.katalon\tools\android_sdk' (newest first):
[35m[ADB][39m     C:/Users/badum/.katalon/tools/android_sdk/build-tools/29.0.3
[35m[ADB][39m Using 'adb.exe' from 'C:\Users\badum\.katalon\tools\android_sdk\platform-tools\adb.exe'
[35m[AndroidDriver][39m Retrieving device list
[35m[AndroidDriver][39m Using device: RRCR30047TD
[35m[ADB][39m Using 'adb.exe' from 'C:\Users\badum\.katalon\tools\android_sdk\platform-tools\adb.exe'
[35m[ADB][39m Getting device platform version
[35m[UiAutomator2][39m Relaxing hidden api policy
[35m[AndroidDriver][39m No app sent in, not parsing package/activity
[35m[ADB][39m Using 'apksigner.jar' from 'C:\Users\badum\.katalon\tools\android_sdk\build-tools\29.0.3\lib\apksigner.jar'
[35m[ADB][39m 'C:\Users\badum\AppData\Roaming\npm\node_modules\appium\node_modules\appium-uiautomator2-server\apks\appium-uiautomator2-server-v4.24.0.apk' is signed with the default certificate
[35m[ADB][39m 'C:\Users\badum\AppData\Roaming\npm\node_modules\appium\node_modules\appium-uiautomator2-server\apks\appium-uiautomator2-server-debug-androidTest.apk' is signed with the default certificate
[35m[UiAutomator2][39m Server packages are not going to be (re)installed
[35m[ADB][39m Adding packages ["io.appium.settings","io.appium.uiautomator2.server","io.appium.uiautomator2.server.test"] to Doze whitelist
[35m[UiAutomator2][39m Starting UIAutomator2 server 4.24.0
[35m[UiAutomator2][39m Using UIAutomator2 server from 'C:\Users\badum\AppData\Roaming\npm\node_modules\appium\node_modules\appium-uiautomator2-server\apks\appium-uiautomator2-server-v4.24.0.apk' and test from 'C:\Users\badum\AppData\Roaming\npm\node_modules\appium\node_modules\appium-uiautomator2-server\apks\appium-uiautomator2-server-debug-androidTest.apk'
[35m[UiAutomator2][39m Waiting up to 30000ms for UiAutomator2 to be online...
[35m[WD Proxy][39m socket hang up
[35m[WD Proxy][39m socket hang up
[35m[WD Proxy][39m Determined the downstream protocol as 'W3C'
[35m[AndroidDriver][39m Screen already unlocked, doing nothing
[35m[UiAutomator2][39m Starting 'com.android.settings/.Settings and waiting for 'com.android.settings/.Settings'
[35m[Appium][39m New AndroidUiautomator2Driver session created successfully, session f504c42e-f7d1-4c10-8a1e-c808f2343183 added to master session list
[35m[HTTP][39m [37m<-- POST /wd/hub/session [39m[32m200[39m [90m6932 ms - 1154[39m
[35m[HTTP][39m [90m[39m
[35m[HTTP][39m [37m-->[39m [37mGET[39m [37m/wd/hub/session/f504c42e-f7d1-4c10-8a1e-c808f2343183[39m
[35m[HTTP][39m [90m{}[39m
[35m[HTTP][39m [37m<-- GET /wd/hub/session/f504c42e-f7d1-4c10-8a1e-c808f2343183 [39m[32m200[39m [90m8 ms - 1108[39m
[35m[HTTP][39m [90m[39m
[35m[HTTP][39m [37m-->[39m [37mGET[39m [37m/wd/hub/session/f504c42e-f7d1-4c10-8a1e-c808f2343183[39m
[35m[HTTP][39m [90m{}[39m
[35m[HTTP][39m [37m<-- GET /wd/hub/session/f504c42e-f7d1-4c10-8a1e-c808f2343183 [39m[32m200[39m [90m13 ms - 1108[39m
[35m[HTTP][39m [90m[39m
[35m[HTTP][39m [37m-->[39m [37mGET[39m [37m/wd/hub/status[39m
[35m[HTTP][39m [90m{}[39m
[35m[HTTP][39m [37m<-- GET /wd/hub/status [39m[32m200[39m [90m1 ms - 68[39m
[35m[HTTP][39m [90m[39m
[35m[HTTP][39m [37m-->[39m [37mPOST[39m [37m/wd/hub/session/f504c42e-f7d1-4c10-8a1e-c808f2343183/timeouts[39m
[35m[HTTP][39m [90m{"implicit":60000}[39m
[35m[HTTP][39m [37m<-- POST /wd/hub/session/f504c42e-f7d1-4c10-8a1e-c808f2343183/timeouts [39m[32m200[39m [90m2 ms - 14[39m
[35m[HTTP][39m [90m[39m
[35m[HTTP][39m [37m-->[39m [37mGET[39m [37m/wd/hub/session/f504c42e-f7d1-4c10-8a1e-c808f2343183/screenshot[39m
[35m[HTTP][39m [90m{}[39m
[35m[HTTP][39m [37m<-- GET /wd/hub/session/f504c42e-f7d1-4c10-8a1e-c808f2343183/screenshot [39m[32m200[39m [90m353 ms - 244236[39m
[35m[HTTP][39m [90m[39m
[35m[HTTP][39m [37m-->[39m [37mGET[39m [37m/wd/hub/session/f504c42e-f7d1-4c10-8a1e-c808f2343183/window/rect[39m
[35m[HTTP][39m [90m{}[39m
[35m[HTTP][39m [37m<-- GET /wd/hub/session/f504c42e-f7d1-4c10-8a1e-c808f2343183/window/rect [39m[32m200[39m [90m17 ms - 50[39m
[35m[HTTP][39m [90m[39m
[35m[HTTP][39m [37m-->[39m [37mGET[39m [37m/wd/hub/session/f504c42e-f7d1-4c10-8a1e-c808f2343183/appium/device/system_bars[39m
[35m[HTTP][39m [90m{}[39m
[35m[HTTP][39m [37m<-- GET /wd/hub/session/f504c42e-f7d1-4c10-8a1e-c808f2343183/appium/device/system_bars [39m[32m200[39m [90m153 ms - 145[39m
[35m[HTTP][39m [90m[39m
[35m[HTTP][39m [37m-->[39m [37mPOST[39m [37m/wd/hub/session/f504c42e-f7d1-4c10-8a1e-c808f2343183/appium/device/activate_app[39m
[35m[HTTP][39m [90m{"bundleId":"com.bareksa.app"}[39m
[35m[HTTP][39m [37m<-- POST /wd/hub/session/f504c42e-f7d1-4c10-8a1e-c808f2343183/appium/device/activate_app [39m[32m200[39m [90m288 ms - 14[39m
[35m[HTTP][39m [90m[39m
[35m[HTTP][39m [37m-->[39m [37mGET[39m [37m/wd/hub/session/f504c42e-f7d1-4c10-8a1e-c808f2343183/source[39m
[35m[HTTP][39m [90m{}[39m
[35m[W3C (f504c42e)][39m Driver proxy active, passing request on via HTTP proxy
[35m[WD Proxy][39m Replacing sessionId 7c0ae573-4b7c-45e0-bca6-5d2220f6d14d with f504c42e-f7d1-4c10-8a1e-c808f2343183
[35m[HTTP][39m [37m<-- GET /wd/hub/session/f504c42e-f7d1-4c10-8a1e-c808f2343183/source [39m[32m200[39m [90m485 ms - 20617[39m
[35m[HTTP][39m [90m[39m
[35m[HTTP][39m [37m-->[39m [37mGET[39m [37m/wd/hub/session/f504c42e-f7d1-4c10-8a1e-c808f2343183/screenshot[39m
[35m[HTTP][39m [90m{}[39m
[35m[HTTP][39m [37m<-- GET /wd/hub/session/f504c42e-f7d1-4c10-8a1e-c808f2343183/screenshot [39m[32m200[39m [90m254 ms - 103064[39m
[35m[HTTP][39m [90m[39m
[35m[HTTP][39m [37m-->[39m [37mPOST[39m [37m/wd/hub/session/f504c42e-f7d1-4c10-8a1e-c808f2343183/elements[39m
[35m[HTTP][39m [90m{"using":"xpath","value":"//*[@class = 'android.widget.ImageButton' and (@text = '' or . = '')]"}[39m
[35m[HTTP][39m [37m<-- POST /wd/hub/session/f504c42e-f7d1-4c10-8a1e-c808f2343183/elements [39m[32m200[39m [90m126 ms - 267[39m
[35m[HTTP][39m [90m[39m
[35m[HTTP][39m [37m-->[39m [37mPOST[39m [37m/wd/hub/session/f504c42e-f7d1-4c10-8a1e-c808f2343183/elements[39m
[35m[HTTP][39m [90m{"using":"-android uiautomator","value":"new UiSelector().className(\"android.widget.ImageButton\")"}[39m
[35m[HTTP][39m [37m<-- POST /wd/hub/session/f504c42e-f7d1-4c10-8a1e-c808f2343183/elements [39m[32m200[39m [90m456 ms - 267[39m
[35m[HTTP][39m [90m[39m
[35m[HTTP][39m [37m-->[39m [37mGET[39m [37m/wd/hub/session/f504c42e-f7d1-4c10-8a1e-c808f2343183/window/rect[39m
[35m[HTTP][39m [90m{}[39m
[35m[HTTP][39m [37m<-- GET /wd/hub/session/f504c42e-f7d1-4c10-8a1e-c808f2343183/window/rect [39m[32m200[39m [90m13 ms - 50[39m
[35m[HTTP][39m [90m[39m
[35m[HTTP][39m [37m-->[39m [37mPOST[39m [37m/wd/hub/session/f504c42e-f7d1-4c10-8a1e-c808f2343183/elements[39m
[35m[HTTP][39m [90m{"using":"xpath","value":"//hierarchy/android.widget.FrameLayout[1]/android.widget.LinearLayout[1]/android.widget.FrameLayout[1]/android.view.ViewGroup[1]/android.view.ViewGroup[1]/android.view.ViewGroup[1]/android.widget.ImageButton[1]"}[39m
[35m[HTTP][39m [37m<-- POST /wd/hub/session/f504c42e-f7d1-4c10-8a1e-c808f2343183/elements [39m[32m200[39m [90m97 ms - 139[39m
[35m[HTTP][39m [90m[39m
[35m[HTTP][39m [37m-->[39m [37mGET[39m [37m/wd/hub/session/f504c42e-f7d1-4c10-8a1e-c808f2343183/element/00000000-0000-0611-ffff-ffff00000703/location[39m
[35m[HTTP][39m [90m{}[39m
[35m[W3C (f504c42e)][39m Driver proxy active, passing request on via HTTP proxy
[35m[WD Proxy][39m Replacing sessionId 7c0ae573-4b7c-45e0-bca6-5d2220f6d14d with f504c42e-f7d1-4c10-8a1e-c808f2343183
[35m[HTTP][39m [37m<-- GET /wd/hub/session/f504c42e-f7d1-4c10-8a1e-c808f2343183/element/00000000-0000-0611-ffff-ffff00000703/location [39m[32m200[39m [90m17 ms - 75[39m
[35m[HTTP][39m [90m[39m
[35m[HTTP][39m [37m-->[39m [37mPOST[39m [37m/wd/hub/session/f504c42e-f7d1-4c10-8a1e-c808f2343183/element/00000000-0000-0611-ffff-ffff00000703/click[39m
[35m[HTTP][39m [90m{"id":"00000000-0000-0611-ffff-ffff00000703"}[39m
[35m[HTTP][39m [37m<-- POST /wd/hub/session/f504c42e-f7d1-4c10-8a1e-c808f2343183/element/00000000-0000-0611-ffff-ffff00000703/click [39m[32m200[39m [90m48 ms - 14[39m
[35m[HTTP][39m [90m[39m
[35m[HTTP][39m [37m-->[39m [37mGET[39m [37m/wd/hub/session/f504c42e-f7d1-4c10-8a1e-c808f2343183/source[39m
[35m[HTTP][39m [90m{}[39m
[35m[W3C (f504c42e)][39m Driver proxy active, passing request on via HTTP proxy
[35m[WD Proxy][39m Replacing sessionId 7c0ae573-4b7c-45e0-bca6-5d2220f6d14d with f504c42e-f7d1-4c10-8a1e-c808f2343183
[35m[HTTP][39m [37m<-- GET /wd/hub/session/f504c42e-f7d1-4c10-8a1e-c808f2343183/source [39m[32m200[39m [90m61 ms - 14607[39m
[35m[HTTP][39m [90m[39m
[35m[HTTP][39m [37m-->[39m [37mGET[39m [37m/wd/hub/session/f504c42e-f7d1-4c10-8a1e-c808f2343183/screenshot[39m
[35m[HTTP][39m [90m{}[39m
[35m[HTTP][39m [37m<-- GET /wd/hub/session/f504c42e-f7d1-4c10-8a1e-c808f2343183/screenshot [39m[32m200[39m [90m496 ms - 145286[39m
[35m[HTTP][39m [90m[39m
[35m[HTTP][39m [37m-->[39m [37mDELETE[39m [37m/wd/hub/session/f504c42e-f7d1-4c10-8a1e-c808f2343183[39m
[35m[HTTP][39m [90m{}[39m
[35m[Appium][39m Removing session f504c42e-f7d1-4c10-8a1e-c808f2343183 from our master session list
[35m[UiAutomator2][39m Restoring hidden api policy to the device default configuration
[35m[HTTP][39m [37m<-- DELETE /wd/hub/session/f504c42e-f7d1-4c10-8a1e-c808f2343183 [39m[32m200[39m [90m443 ms - 14[39m
[35m[HTTP][39m [90m[39m
