[35m[Appium][39m Welcome to Appium v1.22.0
[35m[Appium][39m Non-default server args:
[35m[Appium][39m   port: 63861
[35m[Appium][39m   loglevel: info
[35m[Appium][39m   tmpDir: C:\Users\User\AppData\Local\Temp\\Katalon\Appium\Temp1689324573685
[35m[Appium][39m   chromedriverPort: 63862
[35m[Appium][39m Deprecated server args:
[35m[Appium][39m   [31m--chromedriver-port[39m => --default-capabilities
[35m[Appium][39m Default capabilities, which will be added to each request unless overridden by desired capabilities:
[35m[Appium][39m   chromedriverPort: 63862
[35m[Appium][39m Appium REST http interface listener started on 0.0.0.0:63861
[35m[HTTP][39m [37m-->[39m [37mGET[39m [37m/wd/hub/status[39m
[35m[HTTP][39m [90m{}[39m
[35m[HTTP][39m [37m<-- GET /wd/hub/status [39m[32m200[39m [90m17 ms - 68[39m
[35m[HTTP][39m [90m[39m
[35m[HTTP][39m [37m-->[39m [37mPOST[39m [37m/wd/hub/session[39m
[35m[HTTP][39m [90m{"desiredCapabilities":{"appActivity":".Settings","appPackage":"com.android.settings","newCommandTimeout":1800,"platformVersion":"12","automationName":"uiautomator2","autoGrantPermissions":true,"platformName":"Android","udid":"aihykrce5lrgzhxg","deviceName":"Xiaomi M2103K19PG (Android 12)","platform":"ANDROID","systemPort":8232},"capabilities":{"firstMatch":[{"appium:appActivity":".Settings","appium:appPackage":"com.android.settings","appium:autoGrantPermissions":true,"appium:automationName":"uiautomator2","appium:deviceName":"Xiaomi M2103K19PG (Android 12)","appium:newCommandTimeout":1800,"platform":"ANDROID","platformName":"android","appium:platformVersion":"12","appium:systemPort":8232,"appium:udid":"aihykrce5lrgzhxg"}]}}[39m
[35m[BaseDriver][39m The following capabilities are not standard capabilities and should have an extension prefix:
[35m[BaseDriver][39m   platform
[35m[BaseDriver][39m   chromedriverPort
[35m[Appium][39m Appium v1.22.0 creating new AndroidUiautomator2Driver (v1.69.0) session
[35m[BaseDriver][39m The following capabilities were provided, but are not recognized by Appium:
[35m[BaseDriver][39m   platform
[35m[BaseDriver][39m Session created with session id: a20e2c99-5666-4b42-b9df-e8776b0c113a
[35m[UiAutomator2][39m Starting 'com.android.settings' directly on the device
[35m[ADB][39m Found 1 'build-tools' folders under 'C:\Users\User\.katalon\tools\android_sdk' (newest first):
[35m[ADB][39m     C:/Users/User/.katalon/tools/android_sdk/build-tools/29.0.3
[35m[ADB][39m Using 'adb.exe' from 'C:\Users\User\.katalon\tools\android_sdk\platform-tools\adb.exe'
[35m[AndroidDriver][39m Retrieving device list
[35m[AndroidDriver][39m Using device: aihykrce5lrgzhxg
[35m[ADB][39m Using 'adb.exe' from 'C:\Users\User\.katalon\tools\android_sdk\platform-tools\adb.exe'
[35m[ADB][39m Getting device platform version
[35m[UiAutomator2][39m Relaxing hidden api policy
[35m[AndroidDriver][39m No app sent in, not parsing package/activity
[35m[ADB][39m Using 'apksigner.jar' from 'C:\Users\User\.katalon\tools\android_sdk\build-tools\29.0.3\lib\apksigner.jar'
[35m[ADB][39m 'C:\Users\User\AppData\Roaming\npm\node_modules\appium\node_modules\appium-uiautomator2-server\apks\appium-uiautomator2-server-v4.24.0.apk' is signed with the default certificate
[35m[ADB][39m 'C:\Users\User\AppData\Roaming\npm\node_modules\appium\node_modules\appium-uiautomator2-server\apks\appium-uiautomator2-server-debug-androidTest.apk' is signed with the default certificate
[35m[UiAutomator2][39m Server packages are not going to be (re)installed
[35m[ADB][39m Adding packages ["io.appium.settings","io.appium.uiautomator2.server","io.appium.uiautomator2.server.test"] to Doze whitelist
[35m[UiAutomator2][39m Starting UIAutomator2 server 4.24.0
[35m[UiAutomator2][39m Using UIAutomator2 server from 'C:\Users\User\AppData\Roaming\npm\node_modules\appium\node_modules\appium-uiautomator2-server\apks\appium-uiautomator2-server-v4.24.0.apk' and test from 'C:\Users\User\AppData\Roaming\npm\node_modules\appium\node_modules\appium-uiautomator2-server\apks\appium-uiautomator2-server-debug-androidTest.apk'
[35m[UiAutomator2][39m Waiting up to 30000ms for UiAutomator2 to be online...
[35m[WD Proxy][39m socket hang up
[35m[WD Proxy][39m socket hang up
[35m[WD Proxy][39m socket hang up
[35m[WD Proxy][39m socket hang up
[35m[WD Proxy][39m socket hang up
[35m[WD Proxy][39m socket hang up
[35m[WD Proxy][39m Determined the downstream protocol as 'W3C'
[35m[AndroidDriver][39m Screen already unlocked, doing nothing
[35m[UiAutomator2][39m Starting 'com.android.settings/.Settings and waiting for 'com.android.settings/.Settings'
[35m[Appium][39m New AndroidUiautomator2Driver session created successfully, session a20e2c99-5666-4b42-b9df-e8776b0c113a added to master session list
[35m[HTTP][39m [37m<-- POST /wd/hub/session [39m[32m200[39m [90m13325 ms - 1181[39m
[35m[HTTP][39m [90m[39m
[35m[HTTP][39m [37m-->[39m [37mGET[39m [37m/wd/hub/session/a20e2c99-5666-4b42-b9df-e8776b0c113a[39m
[35m[HTTP][39m [90m{}[39m
[35m[HTTP][39m [37m<-- GET /wd/hub/session/a20e2c99-5666-4b42-b9df-e8776b0c113a [39m[32m200[39m [90m21 ms - 1135[39m
[35m[HTTP][39m [90m[39m
[35m[HTTP][39m [37m-->[39m [37mGET[39m [37m/wd/hub/session/a20e2c99-5666-4b42-b9df-e8776b0c113a[39m
[35m[HTTP][39m [90m{}[39m
[35m[HTTP][39m [37m<-- GET /wd/hub/session/a20e2c99-5666-4b42-b9df-e8776b0c113a [39m[32m200[39m [90m29 ms - 1135[39m
[35m[HTTP][39m [90m[39m
[35m[HTTP][39m [37m-->[39m [37mGET[39m [37m/wd/hub/status[39m
[35m[HTTP][39m [90m{}[39m
[35m[HTTP][39m [37m<-- GET /wd/hub/status [39m[32m200[39m [90m2 ms - 68[39m
[35m[HTTP][39m [90m[39m
[35m[HTTP][39m [37m-->[39m [37mPOST[39m [37m/wd/hub/session/a20e2c99-5666-4b42-b9df-e8776b0c113a/timeouts[39m
[35m[HTTP][39m [90m{"implicit":120000}[39m
[35m[HTTP][39m [37m<-- POST /wd/hub/session/a20e2c99-5666-4b42-b9df-e8776b0c113a/timeouts [39m[32m200[39m [90m4 ms - 14[39m
[35m[HTTP][39m [90m[39m
[35m[HTTP][39m [37m-->[39m [37mGET[39m [37m/wd/hub/session/a20e2c99-5666-4b42-b9df-e8776b0c113a/screenshot[39m
[35m[HTTP][39m [90m{}[39m
[35m[HTTP][39m [37m<-- GET /wd/hub/session/a20e2c99-5666-4b42-b9df-e8776b0c113a/screenshot [39m[32m200[39m [90m390 ms - 204196[39m
[35m[HTTP][39m [90m[39m
[35m[HTTP][39m [37m-->[39m [37mGET[39m [37m/wd/hub/session/a20e2c99-5666-4b42-b9df-e8776b0c113a/window/rect[39m
[35m[HTTP][39m [90m{}[39m
[35m[HTTP][39m [37m<-- GET /wd/hub/session/a20e2c99-5666-4b42-b9df-e8776b0c113a/window/rect [39m[32m200[39m [90m26 ms - 50[39m
[35m[HTTP][39m [90m[39m
[35m[HTTP][39m [37m-->[39m [37mGET[39m [37m/wd/hub/session/a20e2c99-5666-4b42-b9df-e8776b0c113a/appium/device/system_bars[39m
[35m[HTTP][39m [90m{}[39m
[35m[HTTP][39m [37m<-- GET /wd/hub/session/a20e2c99-5666-4b42-b9df-e8776b0c113a/appium/device/system_bars [39m[32m200[39m [90m91 ms - 145[39m
[35m[HTTP][39m [90m[39m
[35m[HTTP][39m [37m-->[39m [37mPOST[39m [37m/wd/hub/session/a20e2c99-5666-4b42-b9df-e8776b0c113a/appium/device/activate_app[39m
[35m[HTTP][39m [90m{"bundleId":"pkp.mobile.fmui"}[39m
[35m[HTTP][39m [37m<-- POST /wd/hub/session/a20e2c99-5666-4b42-b9df-e8776b0c113a/appium/device/activate_app [39m[32m200[39m [90m3390 ms - 14[39m
[35m[HTTP][39m [90m[39m
[35m[HTTP][39m [37m-->[39m [37mPOST[39m [37m/wd/hub/session/a20e2c99-5666-4b42-b9df-e8776b0c113a/timeouts[39m
[35m[HTTP][39m [90m{"implicit":50}[39m
[35m[HTTP][39m [37m<-- POST /wd/hub/session/a20e2c99-5666-4b42-b9df-e8776b0c113a/timeouts [39m[32m200[39m [90m3 ms - 14[39m
[35m[HTTP][39m [90m[39m
[35m[HTTP][39m [37m-->[39m [37mGET[39m [37m/wd/hub/session/a20e2c99-5666-4b42-b9df-e8776b0c113a/window/rect[39m
[35m[HTTP][39m [90m{}[39m
[35m[HTTP][39m [37m<-- GET /wd/hub/session/a20e2c99-5666-4b42-b9df-e8776b0c113a/window/rect [39m[32m200[39m [90m59 ms - 50[39m
[35m[HTTP][39m [90m[39m
[35m[HTTP][39m [37m-->[39m [37mPOST[39m [37m/wd/hub/session/a20e2c99-5666-4b42-b9df-e8776b0c113a/elements[39m
[35m[HTTP][39m [90m{"using":"xpath","value":"//hierarchy/android.widget.FrameLayout[1]/android.widget.LinearLayout[1]/android.widget.FrameLayout[1]/android.widget.FrameLayout[1]/android.view.View[1]/android.view.View[1]/android.view.View[1]/android.view.View[1]/android.view.View[3]"}[39m
[35m[HTTP][39m [37m<-- POST /wd/hub/session/a20e2c99-5666-4b42-b9df-e8776b0c113a/elements [39m[32m200[39m [90m202 ms - 139[39m
[35m[HTTP][39m [90m[39m
[35m[HTTP][39m [37m-->[39m [37mGET[39m [37m/wd/hub/session/a20e2c99-5666-4b42-b9df-e8776b0c113a/element/00000000-0000-0134-0000-03ff00000003/location[39m
[35m[HTTP][39m [90m{}[39m
[35m[W3C (a20e2c99)][39m Driver proxy active, passing request on via HTTP proxy
[35m[WD Proxy][39m Replacing sessionId 80f47c1a-74c8-47d6-812c-9be5538ea9a4 with a20e2c99-5666-4b42-b9df-e8776b0c113a
[35m[HTTP][39m [37m<-- GET /wd/hub/session/a20e2c99-5666-4b42-b9df-e8776b0c113a/element/00000000-0000-0134-0000-03ff00000003/location [39m[32m200[39m [90m31 ms - 79[39m
[35m[HTTP][39m [90m[39m
[35m[HTTP][39m [37m-->[39m [37mPOST[39m [37m/wd/hub/session/a20e2c99-5666-4b42-b9df-e8776b0c113a/timeouts[39m
[35m[HTTP][39m [90m{"implicit":120000}[39m
[35m[HTTP][39m [37m<-- POST /wd/hub/session/a20e2c99-5666-4b42-b9df-e8776b0c113a/timeouts [39m[32m200[39m [90m2 ms - 14[39m
[35m[HTTP][39m [90m[39m
[35m[HTTP][39m [37m-->[39m [37mPOST[39m [37m/wd/hub/session/a20e2c99-5666-4b42-b9df-e8776b0c113a/element/00000000-0000-0134-0000-03ff00000003/click[39m
[35m[HTTP][39m [90m{"id":"00000000-0000-0134-0000-03ff00000003"}[39m
[35m[HTTP][39m [37m<-- POST /wd/hub/session/a20e2c99-5666-4b42-b9df-e8776b0c113a/element/00000000-0000-0134-0000-03ff00000003/click [39m[32m200[39m [90m64 ms - 14[39m
[35m[HTTP][39m [90m[39m
[35m[HTTP][39m [37m-->[39m [37mPOST[39m [37m/wd/hub/session/a20e2c99-5666-4b42-b9df-e8776b0c113a/timeouts[39m
[35m[HTTP][39m [90m{"implicit":50}[39m
[35m[HTTP][39m [37m<-- POST /wd/hub/session/a20e2c99-5666-4b42-b9df-e8776b0c113a/timeouts [39m[32m200[39m [90m2 ms - 14[39m
[35m[HTTP][39m [90m[39m
[35m[HTTP][39m [37m-->[39m [37mGET[39m [37m/wd/hub/session/a20e2c99-5666-4b42-b9df-e8776b0c113a/window/rect[39m
[35m[HTTP][39m [90m{}[39m
[35m[HTTP][39m [37m<-- GET /wd/hub/session/a20e2c99-5666-4b42-b9df-e8776b0c113a/window/rect [39m[32m200[39m [90m14 ms - 50[39m
[35m[HTTP][39m [90m[39m
[35m[HTTP][39m [37m-->[39m [37mPOST[39m [37m/wd/hub/session/a20e2c99-5666-4b42-b9df-e8776b0c113a/elements[39m
[35m[HTTP][39m [90m{"using":"xpath","value":"//hierarchy/android.widget.FrameLayout[1]/android.widget.LinearLayout[1]/android.widget.FrameLayout[1]/android.widget.FrameLayout[1]/android.view.View[1]/android.view.View[1]/android.view.View[1]/android.view.View[1]/android.view.View[1]/android.view.View[1]/android.view.View[1]"}[39m
[35m[HTTP][39m [37m<-- POST /wd/hub/session/a20e2c99-5666-4b42-b9df-e8776b0c113a/elements [39m[32m200[39m [90m58 ms - 139[39m
[35m[HTTP][39m [90m[39m
[35m[HTTP][39m [37m-->[39m [37mGET[39m [37m/wd/hub/session/a20e2c99-5666-4b42-b9df-e8776b0c113a/element/00000000-0000-0134-0000-03f100000003/location[39m
[35m[HTTP][39m [90m{}[39m
[35m[W3C (a20e2c99)][39m Driver proxy active, passing request on via HTTP proxy
[35m[WD Proxy][39m Replacing sessionId 80f47c1a-74c8-47d6-812c-9be5538ea9a4 with a20e2c99-5666-4b42-b9df-e8776b0c113a
[35m[HTTP][39m [37m<-- GET /wd/hub/session/a20e2c99-5666-4b42-b9df-e8776b0c113a/element/00000000-0000-0134-0000-03f100000003/location [39m[32m200[39m [90m15 ms - 77[39m
[35m[HTTP][39m [90m[39m
[35m[HTTP][39m [37m-->[39m [37mPOST[39m [37m/wd/hub/session/a20e2c99-5666-4b42-b9df-e8776b0c113a/timeouts[39m
[35m[HTTP][39m [90m{"implicit":120000}[39m
[35m[HTTP][39m [37m<-- POST /wd/hub/session/a20e2c99-5666-4b42-b9df-e8776b0c113a/timeouts [39m[32m200[39m [90m2 ms - 14[39m
[35m[HTTP][39m [90m[39m
[35m[HTTP][39m [37m-->[39m [37mGET[39m [37m/wd/hub/session/a20e2c99-5666-4b42-b9df-e8776b0c113a/element/00000000-0000-0134-0000-03f100000003/displayed[39m
[35m[HTTP][39m [90m{}[39m
[35m[HTTP][39m [37m<-- GET /wd/hub/session/a20e2c99-5666-4b42-b9df-e8776b0c113a/element/00000000-0000-0134-0000-03f100000003/displayed [39m[32m200[39m [90m14 ms - 14[39m
[35m[HTTP][39m [90m[39m
[35m[HTTP][39m [37m-->[39m [37mPOST[39m [37m/wd/hub/session/a20e2c99-5666-4b42-b9df-e8776b0c113a/timeouts[39m
[35m[HTTP][39m [90m{"implicit":50}[39m
[35m[HTTP][39m [37m<-- POST /wd/hub/session/a20e2c99-5666-4b42-b9df-e8776b0c113a/timeouts [39m[32m200[39m [90m1 ms - 14[39m
[35m[HTTP][39m [90m[39m
[35m[HTTP][39m [37m-->[39m [37mGET[39m [37m/wd/hub/session/a20e2c99-5666-4b42-b9df-e8776b0c113a/window/rect[39m
[35m[HTTP][39m [90m{}[39m
[35m[HTTP][39m [37m<-- GET /wd/hub/session/a20e2c99-5666-4b42-b9df-e8776b0c113a/window/rect [39m[32m200[39m [90m22 ms - 50[39m
[35m[HTTP][39m [90m[39m
[35m[HTTP][39m [37m-->[39m [37mPOST[39m [37m/wd/hub/session/a20e2c99-5666-4b42-b9df-e8776b0c113a/elements[39m
[35m[HTTP][39m [90m{"using":"accessibility id","value":"Sync Task\nSync Sekarang"}[39m
[35m[HTTP][39m [37m<-- POST /wd/hub/session/a20e2c99-5666-4b42-b9df-e8776b0c113a/elements [39m[32m200[39m [90m528 ms - 139[39m
[35m[HTTP][39m [90m[39m
[35m[HTTP][39m [37m-->[39m [37mGET[39m [37m/wd/hub/session/a20e2c99-5666-4b42-b9df-e8776b0c113a/element/00000000-0000-0134-0000-03f500000003/location[39m
[35m[HTTP][39m [90m{}[39m
[35m[W3C (a20e2c99)][39m Driver proxy active, passing request on via HTTP proxy
[35m[WD Proxy][39m Replacing sessionId 80f47c1a-74c8-47d6-812c-9be5538ea9a4 with a20e2c99-5666-4b42-b9df-e8776b0c113a
[35m[HTTP][39m [37m<-- GET /wd/hub/session/a20e2c99-5666-4b42-b9df-e8776b0c113a/element/00000000-0000-0134-0000-03f500000003/location [39m[32m200[39m [90m25 ms - 79[39m
[35m[HTTP][39m [90m[39m
[35m[HTTP][39m [37m-->[39m [37mPOST[39m [37m/wd/hub/session/a20e2c99-5666-4b42-b9df-e8776b0c113a/timeouts[39m
[35m[HTTP][39m [90m{"implicit":120000}[39m
[35m[HTTP][39m [37m<-- POST /wd/hub/session/a20e2c99-5666-4b42-b9df-e8776b0c113a/timeouts [39m[32m200[39m [90m1 ms - 14[39m
[35m[HTTP][39m [90m[39m
[35m[HTTP][39m [37m-->[39m [37mPOST[39m [37m/wd/hub/session/a20e2c99-5666-4b42-b9df-e8776b0c113a/element/00000000-0000-0134-0000-03f500000003/click[39m
[35m[HTTP][39m [90m{"id":"00000000-0000-0134-0000-03f500000003"}[39m
[35m[HTTP][39m [37m<-- POST /wd/hub/session/a20e2c99-5666-4b42-b9df-e8776b0c113a/element/00000000-0000-0134-0000-03f500000003/click [39m[32m200[39m [90m682 ms - 14[39m
[35m[HTTP][39m [90m[39m
[35m[HTTP][39m [37m-->[39m [37mPOST[39m [37m/wd/hub/session/a20e2c99-5666-4b42-b9df-e8776b0c113a/timeouts[39m
[35m[HTTP][39m [90m{"implicit":50}[39m
[35m[HTTP][39m [37m<-- POST /wd/hub/session/a20e2c99-5666-4b42-b9df-e8776b0c113a/timeouts [39m[32m200[39m [90m3 ms - 14[39m
[35m[HTTP][39m [90m[39m
[35m[HTTP][39m [37m-->[39m [37mGET[39m [37m/wd/hub/session/a20e2c99-5666-4b42-b9df-e8776b0c113a/window/rect[39m
[35m[HTTP][39m [90m{}[39m
[35m[HTTP][39m [37m<-- GET /wd/hub/session/a20e2c99-5666-4b42-b9df-e8776b0c113a/window/rect [39m[32m200[39m [90m24 ms - 50[39m
[35m[HTTP][39m [90m[39m
[35m[HTTP][39m [37m-->[39m [37mPOST[39m [37m/wd/hub/session/a20e2c99-5666-4b42-b9df-e8776b0c113a/elements[39m
[35m[HTTP][39m [90m{"using":"xpath","value":"//hierarchy/android.widget.FrameLayout[1]/android.widget.LinearLayout[1]/android.widget.FrameLayout[1]/android.widget.FrameLayout[1]/android.view.View[1]/android.view.View[1]/android.view.View[1]/android.view.View[1]/android.view.View[1]/android.view.View[1]/android.view.View[1]"}[39m
[35m[HTTP][39m [37m<-- POST /wd/hub/session/a20e2c99-5666-4b42-b9df-e8776b0c113a/elements [39m[32m200[39m [90m136 ms - 139[39m
[35m[HTTP][39m [90m[39m
[35m[HTTP][39m [37m-->[39m [37mGET[39m [37m/wd/hub/session/a20e2c99-5666-4b42-b9df-e8776b0c113a/element/00000000-0000-0134-0000-03f100000003/location[39m
[35m[HTTP][39m [90m{}[39m
[35m[W3C (a20e2c99)][39m Driver proxy active, passing request on via HTTP proxy
[35m[WD Proxy][39m Replacing sessionId 80f47c1a-74c8-47d6-812c-9be5538ea9a4 with a20e2c99-5666-4b42-b9df-e8776b0c113a
[35m[HTTP][39m [37m<-- GET /wd/hub/session/a20e2c99-5666-4b42-b9df-e8776b0c113a/element/00000000-0000-0134-0000-03f100000003/location [39m[32m200[39m [90m19 ms - 77[39m
[35m[HTTP][39m [90m[39m
[35m[HTTP][39m [37m-->[39m [37mPOST[39m [37m/wd/hub/session/a20e2c99-5666-4b42-b9df-e8776b0c113a/timeouts[39m
[35m[HTTP][39m [90m{"implicit":120000}[39m
[35m[HTTP][39m [37m<-- POST /wd/hub/session/a20e2c99-5666-4b42-b9df-e8776b0c113a/timeouts [39m[32m200[39m [90m1 ms - 14[39m
[35m[HTTP][39m [90m[39m
[35m[HTTP][39m [37m-->[39m [37mGET[39m [37m/wd/hub/session/a20e2c99-5666-4b42-b9df-e8776b0c113a/element/00000000-0000-0134-0000-03f100000003/displayed[39m
[35m[HTTP][39m [90m{}[39m
[35m[HTTP][39m [37m<-- GET /wd/hub/session/a20e2c99-5666-4b42-b9df-e8776b0c113a/element/00000000-0000-0134-0000-03f100000003/displayed [39m[32m200[39m [90m19 ms - 14[39m
[35m[HTTP][39m [90m[39m
[35m[HTTP][39m [37m-->[39m [37mPOST[39m [37m/wd/hub/session/a20e2c99-5666-4b42-b9df-e8776b0c113a/timeouts[39m
[35m[HTTP][39m [90m{"implicit":50}[39m
[35m[HTTP][39m [37m<-- POST /wd/hub/session/a20e2c99-5666-4b42-b9df-e8776b0c113a/timeouts [39m[32m200[39m [90m3 ms - 14[39m
[35m[HTTP][39m [90m[39m
[35m[HTTP][39m [37m-->[39m [37mGET[39m [37m/wd/hub/session/a20e2c99-5666-4b42-b9df-e8776b0c113a/window/rect[39m
[35m[HTTP][39m [90m{}[39m
[35m[HTTP][39m [37m<-- GET /wd/hub/session/a20e2c99-5666-4b42-b9df-e8776b0c113a/window/rect [39m[32m200[39m [90m18 ms - 50[39m
[35m[HTTP][39m [90m[39m
[35m[HTTP][39m [37m-->[39m [37mPOST[39m [37m/wd/hub/session/a20e2c99-5666-4b42-b9df-e8776b0c113a/elements[39m
[35m[HTTP][39m [90m{"using":"xpath","value":"//*[@class = 'android.widget.ImageView' and @resource-id = '' and (@text = '' or . = '')]"}[39m
[35m[HTTP][39m [37m<-- POST /wd/hub/session/a20e2c99-5666-4b42-b9df-e8776b0c113a/elements [39m[32m200[39m [90m143 ms - 523[39m
[35m[HTTP][39m [90m[39m
[35m[HTTP][39m [37m-->[39m [37mGET[39m [37m/wd/hub/session/a20e2c99-5666-4b42-b9df-e8776b0c113a/element/00000000-0000-0134-0000-03f300000003/location[39m
[35m[HTTP][39m [90m{}[39m
[35m[W3C (a20e2c99)][39m Driver proxy active, passing request on via HTTP proxy
[35m[WD Proxy][39m Replacing sessionId 80f47c1a-74c8-47d6-812c-9be5538ea9a4 with a20e2c99-5666-4b42-b9df-e8776b0c113a
[35m[HTTP][39m [37m<-- GET /wd/hub/session/a20e2c99-5666-4b42-b9df-e8776b0c113a/element/00000000-0000-0134-0000-03f300000003/location [39m[32m200[39m [90m18 ms - 78[39m
[35m[HTTP][39m [90m[39m
[35m[HTTP][39m [37m-->[39m [37mPOST[39m [37m/wd/hub/session/a20e2c99-5666-4b42-b9df-e8776b0c113a/timeouts[39m
[35m[HTTP][39m [90m{"implicit":120000}[39m
[35m[HTTP][39m [37m<-- POST /wd/hub/session/a20e2c99-5666-4b42-b9df-e8776b0c113a/timeouts [39m[32m200[39m [90m2 ms - 14[39m
[35m[HTTP][39m [90m[39m
[35m[HTTP][39m [37m-->[39m [37mPOST[39m [37m/wd/hub/session/a20e2c99-5666-4b42-b9df-e8776b0c113a/element/00000000-0000-0134-0000-03f300000003/click[39m
[35m[HTTP][39m [90m{"id":"00000000-0000-0134-0000-03f300000003"}[39m
[35m[HTTP][39m [37m<-- POST /wd/hub/session/a20e2c99-5666-4b42-b9df-e8776b0c113a/element/00000000-0000-0134-0000-03f300000003/click [39m[32m200[39m [90m45 ms - 14[39m
[35m[HTTP][39m [90m[39m
[35m[HTTP][39m [37m-->[39m [37mPOST[39m [37m/wd/hub/session/a20e2c99-5666-4b42-b9df-e8776b0c113a/timeouts[39m
[35m[HTTP][39m [90m{"implicit":50}[39m
[35m[HTTP][39m [37m<-- POST /wd/hub/session/a20e2c99-5666-4b42-b9df-e8776b0c113a/timeouts [39m[32m200[39m [90m2 ms - 14[39m
[35m[HTTP][39m [90m[39m
[35m[HTTP][39m [37m-->[39m [37mGET[39m [37m/wd/hub/session/a20e2c99-5666-4b42-b9df-e8776b0c113a/window/rect[39m
[35m[HTTP][39m [90m{}[39m
[35m[HTTP][39m [37m<-- GET /wd/hub/session/a20e2c99-5666-4b42-b9df-e8776b0c113a/window/rect [39m[32m200[39m [90m19 ms - 50[39m
[35m[HTTP][39m [90m[39m
[35m[HTTP][39m [37m-->[39m [37mPOST[39m [37m/wd/hub/session/a20e2c99-5666-4b42-b9df-e8776b0c113a/elements[39m
[35m[HTTP][39m [90m{"using":"accessibility id","value":"PENUGASAN"}[39m
[35m[HTTP][39m [37m<-- POST /wd/hub/session/a20e2c99-5666-4b42-b9df-e8776b0c113a/elements [39m[32m200[39m [90m855 ms - 12[39m
[35m[HTTP][39m [90m[39m
[35m[HTTP][39m [37m-->[39m [37mPOST[39m [37m/wd/hub/session/a20e2c99-5666-4b42-b9df-e8776b0c113a/elements[39m
[35m[HTTP][39m [90m{"using":"accessibility id","value":"PENUGASAN"}[39m
[35m[HTTP][39m [37m<-- POST /wd/hub/session/a20e2c99-5666-4b42-b9df-e8776b0c113a/elements [39m[32m200[39m [90m66 ms - 12[39m
[35m[HTTP][39m [90m[39m
[35m[HTTP][39m [37m-->[39m [37mPOST[39m [37m/wd/hub/session/a20e2c99-5666-4b42-b9df-e8776b0c113a/elements[39m
[35m[HTTP][39m [90m{"using":"accessibility id","value":"PENUGASAN"}[39m
[35m[HTTP][39m [37m<-- POST /wd/hub/session/a20e2c99-5666-4b42-b9df-e8776b0c113a/elements [39m[32m200[39m [90m63 ms - 12[39m
[35m[HTTP][39m [90m[39m
[35m[HTTP][39m [37m-->[39m [37mPOST[39m [37m/wd/hub/session/a20e2c99-5666-4b42-b9df-e8776b0c113a/elements[39m
[35m[HTTP][39m [90m{"using":"accessibility id","value":"PENUGASAN"}[39m
[35m[HTTP][39m [37m<-- POST /wd/hub/session/a20e2c99-5666-4b42-b9df-e8776b0c113a/elements [39m[32m200[39m [90m53 ms - 12[39m
[35m[HTTP][39m [90m[39m
[35m[HTTP][39m [37m-->[39m [37mPOST[39m [37m/wd/hub/session/a20e2c99-5666-4b42-b9df-e8776b0c113a/elements[39m
[35m[HTTP][39m [90m{"using":"accessibility id","value":"PENUGASAN"}[39m
[35m[HTTP][39m [37m<-- POST /wd/hub/session/a20e2c99-5666-4b42-b9df-e8776b0c113a/elements [39m[32m200[39m [90m52 ms - 12[39m
[35m[HTTP][39m [90m[39m
[35m[HTTP][39m [37m-->[39m [37mPOST[39m [37m/wd/hub/session/a20e2c99-5666-4b42-b9df-e8776b0c113a/elements[39m
[35m[HTTP][39m [90m{"using":"accessibility id","value":"PENUGASAN"}[39m
[35m[HTTP][39m [37m<-- POST /wd/hub/session/a20e2c99-5666-4b42-b9df-e8776b0c113a/elements [39m[32m200[39m [90m60 ms - 12[39m
[35m[HTTP][39m [90m[39m
[35m[HTTP][39m [37m-->[39m [37mPOST[39m [37m/wd/hub/session/a20e2c99-5666-4b42-b9df-e8776b0c113a/elements[39m
[35m[HTTP][39m [90m{"using":"accessibility id","value":"PENUGASAN"}[39m
[35m[HTTP][39m [37m<-- POST /wd/hub/session/a20e2c99-5666-4b42-b9df-e8776b0c113a/elements [39m[32m200[39m [90m72 ms - 12[39m
[35m[HTTP][39m [90m[39m
[35m[HTTP][39m [37m-->[39m [37mPOST[39m [37m/wd/hub/session/a20e2c99-5666-4b42-b9df-e8776b0c113a/elements[39m
[35m[HTTP][39m [90m{"using":"accessibility id","value":"PENUGASAN"}[39m
[35m[HTTP][39m [37m<-- POST /wd/hub/session/a20e2c99-5666-4b42-b9df-e8776b0c113a/elements [39m[32m200[39m [90m57 ms - 12[39m
[35m[HTTP][39m [90m[39m
[35m[HTTP][39m [37m-->[39m [37mPOST[39m [37m/wd/hub/session/a20e2c99-5666-4b42-b9df-e8776b0c113a/elements[39m
[35m[HTTP][39m [90m{"using":"accessibility id","value":"PENUGASAN"}[39m
[35m[HTTP][39m [37m<-- POST /wd/hub/session/a20e2c99-5666-4b42-b9df-e8776b0c113a/elements [39m[32m200[39m [90m114 ms - 12[39m
[35m[HTTP][39m [90m[39m
[35m[HTTP][39m [37m-->[39m [37mPOST[39m [37m/wd/hub/session/a20e2c99-5666-4b42-b9df-e8776b0c113a/elements[39m
[35m[HTTP][39m [90m{"using":"accessibility id","value":"PENUGASAN"}[39m
[35m[HTTP][39m [37m<-- POST /wd/hub/session/a20e2c99-5666-4b42-b9df-e8776b0c113a/elements [39m[32m200[39m [90m112 ms - 12[39m
[35m[HTTP][39m [90m[39m
[35m[HTTP][39m [37m-->[39m [37mPOST[39m [37m/wd/hub/session/a20e2c99-5666-4b42-b9df-e8776b0c113a/elements[39m
[35m[HTTP][39m [90m{"using":"accessibility id","value":"PENUGASAN"}[39m
[35m[HTTP][39m [37m<-- POST /wd/hub/session/a20e2c99-5666-4b42-b9df-e8776b0c113a/elements [39m[32m200[39m [90m55 ms - 12[39m
[35m[HTTP][39m [90m[39m
[35m[HTTP][39m [37m-->[39m [37mPOST[39m [37m/wd/hub/session/a20e2c99-5666-4b42-b9df-e8776b0c113a/elements[39m
[35m[HTTP][39m [90m{"using":"accessibility id","value":"PENUGASAN"}[39m
[35m[HTTP][39m [37m<-- POST /wd/hub/session/a20e2c99-5666-4b42-b9df-e8776b0c113a/elements [39m[32m200[39m [90m56 ms - 12[39m
[35m[HTTP][39m [90m[39m
[35m[HTTP][39m [37m-->[39m [37mPOST[39m [37m/wd/hub/session/a20e2c99-5666-4b42-b9df-e8776b0c113a/elements[39m
[35m[HTTP][39m [90m{"using":"accessibility id","value":"PENUGASAN"}[39m
[35m[HTTP][39m [37m<-- POST /wd/hub/session/a20e2c99-5666-4b42-b9df-e8776b0c113a/elements [39m[32m200[39m [90m56 ms - 12[39m
[35m[HTTP][39m [90m[39m
[35m[HTTP][39m [37m-->[39m [37mPOST[39m [37m/wd/hub/session/a20e2c99-5666-4b42-b9df-e8776b0c113a/elements[39m
[35m[HTTP][39m [90m{"using":"accessibility id","value":"PENUGASAN"}[39m
[35m[HTTP][39m [37m<-- POST /wd/hub/session/a20e2c99-5666-4b42-b9df-e8776b0c113a/elements [39m[32m200[39m [90m54 ms - 12[39m
[35m[HTTP][39m [90m[39m
[35m[HTTP][39m [37m-->[39m [37mPOST[39m [37m/wd/hub/session/a20e2c99-5666-4b42-b9df-e8776b0c113a/elements[39m
[35m[HTTP][39m [90m{"using":"accessibility id","value":"PENUGASAN"}[39m
[35m[HTTP][39m [37m<-- POST /wd/hub/session/a20e2c99-5666-4b42-b9df-e8776b0c113a/elements [39m[32m200[39m [90m51 ms - 12[39m
[35m[HTTP][39m [90m[39m
[35m[HTTP][39m [37m-->[39m [37mPOST[39m [37m/wd/hub/session/a20e2c99-5666-4b42-b9df-e8776b0c113a/elements[39m
[35m[HTTP][39m [90m{"using":"accessibility id","value":"PENUGASAN"}[39m
[35m[HTTP][39m [37m<-- POST /wd/hub/session/a20e2c99-5666-4b42-b9df-e8776b0c113a/elements [39m[32m200[39m [90m62 ms - 12[39m
[35m[HTTP][39m [90m[39m
[35m[HTTP][39m [37m-->[39m [37mPOST[39m [37m/wd/hub/session/a20e2c99-5666-4b42-b9df-e8776b0c113a/elements[39m
[35m[HTTP][39m [90m{"using":"accessibility id","value":"PENUGASAN"}[39m
[35m[HTTP][39m [37m<-- POST /wd/hub/session/a20e2c99-5666-4b42-b9df-e8776b0c113a/elements [39m[32m200[39m [90m131 ms - 12[39m
[35m[HTTP][39m [90m[39m
[35m[HTTP][39m [37m-->[39m [37mPOST[39m [37m/wd/hub/session/a20e2c99-5666-4b42-b9df-e8776b0c113a/elements[39m
[35m[HTTP][39m [90m{"using":"accessibility id","value":"PENUGASAN"}[39m
[35m[HTTP][39m [37m<-- POST /wd/hub/session/a20e2c99-5666-4b42-b9df-e8776b0c113a/elements [39m[32m200[39m [90m52 ms - 12[39m
[35m[HTTP][39m [90m[39m
[35m[HTTP][39m [37m-->[39m [37mPOST[39m [37m/wd/hub/session/a20e2c99-5666-4b42-b9df-e8776b0c113a/elements[39m
[35m[HTTP][39m [90m{"using":"accessibility id","value":"PENUGASAN"}[39m
[35m[HTTP][39m [37m<-- POST /wd/hub/session/a20e2c99-5666-4b42-b9df-e8776b0c113a/elements [39m[32m200[39m [90m115 ms - 12[39m
[35m[HTTP][39m [90m[39m
[35m[HTTP][39m [37m-->[39m [37mPOST[39m [37m/wd/hub/session/a20e2c99-5666-4b42-b9df-e8776b0c113a/elements[39m
[35m[HTTP][39m [90m{"using":"accessibility id","value":"PENUGASAN"}[39m
[35m[HTTP][39m [37m<-- POST /wd/hub/session/a20e2c99-5666-4b42-b9df-e8776b0c113a/elements [39m[32m200[39m [90m577 ms - 12[39m
[35m[HTTP][39m [90m[39m
[35m[HTTP][39m [37m-->[39m [37mPOST[39m [37m/wd/hub/session/a20e2c99-5666-4b42-b9df-e8776b0c113a/elements[39m
[35m[HTTP][39m [90m{"using":"accessibility id","value":"PENUGASAN"}[39m
[35m[HTTP][39m [37m<-- POST /wd/hub/session/a20e2c99-5666-4b42-b9df-e8776b0c113a/elements [39m[32m200[39m [90m54 ms - 12[39m
[35m[HTTP][39m [90m[39m
[35m[HTTP][39m [37m-->[39m [37mPOST[39m [37m/wd/hub/session/a20e2c99-5666-4b42-b9df-e8776b0c113a/elements[39m
[35m[HTTP][39m [90m{"using":"accessibility id","value":"PENUGASAN"}[39m
[35m[HTTP][39m [37m<-- POST /wd/hub/session/a20e2c99-5666-4b42-b9df-e8776b0c113a/elements [39m[32m200[39m [90m111 ms - 12[39m
[35m[HTTP][39m [90m[39m
[35m[HTTP][39m [37m-->[39m [37mPOST[39m [37m/wd/hub/session/a20e2c99-5666-4b42-b9df-e8776b0c113a/elements[39m
[35m[HTTP][39m [90m{"using":"accessibility id","value":"PENUGASAN"}[39m
[35m[HTTP][39m [37m<-- POST /wd/hub/session/a20e2c99-5666-4b42-b9df-e8776b0c113a/elements [39m[32m200[39m [90m105 ms - 12[39m
[35m[HTTP][39m [90m[39m
[35m[HTTP][39m [37m-->[39m [37mPOST[39m [37m/wd/hub/session/a20e2c99-5666-4b42-b9df-e8776b0c113a/elements[39m
[35m[HTTP][39m [90m{"using":"accessibility id","value":"PENUGASAN"}[39m
[35m[HTTP][39m [37m<-- POST /wd/hub/session/a20e2c99-5666-4b42-b9df-e8776b0c113a/elements [39m[32m200[39m [90m125 ms - 12[39m
[35m[HTTP][39m [90m[39m
[35m[HTTP][39m [37m-->[39m [37mPOST[39m [37m/wd/hub/session/a20e2c99-5666-4b42-b9df-e8776b0c113a/elements[39m
[35m[HTTP][39m [90m{"using":"accessibility id","value":"PENUGASAN"}[39m
[35m[HTTP][39m [37m<-- POST /wd/hub/session/a20e2c99-5666-4b42-b9df-e8776b0c113a/elements [39m[32m200[39m [90m52 ms - 12[39m
[35m[HTTP][39m [90m[39m
[35m[HTTP][39m [37m-->[39m [37mPOST[39m [37m/wd/hub/session/a20e2c99-5666-4b42-b9df-e8776b0c113a/elements[39m
[35m[HTTP][39m [90m{"using":"accessibility id","value":"PENUGASAN"}[39m
[35m[HTTP][39m [37m<-- POST /wd/hub/session/a20e2c99-5666-4b42-b9df-e8776b0c113a/elements [39m[32m200[39m [90m108 ms - 12[39m
[35m[HTTP][39m [90m[39m
[35m[HTTP][39m [37m-->[39m [37mPOST[39m [37m/wd/hub/session/a20e2c99-5666-4b42-b9df-e8776b0c113a/elements[39m
[35m[HTTP][39m [90m{"using":"accessibility id","value":"PENUGASAN"}[39m
[35m[HTTP][39m [37m<-- POST /wd/hub/session/a20e2c99-5666-4b42-b9df-e8776b0c113a/elements [39m[32m200[39m [90m105 ms - 12[39m
[35m[HTTP][39m [90m[39m
[35m[HTTP][39m [37m-->[39m [37mPOST[39m [37m/wd/hub/session/a20e2c99-5666-4b42-b9df-e8776b0c113a/elements[39m
[35m[HTTP][39m [90m{"using":"accessibility id","value":"PENUGASAN"}[39m
[35m[HTTP][39m [37m<-- POST /wd/hub/session/a20e2c99-5666-4b42-b9df-e8776b0c113a/elements [39m[32m200[39m [90m108 ms - 12[39m
[35m[HTTP][39m [90m[39m
[35m[HTTP][39m [37m-->[39m [37mPOST[39m [37m/wd/hub/session/a20e2c99-5666-4b42-b9df-e8776b0c113a/elements[39m
[35m[HTTP][39m [90m{"using":"accessibility id","value":"PENUGASAN"}[39m
[35m[HTTP][39m [37m<-- POST /wd/hub/session/a20e2c99-5666-4b42-b9df-e8776b0c113a/elements [39m[32m200[39m [90m58 ms - 12[39m
[35m[HTTP][39m [90m[39m
[35m[HTTP][39m [37m-->[39m [37mPOST[39m [37m/wd/hub/session/a20e2c99-5666-4b42-b9df-e8776b0c113a/elements[39m
[35m[HTTP][39m [90m{"using":"accessibility id","value":"PENUGASAN"}[39m
[35m[HTTP][39m [37m<-- POST /wd/hub/session/a20e2c99-5666-4b42-b9df-e8776b0c113a/elements [39m[32m200[39m [90m115 ms - 12[39m
[35m[HTTP][39m [90m[39m
[35m[HTTP][39m [37m-->[39m [37mPOST[39m [37m/wd/hub/session/a20e2c99-5666-4b42-b9df-e8776b0c113a/elements[39m
[35m[HTTP][39m [90m{"using":"accessibility id","value":"PENUGASAN"}[39m
[35m[HTTP][39m [37m<-- POST /wd/hub/session/a20e2c99-5666-4b42-b9df-e8776b0c113a/elements [39m[32m200[39m [90m696 ms - 12[39m
[35m[HTTP][39m [90m[39m
[35m[HTTP][39m [37m-->[39m [37mPOST[39m [37m/wd/hub/session/a20e2c99-5666-4b42-b9df-e8776b0c113a/elements[39m
[35m[HTTP][39m [90m{"using":"accessibility id","value":"PENUGASAN"}[39m
[35m[HTTP][39m [37m<-- POST /wd/hub/session/a20e2c99-5666-4b42-b9df-e8776b0c113a/elements [39m[32m200[39m [90m95 ms - 12[39m
[35m[HTTP][39m [90m[39m
[35m[HTTP][39m [37m-->[39m [37mPOST[39m [37m/wd/hub/session/a20e2c99-5666-4b42-b9df-e8776b0c113a/elements[39m
[35m[HTTP][39m [90m{"using":"accessibility id","value":"PENUGASAN"}[39m
[35m[HTTP][39m [37m<-- POST /wd/hub/session/a20e2c99-5666-4b42-b9df-e8776b0c113a/elements [39m[32m200[39m [90m101 ms - 12[39m
[35m[HTTP][39m [90m[39m
[35m[HTTP][39m [37m-->[39m [37mPOST[39m [37m/wd/hub/session/a20e2c99-5666-4b42-b9df-e8776b0c113a/elements[39m
[35m[HTTP][39m [90m{"using":"accessibility id","value":"PENUGASAN"}[39m
[35m[HTTP][39m [37m<-- POST /wd/hub/session/a20e2c99-5666-4b42-b9df-e8776b0c113a/elements [39m[32m200[39m [90m94 ms - 12[39m
[35m[HTTP][39m [90m[39m
[35m[HTTP][39m [37m-->[39m [37mPOST[39m [37m/wd/hub/session/a20e2c99-5666-4b42-b9df-e8776b0c113a/elements[39m
[35m[HTTP][39m [90m{"using":"accessibility id","value":"PENUGASAN"}[39m
[35m[HTTP][39m [37m<-- POST /wd/hub/session/a20e2c99-5666-4b42-b9df-e8776b0c113a/elements [39m[32m200[39m [90m109 ms - 12[39m
[35m[HTTP][39m [90m[39m
[35m[HTTP][39m [37m-->[39m [37mPOST[39m [37m/wd/hub/session/a20e2c99-5666-4b42-b9df-e8776b0c113a/elements[39m
[35m[HTTP][39m [90m{"using":"accessibility id","value":"PENUGASAN"}[39m
[35m[HTTP][39m [37m<-- POST /wd/hub/session/a20e2c99-5666-4b42-b9df-e8776b0c113a/elements [39m[32m200[39m [90m119 ms - 12[39m
[35m[HTTP][39m [90m[39m
[35m[HTTP][39m [37m-->[39m [37mPOST[39m [37m/wd/hub/session/a20e2c99-5666-4b42-b9df-e8776b0c113a/elements[39m
[35m[HTTP][39m [90m{"using":"accessibility id","value":"PENUGASAN"}[39m
[35m[HTTP][39m [37m<-- POST /wd/hub/session/a20e2c99-5666-4b42-b9df-e8776b0c113a/elements [39m[32m200[39m [90m104 ms - 12[39m
[35m[HTTP][39m [90m[39m
[35m[HTTP][39m [37m-->[39m [37mPOST[39m [37m/wd/hub/session/a20e2c99-5666-4b42-b9df-e8776b0c113a/elements[39m
[35m[HTTP][39m [90m{"using":"accessibility id","value":"PENUGASAN"}[39m
[35m[HTTP][39m [37m<-- POST /wd/hub/session/a20e2c99-5666-4b42-b9df-e8776b0c113a/elements [39m[32m200[39m [90m98 ms - 12[39m
[35m[HTTP][39m [90m[39m
[35m[HTTP][39m [37m-->[39m [37mPOST[39m [37m/wd/hub/session/a20e2c99-5666-4b42-b9df-e8776b0c113a/elements[39m
[35m[HTTP][39m [90m{"using":"accessibility id","value":"PENUGASAN"}[39m
[35m[HTTP][39m [37m<-- POST /wd/hub/session/a20e2c99-5666-4b42-b9df-e8776b0c113a/elements [39m[32m200[39m [90m103 ms - 12[39m
[35m[HTTP][39m [90m[39m
[35m[HTTP][39m [37m-->[39m [37mPOST[39m [37m/wd/hub/session/a20e2c99-5666-4b42-b9df-e8776b0c113a/elements[39m
[35m[HTTP][39m [90m{"using":"accessibility id","value":"PENUGASAN"}[39m
[35m[HTTP][39m [37m<-- POST /wd/hub/session/a20e2c99-5666-4b42-b9df-e8776b0c113a/elements [39m[32m200[39m [90m51 ms - 12[39m
[35m[HTTP][39m [90m[39m
[35m[HTTP][39m [37m-->[39m [37mPOST[39m [37m/wd/hub/session/a20e2c99-5666-4b42-b9df-e8776b0c113a/elements[39m
[35m[HTTP][39m [90m{"using":"accessibility id","value":"PENUGASAN"}[39m
[35m[HTTP][39m [37m<-- POST /wd/hub/session/a20e2c99-5666-4b42-b9df-e8776b0c113a/elements [39m[32m200[39m [90m111 ms - 12[39m
[35m[HTTP][39m [90m[39m
[35m[HTTP][39m [37m-->[39m [37mPOST[39m [37m/wd/hub/session/a20e2c99-5666-4b42-b9df-e8776b0c113a/elements[39m
[35m[HTTP][39m [90m{"using":"accessibility id","value":"PENUGASAN"}[39m
[35m[HTTP][39m [37m<-- POST /wd/hub/session/a20e2c99-5666-4b42-b9df-e8776b0c113a/elements [39m[32m200[39m [90m119 ms - 12[39m
[35m[HTTP][39m [90m[39m
[35m[HTTP][39m [37m-->[39m [37mPOST[39m [37m/wd/hub/session/a20e2c99-5666-4b42-b9df-e8776b0c113a/elements[39m
[35m[HTTP][39m [90m{"using":"accessibility id","value":"PENUGASAN"}[39m
[35m[HTTP][39m [37m<-- POST /wd/hub/session/a20e2c99-5666-4b42-b9df-e8776b0c113a/elements [39m[32m200[39m [90m99 ms - 12[39m
[35m[HTTP][39m [90m[39m
[35m[HTTP][39m [37m-->[39m [37mPOST[39m [37m/wd/hub/session/a20e2c99-5666-4b42-b9df-e8776b0c113a/elements[39m
[35m[HTTP][39m [90m{"using":"accessibility id","value":"PENUGASAN"}[39m
[35m[HTTP][39m [37m<-- POST /wd/hub/session/a20e2c99-5666-4b42-b9df-e8776b0c113a/elements [39m[32m200[39m [90m549 ms - 12[39m
[35m[HTTP][39m [90m[39m
[35m[HTTP][39m [37m-->[39m [37mPOST[39m [37m/wd/hub/session/a20e2c99-5666-4b42-b9df-e8776b0c113a/elements[39m
[35m[HTTP][39m [90m{"using":"accessibility id","value":"PENUGASAN"}[39m
[35m[HTTP][39m [37m<-- POST /wd/hub/session/a20e2c99-5666-4b42-b9df-e8776b0c113a/elements [39m[32m200[39m [90m107 ms - 12[39m
[35m[HTTP][39m [90m[39m
[35m[HTTP][39m [37m-->[39m [37mPOST[39m [37m/wd/hub/session/a20e2c99-5666-4b42-b9df-e8776b0c113a/elements[39m
[35m[HTTP][39m [90m{"using":"accessibility id","value":"PENUGASAN"}[39m
[35m[HTTP][39m [37m<-- POST /wd/hub/session/a20e2c99-5666-4b42-b9df-e8776b0c113a/elements [39m[32m200[39m [90m108 ms - 12[39m
[35m[HTTP][39m [90m[39m
[35m[HTTP][39m [37m-->[39m [37mPOST[39m [37m/wd/hub/session/a20e2c99-5666-4b42-b9df-e8776b0c113a/elements[39m
[35m[HTTP][39m [90m{"using":"accessibility id","value":"PENUGASAN"}[39m
[35m[HTTP][39m [37m<-- POST /wd/hub/session/a20e2c99-5666-4b42-b9df-e8776b0c113a/elements [39m[32m200[39m [90m107 ms - 12[39m
[35m[HTTP][39m [90m[39m
[35m[HTTP][39m [37m-->[39m [37mPOST[39m [37m/wd/hub/session/a20e2c99-5666-4b42-b9df-e8776b0c113a/elements[39m
[35m[HTTP][39m [90m{"using":"accessibility id","value":"PENUGASAN"}[39m
[35m[HTTP][39m [37m<-- POST /wd/hub/session/a20e2c99-5666-4b42-b9df-e8776b0c113a/elements [39m[32m200[39m [90m60 ms - 12[39m
[35m[HTTP][39m [90m[39m
[35m[HTTP][39m [37m-->[39m [37mPOST[39m [37m/wd/hub/session/a20e2c99-5666-4b42-b9df-e8776b0c113a/elements[39m
[35m[HTTP][39m [90m{"using":"accessibility id","value":"PENUGASAN"}[39m
[35m[HTTP][39m [37m<-- POST /wd/hub/session/a20e2c99-5666-4b42-b9df-e8776b0c113a/elements [39m[32m200[39m [90m101 ms - 12[39m
[35m[HTTP][39m [90m[39m
[35m[HTTP][39m [37m-->[39m [37mPOST[39m [37m/wd/hub/session/a20e2c99-5666-4b42-b9df-e8776b0c113a/elements[39m
[35m[HTTP][39m [90m{"using":"accessibility id","value":"PENUGASAN"}[39m
[35m[HTTP][39m [37m<-- POST /wd/hub/session/a20e2c99-5666-4b42-b9df-e8776b0c113a/elements [39m[32m200[39m [90m106 ms - 12[39m
[35m[HTTP][39m [90m[39m
[35m[HTTP][39m [37m-->[39m [37mPOST[39m [37m/wd/hub/session/a20e2c99-5666-4b42-b9df-e8776b0c113a/elements[39m
[35m[HTTP][39m [90m{"using":"accessibility id","value":"PENUGASAN"}[39m
[35m[HTTP][39m [37m<-- POST /wd/hub/session/a20e2c99-5666-4b42-b9df-e8776b0c113a/elements [39m[32m200[39m [90m98 ms - 12[39m
[35m[HTTP][39m [90m[39m
[35m[HTTP][39m [37m-->[39m [37mPOST[39m [37m/wd/hub/session/a20e2c99-5666-4b42-b9df-e8776b0c113a/elements[39m
[35m[HTTP][39m [90m{"using":"accessibility id","value":"PENUGASAN"}[39m
[35m[HTTP][39m [37m<-- POST /wd/hub/session/a20e2c99-5666-4b42-b9df-e8776b0c113a/elements [39m[32m200[39m [90m84 ms - 12[39m
[35m[HTTP][39m [90m[39m
[35m[HTTP][39m [37m-->[39m [37mPOST[39m [37m/wd/hub/session/a20e2c99-5666-4b42-b9df-e8776b0c113a/elements[39m
[35m[HTTP][39m [90m{"using":"accessibility id","value":"PENUGASAN"}[39m
[35m[HTTP][39m [37m<-- POST /wd/hub/session/a20e2c99-5666-4b42-b9df-e8776b0c113a/elements [39m[32m200[39m [90m87 ms - 12[39m
[35m[HTTP][39m [90m[39m
[35m[HTTP][39m [37m-->[39m [37mPOST[39m [37m/wd/hub/session/a20e2c99-5666-4b42-b9df-e8776b0c113a/elements[39m
[35m[HTTP][39m [90m{"using":"accessibility id","value":"PENUGASAN"}[39m
[35m[HTTP][39m [37m<-- POST /wd/hub/session/a20e2c99-5666-4b42-b9df-e8776b0c113a/elements [39m[32m200[39m [90m86 ms - 12[39m
[35m[HTTP][39m [90m[39m
[35m[HTTP][39m [37m-->[39m [37mPOST[39m [37m/wd/hub/session/a20e2c99-5666-4b42-b9df-e8776b0c113a/elements[39m
[35m[HTTP][39m [90m{"using":"accessibility id","value":"PENUGASAN"}[39m
[35m[HTTP][39m [37m<-- POST /wd/hub/session/a20e2c99-5666-4b42-b9df-e8776b0c113a/elements [39m[32m200[39m [90m83 ms - 12[39m
[35m[HTTP][39m [90m[39m
[35m[HTTP][39m [37m-->[39m [37mPOST[39m [37m/wd/hub/session/a20e2c99-5666-4b42-b9df-e8776b0c113a/elements[39m
[35m[HTTP][39m [90m{"using":"accessibility id","value":"PENUGASAN"}[39m
[35m[HTTP][39m [37m<-- POST /wd/hub/session/a20e2c99-5666-4b42-b9df-e8776b0c113a/elements [39m[32m200[39m [90m89 ms - 12[39m
[35m[HTTP][39m [90m[39m
[35m[HTTP][39m [37m-->[39m [37mPOST[39m [37m/wd/hub/session/a20e2c99-5666-4b42-b9df-e8776b0c113a/elements[39m
[35m[HTTP][39m [90m{"using":"accessibility id","value":"PENUGASAN"}[39m
[35m[HTTP][39m [37m<-- POST /wd/hub/session/a20e2c99-5666-4b42-b9df-e8776b0c113a/elements [39m[32m200[39m [90m99 ms - 12[39m
[35m[HTTP][39m [90m[39m
[35m[HTTP][39m [37m-->[39m [37mPOST[39m [37m/wd/hub/session/a20e2c99-5666-4b42-b9df-e8776b0c113a/elements[39m
[35m[HTTP][39m [90m{"using":"accessibility id","value":"PENUGASAN"}[39m
[35m[HTTP][39m [37m<-- POST /wd/hub/session/a20e2c99-5666-4b42-b9df-e8776b0c113a/elements [39m[32m200[39m [90m105 ms - 12[39m
[35m[HTTP][39m [90m[39m
[35m[HTTP][39m [37m-->[39m [37mPOST[39m [37m/wd/hub/session/a20e2c99-5666-4b42-b9df-e8776b0c113a/elements[39m
[35m[HTTP][39m [90m{"using":"accessibility id","value":"PENUGASAN"}[39m
[35m[HTTP][39m [37m<-- POST /wd/hub/session/a20e2c99-5666-4b42-b9df-e8776b0c113a/elements [39m[32m-[39m [90m- ms - -[39m
[35m[HTTP][39m [90m[39m
[35m[BaseDriver][39m Shutting down because we waited 1800 seconds for a command
[35m[Appium][39m Closing session, cause was 'New Command Timeout of 1800 seconds expired. Try customizing the timeout using the 'newCommandTimeout' desired capability'
[35m[Appium][39m Removing session 'a20e2c99-5666-4b42-b9df-e8776b0c113a' from our master session list
[35m[UiAutomator2][39m Did not get confirmation UiAutomator2 deleteSession worked; Error was: UnknownError: An unknown server-side error occurred while processing the command. Original error: 'DELETE /' cannot be proxied to UiAutomator2 server because the instrumentation process is not running (probably crashed). Check the server log and/or the logcat output for more details
[35m[UiAutomator2][39m Restoring hidden api policy to the device default configuration
