[35m[Appium][39m Welcome to Appium v1.22.0
[35m[Appium][39m Non-default server args:
[35m[Appium][39m   port: 50211
[35m[Appium][39m   loglevel: info
[35m[Appium][39m   tmpDir: C:\Users\User\AppData\Local\Temp\\Katalon\Appium\Temp1689236212335
[35m[Appium][39m   chromedriverPort: 50215
[35m[Appium][39m Deprecated server args:
[35m[Appium][39m   [31m--chromedriver-port[39m => --default-capabilities
[35m[Appium][39m Default capabilities, which will be added to each request unless overridden by desired capabilities:
[35m[Appium][39m   chromedriverPort: 50215
[35m[Appium][39m Appium REST http interface listener started on 0.0.0.0:50211
[35m[HTTP][39m [37m-->[39m [37mGET[39m [37m/wd/hub/status[39m
[35m[HTTP][39m [90m{}[39m
[35m[HTTP][39m [37m<-- GET /wd/hub/status [39m[32m200[39m [90m10 ms - 68[39m
[35m[HTTP][39m [90m[39m
[35m[HTTP][39m [37m-->[39m [37mPOST[39m [37m/wd/hub/session[39m
[35m[HTTP][39m [90m{"desiredCapabilities":{"appActivity":".Settings","appPackage":"com.android.settings","newCommandTimeout":1800,"platformVersion":"12","automationName":"uiautomator2","autoGrantPermissions":true,"platformName":"Android","udid":"aihykrce5lrgzhxg","deviceName":"Xiaomi M2103K19PG (Android 12)","platform":"ANDROID","systemPort":8267},"capabilities":{"firstMatch":[{"appium:appActivity":".Settings","appium:appPackage":"com.android.settings","appium:autoGrantPermissions":true,"appium:automationName":"uiautomator2","appium:deviceName":"Xiaomi M2103K19PG (Android 12)","appium:newCommandTimeout":1800,"platform":"ANDROID","platformName":"android","appium:platformVersion":"12","appium:systemPort":8267,"appium:udid":"aihykrce5lrgzhxg"}]}}[39m
[35m[BaseDriver][39m The following capabilities are not standard capabilities and should have an extension prefix:
[35m[BaseDriver][39m   platform
[35m[BaseDriver][39m   chromedriverPort
[35m[Appium][39m Appium v1.22.0 creating new AndroidUiautomator2Driver (v1.69.0) session
[35m[BaseDriver][39m The following capabilities were provided, but are not recognized by Appium:
[35m[BaseDriver][39m   platform
[35m[BaseDriver][39m Session created with session id: 9d6253ba-b9dc-4083-8358-ce268e603056
[35m[UiAutomator2][39m Starting 'com.android.settings' directly on the device
[35m[ADB][39m Found 1 'build-tools' folders under 'C:\Users\User\.katalon\tools\android_sdk' (newest first):
[35m[ADB][39m     C:/Users/User/.katalon/tools/android_sdk/build-tools/29.0.3
[35m[ADB][39m Using 'adb.exe' from 'C:\Users\User\.katalon\tools\android_sdk\platform-tools\adb.exe'
[35m[AndroidDriver][39m Retrieving device list
[35m[AndroidDriver][39m Using device: aihykrce5lrgzhxg
[35m[ADB][39m Using 'adb.exe' from 'C:\Users\User\.katalon\tools\android_sdk\platform-tools\adb.exe'
[35m[ADB][39m Getting device platform version
[35m[UiAutomator2][39m Relaxing hidden api policy
[35m[AndroidDriver][39m No app sent in, not parsing package/activity
[35m[ADB][39m Using 'apksigner.jar' from 'C:\Users\User\.katalon\tools\android_sdk\build-tools\29.0.3\lib\apksigner.jar'
[35m[ADB][39m 'C:\Users\User\AppData\Roaming\npm\node_modules\appium\node_modules\appium-uiautomator2-server\apks\appium-uiautomator2-server-v4.24.0.apk' is signed with the default certificate
[35m[ADB][39m 'C:\Users\User\AppData\Roaming\npm\node_modules\appium\node_modules\appium-uiautomator2-server\apks\appium-uiautomator2-server-debug-androidTest.apk' is signed with the default certificate
[35m[UiAutomator2][39m Server packages are not going to be (re)installed
[35m[ADB][39m Adding packages ["io.appium.settings","io.appium.uiautomator2.server","io.appium.uiautomator2.server.test"] to Doze whitelist
[35m[UiAutomator2][39m Starting UIAutomator2 server 4.24.0
[35m[UiAutomator2][39m Using UIAutomator2 server from 'C:\Users\User\AppData\Roaming\npm\node_modules\appium\node_modules\appium-uiautomator2-server\apks\appium-uiautomator2-server-v4.24.0.apk' and test from 'C:\Users\User\AppData\Roaming\npm\node_modules\appium\node_modules\appium-uiautomator2-server\apks\appium-uiautomator2-server-debug-androidTest.apk'
[35m[UiAutomator2][39m Waiting up to 30000ms for UiAutomator2 to be online...
[35m[WD Proxy][39m socket hang up
[35m[WD Proxy][39m socket hang up
[35m[WD Proxy][39m socket hang up
[35m[WD Proxy][39m socket hang up
[35m[WD Proxy][39m socket hang up
[35m[WD Proxy][39m socket hang up
[35m[WD Proxy][39m Determined the downstream protocol as 'W3C'
[35m[AndroidDriver][39m Screen already unlocked, doing nothing
[35m[UiAutomator2][39m Starting 'com.android.settings/.Settings and waiting for 'com.android.settings/.Settings'
[35m[Appium][39m New AndroidUiautomator2Driver session created successfully, session 9d6253ba-b9dc-4083-8358-ce268e603056 added to master session list
[35m[HTTP][39m [37m<-- POST /wd/hub/session [39m[32m200[39m [90m14123 ms - 1181[39m
[35m[HTTP][39m [90m[39m
[35m[HTTP][39m [37m-->[39m [37mGET[39m [37m/wd/hub/session/9d6253ba-b9dc-4083-8358-ce268e603056[39m
[35m[HTTP][39m [90m{}[39m
[35m[HTTP][39m [37m<-- GET /wd/hub/session/9d6253ba-b9dc-4083-8358-ce268e603056 [39m[32m200[39m [90m19 ms - 1135[39m
[35m[HTTP][39m [90m[39m
[35m[HTTP][39m [37m-->[39m [37mGET[39m [37m/wd/hub/session/9d6253ba-b9dc-4083-8358-ce268e603056[39m
[35m[HTTP][39m [90m{}[39m
[35m[HTTP][39m [37m<-- GET /wd/hub/session/9d6253ba-b9dc-4083-8358-ce268e603056 [39m[32m200[39m [90m19 ms - 1135[39m
[35m[HTTP][39m [90m[39m
[35m[HTTP][39m [37m-->[39m [37mGET[39m [37m/wd/hub/status[39m
[35m[HTTP][39m [90m{}[39m
[35m[HTTP][39m [37m<-- GET /wd/hub/status [39m[32m200[39m [90m1 ms - 68[39m
[35m[HTTP][39m [90m[39m
[35m[HTTP][39m [37m-->[39m [37mPOST[39m [37m/wd/hub/session/9d6253ba-b9dc-4083-8358-ce268e603056/timeouts[39m
[35m[HTTP][39m [90m{"implicit":120000}[39m
[35m[HTTP][39m [37m<-- POST /wd/hub/session/9d6253ba-b9dc-4083-8358-ce268e603056/timeouts [39m[32m200[39m [90m3 ms - 14[39m
[35m[HTTP][39m [90m[39m
[35m[HTTP][39m [37m-->[39m [37mGET[39m [37m/wd/hub/session/9d6253ba-b9dc-4083-8358-ce268e603056/screenshot[39m
[35m[HTTP][39m [90m{}[39m
[35m[HTTP][39m [37m<-- GET /wd/hub/session/9d6253ba-b9dc-4083-8358-ce268e603056/screenshot [39m[32m200[39m [90m397 ms - 200248[39m
[35m[HTTP][39m [90m[39m
[35m[HTTP][39m [37m-->[39m [37mGET[39m [37m/wd/hub/session/9d6253ba-b9dc-4083-8358-ce268e603056/window/rect[39m
[35m[HTTP][39m [90m{}[39m
[35m[HTTP][39m [37m<-- GET /wd/hub/session/9d6253ba-b9dc-4083-8358-ce268e603056/window/rect [39m[32m200[39m [90m22 ms - 50[39m
[35m[HTTP][39m [90m[39m
[35m[HTTP][39m [37m-->[39m [37mGET[39m [37m/wd/hub/session/9d6253ba-b9dc-4083-8358-ce268e603056/appium/device/system_bars[39m
[35m[HTTP][39m [90m{}[39m
[35m[HTTP][39m [37m<-- GET /wd/hub/session/9d6253ba-b9dc-4083-8358-ce268e603056/appium/device/system_bars [39m[32m200[39m [90m151 ms - 145[39m
[35m[HTTP][39m [90m[39m
[35m[HTTP][39m [37m-->[39m [37mPOST[39m [37m/wd/hub/session/9d6253ba-b9dc-4083-8358-ce268e603056/appium/device/activate_app[39m
[35m[HTTP][39m [90m{"bundleId":"pkp.mobile.fmui"}[39m
[35m[HTTP][39m [37m<-- POST /wd/hub/session/9d6253ba-b9dc-4083-8358-ce268e603056/appium/device/activate_app [39m[32m200[39m [90m3449 ms - 14[39m
[35m[HTTP][39m [90m[39m
[35m[HTTP][39m [37m-->[39m [37mPOST[39m [37m/wd/hub/session/9d6253ba-b9dc-4083-8358-ce268e603056/timeouts[39m
[35m[HTTP][39m [90m{"implicit":50}[39m
[35m[HTTP][39m [37m<-- POST /wd/hub/session/9d6253ba-b9dc-4083-8358-ce268e603056/timeouts [39m[32m200[39m [90m3 ms - 14[39m
[35m[HTTP][39m [90m[39m
[35m[HTTP][39m [37m-->[39m [37mGET[39m [37m/wd/hub/session/9d6253ba-b9dc-4083-8358-ce268e603056/window/rect[39m
[35m[HTTP][39m [90m{}[39m
[35m[HTTP][39m [37m<-- GET /wd/hub/session/9d6253ba-b9dc-4083-8358-ce268e603056/window/rect [39m[32m200[39m [90m52 ms - 50[39m
[35m[HTTP][39m [90m[39m
[35m[HTTP][39m [37m-->[39m [37mPOST[39m [37m/wd/hub/session/9d6253ba-b9dc-4083-8358-ce268e603056/elements[39m
[35m[HTTP][39m [90m{"using":"xpath","value":"//*[@class = 'android.widget.ImageView' and @resource-id = '' and (@text = '' or . = '')]"}[39m
[35m[HTTP][39m [37m<-- POST /wd/hub/session/9d6253ba-b9dc-4083-8358-ce268e603056/elements [39m[32m200[39m [90m445 ms - 139[39m
[35m[HTTP][39m [90m[39m
[35m[HTTP][39m [37m-->[39m [37mGET[39m [37m/wd/hub/session/9d6253ba-b9dc-4083-8358-ce268e603056/element/00000000-0000-04a9-0000-02ed00000003/location[39m
[35m[HTTP][39m [90m{}[39m
[35m[W3C (9d6253ba)][39m Driver proxy active, passing request on via HTTP proxy
[35m[WD Proxy][39m Replacing sessionId d956a972-9264-434c-836c-b443778be8d1 with 9d6253ba-b9dc-4083-8358-ce268e603056
[35m[HTTP][39m [37m<-- GET /wd/hub/session/9d6253ba-b9dc-4083-8358-ce268e603056/element/00000000-0000-04a9-0000-02ed00000003/location [39m[32m200[39m [90m34 ms - 79[39m
[35m[HTTP][39m [90m[39m
[35m[HTTP][39m [37m-->[39m [37mPOST[39m [37m/wd/hub/session/9d6253ba-b9dc-4083-8358-ce268e603056/timeouts[39m
[35m[HTTP][39m [90m{"implicit":120000}[39m
[35m[HTTP][39m [37m<-- POST /wd/hub/session/9d6253ba-b9dc-4083-8358-ce268e603056/timeouts [39m[32m200[39m [90m3 ms - 14[39m
[35m[HTTP][39m [90m[39m
[35m[HTTP][39m [37m-->[39m [37mPOST[39m [37m/wd/hub/session/9d6253ba-b9dc-4083-8358-ce268e603056/element/00000000-0000-04a9-0000-02ed00000003/click[39m
[35m[HTTP][39m [90m{"id":"00000000-0000-04a9-0000-02ed00000003"}[39m
[35m[HTTP][39m [37m<-- POST /wd/hub/session/9d6253ba-b9dc-4083-8358-ce268e603056/element/00000000-0000-04a9-0000-02ed00000003/click [39m[32m200[39m [90m802 ms - 14[39m
[35m[HTTP][39m [90m[39m
[35m[HTTP][39m [37m-->[39m [37mPOST[39m [37m/wd/hub/session/9d6253ba-b9dc-4083-8358-ce268e603056/timeouts[39m
[35m[HTTP][39m [90m{"implicit":50}[39m
[35m[HTTP][39m [37m<-- POST /wd/hub/session/9d6253ba-b9dc-4083-8358-ce268e603056/timeouts [39m[32m200[39m [90m1 ms - 14[39m
[35m[HTTP][39m [90m[39m
[35m[HTTP][39m [37m-->[39m [37mGET[39m [37m/wd/hub/session/9d6253ba-b9dc-4083-8358-ce268e603056/window/rect[39m
[35m[HTTP][39m [90m{}[39m
[35m[HTTP][39m [37m<-- GET /wd/hub/session/9d6253ba-b9dc-4083-8358-ce268e603056/window/rect [39m[32m200[39m [90m21 ms - 50[39m
[35m[HTTP][39m [90m[39m
[35m[HTTP][39m [37m-->[39m [37mPOST[39m [37m/wd/hub/session/9d6253ba-b9dc-4083-8358-ce268e603056/elements[39m
[35m[HTTP][39m [90m{"using":"accessibility id","value":"PENUGASAN"}[39m
[35m[HTTP][39m [37m<-- POST /wd/hub/session/9d6253ba-b9dc-4083-8358-ce268e603056/elements [39m[32m200[39m [90m52 ms - 139[39m
[35m[HTTP][39m [90m[39m
[35m[HTTP][39m [37m-->[39m [37mGET[39m [37m/wd/hub/session/9d6253ba-b9dc-4083-8358-ce268e603056/element/00000000-0000-04a9-0000-02f500000003/location[39m
[35m[HTTP][39m [90m{}[39m
[35m[W3C (9d6253ba)][39m Driver proxy active, passing request on via HTTP proxy
[35m[WD Proxy][39m Replacing sessionId d956a972-9264-434c-836c-b443778be8d1 with 9d6253ba-b9dc-4083-8358-ce268e603056
[35m[HTTP][39m [37m<-- GET /wd/hub/session/9d6253ba-b9dc-4083-8358-ce268e603056/element/00000000-0000-04a9-0000-02f500000003/location [39m[32m200[39m [90m32 ms - 78[39m
[35m[HTTP][39m [90m[39m
[35m[HTTP][39m [37m-->[39m [37mPOST[39m [37m/wd/hub/session/9d6253ba-b9dc-4083-8358-ce268e603056/timeouts[39m
[35m[HTTP][39m [90m{"implicit":120000}[39m
[35m[HTTP][39m [37m<-- POST /wd/hub/session/9d6253ba-b9dc-4083-8358-ce268e603056/timeouts [39m[32m200[39m [90m1 ms - 14[39m
[35m[HTTP][39m [90m[39m
[35m[HTTP][39m [37m-->[39m [37mPOST[39m [37m/wd/hub/session/9d6253ba-b9dc-4083-8358-ce268e603056/element/00000000-0000-04a9-0000-02f500000003/click[39m
[35m[HTTP][39m [90m{"id":"00000000-0000-04a9-0000-02f500000003"}[39m
[35m[HTTP][39m [37m<-- POST /wd/hub/session/9d6253ba-b9dc-4083-8358-ce268e603056/element/00000000-0000-04a9-0000-02f500000003/click [39m[32m200[39m [90m974 ms - 14[39m
[35m[HTTP][39m [90m[39m
[35m[HTTP][39m [37m-->[39m [37mPOST[39m [37m/wd/hub/session/9d6253ba-b9dc-4083-8358-ce268e603056/timeouts[39m
[35m[HTTP][39m [90m{"implicit":50}[39m
[35m[HTTP][39m [37m<-- POST /wd/hub/session/9d6253ba-b9dc-4083-8358-ce268e603056/timeouts [39m[32m200[39m [90m2 ms - 14[39m
[35m[HTTP][39m [90m[39m
[35m[HTTP][39m [37m-->[39m [37mGET[39m [37m/wd/hub/session/9d6253ba-b9dc-4083-8358-ce268e603056/window/rect[39m
[35m[HTTP][39m [90m{}[39m
[35m[HTTP][39m [37m<-- GET /wd/hub/session/9d6253ba-b9dc-4083-8358-ce268e603056/window/rect [39m[32m200[39m [90m29 ms - 50[39m
[35m[HTTP][39m [90m[39m
[35m[HTTP][39m [37m-->[39m [37mPOST[39m [37m/wd/hub/session/9d6253ba-b9dc-4083-8358-ce268e603056/elements[39m
[35m[HTTP][39m [90m{"using":"xpath","value":"//hierarchy/android.widget.FrameLayout[1]/android.widget.LinearLayout[1]/android.widget.FrameLayout[1]/android.widget.FrameLayout[1]/android.view.View[1]/android.view.View[1]/android.view.View[1]/android.view.View[1]/android.view.View[4]/android.view.View[1]/android.view.View[1]/android.view.View[1]/android.view.View[1]"}[39m
[35m[HTTP][39m [37m<-- POST /wd/hub/session/9d6253ba-b9dc-4083-8358-ce268e603056/elements [39m[32m200[39m [90m156 ms - 139[39m
[35m[HTTP][39m [90m[39m
[35m[HTTP][39m [37m-->[39m [37mGET[39m [37m/wd/hub/session/9d6253ba-b9dc-4083-8358-ce268e603056/element/00000000-0000-04a9-0000-030c00000003/location[39m
[35m[HTTP][39m [90m{}[39m
[35m[W3C (9d6253ba)][39m Driver proxy active, passing request on via HTTP proxy
[35m[WD Proxy][39m Replacing sessionId d956a972-9264-434c-836c-b443778be8d1 with 9d6253ba-b9dc-4083-8358-ce268e603056
[35m[HTTP][39m [37m<-- GET /wd/hub/session/9d6253ba-b9dc-4083-8358-ce268e603056/element/00000000-0000-04a9-0000-030c00000003/location [39m[32m200[39m [90m461 ms - 78[39m
[35m[HTTP][39m [90m[39m
[35m[HTTP][39m [37m-->[39m [37mPOST[39m [37m/wd/hub/session/9d6253ba-b9dc-4083-8358-ce268e603056/timeouts[39m
[35m[HTTP][39m [90m{"implicit":120000}[39m
[35m[HTTP][39m [37m<-- POST /wd/hub/session/9d6253ba-b9dc-4083-8358-ce268e603056/timeouts [39m[32m200[39m [90m2 ms - 14[39m
[35m[HTTP][39m [90m[39m
[35m[HTTP][39m [37m-->[39m [37mPOST[39m [37m/wd/hub/session/9d6253ba-b9dc-4083-8358-ce268e603056/element/00000000-0000-04a9-0000-030c00000003/click[39m
[35m[HTTP][39m [90m{"id":"00000000-0000-04a9-0000-030c00000003"}[39m
[35m[HTTP][39m [37m<-- POST /wd/hub/session/9d6253ba-b9dc-4083-8358-ce268e603056/element/00000000-0000-04a9-0000-030c00000003/click [39m[32m200[39m [90m978 ms - 14[39m
[35m[HTTP][39m [90m[39m
[35m[HTTP][39m [37m-->[39m [37mPOST[39m [37m/wd/hub/session/9d6253ba-b9dc-4083-8358-ce268e603056/timeouts[39m
[35m[HTTP][39m [90m{"implicit":50}[39m
[35m[HTTP][39m [37m<-- POST /wd/hub/session/9d6253ba-b9dc-4083-8358-ce268e603056/timeouts [39m[32m200[39m [90m2 ms - 14[39m
[35m[HTTP][39m [90m[39m
[35m[HTTP][39m [37m-->[39m [37mGET[39m [37m/wd/hub/session/9d6253ba-b9dc-4083-8358-ce268e603056/window/rect[39m
[35m[HTTP][39m [90m{}[39m
[35m[HTTP][39m [37m<-- GET /wd/hub/session/9d6253ba-b9dc-4083-8358-ce268e603056/window/rect [39m[32m200[39m [90m25 ms - 50[39m
[35m[HTTP][39m [90m[39m
[35m[HTTP][39m [37m-->[39m [37mPOST[39m [37m/wd/hub/session/9d6253ba-b9dc-4083-8358-ce268e603056/elements[39m
[35m[HTTP][39m [90m{"using":"accessibility id","value":"Selanjutnya"}[39m
[35m[HTTP][39m [37m<-- POST /wd/hub/session/9d6253ba-b9dc-4083-8358-ce268e603056/elements [39m[32m200[39m [90m58 ms - 139[39m
[35m[HTTP][39m [90m[39m
[35m[HTTP][39m [37m-->[39m [37mGET[39m [37m/wd/hub/session/9d6253ba-b9dc-4083-8358-ce268e603056/element/00000000-0000-04a9-0000-032300000003/location[39m
[35m[HTTP][39m [90m{}[39m
[35m[W3C (9d6253ba)][39m Driver proxy active, passing request on via HTTP proxy
[35m[WD Proxy][39m Replacing sessionId d956a972-9264-434c-836c-b443778be8d1 with 9d6253ba-b9dc-4083-8358-ce268e603056
[35m[HTTP][39m [37m<-- GET /wd/hub/session/9d6253ba-b9dc-4083-8358-ce268e603056/element/00000000-0000-04a9-0000-032300000003/location [39m[32m200[39m [90m35 ms - 78[39m
[35m[HTTP][39m [90m[39m
[35m[HTTP][39m [37m-->[39m [37mPOST[39m [37m/wd/hub/session/9d6253ba-b9dc-4083-8358-ce268e603056/timeouts[39m
[35m[HTTP][39m [90m{"implicit":120000}[39m
[35m[HTTP][39m [37m<-- POST /wd/hub/session/9d6253ba-b9dc-4083-8358-ce268e603056/timeouts [39m[32m200[39m [90m1 ms - 14[39m
[35m[HTTP][39m [90m[39m
[35m[HTTP][39m [37m-->[39m [37mPOST[39m [37m/wd/hub/session/9d6253ba-b9dc-4083-8358-ce268e603056/element/00000000-0000-04a9-0000-032300000003/click[39m
[35m[HTTP][39m [90m{"id":"00000000-0000-04a9-0000-032300000003"}[39m
[35m[HTTP][39m [37m<-- POST /wd/hub/session/9d6253ba-b9dc-4083-8358-ce268e603056/element/00000000-0000-04a9-0000-032300000003/click [39m[32m200[39m [90m636 ms - 14[39m
[35m[HTTP][39m [90m[39m
[35m[HTTP][39m [37m-->[39m [37mGET[39m [37m/wd/hub/session/9d6253ba-b9dc-4083-8358-ce268e603056/context[39m
[35m[HTTP][39m [90m{}[39m
[35m[HTTP][39m [37m<-- GET /wd/hub/session/9d6253ba-b9dc-4083-8358-ce268e603056/context [39m[32m200[39m [90m2 ms - 22[39m
[35m[HTTP][39m [90m[39m
[35m[HTTP][39m [37m-->[39m [37mGET[39m [37m/wd/hub/session/9d6253ba-b9dc-4083-8358-ce268e603056/contexts[39m
[35m[HTTP][39m [90m{}[39m
[35m[HTTP][39m [37m<-- GET /wd/hub/session/9d6253ba-b9dc-4083-8358-ce268e603056/contexts [39m[32m200[39m [90m120 ms - 24[39m
[35m[HTTP][39m [90m[39m
[35m[HTTP][39m [37m-->[39m [37mPOST[39m [37m/wd/hub/session/9d6253ba-b9dc-4083-8358-ce268e603056/context[39m
[35m[HTTP][39m [90m{"name":"NATIVE_APP"}[39m
[35m[HTTP][39m [37m<-- POST /wd/hub/session/9d6253ba-b9dc-4083-8358-ce268e603056/context [39m[32m200[39m [90m2 ms - 14[39m
[35m[HTTP][39m [90m[39m
[35m[HTTP][39m [37m-->[39m [37mPOST[39m [37m/wd/hub/session/9d6253ba-b9dc-4083-8358-ce268e603056/touch/perform[39m
[35m[HTTP][39m [90m{"actions":[{"action":"press","options":{"x":0,"y":1926}},{"action":"wait","options":{"ms":500}},{"action":"moveTo","options":{"x":0,"y":1472}},{"action":"release","options":{}}]}[39m
[35m[HTTP][39m [37m<-- POST /wd/hub/session/9d6253ba-b9dc-4083-8358-ce268e603056/touch/perform [39m[32m200[39m [90m919 ms - 14[39m
[35m[HTTP][39m [90m[39m
[35m[HTTP][39m [37m-->[39m [37mPOST[39m [37m/wd/hub/session/9d6253ba-b9dc-4083-8358-ce268e603056/context[39m
[35m[HTTP][39m [90m{"name":"NATIVE_APP"}[39m
[35m[HTTP][39m [37m<-- POST /wd/hub/session/9d6253ba-b9dc-4083-8358-ce268e603056/context [39m[32m200[39m [90m2 ms - 14[39m
[35m[HTTP][39m [90m[39m
[35m[HTTP][39m [37m-->[39m [37mPOST[39m [37m/wd/hub/session/9d6253ba-b9dc-4083-8358-ce268e603056/timeouts[39m
[35m[HTTP][39m [90m{"implicit":50}[39m
[35m[HTTP][39m [37m<-- POST /wd/hub/session/9d6253ba-b9dc-4083-8358-ce268e603056/timeouts [39m[32m200[39m [90m2 ms - 14[39m
[35m[HTTP][39m [90m[39m
[35m[HTTP][39m [37m-->[39m [37mGET[39m [37m/wd/hub/session/9d6253ba-b9dc-4083-8358-ce268e603056/window/rect[39m
[35m[HTTP][39m [90m{}[39m
[35m[HTTP][39m [37m<-- GET /wd/hub/session/9d6253ba-b9dc-4083-8358-ce268e603056/window/rect [39m[32m200[39m [90m13 ms - 50[39m
[35m[HTTP][39m [90m[39m
[35m[HTTP][39m [37m-->[39m [37mPOST[39m [37m/wd/hub/session/9d6253ba-b9dc-4083-8358-ce268e603056/elements[39m
[35m[HTTP][39m [90m{"using":"accessibility id","value":"Selanjutnya"}[39m
[35m[HTTP][39m [37m<-- POST /wd/hub/session/9d6253ba-b9dc-4083-8358-ce268e603056/elements [39m[32m200[39m [90m794 ms - 12[39m
[35m[HTTP][39m [90m[39m
[35m[HTTP][39m [37m-->[39m [37mPOST[39m [37m/wd/hub/session/9d6253ba-b9dc-4083-8358-ce268e603056/elements[39m
[35m[HTTP][39m [90m{"using":"accessibility id","value":"Selanjutnya"}[39m
[35m[HTTP][39m [37m<-- POST /wd/hub/session/9d6253ba-b9dc-4083-8358-ce268e603056/elements [39m[32m200[39m [90m99 ms - 12[39m
[35m[HTTP][39m [90m[39m
[35m[HTTP][39m [37m-->[39m [37mPOST[39m [37m/wd/hub/session/9d6253ba-b9dc-4083-8358-ce268e603056/elements[39m
[35m[HTTP][39m [90m{"using":"accessibility id","value":"Selanjutnya"}[39m
[35m[HTTP][39m [37m<-- POST /wd/hub/session/9d6253ba-b9dc-4083-8358-ce268e603056/elements [39m[32m200[39m [90m103 ms - 12[39m
[35m[HTTP][39m [90m[39m
[35m[HTTP][39m [37m-->[39m [37mPOST[39m [37m/wd/hub/session/9d6253ba-b9dc-4083-8358-ce268e603056/elements[39m
[35m[HTTP][39m [90m{"using":"accessibility id","value":"Selanjutnya"}[39m
[35m[HTTP][39m [37m<-- POST /wd/hub/session/9d6253ba-b9dc-4083-8358-ce268e603056/elements [39m[32m200[39m [90m88 ms - 12[39m
[35m[HTTP][39m [90m[39m
[35m[HTTP][39m [37m-->[39m [37mPOST[39m [37m/wd/hub/session/9d6253ba-b9dc-4083-8358-ce268e603056/elements[39m
[35m[HTTP][39m [90m{"using":"accessibility id","value":"Selanjutnya"}[39m
[35m[HTTP][39m [37m<-- POST /wd/hub/session/9d6253ba-b9dc-4083-8358-ce268e603056/elements [39m[32m200[39m [90m658 ms - 12[39m
[35m[HTTP][39m [90m[39m
[35m[HTTP][39m [37m-->[39m [37mPOST[39m [37m/wd/hub/session/9d6253ba-b9dc-4083-8358-ce268e603056/elements[39m
[35m[HTTP][39m [90m{"using":"accessibility id","value":"Selanjutnya"}[39m
[35m[HTTP][39m [37m<-- POST /wd/hub/session/9d6253ba-b9dc-4083-8358-ce268e603056/elements [39m[32m200[39m [90m63 ms - 12[39m
[35m[HTTP][39m [90m[39m
[35m[HTTP][39m [37m-->[39m [37mPOST[39m [37m/wd/hub/session/9d6253ba-b9dc-4083-8358-ce268e603056/elements[39m
[35m[HTTP][39m [90m{"using":"accessibility id","value":"Selanjutnya"}[39m
[35m[HTTP][39m [37m<-- POST /wd/hub/session/9d6253ba-b9dc-4083-8358-ce268e603056/elements [39m[32m200[39m [90m59 ms - 12[39m
[35m[HTTP][39m [90m[39m
[35m[HTTP][39m [37m-->[39m [37mPOST[39m [37m/wd/hub/session/9d6253ba-b9dc-4083-8358-ce268e603056/elements[39m
[35m[HTTP][39m [90m{"using":"accessibility id","value":"Selanjutnya"}[39m
[35m[HTTP][39m [37m<-- POST /wd/hub/session/9d6253ba-b9dc-4083-8358-ce268e603056/elements [39m[32m200[39m [90m58 ms - 12[39m
[35m[HTTP][39m [90m[39m
[35m[HTTP][39m [37m-->[39m [37mPOST[39m [37m/wd/hub/session/9d6253ba-b9dc-4083-8358-ce268e603056/elements[39m
[35m[HTTP][39m [90m{"using":"accessibility id","value":"Selanjutnya"}[39m
[35m[HTTP][39m [37m<-- POST /wd/hub/session/9d6253ba-b9dc-4083-8358-ce268e603056/elements [39m[32m200[39m [90m54 ms - 12[39m
[35m[HTTP][39m [90m[39m
[35m[HTTP][39m [37m-->[39m [37mPOST[39m [37m/wd/hub/session/9d6253ba-b9dc-4083-8358-ce268e603056/elements[39m
[35m[HTTP][39m [90m{"using":"accessibility id","value":"Selanjutnya"}[39m
[35m[HTTP][39m [37m<-- POST /wd/hub/session/9d6253ba-b9dc-4083-8358-ce268e603056/elements [39m[32m200[39m [90m95 ms - 12[39m
[35m[HTTP][39m [90m[39m
[35m[HTTP][39m [37m-->[39m [37mPOST[39m [37m/wd/hub/session/9d6253ba-b9dc-4083-8358-ce268e603056/elements[39m
[35m[HTTP][39m [90m{"using":"accessibility id","value":"Selanjutnya"}[39m
[35m[HTTP][39m [37m<-- POST /wd/hub/session/9d6253ba-b9dc-4083-8358-ce268e603056/elements [39m[32m200[39m [90m527 ms - 12[39m
[35m[HTTP][39m [90m[39m
[35m[HTTP][39m [37m-->[39m [37mPOST[39m [37m/wd/hub/session/9d6253ba-b9dc-4083-8358-ce268e603056/elements[39m
[35m[HTTP][39m [90m{"using":"accessibility id","value":"Selanjutnya"}[39m
[35m[HTTP][39m [37m<-- POST /wd/hub/session/9d6253ba-b9dc-4083-8358-ce268e603056/elements [39m[32m200[39m [90m53 ms - 12[39m
[35m[HTTP][39m [90m[39m
[35m[HTTP][39m [37m-->[39m [37mPOST[39m [37m/wd/hub/session/9d6253ba-b9dc-4083-8358-ce268e603056/elements[39m
[35m[HTTP][39m [90m{"using":"accessibility id","value":"Selanjutnya"}[39m
[35m[HTTP][39m [37m<-- POST /wd/hub/session/9d6253ba-b9dc-4083-8358-ce268e603056/elements [39m[32m200[39m [90m53 ms - 12[39m
[35m[HTTP][39m [90m[39m
[35m[HTTP][39m [37m-->[39m [37mPOST[39m [37m/wd/hub/session/9d6253ba-b9dc-4083-8358-ce268e603056/elements[39m
[35m[HTTP][39m [90m{"using":"accessibility id","value":"Selanjutnya"}[39m
[35m[HTTP][39m [37m<-- POST /wd/hub/session/9d6253ba-b9dc-4083-8358-ce268e603056/elements [39m[32m200[39m [90m110 ms - 12[39m
[35m[HTTP][39m [90m[39m
[35m[HTTP][39m [37m-->[39m [37mPOST[39m [37m/wd/hub/session/9d6253ba-b9dc-4083-8358-ce268e603056/timeouts[39m
[35m[HTTP][39m [90m{"implicit":120000}[39m
[35m[HTTP][39m [37m<-- POST /wd/hub/session/9d6253ba-b9dc-4083-8358-ce268e603056/timeouts [39m[32m200[39m [90m1 ms - 14[39m
[35m[HTTP][39m [90m[39m
[35m[HTTP][39m [37m-->[39m [37mGET[39m [37m/wd/hub/session/9d6253ba-b9dc-4083-8358-ce268e603056/context[39m
[35m[HTTP][39m [90m{}[39m
[35m[HTTP][39m [37m<-- GET /wd/hub/session/9d6253ba-b9dc-4083-8358-ce268e603056/context [39m[32m200[39m [90m1 ms - 22[39m
[35m[HTTP][39m [90m[39m
[35m[HTTP][39m [37m-->[39m [37mGET[39m [37m/wd/hub/session/9d6253ba-b9dc-4083-8358-ce268e603056/contexts[39m
[35m[HTTP][39m [90m{}[39m
[35m[HTTP][39m [37m<-- GET /wd/hub/session/9d6253ba-b9dc-4083-8358-ce268e603056/contexts [39m[32m200[39m [90m102 ms - 24[39m
[35m[HTTP][39m [90m[39m
[35m[HTTP][39m [37m-->[39m [37mPOST[39m [37m/wd/hub/session/9d6253ba-b9dc-4083-8358-ce268e603056/context[39m
[35m[HTTP][39m [90m{"name":"NATIVE_APP"}[39m
[35m[HTTP][39m [37m<-- POST /wd/hub/session/9d6253ba-b9dc-4083-8358-ce268e603056/context [39m[32m200[39m [90m1 ms - 14[39m
[35m[HTTP][39m [90m[39m
[35m[HTTP][39m [37m-->[39m [37mGET[39m [37m/wd/hub/session/9d6253ba-b9dc-4083-8358-ce268e603056/screenshot[39m
[35m[HTTP][39m [90m{}[39m
[35m[HTTP][39m [37m<-- GET /wd/hub/session/9d6253ba-b9dc-4083-8358-ce268e603056/screenshot [39m[32m200[39m [90m754 ms - 218680[39m
[35m[HTTP][39m [90m[39m
[35m[HTTP][39m [37m-->[39m [37mPOST[39m [37m/wd/hub/session/9d6253ba-b9dc-4083-8358-ce268e603056/context[39m
[35m[HTTP][39m [90m{"name":"NATIVE_APP"}[39m
[35m[HTTP][39m [37m<-- POST /wd/hub/session/9d6253ba-b9dc-4083-8358-ce268e603056/context [39m[32m200[39m [90m2 ms - 14[39m
[35m[HTTP][39m [90m[39m
[35m[HTTP][39m [37m-->[39m [37mGET[39m [37m/wd/hub/status[39m
[35m[HTTP][39m [90m{}[39m
[35m[HTTP][39m [37m<-- GET /wd/hub/status [39m[32m200[39m [90m1 ms - 68[39m
[35m[HTTP][39m [90m[39m
[35m[HTTP][39m [37m-->[39m [37mPOST[39m [37m/wd/hub/session[39m
[35m[HTTP][39m [90m{"desiredCapabilities":{"appActivity":".Settings","appPackage":"com.android.settings","newCommandTimeout":1800,"platformVersion":"12","automationName":"uiautomator2","autoGrantPermissions":true,"platformName":"Android","udid":"aihykrce5lrgzhxg","deviceName":"Xiaomi M2103K19PG (Android 12)","platform":"ANDROID","systemPort":8269},"capabilities":{"firstMatch":[{"appium:appActivity":".Settings","appium:appPackage":"com.android.settings","appium:autoGrantPermissions":true,"appium:automationName":"uiautomator2","appium:deviceName":"Xiaomi M2103K19PG (Android 12)","appium:newCommandTimeout":1800,"platform":"ANDROID","platformName":"android","appium:platformVersion":"12","appium:systemPort":8269,"appium:udid":"aihykrce5lrgzhxg"}]}}[39m
[35m[BaseDriver][39m The following capabilities are not standard capabilities and should have an extension prefix:
[35m[BaseDriver][39m   platform
[35m[BaseDriver][39m   chromedriverPort
[35m[Appium][39m Appium v1.22.0 creating new AndroidUiautomator2Driver (v1.69.0) session
[35m[BaseDriver][39m The following capabilities were provided, but are not recognized by Appium:
[35m[BaseDriver][39m   platform
[35m[BaseDriver][39m Session created with session id: 53550759-7dfa-4e06-9102-2703feb4fcd9
[35m[UiAutomator2][39m Starting 'com.android.settings' directly on the device
[35m[ADB][39m Using 'adb.exe' from 'C:\Users\User\.katalon\tools\android_sdk\platform-tools\adb.exe'
[35m[AndroidDriver][39m Retrieving device list
[35m[AndroidDriver][39m Using device: aihykrce5lrgzhxg
[35m[ADB][39m Using 'adb.exe' from 'C:\Users\User\.katalon\tools\android_sdk\platform-tools\adb.exe'
[35m[ADB][39m Getting device platform version
[35m[UiAutomator2][39m Relaxing hidden api policy
[35m[AndroidDriver][39m No app sent in, not parsing package/activity
[35m[UiAutomator2][39m Server packages are not going to be (re)installed
[35m[ADB][39m Adding packages ["io.appium.settings","io.appium.uiautomator2.server","io.appium.uiautomator2.server.test"] to Doze whitelist
[35m[UiAutomator2][39m Starting UIAutomator2 server 4.24.0
[35m[UiAutomator2][39m Using UIAutomator2 server from 'C:\Users\User\AppData\Roaming\npm\node_modules\appium\node_modules\appium-uiautomator2-server\apks\appium-uiautomator2-server-v4.24.0.apk' and test from 'C:\Users\User\AppData\Roaming\npm\node_modules\appium\node_modules\appium-uiautomator2-server\apks\appium-uiautomator2-server-debug-androidTest.apk'
[35m[UiAutomator2][39m Waiting up to 30000ms for UiAutomator2 to be online...
[35m[WD Proxy][39m socket hang up
[35m[WD Proxy][39m socket hang up
[35m[WD Proxy][39m socket hang up
[35m[WD Proxy][39m socket hang up
[35m[WD Proxy][39m socket hang up
[35m[WD Proxy][39m socket hang up
[35m[WD Proxy][39m Determined the downstream protocol as 'W3C'
[35m[AndroidDriver][39m Screen already unlocked, doing nothing
[35m[UiAutomator2][39m Starting 'com.android.settings/.Settings and waiting for 'com.android.settings/.Settings'
[35m[Appium][39m New AndroidUiautomator2Driver session created successfully, session 53550759-7dfa-4e06-9102-2703feb4fcd9 added to master session list
[35m[HTTP][39m [37m<-- POST /wd/hub/session [39m[32m200[39m [90m12020 ms - 1181[39m
[35m[HTTP][39m [90m[39m
[35m[HTTP][39m [37m-->[39m [37mGET[39m [37m/wd/hub/session/53550759-7dfa-4e06-9102-2703feb4fcd9[39m
[35m[HTTP][39m [90m{}[39m
[35m[HTTP][39m [37m<-- GET /wd/hub/session/53550759-7dfa-4e06-9102-2703feb4fcd9 [39m[32m200[39m [90m17 ms - 1135[39m
[35m[HTTP][39m [90m[39m
[35m[HTTP][39m [37m-->[39m [37mGET[39m [37m/wd/hub/session/53550759-7dfa-4e06-9102-2703feb4fcd9[39m
[35m[HTTP][39m [90m{}[39m
[35m[HTTP][39m [37m<-- GET /wd/hub/session/53550759-7dfa-4e06-9102-2703feb4fcd9 [39m[32m200[39m [90m12 ms - 1135[39m
[35m[HTTP][39m [90m[39m
[35m[HTTP][39m [37m-->[39m [37mGET[39m [37m/wd/hub/status[39m
[35m[HTTP][39m [90m{}[39m
[35m[HTTP][39m [37m<-- GET /wd/hub/status [39m[32m200[39m [90m2 ms - 68[39m
[35m[HTTP][39m [90m[39m
[35m[HTTP][39m [37m-->[39m [37mPOST[39m [37m/wd/hub/session/53550759-7dfa-4e06-9102-2703feb4fcd9/timeouts[39m
[35m[HTTP][39m [90m{"implicit":120000}[39m
[35m[HTTP][39m [37m<-- POST /wd/hub/session/53550759-7dfa-4e06-9102-2703feb4fcd9/timeouts [39m[32m200[39m [90m3 ms - 14[39m
[35m[HTTP][39m [90m[39m
[35m[HTTP][39m [37m-->[39m [37mGET[39m [37m/wd/hub/session/53550759-7dfa-4e06-9102-2703feb4fcd9/screenshot[39m
[35m[HTTP][39m [90m{}[39m
[35m[HTTP][39m [37m<-- GET /wd/hub/session/53550759-7dfa-4e06-9102-2703feb4fcd9/screenshot [39m[32m200[39m [90m549 ms - 298826[39m
[35m[HTTP][39m [90m[39m
[35m[HTTP][39m [37m-->[39m [37mGET[39m [37m/wd/hub/session/53550759-7dfa-4e06-9102-2703feb4fcd9/window/rect[39m
[35m[HTTP][39m [90m{}[39m
[35m[HTTP][39m [37m<-- GET /wd/hub/session/53550759-7dfa-4e06-9102-2703feb4fcd9/window/rect [39m[32m200[39m [90m16 ms - 50[39m
[35m[HTTP][39m [90m[39m
[35m[HTTP][39m [37m-->[39m [37mGET[39m [37m/wd/hub/session/53550759-7dfa-4e06-9102-2703feb4fcd9/appium/device/system_bars[39m
[35m[HTTP][39m [90m{}[39m
[35m[HTTP][39m [37m<-- GET /wd/hub/session/53550759-7dfa-4e06-9102-2703feb4fcd9/appium/device/system_bars [39m[32m200[39m [90m130 ms - 145[39m
[35m[HTTP][39m [90m[39m
[35m[HTTP][39m [37m-->[39m [37mPOST[39m [37m/wd/hub/session/53550759-7dfa-4e06-9102-2703feb4fcd9/appium/device/activate_app[39m
[35m[HTTP][39m [90m{"bundleId":"pkp.mobile.fmui"}[39m
[35m[HTTP][39m [37m<-- POST /wd/hub/session/53550759-7dfa-4e06-9102-2703feb4fcd9/appium/device/activate_app [39m[32m200[39m [90m3401 ms - 14[39m
[35m[HTTP][39m [90m[39m
[35m[HTTP][39m [37m-->[39m [37mPOST[39m [37m/wd/hub/session/53550759-7dfa-4e06-9102-2703feb4fcd9/timeouts[39m
[35m[HTTP][39m [90m{"implicit":50}[39m
[35m[HTTP][39m [37m<-- POST /wd/hub/session/53550759-7dfa-4e06-9102-2703feb4fcd9/timeouts [39m[32m200[39m [90m1 ms - 14[39m
[35m[HTTP][39m [90m[39m
[35m[HTTP][39m [37m-->[39m [37mGET[39m [37m/wd/hub/session/53550759-7dfa-4e06-9102-2703feb4fcd9/window/rect[39m
[35m[HTTP][39m [90m{}[39m
[35m[HTTP][39m [37m<-- GET /wd/hub/session/53550759-7dfa-4e06-9102-2703feb4fcd9/window/rect [39m[32m200[39m [90m15 ms - 50[39m
[35m[HTTP][39m [90m[39m
[35m[HTTP][39m [37m-->[39m [37mPOST[39m [37m/wd/hub/session/53550759-7dfa-4e06-9102-2703feb4fcd9/elements[39m
[35m[HTTP][39m [90m{"using":"accessibility id","value":"Selanjutnya"}[39m
[35m[HTTP][39m [37m<-- POST /wd/hub/session/53550759-7dfa-4e06-9102-2703feb4fcd9/elements [39m[32m200[39m [90m551 ms - 12[39m
[35m[HTTP][39m [90m[39m
[35m[HTTP][39m [37m-->[39m [37mPOST[39m [37m/wd/hub/session/53550759-7dfa-4e06-9102-2703feb4fcd9/elements[39m
[35m[HTTP][39m [90m{"using":"accessibility id","value":"Selanjutnya"}[39m
[35m[HTTP][39m [37m<-- POST /wd/hub/session/53550759-7dfa-4e06-9102-2703feb4fcd9/elements [39m[32m200[39m [90m74 ms - 12[39m
[35m[HTTP][39m [90m[39m
[35m[HTTP][39m [37m-->[39m [37mPOST[39m [37m/wd/hub/session/53550759-7dfa-4e06-9102-2703feb4fcd9/elements[39m
[35m[HTTP][39m [90m{"using":"accessibility id","value":"Selanjutnya"}[39m
[35m[HTTP][39m [37m<-- POST /wd/hub/session/53550759-7dfa-4e06-9102-2703feb4fcd9/elements [39m[32m200[39m [90m77 ms - 12[39m
[35m[HTTP][39m [90m[39m
[35m[HTTP][39m [37m-->[39m [37mPOST[39m [37m/wd/hub/session/53550759-7dfa-4e06-9102-2703feb4fcd9/elements[39m
[35m[HTTP][39m [90m{"using":"accessibility id","value":"Selanjutnya"}[39m
[35m[HTTP][39m [37m<-- POST /wd/hub/session/53550759-7dfa-4e06-9102-2703feb4fcd9/elements [39m[32m200[39m [90m76 ms - 12[39m
[35m[HTTP][39m [90m[39m
[35m[HTTP][39m [37m-->[39m [37mPOST[39m [37m/wd/hub/session/53550759-7dfa-4e06-9102-2703feb4fcd9/elements[39m
[35m[HTTP][39m [90m{"using":"accessibility id","value":"Selanjutnya"}[39m
[35m[HTTP][39m [37m<-- POST /wd/hub/session/53550759-7dfa-4e06-9102-2703feb4fcd9/elements [39m[32m200[39m [90m74 ms - 12[39m
[35m[HTTP][39m [90m[39m
[35m[HTTP][39m [37m-->[39m [37mPOST[39m [37m/wd/hub/session/53550759-7dfa-4e06-9102-2703feb4fcd9/elements[39m
[35m[HTTP][39m [90m{"using":"accessibility id","value":"Selanjutnya"}[39m
[35m[HTTP][39m [37m<-- POST /wd/hub/session/53550759-7dfa-4e06-9102-2703feb4fcd9/elements [39m[32m200[39m [90m74 ms - 12[39m
[35m[HTTP][39m [90m[39m
[35m[HTTP][39m [37m-->[39m [37mPOST[39m [37m/wd/hub/session/53550759-7dfa-4e06-9102-2703feb4fcd9/elements[39m
[35m[HTTP][39m [90m{"using":"accessibility id","value":"Selanjutnya"}[39m
[35m[HTTP][39m [37m<-- POST /wd/hub/session/53550759-7dfa-4e06-9102-2703feb4fcd9/elements [39m[32m200[39m [90m546 ms - 12[39m
[35m[HTTP][39m [90m[39m
[35m[HTTP][39m [37m-->[39m [37mPOST[39m [37m/wd/hub/session/53550759-7dfa-4e06-9102-2703feb4fcd9/elements[39m
[35m[HTTP][39m [90m{"using":"accessibility id","value":"Selanjutnya"}[39m
[35m[HTTP][39m [37m<-- POST /wd/hub/session/53550759-7dfa-4e06-9102-2703feb4fcd9/elements [39m[32m200[39m [90m79 ms - 12[39m
[35m[HTTP][39m [90m[39m
[35m[HTTP][39m [37m-->[39m [37mPOST[39m [37m/wd/hub/session/53550759-7dfa-4e06-9102-2703feb4fcd9/elements[39m
[35m[HTTP][39m [90m{"using":"accessibility id","value":"Selanjutnya"}[39m
[35m[HTTP][39m [37m<-- POST /wd/hub/session/53550759-7dfa-4e06-9102-2703feb4fcd9/elements [39m[32m200[39m [90m85 ms - 12[39m
[35m[HTTP][39m [90m[39m
[35m[HTTP][39m [37m-->[39m [37mPOST[39m [37m/wd/hub/session/53550759-7dfa-4e06-9102-2703feb4fcd9/elements[39m
[35m[HTTP][39m [90m{"using":"accessibility id","value":"Selanjutnya"}[39m
[35m[HTTP][39m [37m<-- POST /wd/hub/session/53550759-7dfa-4e06-9102-2703feb4fcd9/elements [39m[32m200[39m [90m80 ms - 12[39m
[35m[HTTP][39m [90m[39m
[35m[HTTP][39m [37m-->[39m [37mPOST[39m [37m/wd/hub/session/53550759-7dfa-4e06-9102-2703feb4fcd9/elements[39m
[35m[HTTP][39m [90m{"using":"accessibility id","value":"Selanjutnya"}[39m
[35m[HTTP][39m [37m<-- POST /wd/hub/session/53550759-7dfa-4e06-9102-2703feb4fcd9/elements [39m[32m200[39m [90m90 ms - 12[39m
[35m[HTTP][39m [90m[39m
[35m[HTTP][39m [37m-->[39m [37mPOST[39m [37m/wd/hub/session/53550759-7dfa-4e06-9102-2703feb4fcd9/elements[39m
[35m[HTTP][39m [90m{"using":"accessibility id","value":"Selanjutnya"}[39m
[35m[HTTP][39m [37m<-- POST /wd/hub/session/53550759-7dfa-4e06-9102-2703feb4fcd9/elements [39m[32m200[39m [90m93 ms - 12[39m
[35m[HTTP][39m [90m[39m
