[35m[Appium][39m Welcome to Appium v1.22.0
[35m[Appium][39m Non-default server args:
[35m[Appium][39m   port: 55484
[35m[Appium][39m   loglevel: info
[35m[Appium][39m   tmpDir: C:\Users\User\AppData\Local\Temp\\Katalon\Appium\Temp1689060958276
[35m[Appium][39m   chromedriverPort: 55486
[35m[Appium][39m Deprecated server args:
[35m[Appium][39m   [31m--chromedriver-port[39m => --default-capabilities
[35m[Appium][39m Default capabilities, which will be added to each request unless overridden by desired capabilities:
[35m[Appium][39m   chromedriverPort: 55486
[35m[Appium][39m Appium REST http interface listener started on 0.0.0.0:55484
[35m[HTTP][39m [37m-->[39m [37mGET[39m [37m/wd/hub/status[39m
[35m[HTTP][39m [90m{}[39m
[35m[HTTP][39m [37m<-- GET /wd/hub/status [39m[32m200[39m [90m6 ms - 68[39m
[35m[HTTP][39m [90m[39m
[35m[HTTP][39m [37m-->[39m [37mPOST[39m [37m/wd/hub/session[39m
[35m[HTTP][39m [90m{"desiredCapabilities":{"appActivity":".Settings","appPackage":"com.android.settings","newCommandTimeout":1800,"platformVersion":"12","automationName":"uiautomator2","autoGrantPermissions":true,"platformName":"Android","udid":"aihykrce5lrgzhxg","deviceName":"Xiaomi M2103K19PG (Android 12)","platform":"ANDROID","systemPort":8262},"capabilities":{"firstMatch":[{"appium:appActivity":".Settings","appium:appPackage":"com.android.settings","appium:autoGrantPermissions":true,"appium:automationName":"uiautomator2","appium:deviceName":"Xiaomi M2103K19PG (Android 12)","appium:newCommandTimeout":1800,"platform":"ANDROID","platformName":"android","appium:platformVersion":"12","appium:systemPort":8262,"appium:udid":"aihykrce5lrgzhxg"}]}}[39m
[35m[BaseDriver][39m The following capabilities are not standard capabilities and should have an extension prefix:
[35m[BaseDriver][39m   platform
[35m[BaseDriver][39m   chromedriverPort
[35m[Appium][39m Appium v1.22.0 creating new AndroidUiautomator2Driver (v1.69.0) session
[35m[BaseDriver][39m The following capabilities were provided, but are not recognized by Appium:
[35m[BaseDriver][39m   platform
[35m[BaseDriver][39m Session created with session id: 83dbaab7-8ce4-4738-967f-1205a64a65e5
[35m[UiAutomator2][39m Starting 'com.android.settings' directly on the device
[35m[ADB][39m Found 1 'build-tools' folders under 'C:\Users\User\.katalon\tools\android_sdk' (newest first):
[35m[ADB][39m     C:/Users/User/.katalon/tools/android_sdk/build-tools/29.0.3
[35m[ADB][39m Using 'adb.exe' from 'C:\Users\User\.katalon\tools\android_sdk\platform-tools\adb.exe'
[35m[AndroidDriver][39m Retrieving device list
[35m[AndroidDriver][39m Using device: aihykrce5lrgzhxg
[35m[ADB][39m Using 'adb.exe' from 'C:\Users\User\.katalon\tools\android_sdk\platform-tools\adb.exe'
[35m[ADB][39m Getting device platform version
[35m[UiAutomator2][39m Relaxing hidden api policy
[35m[AndroidDriver][39m No app sent in, not parsing package/activity
[35m[ADB][39m Using 'apksigner.jar' from 'C:\Users\User\.katalon\tools\android_sdk\build-tools\29.0.3\lib\apksigner.jar'
[35m[ADB][39m 'C:\Users\User\AppData\Roaming\npm\node_modules\appium\node_modules\appium-uiautomator2-server\apks\appium-uiautomator2-server-v4.24.0.apk' is signed with the default certificate
[35m[ADB][39m 'C:\Users\User\AppData\Roaming\npm\node_modules\appium\node_modules\appium-uiautomator2-server\apks\appium-uiautomator2-server-debug-androidTest.apk' is signed with the default certificate
[35m[UiAutomator2][39m Server packages are not going to be (re)installed
[35m[ADB][39m Adding packages ["io.appium.settings","io.appium.uiautomator2.server","io.appium.uiautomator2.server.test"] to Doze whitelist
[35m[UiAutomator2][39m Starting UIAutomator2 server 4.24.0
[35m[UiAutomator2][39m Using UIAutomator2 server from 'C:\Users\User\AppData\Roaming\npm\node_modules\appium\node_modules\appium-uiautomator2-server\apks\appium-uiautomator2-server-v4.24.0.apk' and test from 'C:\Users\User\AppData\Roaming\npm\node_modules\appium\node_modules\appium-uiautomator2-server\apks\appium-uiautomator2-server-debug-androidTest.apk'
[35m[UiAutomator2][39m Waiting up to 30000ms for UiAutomator2 to be online...
[35m[WD Proxy][39m socket hang up
[35m[WD Proxy][39m socket hang up
[35m[WD Proxy][39m socket hang up
[35m[WD Proxy][39m socket hang up
[35m[WD Proxy][39m socket hang up
[35m[WD Proxy][39m socket hang up
[35m[WD Proxy][39m Determined the downstream protocol as 'W3C'
[35m[AndroidDriver][39m Screen already unlocked, doing nothing
[35m[UiAutomator2][39m Starting 'com.android.settings/.Settings and waiting for 'com.android.settings/.Settings'
[35m[Appium][39m New AndroidUiautomator2Driver session created successfully, session 83dbaab7-8ce4-4738-967f-1205a64a65e5 added to master session list
[35m[HTTP][39m [37m<-- POST /wd/hub/session [39m[32m200[39m [90m12788 ms - 1181[39m
[35m[HTTP][39m [90m[39m
[35m[HTTP][39m [37m-->[39m [37mGET[39m [37m/wd/hub/session/83dbaab7-8ce4-4738-967f-1205a64a65e5[39m
[35m[HTTP][39m [90m{}[39m
[35m[HTTP][39m [37m<-- GET /wd/hub/session/83dbaab7-8ce4-4738-967f-1205a64a65e5 [39m[32m200[39m [90m8 ms - 1135[39m
[35m[HTTP][39m [90m[39m
[35m[HTTP][39m [37m-->[39m [37mGET[39m [37m/wd/hub/session/83dbaab7-8ce4-4738-967f-1205a64a65e5[39m
[35m[HTTP][39m [90m{}[39m
[35m[HTTP][39m [37m<-- GET /wd/hub/session/83dbaab7-8ce4-4738-967f-1205a64a65e5 [39m[32m200[39m [90m8 ms - 1135[39m
[35m[HTTP][39m [90m[39m
[35m[HTTP][39m [37m-->[39m [37mGET[39m [37m/wd/hub/status[39m
[35m[HTTP][39m [90m{}[39m
[35m[HTTP][39m [37m<-- GET /wd/hub/status [39m[32m200[39m [90m1 ms - 68[39m
[35m[HTTP][39m [90m[39m
[35m[HTTP][39m [37m-->[39m [37mPOST[39m [37m/wd/hub/session/83dbaab7-8ce4-4738-967f-1205a64a65e5/timeouts[39m
[35m[HTTP][39m [90m{"implicit":120000}[39m
[35m[HTTP][39m [37m<-- POST /wd/hub/session/83dbaab7-8ce4-4738-967f-1205a64a65e5/timeouts [39m[32m200[39m [90m2 ms - 14[39m
[35m[HTTP][39m [90m[39m
[35m[HTTP][39m [37m-->[39m [37mGET[39m [37m/wd/hub/session/83dbaab7-8ce4-4738-967f-1205a64a65e5/screenshot[39m
[35m[HTTP][39m [90m{}[39m
[35m[HTTP][39m [37m<-- GET /wd/hub/session/83dbaab7-8ce4-4738-967f-1205a64a65e5/screenshot [39m[32m200[39m [90m357 ms - 185390[39m
[35m[HTTP][39m [90m[39m
[35m[HTTP][39m [37m-->[39m [37mGET[39m [37m/wd/hub/session/83dbaab7-8ce4-4738-967f-1205a64a65e5/window/rect[39m
[35m[HTTP][39m [90m{}[39m
[35m[HTTP][39m [37m<-- GET /wd/hub/session/83dbaab7-8ce4-4738-967f-1205a64a65e5/window/rect [39m[32m200[39m [90m15 ms - 50[39m
[35m[HTTP][39m [90m[39m
[35m[HTTP][39m [37m-->[39m [37mGET[39m [37m/wd/hub/session/83dbaab7-8ce4-4738-967f-1205a64a65e5/appium/device/system_bars[39m
[35m[HTTP][39m [90m{}[39m
[35m[HTTP][39m [37m<-- GET /wd/hub/session/83dbaab7-8ce4-4738-967f-1205a64a65e5/appium/device/system_bars [39m[32m200[39m [90m122 ms - 145[39m
[35m[HTTP][39m [90m[39m
[35m[HTTP][39m [37m-->[39m [37mPOST[39m [37m/wd/hub/session/83dbaab7-8ce4-4738-967f-1205a64a65e5/appium/device/activate_app[39m
[35m[HTTP][39m [90m{"bundleId":"pkp.mobile.fmui"}[39m
[35m[HTTP][39m [37m<-- POST /wd/hub/session/83dbaab7-8ce4-4738-967f-1205a64a65e5/appium/device/activate_app [39m[32m200[39m [90m3392 ms - 14[39m
[35m[HTTP][39m [90m[39m
[35m[HTTP][39m [37m-->[39m [37mPOST[39m [37m/wd/hub/session/83dbaab7-8ce4-4738-967f-1205a64a65e5/timeouts[39m
[35m[HTTP][39m [90m{"implicit":50}[39m
[35m[HTTP][39m [37m<-- POST /wd/hub/session/83dbaab7-8ce4-4738-967f-1205a64a65e5/timeouts [39m[32m200[39m [90m3 ms - 14[39m
[35m[HTTP][39m [90m[39m
[35m[HTTP][39m [37m-->[39m [37mGET[39m [37m/wd/hub/session/83dbaab7-8ce4-4738-967f-1205a64a65e5/window/rect[39m
[35m[HTTP][39m [90m{}[39m
[35m[HTTP][39m [37m<-- GET /wd/hub/session/83dbaab7-8ce4-4738-967f-1205a64a65e5/window/rect [39m[32m200[39m [90m17 ms - 50[39m
[35m[HTTP][39m [90m[39m
[35m[HTTP][39m [37m-->[39m [37mPOST[39m [37m/wd/hub/session/83dbaab7-8ce4-4738-967f-1205a64a65e5/elements[39m
[35m[HTTP][39m [90m{"using":"xpath","value":"//*[@class = 'android.widget.ImageView' and (@text = 'Masukan Username' or . = 'Masukan Username') and @resource-id = '']"}[39m
[35m[HTTP][39m [37m<-- POST /wd/hub/session/83dbaab7-8ce4-4738-967f-1205a64a65e5/elements [39m[32m200[39m [90m398 ms - 139[39m
[35m[HTTP][39m [90m[39m
[35m[HTTP][39m [37m-->[39m [37mGET[39m [37m/wd/hub/session/83dbaab7-8ce4-4738-967f-1205a64a65e5/element/00000000-0000-020d-0000-002700000003/location[39m
[35m[HTTP][39m [90m{}[39m
[35m[W3C (83dbaab7)][39m Driver proxy active, passing request on via HTTP proxy
[35m[WD Proxy][39m Replacing sessionId b41cca4b-c3d6-4abd-b74d-d5749ef70b8a with 83dbaab7-8ce4-4738-967f-1205a64a65e5
[35m[HTTP][39m [37m<-- GET /wd/hub/session/83dbaab7-8ce4-4738-967f-1205a64a65e5/element/00000000-0000-020d-0000-002700000003/location [39m[32m200[39m [90m18 ms - 78[39m
[35m[HTTP][39m [90m[39m
[35m[HTTP][39m [37m-->[39m [37mPOST[39m [37m/wd/hub/session/83dbaab7-8ce4-4738-967f-1205a64a65e5/timeouts[39m
[35m[HTTP][39m [90m{"implicit":120000}[39m
[35m[HTTP][39m [37m<-- POST /wd/hub/session/83dbaab7-8ce4-4738-967f-1205a64a65e5/timeouts [39m[32m200[39m [90m1 ms - 14[39m
[35m[HTTP][39m [90m[39m
[35m[HTTP][39m [37m-->[39m [37mPOST[39m [37m/wd/hub/session/83dbaab7-8ce4-4738-967f-1205a64a65e5/element/00000000-0000-020d-0000-002700000003/click[39m
[35m[HTTP][39m [90m{"id":"00000000-0000-020d-0000-002700000003"}[39m
[35m[HTTP][39m [37m<-- POST /wd/hub/session/83dbaab7-8ce4-4738-967f-1205a64a65e5/element/00000000-0000-020d-0000-002700000003/click [39m[32m200[39m [90m157 ms - 14[39m
[35m[HTTP][39m [90m[39m
[35m[HTTP][39m [37m-->[39m [37mPOST[39m [37m/wd/hub/session/83dbaab7-8ce4-4738-967f-1205a64a65e5/actions[39m
[35m[HTTP][39m [90m{"actions":[{"type":"key","actions":[{"type":"keyDown","value":"m"},{"type":"keyUp","value":"m"},{"type":"keyDown","value":"i"},{"type":"keyUp","value":"i"},{"type":"keyDown","value":"t"},{"type":"keyUp","value":"t"},{"type":"keyDown","value":"r"},{"type":"keyUp","value":"r"},{"type":"keyDown","value":"a"},{"type":"keyUp","value":"a"},{"type":"keyDown","value":"1"},{"type":"keyUp","value":"1"},{"type":"keyDown","value":"3"},{"type":"keyUp","value":"3"},{"type":"keyDown","value":"0"},{"type":"keyUp","value":"0"},{"type":"keyDown","value":"4"},{"type":"keyUp","value":"4"},{"type":"keyDown","value":"2"},{"type":"keyUp","value":"2"},{"type":"keyDown","value":"3"},{"type":"keyUp","value":"3"}],"id":"keyboard"}]}[39m
[35m[HTTP][39m [37m<-- POST /wd/hub/session/83dbaab7-8ce4-4738-967f-1205a64a65e5/actions [39m[32m200[39m [90m617 ms - 14[39m
[35m[HTTP][39m [90m[39m
[35m[HTTP][39m [37m-->[39m [37mGET[39m [37m/wd/hub/session/83dbaab7-8ce4-4738-967f-1205a64a65e5/context[39m
[35m[HTTP][39m [90m{}[39m
[35m[HTTP][39m [37m<-- GET /wd/hub/session/83dbaab7-8ce4-4738-967f-1205a64a65e5/context [39m[32m200[39m [90m1 ms - 22[39m
[35m[HTTP][39m [90m[39m
[35m[HTTP][39m [37m-->[39m [37mGET[39m [37m/wd/hub/session/83dbaab7-8ce4-4738-967f-1205a64a65e5/contexts[39m
[35m[HTTP][39m [90m{}[39m
[35m[HTTP][39m [37m<-- GET /wd/hub/session/83dbaab7-8ce4-4738-967f-1205a64a65e5/contexts [39m[32m200[39m [90m102 ms - 24[39m
[35m[HTTP][39m [90m[39m
[35m[HTTP][39m [37m-->[39m [37mPOST[39m [37m/wd/hub/session/83dbaab7-8ce4-4738-967f-1205a64a65e5/context[39m
[35m[HTTP][39m [90m{"name":"NATIVE_APP"}[39m
[35m[HTTP][39m [37m<-- POST /wd/hub/session/83dbaab7-8ce4-4738-967f-1205a64a65e5/context [39m[32m200[39m [90m1 ms - 14[39m
[35m[HTTP][39m [90m[39m
[35m[HTTP][39m [37m-->[39m [37mPOST[39m [37m/wd/hub/session/83dbaab7-8ce4-4738-967f-1205a64a65e5/appium/device/hide_keyboard[39m
[35m[HTTP][39m [90m{}[39m
[35m[HTTP][39m [37m<-- POST /wd/hub/session/83dbaab7-8ce4-4738-967f-1205a64a65e5/appium/device/hide_keyboard [39m[32m200[39m [90m1598 ms - 14[39m
[35m[HTTP][39m [90m[39m
[35m[HTTP][39m [37m-->[39m [37mPOST[39m [37m/wd/hub/session/83dbaab7-8ce4-4738-967f-1205a64a65e5/context[39m
[35m[HTTP][39m [90m{"name":"NATIVE_APP"}[39m
[35m[HTTP][39m [37m<-- POST /wd/hub/session/83dbaab7-8ce4-4738-967f-1205a64a65e5/context [39m[32m200[39m [90m3 ms - 14[39m
[35m[HTTP][39m [90m[39m
[35m[HTTP][39m [37m-->[39m [37mPOST[39m [37m/wd/hub/session/83dbaab7-8ce4-4738-967f-1205a64a65e5/timeouts[39m
[35m[HTTP][39m [90m{"implicit":50}[39m
[35m[HTTP][39m [37m<-- POST /wd/hub/session/83dbaab7-8ce4-4738-967f-1205a64a65e5/timeouts [39m[32m200[39m [90m1 ms - 14[39m
[35m[HTTP][39m [90m[39m
[35m[HTTP][39m [37m-->[39m [37mGET[39m [37m/wd/hub/session/83dbaab7-8ce4-4738-967f-1205a64a65e5/window/rect[39m
[35m[HTTP][39m [90m{}[39m
[35m[HTTP][39m [37m<-- GET /wd/hub/session/83dbaab7-8ce4-4738-967f-1205a64a65e5/window/rect [39m[32m200[39m [90m11 ms - 50[39m
[35m[HTTP][39m [90m[39m
[35m[HTTP][39m [37m-->[39m [37mPOST[39m [37m/wd/hub/session/83dbaab7-8ce4-4738-967f-1205a64a65e5/elements[39m
[35m[HTTP][39m [90m{"using":"xpath","value":"//*[@class = 'android.widget.ImageView' and (@text = 'Masukan Password' or . = 'Masukan Password') and @resource-id = '']"}[39m
[35m[HTTP][39m [37m<-- POST /wd/hub/session/83dbaab7-8ce4-4738-967f-1205a64a65e5/elements [39m[32m200[39m [90m486 ms - 139[39m
[35m[HTTP][39m [90m[39m
[35m[HTTP][39m [37m-->[39m [37mGET[39m [37m/wd/hub/session/83dbaab7-8ce4-4738-967f-1205a64a65e5/element/00000000-0000-020d-0000-002900000003/location[39m
[35m[HTTP][39m [90m{}[39m
[35m[W3C (83dbaab7)][39m Driver proxy active, passing request on via HTTP proxy
[35m[WD Proxy][39m Replacing sessionId b41cca4b-c3d6-4abd-b74d-d5749ef70b8a with 83dbaab7-8ce4-4738-967f-1205a64a65e5
[35m[HTTP][39m [37m<-- GET /wd/hub/session/83dbaab7-8ce4-4738-967f-1205a64a65e5/element/00000000-0000-020d-0000-002900000003/location [39m[32m200[39m [90m16 ms - 78[39m
[35m[HTTP][39m [90m[39m
[35m[HTTP][39m [37m-->[39m [37mPOST[39m [37m/wd/hub/session/83dbaab7-8ce4-4738-967f-1205a64a65e5/timeouts[39m
[35m[HTTP][39m [90m{"implicit":120000}[39m
[35m[HTTP][39m [37m<-- POST /wd/hub/session/83dbaab7-8ce4-4738-967f-1205a64a65e5/timeouts [39m[32m200[39m [90m1 ms - 14[39m
[35m[HTTP][39m [90m[39m
[35m[HTTP][39m [37m-->[39m [37mPOST[39m [37m/wd/hub/session/83dbaab7-8ce4-4738-967f-1205a64a65e5/element/00000000-0000-020d-0000-002900000003/click[39m
[35m[HTTP][39m [90m{"id":"00000000-0000-020d-0000-002900000003"}[39m
[35m[HTTP][39m [37m<-- POST /wd/hub/session/83dbaab7-8ce4-4738-967f-1205a64a65e5/element/00000000-0000-020d-0000-002900000003/click [39m[32m200[39m [90m67 ms - 14[39m
[35m[HTTP][39m [90m[39m
[35m[HTTP][39m [37m-->[39m [37mPOST[39m [37m/wd/hub/session/83dbaab7-8ce4-4738-967f-1205a64a65e5/actions[39m
[35m[HTTP][39m [90m{"actions":[{"type":"key","actions":[{"type":"keyDown","value":"M"},{"type":"keyUp","value":"M"},{"type":"keyDown","value":"O"},{"type":"keyUp","value":"O"},{"type":"keyDown","value":"u"},{"type":"keyUp","value":"u"},{"type":"keyDown","value":"Y"},{"type":"keyUp","value":"Y"},{"type":"keyDown","value":"E"},{"type":"keyUp","value":"E"},{"type":"keyDown","value":"H"},{"type":"keyUp","value":"H"},{"type":"keyDown","value":"k"},{"type":"keyUp","value":"k"},{"type":"keyDown","value":"h"},{"type":"keyUp","value":"h"},{"type":"keyDown","value":"f"},{"type":"keyUp","value":"f"},{"type":"keyDown","value":"r"},{"type":"keyUp","value":"r"},{"type":"keyDown","value":"b"},{"type":"keyUp","value":"b"},{"type":"keyDown","value":"L"},{"type":"keyUp","value":"L"},{"type":"keyDown","value":"E"},{"type":"keyUp","value":"E"},{"type":"keyDown","value":"1"},{"type":"keyUp","value":"1"},{"type":"keyDown","value":"O"},{"type":"keyUp","value":"O"},{"type":"keyDown","value":"i"},{"type":"keyUp","value":"i"},{"type":"keyDown","value...[39m
[35m[HTTP][39m [37m<-- POST /wd/hub/session/83dbaab7-8ce4-4738-967f-1205a64a65e5/actions [39m[32m200[39m [90m3087 ms - 14[39m
[35m[HTTP][39m [90m[39m
[35m[HTTP][39m [37m-->[39m [37mGET[39m [37m/wd/hub/session/83dbaab7-8ce4-4738-967f-1205a64a65e5/context[39m
[35m[HTTP][39m [90m{}[39m
[35m[HTTP][39m [37m<-- GET /wd/hub/session/83dbaab7-8ce4-4738-967f-1205a64a65e5/context [39m[32m200[39m [90m3 ms - 22[39m
[35m[HTTP][39m [90m[39m
[35m[HTTP][39m [37m-->[39m [37mGET[39m [37m/wd/hub/session/83dbaab7-8ce4-4738-967f-1205a64a65e5/contexts[39m
[35m[HTTP][39m [90m{}[39m
[35m[HTTP][39m [37m<-- GET /wd/hub/session/83dbaab7-8ce4-4738-967f-1205a64a65e5/contexts [39m[32m200[39m [90m89 ms - 24[39m
[35m[HTTP][39m [90m[39m
[35m[HTTP][39m [37m-->[39m [37mPOST[39m [37m/wd/hub/session/83dbaab7-8ce4-4738-967f-1205a64a65e5/context[39m
[35m[HTTP][39m [90m{"name":"NATIVE_APP"}[39m
[35m[HTTP][39m [37m<-- POST /wd/hub/session/83dbaab7-8ce4-4738-967f-1205a64a65e5/context [39m[32m200[39m [90m3 ms - 14[39m
[35m[HTTP][39m [90m[39m
[35m[HTTP][39m [37m-->[39m [37mPOST[39m [37m/wd/hub/session/83dbaab7-8ce4-4738-967f-1205a64a65e5/appium/device/hide_keyboard[39m
[35m[HTTP][39m [90m{}[39m
[35m[HTTP][39m [37m<-- POST /wd/hub/session/83dbaab7-8ce4-4738-967f-1205a64a65e5/appium/device/hide_keyboard [39m[32m200[39m [90m1721 ms - 14[39m
[35m[HTTP][39m [90m[39m
[35m[HTTP][39m [37m-->[39m [37mPOST[39m [37m/wd/hub/session/83dbaab7-8ce4-4738-967f-1205a64a65e5/context[39m
[35m[HTTP][39m [90m{"name":"NATIVE_APP"}[39m
[35m[HTTP][39m [37m<-- POST /wd/hub/session/83dbaab7-8ce4-4738-967f-1205a64a65e5/context [39m[32m200[39m [90m2 ms - 14[39m
[35m[HTTP][39m [90m[39m
[35m[HTTP][39m [37m-->[39m [37mPOST[39m [37m/wd/hub/session/83dbaab7-8ce4-4738-967f-1205a64a65e5/timeouts[39m
[35m[HTTP][39m [90m{"implicit":50}[39m
[35m[HTTP][39m [37m<-- POST /wd/hub/session/83dbaab7-8ce4-4738-967f-1205a64a65e5/timeouts [39m[32m200[39m [90m1 ms - 14[39m
[35m[HTTP][39m [90m[39m
[35m[HTTP][39m [37m-->[39m [37mGET[39m [37m/wd/hub/session/83dbaab7-8ce4-4738-967f-1205a64a65e5/window/rect[39m
[35m[HTTP][39m [90m{}[39m
[35m[HTTP][39m [37m<-- GET /wd/hub/session/83dbaab7-8ce4-4738-967f-1205a64a65e5/window/rect [39m[32m200[39m [90m13 ms - 50[39m
[35m[HTTP][39m [90m[39m
[35m[HTTP][39m [37m-->[39m [37mPOST[39m [37m/wd/hub/session/83dbaab7-8ce4-4738-967f-1205a64a65e5/elements[39m
[35m[HTTP][39m [90m{"using":"xpath","value":"//hierarchy/android.widget.FrameLayout[1]/android.widget.LinearLayout[1]/android.widget.FrameLayout[1]/android.widget.FrameLayout[1]/android.view.View[1]/android.view.View[1]/android.view.View[1]/android.view.View[1]/android.widget.ScrollView[1]/android.view.View[9]"}[39m
[35m[HTTP][39m [37m<-- POST /wd/hub/session/83dbaab7-8ce4-4738-967f-1205a64a65e5/elements [39m[32m200[39m [90m1044 ms - 139[39m
[35m[HTTP][39m [90m[39m
[35m[HTTP][39m [37m-->[39m [37mGET[39m [37m/wd/hub/session/83dbaab7-8ce4-4738-967f-1205a64a65e5/element/00000000-0000-020d-0000-002c00000003/location[39m
[35m[HTTP][39m [90m{}[39m
[35m[W3C (83dbaab7)][39m Driver proxy active, passing request on via HTTP proxy
[35m[WD Proxy][39m Replacing sessionId b41cca4b-c3d6-4abd-b74d-d5749ef70b8a with 83dbaab7-8ce4-4738-967f-1205a64a65e5
[35m[HTTP][39m [37m<-- GET /wd/hub/session/83dbaab7-8ce4-4738-967f-1205a64a65e5/element/00000000-0000-020d-0000-002c00000003/location [39m[32m200[39m [90m20 ms - 78[39m
[35m[HTTP][39m [90m[39m
[35m[HTTP][39m [37m-->[39m [37mPOST[39m [37m/wd/hub/session/83dbaab7-8ce4-4738-967f-1205a64a65e5/timeouts[39m
[35m[HTTP][39m [90m{"implicit":120000}[39m
[35m[HTTP][39m [37m<-- POST /wd/hub/session/83dbaab7-8ce4-4738-967f-1205a64a65e5/timeouts [39m[32m200[39m [90m3 ms - 14[39m
[35m[HTTP][39m [90m[39m
[35m[HTTP][39m [37m-->[39m [37mPOST[39m [37m/wd/hub/session/83dbaab7-8ce4-4738-967f-1205a64a65e5/element/00000000-0000-020d-0000-002c00000003/click[39m
[35m[HTTP][39m [90m{"id":"00000000-0000-020d-0000-002c00000003"}[39m
[35m[HTTP][39m [37m<-- POST /wd/hub/session/83dbaab7-8ce4-4738-967f-1205a64a65e5/element/00000000-0000-020d-0000-002c00000003/click [39m[32m200[39m [90m1193 ms - 14[39m
[35m[HTTP][39m [90m[39m
[35m[HTTP][39m [37m-->[39m [37mPOST[39m [37m/wd/hub/session/83dbaab7-8ce4-4738-967f-1205a64a65e5/timeouts[39m
[35m[HTTP][39m [90m{"implicit":50}[39m
[35m[HTTP][39m [37m<-- POST /wd/hub/session/83dbaab7-8ce4-4738-967f-1205a64a65e5/timeouts [39m[32m200[39m [90m1 ms - 14[39m
[35m[HTTP][39m [90m[39m
[35m[HTTP][39m [37m-->[39m [37mGET[39m [37m/wd/hub/session/83dbaab7-8ce4-4738-967f-1205a64a65e5/window/rect[39m
[35m[HTTP][39m [90m{}[39m
[35m[HTTP][39m [37m<-- GET /wd/hub/session/83dbaab7-8ce4-4738-967f-1205a64a65e5/window/rect [39m[32m200[39m [90m25 ms - 50[39m
[35m[HTTP][39m [90m[39m
[35m[HTTP][39m [37m-->[39m [37mPOST[39m [37m/wd/hub/session/83dbaab7-8ce4-4738-967f-1205a64a65e5/elements[39m
[35m[HTTP][39m [90m{"using":"xpath","value":"//hierarchy/android.widget.FrameLayout[1]/android.widget.LinearLayout[1]/android.widget.FrameLayout[1]/android.widget.FrameLayout[1]/android.view.View[1]/android.view.View[1]/android.view.View[1]/android.view.View[1]/android.view.View[3]"}[39m
[35m[HTTP][39m [37m<-- POST /wd/hub/session/83dbaab7-8ce4-4738-967f-1205a64a65e5/elements [39m[32m200[39m [90m173 ms - 12[39m
[35m[HTTP][39m [90m[39m
[35m[HTTP][39m [37m-->[39m [37mPOST[39m [37m/wd/hub/session/83dbaab7-8ce4-4738-967f-1205a64a65e5/elements[39m
[35m[HTTP][39m [90m{"using":"xpath","value":"//hierarchy/android.widget.FrameLayout[1]/android.widget.LinearLayout[1]/android.widget.FrameLayout[1]/android.widget.FrameLayout[1]/android.view.View[1]/android.view.View[1]/android.view.View[1]/android.view.View[1]/android.view.View[3]"}[39m
[35m[HTTP][39m [37m<-- POST /wd/hub/session/83dbaab7-8ce4-4738-967f-1205a64a65e5/elements [39m[32m200[39m [90m108 ms - 12[39m
[35m[HTTP][39m [90m[39m
[35m[HTTP][39m [37m-->[39m [37mPOST[39m [37m/wd/hub/session/83dbaab7-8ce4-4738-967f-1205a64a65e5/elements[39m
[35m[HTTP][39m [90m{"using":"xpath","value":"//hierarchy/android.widget.FrameLayout[1]/android.widget.LinearLayout[1]/android.widget.FrameLayout[1]/android.widget.FrameLayout[1]/android.view.View[1]/android.view.View[1]/android.view.View[1]/android.view.View[1]/android.view.View[3]"}[39m
[35m[HTTP][39m [37m<-- POST /wd/hub/session/83dbaab7-8ce4-4738-967f-1205a64a65e5/elements [39m[32m200[39m [90m61 ms - 12[39m
[35m[HTTP][39m [90m[39m
[35m[HTTP][39m [37m-->[39m [37mPOST[39m [37m/wd/hub/session/83dbaab7-8ce4-4738-967f-1205a64a65e5/elements[39m
[35m[HTTP][39m [90m{"using":"xpath","value":"//hierarchy/android.widget.FrameLayout[1]/android.widget.LinearLayout[1]/android.widget.FrameLayout[1]/android.widget.FrameLayout[1]/android.view.View[1]/android.view.View[1]/android.view.View[1]/android.view.View[1]/android.view.View[3]"}[39m
[35m[HTTP][39m [37m<-- POST /wd/hub/session/83dbaab7-8ce4-4738-967f-1205a64a65e5/elements [39m[32m200[39m [90m102 ms - 12[39m
[35m[HTTP][39m [90m[39m
[35m[HTTP][39m [37m-->[39m [37mPOST[39m [37m/wd/hub/session/83dbaab7-8ce4-4738-967f-1205a64a65e5/elements[39m
[35m[HTTP][39m [90m{"using":"xpath","value":"//hierarchy/android.widget.FrameLayout[1]/android.widget.LinearLayout[1]/android.widget.FrameLayout[1]/android.widget.FrameLayout[1]/android.view.View[1]/android.view.View[1]/android.view.View[1]/android.view.View[1]/android.view.View[3]"}[39m
[35m[HTTP][39m [37m<-- POST /wd/hub/session/83dbaab7-8ce4-4738-967f-1205a64a65e5/elements [39m[32m200[39m [90m113 ms - 12[39m
[35m[HTTP][39m [90m[39m
[35m[HTTP][39m [37m-->[39m [37mPOST[39m [37m/wd/hub/session/83dbaab7-8ce4-4738-967f-1205a64a65e5/elements[39m
[35m[HTTP][39m [90m{"using":"xpath","value":"//hierarchy/android.widget.FrameLayout[1]/android.widget.LinearLayout[1]/android.widget.FrameLayout[1]/android.widget.FrameLayout[1]/android.view.View[1]/android.view.View[1]/android.view.View[1]/android.view.View[1]/android.view.View[3]"}[39m
[35m[HTTP][39m [37m<-- POST /wd/hub/session/83dbaab7-8ce4-4738-967f-1205a64a65e5/elements [39m[32m200[39m [90m104 ms - 12[39m
[35m[HTTP][39m [90m[39m
[35m[HTTP][39m [37m-->[39m [37mPOST[39m [37m/wd/hub/session/83dbaab7-8ce4-4738-967f-1205a64a65e5/elements[39m
[35m[HTTP][39m [90m{"using":"xpath","value":"//hierarchy/android.widget.FrameLayout[1]/android.widget.LinearLayout[1]/android.widget.FrameLayout[1]/android.widget.FrameLayout[1]/android.view.View[1]/android.view.View[1]/android.view.View[1]/android.view.View[1]/android.view.View[3]"}[39m
[35m[HTTP][39m [37m<-- POST /wd/hub/session/83dbaab7-8ce4-4738-967f-1205a64a65e5/elements [39m[32m200[39m [90m104 ms - 12[39m
[35m[HTTP][39m [90m[39m
[35m[HTTP][39m [37m-->[39m [37mPOST[39m [37m/wd/hub/session/83dbaab7-8ce4-4738-967f-1205a64a65e5/elements[39m
[35m[HTTP][39m [90m{"using":"xpath","value":"//hierarchy/android.widget.FrameLayout[1]/android.widget.LinearLayout[1]/android.widget.FrameLayout[1]/android.widget.FrameLayout[1]/android.view.View[1]/android.view.View[1]/android.view.View[1]/android.view.View[1]/android.view.View[3]"}[39m
[35m[HTTP][39m [37m<-- POST /wd/hub/session/83dbaab7-8ce4-4738-967f-1205a64a65e5/elements [39m[32m200[39m [90m126 ms - 12[39m
[35m[HTTP][39m [90m[39m
[35m[HTTP][39m [37m-->[39m [37mPOST[39m [37m/wd/hub/session/83dbaab7-8ce4-4738-967f-1205a64a65e5/elements[39m
[35m[HTTP][39m [90m{"using":"xpath","value":"//hierarchy/android.widget.FrameLayout[1]/android.widget.LinearLayout[1]/android.widget.FrameLayout[1]/android.widget.FrameLayout[1]/android.view.View[1]/android.view.View[1]/android.view.View[1]/android.view.View[1]/android.view.View[3]"}[39m
[35m[HTTP][39m [37m<-- POST /wd/hub/session/83dbaab7-8ce4-4738-967f-1205a64a65e5/elements [39m[32m200[39m [90m119 ms - 12[39m
[35m[HTTP][39m [90m[39m
[35m[HTTP][39m [37m-->[39m [37mPOST[39m [37m/wd/hub/session/83dbaab7-8ce4-4738-967f-1205a64a65e5/elements[39m
[35m[HTTP][39m [90m{"using":"xpath","value":"//hierarchy/android.widget.FrameLayout[1]/android.widget.LinearLayout[1]/android.widget.FrameLayout[1]/android.widget.FrameLayout[1]/android.view.View[1]/android.view.View[1]/android.view.View[1]/android.view.View[1]/android.view.View[3]"}[39m
[35m[HTTP][39m [37m<-- POST /wd/hub/session/83dbaab7-8ce4-4738-967f-1205a64a65e5/elements [39m[32m200[39m [90m54 ms - 12[39m
[35m[HTTP][39m [90m[39m
[35m[HTTP][39m [37m-->[39m [37mPOST[39m [37m/wd/hub/session/83dbaab7-8ce4-4738-967f-1205a64a65e5/elements[39m
[35m[HTTP][39m [90m{"using":"xpath","value":"//hierarchy/android.widget.FrameLayout[1]/android.widget.LinearLayout[1]/android.widget.FrameLayout[1]/android.widget.FrameLayout[1]/android.view.View[1]/android.view.View[1]/android.view.View[1]/android.view.View[1]/android.view.View[3]"}[39m
[35m[HTTP][39m [37m<-- POST /wd/hub/session/83dbaab7-8ce4-4738-967f-1205a64a65e5/elements [39m[32m200[39m [90m81 ms - 12[39m
[35m[HTTP][39m [90m[39m
[35m[HTTP][39m [37m-->[39m [37mPOST[39m [37m/wd/hub/session/83dbaab7-8ce4-4738-967f-1205a64a65e5/elements[39m
[35m[HTTP][39m [90m{"using":"xpath","value":"//hierarchy/android.widget.FrameLayout[1]/android.widget.LinearLayout[1]/android.widget.FrameLayout[1]/android.widget.FrameLayout[1]/android.view.View[1]/android.view.View[1]/android.view.View[1]/android.view.View[1]/android.view.View[3]"}[39m
[35m[HTTP][39m [37m<-- POST /wd/hub/session/83dbaab7-8ce4-4738-967f-1205a64a65e5/elements [39m[32m200[39m [90m93 ms - 12[39m
[35m[HTTP][39m [90m[39m
[35m[HTTP][39m [37m-->[39m [37mPOST[39m [37m/wd/hub/session/83dbaab7-8ce4-4738-967f-1205a64a65e5/elements[39m
[35m[HTTP][39m [90m{"using":"xpath","value":"//hierarchy/android.widget.FrameLayout[1]/android.widget.LinearLayout[1]/android.widget.FrameLayout[1]/android.widget.FrameLayout[1]/android.view.View[1]/android.view.View[1]/android.view.View[1]/android.view.View[1]/android.view.View[3]"}[39m
[35m[HTTP][39m [37m<-- POST /wd/hub/session/83dbaab7-8ce4-4738-967f-1205a64a65e5/elements [39m[32m200[39m [90m105 ms - 12[39m
[35m[HTTP][39m [90m[39m
[35m[HTTP][39m [37m-->[39m [37mPOST[39m [37m/wd/hub/session/83dbaab7-8ce4-4738-967f-1205a64a65e5/elements[39m
[35m[HTTP][39m [90m{"using":"xpath","value":"//hierarchy/android.widget.FrameLayout[1]/android.widget.LinearLayout[1]/android.widget.FrameLayout[1]/android.widget.FrameLayout[1]/android.view.View[1]/android.view.View[1]/android.view.View[1]/android.view.View[1]/android.view.View[3]"}[39m
[35m[HTTP][39m [37m<-- POST /wd/hub/session/83dbaab7-8ce4-4738-967f-1205a64a65e5/elements [39m[32m200[39m [90m73 ms - 12[39m
[35m[HTTP][39m [90m[39m
[35m[HTTP][39m [37m-->[39m [37mPOST[39m [37m/wd/hub/session/83dbaab7-8ce4-4738-967f-1205a64a65e5/elements[39m
[35m[HTTP][39m [90m{"using":"xpath","value":"//hierarchy/android.widget.FrameLayout[1]/android.widget.LinearLayout[1]/android.widget.FrameLayout[1]/android.widget.FrameLayout[1]/android.view.View[1]/android.view.View[1]/android.view.View[1]/android.view.View[1]/android.view.View[3]"}[39m
[35m[HTTP][39m [37m<-- POST /wd/hub/session/83dbaab7-8ce4-4738-967f-1205a64a65e5/elements [39m[32m200[39m [90m93 ms - 12[39m
[35m[HTTP][39m [90m[39m
[35m[HTTP][39m [37m-->[39m [37mPOST[39m [37m/wd/hub/session/83dbaab7-8ce4-4738-967f-1205a64a65e5/elements[39m
[35m[HTTP][39m [90m{"using":"xpath","value":"//hierarchy/android.widget.FrameLayout[1]/android.widget.LinearLayout[1]/android.widget.FrameLayout[1]/android.widget.FrameLayout[1]/android.view.View[1]/android.view.View[1]/android.view.View[1]/android.view.View[1]/android.view.View[3]"}[39m
[35m[HTTP][39m [37m<-- POST /wd/hub/session/83dbaab7-8ce4-4738-967f-1205a64a65e5/elements [39m[32m200[39m [90m129 ms - 12[39m
[35m[HTTP][39m [90m[39m
[35m[HTTP][39m [37m-->[39m [37mPOST[39m [37m/wd/hub/session/83dbaab7-8ce4-4738-967f-1205a64a65e5/elements[39m
[35m[HTTP][39m [90m{"using":"xpath","value":"//hierarchy/android.widget.FrameLayout[1]/android.widget.LinearLayout[1]/android.widget.FrameLayout[1]/android.widget.FrameLayout[1]/android.view.View[1]/android.view.View[1]/android.view.View[1]/android.view.View[1]/android.view.View[3]"}[39m
[35m[HTTP][39m [37m<-- POST /wd/hub/session/83dbaab7-8ce4-4738-967f-1205a64a65e5/elements [39m[32m200[39m [90m98 ms - 12[39m
[35m[HTTP][39m [90m[39m
[35m[HTTP][39m [37m-->[39m [37mPOST[39m [37m/wd/hub/session/83dbaab7-8ce4-4738-967f-1205a64a65e5/elements[39m
[35m[HTTP][39m [90m{"using":"xpath","value":"//hierarchy/android.widget.FrameLayout[1]/android.widget.LinearLayout[1]/android.widget.FrameLayout[1]/android.widget.FrameLayout[1]/android.view.View[1]/android.view.View[1]/android.view.View[1]/android.view.View[1]/android.view.View[3]"}[39m
[35m[HTTP][39m [37m<-- POST /wd/hub/session/83dbaab7-8ce4-4738-967f-1205a64a65e5/elements [39m[32m200[39m [90m108 ms - 12[39m
[35m[HTTP][39m [90m[39m
[35m[HTTP][39m [37m-->[39m [37mPOST[39m [37m/wd/hub/session/83dbaab7-8ce4-4738-967f-1205a64a65e5/elements[39m
[35m[HTTP][39m [90m{"using":"xpath","value":"//hierarchy/android.widget.FrameLayout[1]/android.widget.LinearLayout[1]/android.widget.FrameLayout[1]/android.widget.FrameLayout[1]/android.view.View[1]/android.view.View[1]/android.view.View[1]/android.view.View[1]/android.view.View[3]"}[39m
[35m[HTTP][39m [37m<-- POST /wd/hub/session/83dbaab7-8ce4-4738-967f-1205a64a65e5/elements [39m[32m200[39m [90m64 ms - 12[39m
[35m[HTTP][39m [90m[39m
[35m[HTTP][39m [37m-->[39m [37mPOST[39m [37m/wd/hub/session/83dbaab7-8ce4-4738-967f-1205a64a65e5/elements[39m
[35m[HTTP][39m [90m{"using":"xpath","value":"//hierarchy/android.widget.FrameLayout[1]/android.widget.LinearLayout[1]/android.widget.FrameLayout[1]/android.widget.FrameLayout[1]/android.view.View[1]/android.view.View[1]/android.view.View[1]/android.view.View[1]/android.view.View[3]"}[39m
[35m[HTTP][39m [37m<-- POST /wd/hub/session/83dbaab7-8ce4-4738-967f-1205a64a65e5/elements [39m[32m200[39m [90m96 ms - 12[39m
[35m[HTTP][39m [90m[39m
[35m[HTTP][39m [37m-->[39m [37mPOST[39m [37m/wd/hub/session/83dbaab7-8ce4-4738-967f-1205a64a65e5/elements[39m
[35m[HTTP][39m [90m{"using":"xpath","value":"//hierarchy/android.widget.FrameLayout[1]/android.widget.LinearLayout[1]/android.widget.FrameLayout[1]/android.widget.FrameLayout[1]/android.view.View[1]/android.view.View[1]/android.view.View[1]/android.view.View[1]/android.view.View[3]"}[39m
[35m[HTTP][39m [37m<-- POST /wd/hub/session/83dbaab7-8ce4-4738-967f-1205a64a65e5/elements [39m[32m200[39m [90m108 ms - 12[39m
[35m[HTTP][39m [90m[39m
[35m[HTTP][39m [37m-->[39m [37mPOST[39m [37m/wd/hub/session/83dbaab7-8ce4-4738-967f-1205a64a65e5/elements[39m
[35m[HTTP][39m [90m{"using":"xpath","value":"//hierarchy/android.widget.FrameLayout[1]/android.widget.LinearLayout[1]/android.widget.FrameLayout[1]/android.widget.FrameLayout[1]/android.view.View[1]/android.view.View[1]/android.view.View[1]/android.view.View[1]/android.view.View[3]"}[39m
[35m[HTTP][39m [37m<-- POST /wd/hub/session/83dbaab7-8ce4-4738-967f-1205a64a65e5/elements [39m[32m200[39m [90m103 ms - 12[39m
[35m[HTTP][39m [90m[39m
[35m[HTTP][39m [37m-->[39m [37mPOST[39m [37m/wd/hub/session/83dbaab7-8ce4-4738-967f-1205a64a65e5/elements[39m
[35m[HTTP][39m [90m{"using":"xpath","value":"//hierarchy/android.widget.FrameLayout[1]/android.widget.LinearLayout[1]/android.widget.FrameLayout[1]/android.widget.FrameLayout[1]/android.view.View[1]/android.view.View[1]/android.view.View[1]/android.view.View[1]/android.view.View[3]"}[39m
[35m[HTTP][39m [37m<-- POST /wd/hub/session/83dbaab7-8ce4-4738-967f-1205a64a65e5/elements [39m[32m200[39m [90m99 ms - 12[39m
[35m[HTTP][39m [90m[39m
[35m[HTTP][39m [37m-->[39m [37mPOST[39m [37m/wd/hub/session/83dbaab7-8ce4-4738-967f-1205a64a65e5/elements[39m
[35m[HTTP][39m [90m{"using":"xpath","value":"//hierarchy/android.widget.FrameLayout[1]/android.widget.LinearLayout[1]/android.widget.FrameLayout[1]/android.widget.FrameLayout[1]/android.view.View[1]/android.view.View[1]/android.view.View[1]/android.view.View[1]/android.view.View[3]"}[39m
[35m[HTTP][39m [37m<-- POST /wd/hub/session/83dbaab7-8ce4-4738-967f-1205a64a65e5/elements [39m[32m200[39m [90m115 ms - 12[39m
[35m[HTTP][39m [90m[39m
[35m[HTTP][39m [37m-->[39m [37mPOST[39m [37m/wd/hub/session/83dbaab7-8ce4-4738-967f-1205a64a65e5/elements[39m
[35m[HTTP][39m [90m{"using":"xpath","value":"//hierarchy/android.widget.FrameLayout[1]/android.widget.LinearLayout[1]/android.widget.FrameLayout[1]/android.widget.FrameLayout[1]/android.view.View[1]/android.view.View[1]/android.view.View[1]/android.view.View[1]/android.view.View[3]"}[39m
[35m[HTTP][39m [37m<-- POST /wd/hub/session/83dbaab7-8ce4-4738-967f-1205a64a65e5/elements [39m[32m200[39m [90m115 ms - 12[39m
[35m[HTTP][39m [90m[39m
[35m[HTTP][39m [37m-->[39m [37mPOST[39m [37m/wd/hub/session/83dbaab7-8ce4-4738-967f-1205a64a65e5/elements[39m
[35m[HTTP][39m [90m{"using":"xpath","value":"//hierarchy/android.widget.FrameLayout[1]/android.widget.LinearLayout[1]/android.widget.FrameLayout[1]/android.widget.FrameLayout[1]/android.view.View[1]/android.view.View[1]/android.view.View[1]/android.view.View[1]/android.view.View[3]"}[39m
[35m[HTTP][39m [37m<-- POST /wd/hub/session/83dbaab7-8ce4-4738-967f-1205a64a65e5/elements [39m[32m200[39m [90m105 ms - 12[39m
[35m[HTTP][39m [90m[39m
[35m[HTTP][39m [37m-->[39m [37mPOST[39m [37m/wd/hub/session/83dbaab7-8ce4-4738-967f-1205a64a65e5/elements[39m
[35m[HTTP][39m [90m{"using":"xpath","value":"//hierarchy/android.widget.FrameLayout[1]/android.widget.LinearLayout[1]/android.widget.FrameLayout[1]/android.widget.FrameLayout[1]/android.view.View[1]/android.view.View[1]/android.view.View[1]/android.view.View[1]/android.view.View[3]"}[39m
[35m[HTTP][39m [37m<-- POST /wd/hub/session/83dbaab7-8ce4-4738-967f-1205a64a65e5/elements [39m[32m200[39m [90m54 ms - 12[39m
[35m[HTTP][39m [90m[39m
[35m[HTTP][39m [37m-->[39m [37mPOST[39m [37m/wd/hub/session/83dbaab7-8ce4-4738-967f-1205a64a65e5/elements[39m
[35m[HTTP][39m [90m{"using":"xpath","value":"//hierarchy/android.widget.FrameLayout[1]/android.widget.LinearLayout[1]/android.widget.FrameLayout[1]/android.widget.FrameLayout[1]/android.view.View[1]/android.view.View[1]/android.view.View[1]/android.view.View[1]/android.view.View[3]"}[39m
[35m[HTTP][39m [37m<-- POST /wd/hub/session/83dbaab7-8ce4-4738-967f-1205a64a65e5/elements [39m[32m200[39m [90m106 ms - 12[39m
[35m[HTTP][39m [90m[39m
[35m[HTTP][39m [37m-->[39m [37mPOST[39m [37m/wd/hub/session/83dbaab7-8ce4-4738-967f-1205a64a65e5/elements[39m
[35m[HTTP][39m [90m{"using":"xpath","value":"//hierarchy/android.widget.FrameLayout[1]/android.widget.LinearLayout[1]/android.widget.FrameLayout[1]/android.widget.FrameLayout[1]/android.view.View[1]/android.view.View[1]/android.view.View[1]/android.view.View[1]/android.view.View[3]"}[39m
[35m[HTTP][39m [37m<-- POST /wd/hub/session/83dbaab7-8ce4-4738-967f-1205a64a65e5/elements [39m[32m200[39m [90m118 ms - 12[39m
[35m[HTTP][39m [90m[39m
[35m[HTTP][39m [37m-->[39m [37mPOST[39m [37m/wd/hub/session/83dbaab7-8ce4-4738-967f-1205a64a65e5/elements[39m
[35m[HTTP][39m [90m{"using":"xpath","value":"//hierarchy/android.widget.FrameLayout[1]/android.widget.LinearLayout[1]/android.widget.FrameLayout[1]/android.widget.FrameLayout[1]/android.view.View[1]/android.view.View[1]/android.view.View[1]/android.view.View[1]/android.view.View[3]"}[39m
[35m[HTTP][39m [37m<-- POST /wd/hub/session/83dbaab7-8ce4-4738-967f-1205a64a65e5/elements [39m[32m200[39m [90m900 ms - 12[39m
[35m[HTTP][39m [90m[39m
[35m[HTTP][39m [37m-->[39m [37mPOST[39m [37m/wd/hub/session/83dbaab7-8ce4-4738-967f-1205a64a65e5/elements[39m
[35m[HTTP][39m [90m{"using":"xpath","value":"//hierarchy/android.widget.FrameLayout[1]/android.widget.LinearLayout[1]/android.widget.FrameLayout[1]/android.widget.FrameLayout[1]/android.view.View[1]/android.view.View[1]/android.view.View[1]/android.view.View[1]/android.view.View[3]"}[39m
[35m[HTTP][39m [37m<-- POST /wd/hub/session/83dbaab7-8ce4-4738-967f-1205a64a65e5/elements [39m[32m200[39m [90m134 ms - 12[39m
[35m[HTTP][39m [90m[39m
[35m[HTTP][39m [37m-->[39m [37mPOST[39m [37m/wd/hub/session/83dbaab7-8ce4-4738-967f-1205a64a65e5/elements[39m
[35m[HTTP][39m [90m{"using":"xpath","value":"//hierarchy/android.widget.FrameLayout[1]/android.widget.LinearLayout[1]/android.widget.FrameLayout[1]/android.widget.FrameLayout[1]/android.view.View[1]/android.view.View[1]/android.view.View[1]/android.view.View[1]/android.view.View[3]"}[39m
[35m[HTTP][39m [37m<-- POST /wd/hub/session/83dbaab7-8ce4-4738-967f-1205a64a65e5/elements [39m[32m200[39m [90m141 ms - 12[39m
[35m[HTTP][39m [90m[39m
[35m[HTTP][39m [37m-->[39m [37mPOST[39m [37m/wd/hub/session/83dbaab7-8ce4-4738-967f-1205a64a65e5/elements[39m
[35m[HTTP][39m [90m{"using":"xpath","value":"//hierarchy/android.widget.FrameLayout[1]/android.widget.LinearLayout[1]/android.widget.FrameLayout[1]/android.widget.FrameLayout[1]/android.view.View[1]/android.view.View[1]/android.view.View[1]/android.view.View[1]/android.view.View[3]"}[39m
[35m[HTTP][39m [37m<-- POST /wd/hub/session/83dbaab7-8ce4-4738-967f-1205a64a65e5/elements [39m[32m200[39m [90m128 ms - 12[39m
[35m[HTTP][39m [90m[39m
[35m[HTTP][39m [37m-->[39m [37mPOST[39m [37m/wd/hub/session/83dbaab7-8ce4-4738-967f-1205a64a65e5/elements[39m
[35m[HTTP][39m [90m{"using":"xpath","value":"//hierarchy/android.widget.FrameLayout[1]/android.widget.LinearLayout[1]/android.widget.FrameLayout[1]/android.widget.FrameLayout[1]/android.view.View[1]/android.view.View[1]/android.view.View[1]/android.view.View[1]/android.view.View[3]"}[39m
[35m[HTTP][39m [37m<-- POST /wd/hub/session/83dbaab7-8ce4-4738-967f-1205a64a65e5/elements [39m[32m200[39m [90m114 ms - 12[39m
[35m[HTTP][39m [90m[39m
[35m[HTTP][39m [37m-->[39m [37mPOST[39m [37m/wd/hub/session/83dbaab7-8ce4-4738-967f-1205a64a65e5/elements[39m
[35m[HTTP][39m [90m{"using":"xpath","value":"//hierarchy/android.widget.FrameLayout[1]/android.widget.LinearLayout[1]/android.widget.FrameLayout[1]/android.widget.FrameLayout[1]/android.view.View[1]/android.view.View[1]/android.view.View[1]/android.view.View[1]/android.view.View[3]"}[39m
[35m[HTTP][39m [37m<-- POST /wd/hub/session/83dbaab7-8ce4-4738-967f-1205a64a65e5/elements [39m[32m200[39m [90m112 ms - 12[39m
[35m[HTTP][39m [90m[39m
[35m[HTTP][39m [37m-->[39m [37mPOST[39m [37m/wd/hub/session/83dbaab7-8ce4-4738-967f-1205a64a65e5/elements[39m
[35m[HTTP][39m [90m{"using":"xpath","value":"//hierarchy/android.widget.FrameLayout[1]/android.widget.LinearLayout[1]/android.widget.FrameLayout[1]/android.widget.FrameLayout[1]/android.view.View[1]/android.view.View[1]/android.view.View[1]/android.view.View[1]/android.view.View[3]"}[39m
[35m[HTTP][39m [37m<-- POST /wd/hub/session/83dbaab7-8ce4-4738-967f-1205a64a65e5/elements [39m[32m200[39m [90m128 ms - 12[39m
[35m[HTTP][39m [90m[39m
[35m[HTTP][39m [37m-->[39m [37mPOST[39m [37m/wd/hub/session/83dbaab7-8ce4-4738-967f-1205a64a65e5/elements[39m
[35m[HTTP][39m [90m{"using":"xpath","value":"//hierarchy/android.widget.FrameLayout[1]/android.widget.LinearLayout[1]/android.widget.FrameLayout[1]/android.widget.FrameLayout[1]/android.view.View[1]/android.view.View[1]/android.view.View[1]/android.view.View[1]/android.view.View[3]"}[39m
[35m[HTTP][39m [37m<-- POST /wd/hub/session/83dbaab7-8ce4-4738-967f-1205a64a65e5/elements [39m[32m200[39m [90m118 ms - 12[39m
[35m[HTTP][39m [90m[39m
[35m[HTTP][39m [37m-->[39m [37mPOST[39m [37m/wd/hub/session/83dbaab7-8ce4-4738-967f-1205a64a65e5/elements[39m
[35m[HTTP][39m [90m{"using":"xpath","value":"//hierarchy/android.widget.FrameLayout[1]/android.widget.LinearLayout[1]/android.widget.FrameLayout[1]/android.widget.FrameLayout[1]/android.view.View[1]/android.view.View[1]/android.view.View[1]/android.view.View[1]/android.view.View[3]"}[39m
[35m[HTTP][39m [37m<-- POST /wd/hub/session/83dbaab7-8ce4-4738-967f-1205a64a65e5/elements [39m[32m200[39m [90m132 ms - 12[39m
[35m[HTTP][39m [90m[39m
[35m[HTTP][39m [37m-->[39m [37mPOST[39m [37m/wd/hub/session/83dbaab7-8ce4-4738-967f-1205a64a65e5/elements[39m
[35m[HTTP][39m [90m{"using":"xpath","value":"//hierarchy/android.widget.FrameLayout[1]/android.widget.LinearLayout[1]/android.widget.FrameLayout[1]/android.widget.FrameLayout[1]/android.view.View[1]/android.view.View[1]/android.view.View[1]/android.view.View[1]/android.view.View[3]"}[39m
[35m[HTTP][39m [37m<-- POST /wd/hub/session/83dbaab7-8ce4-4738-967f-1205a64a65e5/elements [39m[32m200[39m [90m133 ms - 12[39m
[35m[HTTP][39m [90m[39m
[35m[HTTP][39m [37m-->[39m [37mPOST[39m [37m/wd/hub/session/83dbaab7-8ce4-4738-967f-1205a64a65e5/elements[39m
[35m[HTTP][39m [90m{"using":"xpath","value":"//hierarchy/android.widget.FrameLayout[1]/android.widget.LinearLayout[1]/android.widget.FrameLayout[1]/android.widget.FrameLayout[1]/android.view.View[1]/android.view.View[1]/android.view.View[1]/android.view.View[1]/android.view.View[3]"}[39m
[35m[HTTP][39m [37m<-- POST /wd/hub/session/83dbaab7-8ce4-4738-967f-1205a64a65e5/elements [39m[32m200[39m [90m128 ms - 12[39m
[35m[HTTP][39m [90m[39m
[35m[HTTP][39m [37m-->[39m [37mPOST[39m [37m/wd/hub/session/83dbaab7-8ce4-4738-967f-1205a64a65e5/elements[39m
[35m[HTTP][39m [90m{"using":"xpath","value":"//hierarchy/android.widget.FrameLayout[1]/android.widget.LinearLayout[1]/android.widget.FrameLayout[1]/android.widget.FrameLayout[1]/android.view.View[1]/android.view.View[1]/android.view.View[1]/android.view.View[1]/android.view.View[3]"}[39m
[35m[HTTP][39m [37m<-- POST /wd/hub/session/83dbaab7-8ce4-4738-967f-1205a64a65e5/elements [39m[32m200[39m [90m57 ms - 12[39m
[35m[HTTP][39m [90m[39m
[35m[HTTP][39m [37m-->[39m [37mPOST[39m [37m/wd/hub/session/83dbaab7-8ce4-4738-967f-1205a64a65e5/elements[39m
[35m[HTTP][39m [90m{"using":"xpath","value":"//hierarchy/android.widget.FrameLayout[1]/android.widget.LinearLayout[1]/android.widget.FrameLayout[1]/android.widget.FrameLayout[1]/android.view.View[1]/android.view.View[1]/android.view.View[1]/android.view.View[1]/android.view.View[3]"}[39m
[35m[HTTP][39m [37m<-- POST /wd/hub/session/83dbaab7-8ce4-4738-967f-1205a64a65e5/elements [39m[32m200[39m [90m78 ms - 12[39m
[35m[HTTP][39m [90m[39m
[35m[HTTP][39m [37m-->[39m [37mPOST[39m [37m/wd/hub/session/83dbaab7-8ce4-4738-967f-1205a64a65e5/elements[39m
[35m[HTTP][39m [90m{"using":"xpath","value":"//hierarchy/android.widget.FrameLayout[1]/android.widget.LinearLayout[1]/android.widget.FrameLayout[1]/android.widget.FrameLayout[1]/android.view.View[1]/android.view.View[1]/android.view.View[1]/android.view.View[1]/android.view.View[3]"}[39m
[35m[HTTP][39m [37m<-- POST /wd/hub/session/83dbaab7-8ce4-4738-967f-1205a64a65e5/elements [39m[32m200[39m [90m77 ms - 12[39m
[35m[HTTP][39m [90m[39m
[35m[HTTP][39m [37m-->[39m [37mPOST[39m [37m/wd/hub/session/83dbaab7-8ce4-4738-967f-1205a64a65e5/elements[39m
[35m[HTTP][39m [90m{"using":"xpath","value":"//hierarchy/android.widget.FrameLayout[1]/android.widget.LinearLayout[1]/android.widget.FrameLayout[1]/android.widget.FrameLayout[1]/android.view.View[1]/android.view.View[1]/android.view.View[1]/android.view.View[1]/android.view.View[3]"}[39m
[35m[HTTP][39m [37m<-- POST /wd/hub/session/83dbaab7-8ce4-4738-967f-1205a64a65e5/elements [39m[32m200[39m [90m72 ms - 12[39m
[35m[HTTP][39m [90m[39m
[35m[HTTP][39m [37m-->[39m [37mPOST[39m [37m/wd/hub/session/83dbaab7-8ce4-4738-967f-1205a64a65e5/elements[39m
[35m[HTTP][39m [90m{"using":"xpath","value":"//hierarchy/android.widget.FrameLayout[1]/android.widget.LinearLayout[1]/android.widget.FrameLayout[1]/android.widget.FrameLayout[1]/android.view.View[1]/android.view.View[1]/android.view.View[1]/android.view.View[1]/android.view.View[3]"}[39m
[35m[HTTP][39m [37m<-- POST /wd/hub/session/83dbaab7-8ce4-4738-967f-1205a64a65e5/elements [39m[32m200[39m [90m93 ms - 12[39m
[35m[HTTP][39m [90m[39m
[35m[HTTP][39m [37m-->[39m [37mPOST[39m [37m/wd/hub/session/83dbaab7-8ce4-4738-967f-1205a64a65e5/elements[39m
[35m[HTTP][39m [90m{"using":"xpath","value":"//hierarchy/android.widget.FrameLayout[1]/android.widget.LinearLayout[1]/android.widget.FrameLayout[1]/android.widget.FrameLayout[1]/android.view.View[1]/android.view.View[1]/android.view.View[1]/android.view.View[1]/android.view.View[3]"}[39m
[35m[HTTP][39m [37m<-- POST /wd/hub/session/83dbaab7-8ce4-4738-967f-1205a64a65e5/elements [39m[32m200[39m [90m80 ms - 12[39m
[35m[HTTP][39m [90m[39m
[35m[HTTP][39m [37m-->[39m [37mPOST[39m [37m/wd/hub/session/83dbaab7-8ce4-4738-967f-1205a64a65e5/elements[39m
[35m[HTTP][39m [90m{"using":"xpath","value":"//hierarchy/android.widget.FrameLayout[1]/android.widget.LinearLayout[1]/android.widget.FrameLayout[1]/android.widget.FrameLayout[1]/android.view.View[1]/android.view.View[1]/android.view.View[1]/android.view.View[1]/android.view.View[3]"}[39m
[35m[HTTP][39m [37m<-- POST /wd/hub/session/83dbaab7-8ce4-4738-967f-1205a64a65e5/elements [39m[32m200[39m [90m84 ms - 12[39m
[35m[HTTP][39m [90m[39m
[35m[HTTP][39m [37m-->[39m [37mPOST[39m [37m/wd/hub/session/83dbaab7-8ce4-4738-967f-1205a64a65e5/elements[39m
[35m[HTTP][39m [90m{"using":"xpath","value":"//hierarchy/android.widget.FrameLayout[1]/android.widget.LinearLayout[1]/android.widget.FrameLayout[1]/android.widget.FrameLayout[1]/android.view.View[1]/android.view.View[1]/android.view.View[1]/android.view.View[1]/android.view.View[3]"}[39m
[35m[HTTP][39m [37m<-- POST /wd/hub/session/83dbaab7-8ce4-4738-967f-1205a64a65e5/elements [39m[32m200[39m [90m81 ms - 12[39m
[35m[HTTP][39m [90m[39m
[35m[HTTP][39m [37m-->[39m [37mPOST[39m [37m/wd/hub/session/83dbaab7-8ce4-4738-967f-1205a64a65e5/elements[39m
[35m[HTTP][39m [90m{"using":"xpath","value":"//hierarchy/android.widget.FrameLayout[1]/android.widget.LinearLayout[1]/android.widget.FrameLayout[1]/android.widget.FrameLayout[1]/android.view.View[1]/android.view.View[1]/android.view.View[1]/android.view.View[1]/android.view.View[3]"}[39m
[35m[HTTP][39m [37m<-- POST /wd/hub/session/83dbaab7-8ce4-4738-967f-1205a64a65e5/elements [39m[32m200[39m [90m145 ms - 12[39m
[35m[HTTP][39m [90m[39m
[35m[HTTP][39m [37m-->[39m [37mPOST[39m [37m/wd/hub/session/83dbaab7-8ce4-4738-967f-1205a64a65e5/elements[39m
[35m[HTTP][39m [90m{"using":"xpath","value":"//hierarchy/android.widget.FrameLayout[1]/android.widget.LinearLayout[1]/android.widget.FrameLayout[1]/android.widget.FrameLayout[1]/android.view.View[1]/android.view.View[1]/android.view.View[1]/android.view.View[1]/android.view.View[3]"}[39m
[35m[HTTP][39m [37m<-- POST /wd/hub/session/83dbaab7-8ce4-4738-967f-1205a64a65e5/elements [39m[32m200[39m [90m95 ms - 12[39m
[35m[HTTP][39m [90m[39m
[35m[HTTP][39m [37m-->[39m [37mPOST[39m [37m/wd/hub/session/83dbaab7-8ce4-4738-967f-1205a64a65e5/elements[39m
[35m[HTTP][39m [90m{"using":"xpath","value":"//hierarchy/android.widget.FrameLayout[1]/android.widget.LinearLayout[1]/android.widget.FrameLayout[1]/android.widget.FrameLayout[1]/android.view.View[1]/android.view.View[1]/android.view.View[1]/android.view.View[1]/android.view.View[3]"}[39m
[35m[HTTP][39m [37m<-- POST /wd/hub/session/83dbaab7-8ce4-4738-967f-1205a64a65e5/elements [39m[32m200[39m [90m155 ms - 12[39m
[35m[HTTP][39m [90m[39m
[35m[HTTP][39m [37m-->[39m [37mPOST[39m [37m/wd/hub/session/83dbaab7-8ce4-4738-967f-1205a64a65e5/elements[39m
[35m[HTTP][39m [90m{"using":"xpath","value":"//hierarchy/android.widget.FrameLayout[1]/android.widget.LinearLayout[1]/android.widget.FrameLayout[1]/android.widget.FrameLayout[1]/android.view.View[1]/android.view.View[1]/android.view.View[1]/android.view.View[1]/android.view.View[3]"}[39m
[35m[HTTP][39m [37m<-- POST /wd/hub/session/83dbaab7-8ce4-4738-967f-1205a64a65e5/elements [39m[32m200[39m [90m78 ms - 12[39m
[35m[HTTP][39m [90m[39m
[35m[HTTP][39m [37m-->[39m [37mPOST[39m [37m/wd/hub/session/83dbaab7-8ce4-4738-967f-1205a64a65e5/elements[39m
[35m[HTTP][39m [90m{"using":"xpath","value":"//hierarchy/android.widget.FrameLayout[1]/android.widget.LinearLayout[1]/android.widget.FrameLayout[1]/android.widget.FrameLayout[1]/android.view.View[1]/android.view.View[1]/android.view.View[1]/android.view.View[1]/android.view.View[3]"}[39m
[35m[HTTP][39m [37m<-- POST /wd/hub/session/83dbaab7-8ce4-4738-967f-1205a64a65e5/elements [39m[32m200[39m [90m71 ms - 12[39m
[35m[HTTP][39m [90m[39m
[35m[HTTP][39m [37m-->[39m [37mPOST[39m [37m/wd/hub/session/83dbaab7-8ce4-4738-967f-1205a64a65e5/elements[39m
[35m[HTTP][39m [90m{"using":"xpath","value":"//hierarchy/android.widget.FrameLayout[1]/android.widget.LinearLayout[1]/android.widget.FrameLayout[1]/android.widget.FrameLayout[1]/android.view.View[1]/android.view.View[1]/android.view.View[1]/android.view.View[1]/android.view.View[3]"}[39m
[35m[HTTP][39m [37m<-- POST /wd/hub/session/83dbaab7-8ce4-4738-967f-1205a64a65e5/elements [39m[32m200[39m [90m82 ms - 12[39m
[35m[HTTP][39m [90m[39m
[35m[HTTP][39m [37m-->[39m [37mPOST[39m [37m/wd/hub/session/83dbaab7-8ce4-4738-967f-1205a64a65e5/elements[39m
[35m[HTTP][39m [90m{"using":"xpath","value":"//hierarchy/android.widget.FrameLayout[1]/android.widget.LinearLayout[1]/android.widget.FrameLayout[1]/android.widget.FrameLayout[1]/android.view.View[1]/android.view.View[1]/android.view.View[1]/android.view.View[1]/android.view.View[3]"}[39m
[35m[HTTP][39m [37m<-- POST /wd/hub/session/83dbaab7-8ce4-4738-967f-1205a64a65e5/elements [39m[32m200[39m [90m93 ms - 12[39m
[35m[HTTP][39m [90m[39m
[35m[HTTP][39m [37m-->[39m [37mPOST[39m [37m/wd/hub/session/83dbaab7-8ce4-4738-967f-1205a64a65e5/elements[39m
[35m[HTTP][39m [90m{"using":"xpath","value":"//hierarchy/android.widget.FrameLayout[1]/android.widget.LinearLayout[1]/android.widget.FrameLayout[1]/android.widget.FrameLayout[1]/android.view.View[1]/android.view.View[1]/android.view.View[1]/android.view.View[1]/android.view.View[3]"}[39m
[35m[HTTP][39m [37m<-- POST /wd/hub/session/83dbaab7-8ce4-4738-967f-1205a64a65e5/elements [39m[32m200[39m [90m112 ms - 12[39m
[35m[HTTP][39m [90m[39m
[35m[HTTP][39m [37m-->[39m [37mPOST[39m [37m/wd/hub/session/83dbaab7-8ce4-4738-967f-1205a64a65e5/elements[39m
[35m[HTTP][39m [90m{"using":"xpath","value":"//hierarchy/android.widget.FrameLayout[1]/android.widget.LinearLayout[1]/android.widget.FrameLayout[1]/android.widget.FrameLayout[1]/android.view.View[1]/android.view.View[1]/android.view.View[1]/android.view.View[1]/android.view.View[3]"}[39m
[35m[HTTP][39m [37m<-- POST /wd/hub/session/83dbaab7-8ce4-4738-967f-1205a64a65e5/elements [39m[32m200[39m [90m78 ms - 12[39m
[35m[HTTP][39m [90m[39m
[35m[HTTP][39m [37m-->[39m [37mPOST[39m [37m/wd/hub/session/83dbaab7-8ce4-4738-967f-1205a64a65e5/elements[39m
[35m[HTTP][39m [90m{"using":"xpath","value":"//hierarchy/android.widget.FrameLayout[1]/android.widget.LinearLayout[1]/android.widget.FrameLayout[1]/android.widget.FrameLayout[1]/android.view.View[1]/android.view.View[1]/android.view.View[1]/android.view.View[1]/android.view.View[3]"}[39m
[35m[HTTP][39m [37m<-- POST /wd/hub/session/83dbaab7-8ce4-4738-967f-1205a64a65e5/elements [39m[32m200[39m [90m563 ms - 12[39m
[35m[HTTP][39m [90m[39m
[35m[HTTP][39m [37m-->[39m [37mPOST[39m [37m/wd/hub/session/83dbaab7-8ce4-4738-967f-1205a64a65e5/elements[39m
[35m[HTTP][39m [90m{"using":"xpath","value":"//hierarchy/android.widget.FrameLayout[1]/android.widget.LinearLayout[1]/android.widget.FrameLayout[1]/android.widget.FrameLayout[1]/android.view.View[1]/android.view.View[1]/android.view.View[1]/android.view.View[1]/android.view.View[3]"}[39m
[35m[HTTP][39m [37m<-- POST /wd/hub/session/83dbaab7-8ce4-4738-967f-1205a64a65e5/elements [39m[32m200[39m [90m133 ms - 12[39m
[35m[HTTP][39m [90m[39m
[35m[HTTP][39m [37m-->[39m [37mPOST[39m [37m/wd/hub/session/83dbaab7-8ce4-4738-967f-1205a64a65e5/elements[39m
[35m[HTTP][39m [90m{"using":"xpath","value":"//hierarchy/android.widget.FrameLayout[1]/android.widget.LinearLayout[1]/android.widget.FrameLayout[1]/android.widget.FrameLayout[1]/android.view.View[1]/android.view.View[1]/android.view.View[1]/android.view.View[1]/android.view.View[3]"}[39m
[35m[HTTP][39m [37m<-- POST /wd/hub/session/83dbaab7-8ce4-4738-967f-1205a64a65e5/elements [39m[32m200[39m [90m87 ms - 12[39m
[35m[HTTP][39m [90m[39m
[35m[HTTP][39m [37m-->[39m [37mPOST[39m [37m/wd/hub/session/83dbaab7-8ce4-4738-967f-1205a64a65e5/elements[39m
[35m[HTTP][39m [90m{"using":"xpath","value":"//hierarchy/android.widget.FrameLayout[1]/android.widget.LinearLayout[1]/android.widget.FrameLayout[1]/android.widget.FrameLayout[1]/android.view.View[1]/android.view.View[1]/android.view.View[1]/android.view.View[1]/android.view.View[3]"}[39m
[35m[HTTP][39m [37m<-- POST /wd/hub/session/83dbaab7-8ce4-4738-967f-1205a64a65e5/elements [39m[32m200[39m [90m121 ms - 12[39m
[35m[HTTP][39m [90m[39m
[35m[HTTP][39m [37m-->[39m [37mPOST[39m [37m/wd/hub/session/83dbaab7-8ce4-4738-967f-1205a64a65e5/elements[39m
[35m[HTTP][39m [90m{"using":"xpath","value":"//hierarchy/android.widget.FrameLayout[1]/android.widget.LinearLayout[1]/android.widget.FrameLayout[1]/android.widget.FrameLayout[1]/android.view.View[1]/android.view.View[1]/android.view.View[1]/android.view.View[1]/android.view.View[3]"}[39m
[35m[HTTP][39m [37m<-- POST /wd/hub/session/83dbaab7-8ce4-4738-967f-1205a64a65e5/elements [39m[32m200[39m [90m71 ms - 12[39m
[35m[HTTP][39m [90m[39m
[35m[HTTP][39m [37m-->[39m [37mPOST[39m [37m/wd/hub/session/83dbaab7-8ce4-4738-967f-1205a64a65e5/elements[39m
[35m[HTTP][39m [90m{"using":"xpath","value":"//hierarchy/android.widget.FrameLayout[1]/android.widget.LinearLayout[1]/android.widget.FrameLayout[1]/android.widget.FrameLayout[1]/android.view.View[1]/android.view.View[1]/android.view.View[1]/android.view.View[1]/android.view.View[3]"}[39m
[35m[HTTP][39m [37m<-- POST /wd/hub/session/83dbaab7-8ce4-4738-967f-1205a64a65e5/elements [39m[32m200[39m [90m75 ms - 12[39m
[35m[HTTP][39m [90m[39m
[35m[HTTP][39m [37m-->[39m [37mPOST[39m [37m/wd/hub/session/83dbaab7-8ce4-4738-967f-1205a64a65e5/elements[39m
[35m[HTTP][39m [90m{"using":"xpath","value":"//hierarchy/android.widget.FrameLayout[1]/android.widget.LinearLayout[1]/android.widget.FrameLayout[1]/android.widget.FrameLayout[1]/android.view.View[1]/android.view.View[1]/android.view.View[1]/android.view.View[1]/android.view.View[3]"}[39m
[35m[HTTP][39m [37m<-- POST /wd/hub/session/83dbaab7-8ce4-4738-967f-1205a64a65e5/elements [39m[32m200[39m [90m70 ms - 12[39m
[35m[HTTP][39m [90m[39m
[35m[HTTP][39m [37m-->[39m [37mPOST[39m [37m/wd/hub/session/83dbaab7-8ce4-4738-967f-1205a64a65e5/elements[39m
[35m[HTTP][39m [90m{"using":"xpath","value":"//hierarchy/android.widget.FrameLayout[1]/android.widget.LinearLayout[1]/android.widget.FrameLayout[1]/android.widget.FrameLayout[1]/android.view.View[1]/android.view.View[1]/android.view.View[1]/android.view.View[1]/android.view.View[3]"}[39m
[35m[HTTP][39m [37m<-- POST /wd/hub/session/83dbaab7-8ce4-4738-967f-1205a64a65e5/elements [39m[32m200[39m [90m54 ms - 12[39m
[35m[HTTP][39m [90m[39m
[35m[HTTP][39m [37m-->[39m [37mPOST[39m [37m/wd/hub/session/83dbaab7-8ce4-4738-967f-1205a64a65e5/elements[39m
[35m[HTTP][39m [90m{"using":"xpath","value":"//hierarchy/android.widget.FrameLayout[1]/android.widget.LinearLayout[1]/android.widget.FrameLayout[1]/android.widget.FrameLayout[1]/android.view.View[1]/android.view.View[1]/android.view.View[1]/android.view.View[1]/android.view.View[3]"}[39m
[35m[HTTP][39m [37m<-- POST /wd/hub/session/83dbaab7-8ce4-4738-967f-1205a64a65e5/elements [39m[32m200[39m [90m129 ms - 12[39m
[35m[HTTP][39m [90m[39m
[35m[HTTP][39m [37m-->[39m [37mPOST[39m [37m/wd/hub/session/83dbaab7-8ce4-4738-967f-1205a64a65e5/elements[39m
[35m[HTTP][39m [90m{"using":"xpath","value":"//hierarchy/android.widget.FrameLayout[1]/android.widget.LinearLayout[1]/android.widget.FrameLayout[1]/android.widget.FrameLayout[1]/android.view.View[1]/android.view.View[1]/android.view.View[1]/android.view.View[1]/android.view.View[3]"}[39m
[35m[HTTP][39m [37m<-- POST /wd/hub/session/83dbaab7-8ce4-4738-967f-1205a64a65e5/elements [39m[32m200[39m [90m64 ms - 12[39m
[35m[HTTP][39m [90m[39m
[35m[HTTP][39m [37m-->[39m [37mPOST[39m [37m/wd/hub/session/83dbaab7-8ce4-4738-967f-1205a64a65e5/elements[39m
[35m[HTTP][39m [90m{"using":"xpath","value":"//hierarchy/android.widget.FrameLayout[1]/android.widget.LinearLayout[1]/android.widget.FrameLayout[1]/android.widget.FrameLayout[1]/android.view.View[1]/android.view.View[1]/android.view.View[1]/android.view.View[1]/android.view.View[3]"}[39m
[35m[HTTP][39m [37m<-- POST /wd/hub/session/83dbaab7-8ce4-4738-967f-1205a64a65e5/elements [39m[32m200[39m [90m67 ms - 12[39m
[35m[HTTP][39m [90m[39m
[35m[HTTP][39m [37m-->[39m [37mPOST[39m [37m/wd/hub/session/83dbaab7-8ce4-4738-967f-1205a64a65e5/elements[39m
[35m[HTTP][39m [90m{"using":"xpath","value":"//hierarchy/android.widget.FrameLayout[1]/android.widget.LinearLayout[1]/android.widget.FrameLayout[1]/android.widget.FrameLayout[1]/android.view.View[1]/android.view.View[1]/android.view.View[1]/android.view.View[1]/android.view.View[3]"}[39m
[35m[HTTP][39m [37m<-- POST /wd/hub/session/83dbaab7-8ce4-4738-967f-1205a64a65e5/elements [39m[32m200[39m [90m121 ms - 12[39m
[35m[HTTP][39m [90m[39m
[35m[HTTP][39m [37m-->[39m [37mPOST[39m [37m/wd/hub/session/83dbaab7-8ce4-4738-967f-1205a64a65e5/elements[39m
[35m[HTTP][39m [90m{"using":"xpath","value":"//hierarchy/android.widget.FrameLayout[1]/android.widget.LinearLayout[1]/android.widget.FrameLayout[1]/android.widget.FrameLayout[1]/android.view.View[1]/android.view.View[1]/android.view.View[1]/android.view.View[1]/android.view.View[3]"}[39m
[35m[HTTP][39m [37m<-- POST /wd/hub/session/83dbaab7-8ce4-4738-967f-1205a64a65e5/elements [39m[32m200[39m [90m55 ms - 12[39m
[35m[HTTP][39m [90m[39m
[35m[HTTP][39m [37m-->[39m [37mPOST[39m [37m/wd/hub/session/83dbaab7-8ce4-4738-967f-1205a64a65e5/elements[39m
[35m[HTTP][39m [90m{"using":"xpath","value":"//hierarchy/android.widget.FrameLayout[1]/android.widget.LinearLayout[1]/android.widget.FrameLayout[1]/android.widget.FrameLayout[1]/android.view.View[1]/android.view.View[1]/android.view.View[1]/android.view.View[1]/android.view.View[3]"}[39m
[35m[HTTP][39m [37m<-- POST /wd/hub/session/83dbaab7-8ce4-4738-967f-1205a64a65e5/elements [39m[32m200[39m [90m63 ms - 12[39m
[35m[HTTP][39m [90m[39m
[35m[HTTP][39m [37m-->[39m [37mPOST[39m [37m/wd/hub/session/83dbaab7-8ce4-4738-967f-1205a64a65e5/elements[39m
[35m[HTTP][39m [90m{"using":"xpath","value":"//hierarchy/android.widget.FrameLayout[1]/android.widget.LinearLayout[1]/android.widget.FrameLayout[1]/android.widget.FrameLayout[1]/android.view.View[1]/android.view.View[1]/android.view.View[1]/android.view.View[1]/android.view.View[3]"}[39m
[35m[HTTP][39m [37m<-- POST /wd/hub/session/83dbaab7-8ce4-4738-967f-1205a64a65e5/elements [39m[32m200[39m [90m78 ms - 12[39m
[35m[HTTP][39m [90m[39m
[35m[HTTP][39m [37m-->[39m [37mPOST[39m [37m/wd/hub/session/83dbaab7-8ce4-4738-967f-1205a64a65e5/elements[39m
[35m[HTTP][39m [90m{"using":"xpath","value":"//hierarchy/android.widget.FrameLayout[1]/android.widget.LinearLayout[1]/android.widget.FrameLayout[1]/android.widget.FrameLayout[1]/android.view.View[1]/android.view.View[1]/android.view.View[1]/android.view.View[1]/android.view.View[3]"}[39m
[35m[HTTP][39m [37m<-- POST /wd/hub/session/83dbaab7-8ce4-4738-967f-1205a64a65e5/elements [39m[32m200[39m [90m67 ms - 12[39m
[35m[HTTP][39m [90m[39m
[35m[HTTP][39m [37m-->[39m [37mPOST[39m [37m/wd/hub/session/83dbaab7-8ce4-4738-967f-1205a64a65e5/elements[39m
[35m[HTTP][39m [90m{"using":"xpath","value":"//hierarchy/android.widget.FrameLayout[1]/android.widget.LinearLayout[1]/android.widget.FrameLayout[1]/android.widget.FrameLayout[1]/android.view.View[1]/android.view.View[1]/android.view.View[1]/android.view.View[1]/android.view.View[3]"}[39m
[35m[HTTP][39m [37m<-- POST /wd/hub/session/83dbaab7-8ce4-4738-967f-1205a64a65e5/elements [39m[32m200[39m [90m54 ms - 12[39m
[35m[HTTP][39m [90m[39m
[35m[HTTP][39m [37m-->[39m [37mPOST[39m [37m/wd/hub/session/83dbaab7-8ce4-4738-967f-1205a64a65e5/elements[39m
[35m[HTTP][39m [90m{"using":"xpath","value":"//hierarchy/android.widget.FrameLayout[1]/android.widget.LinearLayout[1]/android.widget.FrameLayout[1]/android.widget.FrameLayout[1]/android.view.View[1]/android.view.View[1]/android.view.View[1]/android.view.View[1]/android.view.View[3]"}[39m
[35m[HTTP][39m [37m<-- POST /wd/hub/session/83dbaab7-8ce4-4738-967f-1205a64a65e5/elements [39m[32m200[39m [90m124 ms - 12[39m
[35m[HTTP][39m [90m[39m
[35m[HTTP][39m [37m-->[39m [37mPOST[39m [37m/wd/hub/session/83dbaab7-8ce4-4738-967f-1205a64a65e5/elements[39m
[35m[HTTP][39m [90m{"using":"xpath","value":"//hierarchy/android.widget.FrameLayout[1]/android.widget.LinearLayout[1]/android.widget.FrameLayout[1]/android.widget.FrameLayout[1]/android.view.View[1]/android.view.View[1]/android.view.View[1]/android.view.View[1]/android.view.View[3]"}[39m
[35m[HTTP][39m [37m<-- POST /wd/hub/session/83dbaab7-8ce4-4738-967f-1205a64a65e5/elements [39m[32m200[39m [90m81 ms - 12[39m
[35m[HTTP][39m [90m[39m
[35m[HTTP][39m [37m-->[39m [37mPOST[39m [37m/wd/hub/session/83dbaab7-8ce4-4738-967f-1205a64a65e5/elements[39m
[35m[HTTP][39m [90m{"using":"xpath","value":"//hierarchy/android.widget.FrameLayout[1]/android.widget.LinearLayout[1]/android.widget.FrameLayout[1]/android.widget.FrameLayout[1]/android.view.View[1]/android.view.View[1]/android.view.View[1]/android.view.View[1]/android.view.View[3]"}[39m
[35m[HTTP][39m [37m<-- POST /wd/hub/session/83dbaab7-8ce4-4738-967f-1205a64a65e5/elements [39m[32m200[39m [90m81 ms - 12[39m
[35m[HTTP][39m [90m[39m
[35m[HTTP][39m [37m-->[39m [37mPOST[39m [37m/wd/hub/session/83dbaab7-8ce4-4738-967f-1205a64a65e5/elements[39m
[35m[HTTP][39m [90m{"using":"xpath","value":"//hierarchy/android.widget.FrameLayout[1]/android.widget.LinearLayout[1]/android.widget.FrameLayout[1]/android.widget.FrameLayout[1]/android.view.View[1]/android.view.View[1]/android.view.View[1]/android.view.View[1]/android.view.View[3]"}[39m
[35m[HTTP][39m [37m<-- POST /wd/hub/session/83dbaab7-8ce4-4738-967f-1205a64a65e5/elements [39m[32m-[39m [90m- ms - -[39m
[35m[HTTP][39m [90m[39m
[35m[BaseDriver][39m Shutting down because we waited 1800 seconds for a command
[35m[Appium][39m Closing session, cause was 'New Command Timeout of 1800 seconds expired. Try customizing the timeout using the 'newCommandTimeout' desired capability'
[35m[Appium][39m Removing session '83dbaab7-8ce4-4738-967f-1205a64a65e5' from our master session list
[35m[UiAutomator2][39m Did not get confirmation UiAutomator2 deleteSession worked; Error was: UnknownError: An unknown server-side error occurred while processing the command. Original error: 'DELETE /' cannot be proxied to UiAutomator2 server because the instrumentation process is not running (probably crashed). Check the server log and/or the logcat output for more details
[35m[UiAutomator2][39m Restoring hidden api policy to the device default configuration
