[35m[Appium][39m Welcome to Appium v1.22.0
[35m[Appium][39m Non-default server args:
[35m[Appium][39m   port: 63450
[35m[Appium][39m   loglevel: info
[35m[Appium][39m   tmpDir: C:\Users\User\AppData\Local\Temp\\Katalon\Appium\Temp1689234990054
[35m[Appium][39m   chromedriverPort: 63452
[35m[Appium][39m Deprecated server args:
[35m[Appium][39m   [31m--chromedriver-port[39m => --default-capabilities
[35m[Appium][39m Default capabilities, which will be added to each request unless overridden by desired capabilities:
[35m[Appium][39m   chromedriverPort: 63452
[35m[Appium][39m Appium REST http interface listener started on 0.0.0.0:63450
[35m[HTTP][39m [37m-->[39m [37mGET[39m [37m/wd/hub/status[39m
[35m[HTTP][39m [90m{}[39m
[35m[HTTP][39m [37m<-- GET /wd/hub/status [39m[32m200[39m [90m10 ms - 68[39m
[35m[HTTP][39m [90m[39m
[35m[HTTP][39m [37m-->[39m [37mPOST[39m [37m/wd/hub/session[39m
[35m[HTTP][39m [90m{"desiredCapabilities":{"appActivity":".Settings","appPackage":"com.android.settings","newCommandTimeout":1800,"platformVersion":"12","automationName":"uiautomator2","autoGrantPermissions":true,"platformName":"Android","udid":"aihykrce5lrgzhxg","deviceName":"Xiaomi M2103K19PG (Android 12)","platform":"ANDROID","systemPort":8240},"capabilities":{"firstMatch":[{"appium:appActivity":".Settings","appium:appPackage":"com.android.settings","appium:autoGrantPermissions":true,"appium:automationName":"uiautomator2","appium:deviceName":"Xiaomi M2103K19PG (Android 12)","appium:newCommandTimeout":1800,"platform":"ANDROID","platformName":"android","appium:platformVersion":"12","appium:systemPort":8240,"appium:udid":"aihykrce5lrgzhxg"}]}}[39m
[35m[BaseDriver][39m The following capabilities are not standard capabilities and should have an extension prefix:
[35m[BaseDriver][39m   platform
[35m[BaseDriver][39m   chromedriverPort
[35m[Appium][39m Appium v1.22.0 creating new AndroidUiautomator2Driver (v1.69.0) session
[35m[BaseDriver][39m The following capabilities were provided, but are not recognized by Appium:
[35m[BaseDriver][39m   platform
[35m[BaseDriver][39m Session created with session id: 04656a3c-bd1e-4d09-aa1c-2264e66f55a8
[35m[UiAutomator2][39m Starting 'com.android.settings' directly on the device
[35m[ADB][39m Found 1 'build-tools' folders under 'C:\Users\User\.katalon\tools\android_sdk' (newest first):
[35m[ADB][39m     C:/Users/User/.katalon/tools/android_sdk/build-tools/29.0.3
[35m[ADB][39m Using 'adb.exe' from 'C:\Users\User\.katalon\tools\android_sdk\platform-tools\adb.exe'
[35m[AndroidDriver][39m Retrieving device list
[35m[AndroidDriver][39m Using device: aihykrce5lrgzhxg
[35m[ADB][39m Using 'adb.exe' from 'C:\Users\User\.katalon\tools\android_sdk\platform-tools\adb.exe'
[35m[ADB][39m Getting device platform version
[35m[UiAutomator2][39m Relaxing hidden api policy
[35m[AndroidDriver][39m No app sent in, not parsing package/activity
[35m[ADB][39m Using 'apksigner.jar' from 'C:\Users\User\.katalon\tools\android_sdk\build-tools\29.0.3\lib\apksigner.jar'
[35m[ADB][39m 'C:\Users\User\AppData\Roaming\npm\node_modules\appium\node_modules\appium-uiautomator2-server\apks\appium-uiautomator2-server-v4.24.0.apk' is signed with the default certificate
[35m[ADB][39m 'C:\Users\User\AppData\Roaming\npm\node_modules\appium\node_modules\appium-uiautomator2-server\apks\appium-uiautomator2-server-debug-androidTest.apk' is signed with the default certificate
[35m[UiAutomator2][39m Server packages are not going to be (re)installed
[35m[ADB][39m Adding packages ["io.appium.settings","io.appium.uiautomator2.server","io.appium.uiautomator2.server.test"] to Doze whitelist
[35m[UiAutomator2][39m Starting UIAutomator2 server 4.24.0
[35m[UiAutomator2][39m Using UIAutomator2 server from 'C:\Users\User\AppData\Roaming\npm\node_modules\appium\node_modules\appium-uiautomator2-server\apks\appium-uiautomator2-server-v4.24.0.apk' and test from 'C:\Users\User\AppData\Roaming\npm\node_modules\appium\node_modules\appium-uiautomator2-server\apks\appium-uiautomator2-server-debug-androidTest.apk'
[35m[UiAutomator2][39m Waiting up to 30000ms for UiAutomator2 to be online...
[35m[WD Proxy][39m socket hang up
[35m[WD Proxy][39m socket hang up
[35m[WD Proxy][39m socket hang up
[35m[WD Proxy][39m socket hang up
[35m[WD Proxy][39m socket hang up
[35m[WD Proxy][39m socket hang up
[35m[WD Proxy][39m socket hang up
[35m[WD Proxy][39m Determined the downstream protocol as 'W3C'
[35m[AndroidDriver][39m Screen already unlocked, doing nothing
[35m[UiAutomator2][39m Starting 'com.android.settings/.Settings and waiting for 'com.android.settings/.Settings'
[35m[Appium][39m New AndroidUiautomator2Driver session created successfully, session 04656a3c-bd1e-4d09-aa1c-2264e66f55a8 added to master session list
[35m[HTTP][39m [37m<-- POST /wd/hub/session [39m[32m200[39m [90m16589 ms - 1181[39m
[35m[HTTP][39m [90m[39m
[35m[HTTP][39m [37m-->[39m [37mGET[39m [37m/wd/hub/session/04656a3c-bd1e-4d09-aa1c-2264e66f55a8[39m
[35m[HTTP][39m [90m{}[39m
[35m[HTTP][39m [37m<-- GET /wd/hub/session/04656a3c-bd1e-4d09-aa1c-2264e66f55a8 [39m[32m200[39m [90m109 ms - 1135[39m
[35m[HTTP][39m [90m[39m
[35m[HTTP][39m [37m-->[39m [37mGET[39m [37m/wd/hub/session/04656a3c-bd1e-4d09-aa1c-2264e66f55a8[39m
[35m[HTTP][39m [90m{}[39m
[35m[HTTP][39m [37m<-- GET /wd/hub/session/04656a3c-bd1e-4d09-aa1c-2264e66f55a8 [39m[32m200[39m [90m29 ms - 1135[39m
[35m[HTTP][39m [90m[39m
[35m[HTTP][39m [37m-->[39m [37mGET[39m [37m/wd/hub/status[39m
[35m[HTTP][39m [90m{}[39m
[35m[HTTP][39m [37m<-- GET /wd/hub/status [39m[32m200[39m [90m1 ms - 68[39m
[35m[HTTP][39m [90m[39m
[35m[HTTP][39m [37m-->[39m [37mPOST[39m [37m/wd/hub/session/04656a3c-bd1e-4d09-aa1c-2264e66f55a8/timeouts[39m
[35m[HTTP][39m [90m{"implicit":120000}[39m
[35m[HTTP][39m [37m<-- POST /wd/hub/session/04656a3c-bd1e-4d09-aa1c-2264e66f55a8/timeouts [39m[32m200[39m [90m4 ms - 14[39m
[35m[HTTP][39m [90m[39m
[35m[HTTP][39m [37m-->[39m [37mGET[39m [37m/wd/hub/session/04656a3c-bd1e-4d09-aa1c-2264e66f55a8/screenshot[39m
[35m[HTTP][39m [90m{}[39m
[35m[HTTP][39m [37m<-- GET /wd/hub/session/04656a3c-bd1e-4d09-aa1c-2264e66f55a8/screenshot [39m[32m200[39m [90m421 ms - 201302[39m
[35m[HTTP][39m [90m[39m
[35m[HTTP][39m [37m-->[39m [37mGET[39m [37m/wd/hub/session/04656a3c-bd1e-4d09-aa1c-2264e66f55a8/window/rect[39m
[35m[HTTP][39m [90m{}[39m
[35m[HTTP][39m [37m<-- GET /wd/hub/session/04656a3c-bd1e-4d09-aa1c-2264e66f55a8/window/rect [39m[32m200[39m [90m21 ms - 50[39m
[35m[HTTP][39m [90m[39m
[35m[HTTP][39m [37m-->[39m [37mGET[39m [37m/wd/hub/session/04656a3c-bd1e-4d09-aa1c-2264e66f55a8/appium/device/system_bars[39m
[35m[HTTP][39m [90m{}[39m
[35m[HTTP][39m [37m<-- GET /wd/hub/session/04656a3c-bd1e-4d09-aa1c-2264e66f55a8/appium/device/system_bars [39m[32m200[39m [90m143 ms - 145[39m
[35m[HTTP][39m [90m[39m
[35m[HTTP][39m [37m-->[39m [37mPOST[39m [37m/wd/hub/session/04656a3c-bd1e-4d09-aa1c-2264e66f55a8/appium/device/activate_app[39m
[35m[HTTP][39m [90m{"bundleId":"pkp.mobile.fmui"}[39m
[35m[HTTP][39m [37m<-- POST /wd/hub/session/04656a3c-bd1e-4d09-aa1c-2264e66f55a8/appium/device/activate_app [39m[32m200[39m [90m3545 ms - 14[39m
[35m[HTTP][39m [90m[39m
[35m[HTTP][39m [37m-->[39m [37mPOST[39m [37m/wd/hub/session/04656a3c-bd1e-4d09-aa1c-2264e66f55a8/timeouts[39m
[35m[HTTP][39m [90m{"implicit":50}[39m
[35m[HTTP][39m [37m<-- POST /wd/hub/session/04656a3c-bd1e-4d09-aa1c-2264e66f55a8/timeouts [39m[32m200[39m [90m5 ms - 14[39m
[35m[HTTP][39m [90m[39m
[35m[HTTP][39m [37m-->[39m [37mGET[39m [37m/wd/hub/session/04656a3c-bd1e-4d09-aa1c-2264e66f55a8/window/rect[39m
[35m[HTTP][39m [90m{}[39m
[35m[HTTP][39m [37m<-- GET /wd/hub/session/04656a3c-bd1e-4d09-aa1c-2264e66f55a8/window/rect [39m[32m200[39m [90m40 ms - 50[39m
[35m[HTTP][39m [90m[39m
[35m[HTTP][39m [37m-->[39m [37mPOST[39m [37m/wd/hub/session/04656a3c-bd1e-4d09-aa1c-2264e66f55a8/elements[39m
[35m[HTTP][39m [90m{"using":"xpath","value":"//*[@class = 'android.widget.ImageView' and @resource-id = '' and (@text = '' or . = '')]"}[39m
[35m[HTTP][39m [37m<-- POST /wd/hub/session/04656a3c-bd1e-4d09-aa1c-2264e66f55a8/elements [39m[32m200[39m [90m194 ms - 523[39m
[35m[HTTP][39m [90m[39m
[35m[HTTP][39m [37m-->[39m [37mGET[39m [37m/wd/hub/session/04656a3c-bd1e-4d09-aa1c-2264e66f55a8/element/00000000-0000-0453-0000-02dd00000003/location[39m
[35m[HTTP][39m [90m{}[39m
[35m[W3C (04656a3c)][39m Driver proxy active, passing request on via HTTP proxy
[35m[WD Proxy][39m Replacing sessionId 36a606ab-24b1-4a71-bfeb-9ba39fc07e62 with 04656a3c-bd1e-4d09-aa1c-2264e66f55a8
[35m[HTTP][39m [37m<-- GET /wd/hub/session/04656a3c-bd1e-4d09-aa1c-2264e66f55a8/element/00000000-0000-0453-0000-02dd00000003/location [39m[32m200[39m [90m335 ms - 78[39m
[35m[HTTP][39m [90m[39m
[35m[HTTP][39m [37m-->[39m [37mPOST[39m [37m/wd/hub/session/04656a3c-bd1e-4d09-aa1c-2264e66f55a8/timeouts[39m
[35m[HTTP][39m [90m{"implicit":120000}[39m
[35m[HTTP][39m [37m<-- POST /wd/hub/session/04656a3c-bd1e-4d09-aa1c-2264e66f55a8/timeouts [39m[32m200[39m [90m2 ms - 14[39m
[35m[HTTP][39m [90m[39m
[35m[HTTP][39m [37m-->[39m [37mPOST[39m [37m/wd/hub/session/04656a3c-bd1e-4d09-aa1c-2264e66f55a8/element/00000000-0000-0453-0000-02dd00000003/click[39m
[35m[HTTP][39m [90m{"id":"00000000-0000-0453-0000-02dd00000003"}[39m
[35m[HTTP][39m [37m<-- POST /wd/hub/session/04656a3c-bd1e-4d09-aa1c-2264e66f55a8/element/00000000-0000-0453-0000-02dd00000003/click [39m[32m200[39m [90m52 ms - 14[39m
[35m[HTTP][39m [90m[39m
[35m[HTTP][39m [37m-->[39m [37mPOST[39m [37m/wd/hub/session/04656a3c-bd1e-4d09-aa1c-2264e66f55a8/timeouts[39m
[35m[HTTP][39m [90m{"implicit":50}[39m
[35m[HTTP][39m [37m<-- POST /wd/hub/session/04656a3c-bd1e-4d09-aa1c-2264e66f55a8/timeouts [39m[32m200[39m [90m2 ms - 14[39m
[35m[HTTP][39m [90m[39m
[35m[HTTP][39m [37m-->[39m [37mGET[39m [37m/wd/hub/session/04656a3c-bd1e-4d09-aa1c-2264e66f55a8/window/rect[39m
[35m[HTTP][39m [90m{}[39m
[35m[HTTP][39m [37m<-- GET /wd/hub/session/04656a3c-bd1e-4d09-aa1c-2264e66f55a8/window/rect [39m[32m200[39m [90m75 ms - 50[39m
[35m[HTTP][39m [90m[39m
[35m[HTTP][39m [37m-->[39m [37mPOST[39m [37m/wd/hub/session/04656a3c-bd1e-4d09-aa1c-2264e66f55a8/elements[39m
[35m[HTTP][39m [90m{"using":"accessibility id","value":"PENUGASAN"}[39m
[35m[HTTP][39m [37m<-- POST /wd/hub/session/04656a3c-bd1e-4d09-aa1c-2264e66f55a8/elements [39m[32m200[39m [90m671 ms - 12[39m
[35m[HTTP][39m [90m[39m
[35m[HTTP][39m [37m-->[39m [37mPOST[39m [37m/wd/hub/session/04656a3c-bd1e-4d09-aa1c-2264e66f55a8/elements[39m
[35m[HTTP][39m [90m{"using":"accessibility id","value":"PENUGASAN"}[39m
[35m[HTTP][39m [37m<-- POST /wd/hub/session/04656a3c-bd1e-4d09-aa1c-2264e66f55a8/elements [39m[32m200[39m [90m58 ms - 12[39m
[35m[HTTP][39m [90m[39m
[35m[HTTP][39m [37m-->[39m [37mPOST[39m [37m/wd/hub/session/04656a3c-bd1e-4d09-aa1c-2264e66f55a8/elements[39m
[35m[HTTP][39m [90m{"using":"accessibility id","value":"PENUGASAN"}[39m
[35m[HTTP][39m [37m<-- POST /wd/hub/session/04656a3c-bd1e-4d09-aa1c-2264e66f55a8/elements [39m[32m200[39m [90m55 ms - 12[39m
[35m[HTTP][39m [90m[39m
[35m[HTTP][39m [37m-->[39m [37mPOST[39m [37m/wd/hub/session/04656a3c-bd1e-4d09-aa1c-2264e66f55a8/elements[39m
[35m[HTTP][39m [90m{"using":"accessibility id","value":"PENUGASAN"}[39m
[35m[HTTP][39m [37m<-- POST /wd/hub/session/04656a3c-bd1e-4d09-aa1c-2264e66f55a8/elements [39m[32m200[39m [90m1158 ms - 12[39m
[35m[HTTP][39m [90m[39m
[35m[HTTP][39m [37m-->[39m [37mPOST[39m [37m/wd/hub/session/04656a3c-bd1e-4d09-aa1c-2264e66f55a8/elements[39m
[35m[HTTP][39m [90m{"using":"accessibility id","value":"PENUGASAN"}[39m
[35m[HTTP][39m [37m<-- POST /wd/hub/session/04656a3c-bd1e-4d09-aa1c-2264e66f55a8/elements [39m[32m200[39m [90m63 ms - 12[39m
[35m[HTTP][39m [90m[39m
[35m[HTTP][39m [37m-->[39m [37mPOST[39m [37m/wd/hub/session/04656a3c-bd1e-4d09-aa1c-2264e66f55a8/elements[39m
[35m[HTTP][39m [90m{"using":"accessibility id","value":"PENUGASAN"}[39m
[35m[HTTP][39m [37m<-- POST /wd/hub/session/04656a3c-bd1e-4d09-aa1c-2264e66f55a8/elements [39m[32m200[39m [90m55 ms - 12[39m
[35m[HTTP][39m [90m[39m
[35m[HTTP][39m [37m-->[39m [37mPOST[39m [37m/wd/hub/session/04656a3c-bd1e-4d09-aa1c-2264e66f55a8/elements[39m
[35m[HTTP][39m [90m{"using":"accessibility id","value":"PENUGASAN"}[39m
[35m[HTTP][39m [37m<-- POST /wd/hub/session/04656a3c-bd1e-4d09-aa1c-2264e66f55a8/elements [39m[32m200[39m [90m519 ms - 12[39m
[35m[HTTP][39m [90m[39m
[35m[HTTP][39m [37m-->[39m [37mPOST[39m [37m/wd/hub/session/04656a3c-bd1e-4d09-aa1c-2264e66f55a8/elements[39m
[35m[HTTP][39m [90m{"using":"accessibility id","value":"PENUGASAN"}[39m
[35m[HTTP][39m [37m<-- POST /wd/hub/session/04656a3c-bd1e-4d09-aa1c-2264e66f55a8/elements [39m[32m200[39m [90m62 ms - 12[39m
[35m[HTTP][39m [90m[39m
[35m[HTTP][39m [37m-->[39m [37mPOST[39m [37m/wd/hub/session/04656a3c-bd1e-4d09-aa1c-2264e66f55a8/elements[39m
[35m[HTTP][39m [90m{"using":"accessibility id","value":"PENUGASAN"}[39m
[35m[HTTP][39m [37m<-- POST /wd/hub/session/04656a3c-bd1e-4d09-aa1c-2264e66f55a8/elements [39m[32m200[39m [90m61 ms - 12[39m
[35m[HTTP][39m [90m[39m
[35m[HTTP][39m [37m-->[39m [37mPOST[39m [37m/wd/hub/session/04656a3c-bd1e-4d09-aa1c-2264e66f55a8/elements[39m
[35m[HTTP][39m [90m{"using":"accessibility id","value":"PENUGASAN"}[39m
[35m[HTTP][39m [37m<-- POST /wd/hub/session/04656a3c-bd1e-4d09-aa1c-2264e66f55a8/elements [39m[32m200[39m [90m62 ms - 12[39m
[35m[HTTP][39m [90m[39m
[35m[HTTP][39m [37m-->[39m [37mPOST[39m [37m/wd/hub/session/04656a3c-bd1e-4d09-aa1c-2264e66f55a8/elements[39m
[35m[HTTP][39m [90m{"using":"accessibility id","value":"PENUGASAN"}[39m
[35m[HTTP][39m [37m<-- POST /wd/hub/session/04656a3c-bd1e-4d09-aa1c-2264e66f55a8/elements [39m[32m200[39m [90m59 ms - 12[39m
[35m[HTTP][39m [90m[39m
[35m[HTTP][39m [37m-->[39m [37mPOST[39m [37m/wd/hub/session/04656a3c-bd1e-4d09-aa1c-2264e66f55a8/elements[39m
[35m[HTTP][39m [90m{"using":"accessibility id","value":"PENUGASAN"}[39m
[35m[HTTP][39m [37m<-- POST /wd/hub/session/04656a3c-bd1e-4d09-aa1c-2264e66f55a8/elements [39m[32m200[39m [90m63 ms - 12[39m
[35m[HTTP][39m [90m[39m
[35m[HTTP][39m [37m-->[39m [37mPOST[39m [37m/wd/hub/session/04656a3c-bd1e-4d09-aa1c-2264e66f55a8/elements[39m
[35m[HTTP][39m [90m{"using":"accessibility id","value":"PENUGASAN"}[39m
[35m[HTTP][39m [37m<-- POST /wd/hub/session/04656a3c-bd1e-4d09-aa1c-2264e66f55a8/elements [39m[32m200[39m [90m58 ms - 12[39m
[35m[HTTP][39m [90m[39m
[35m[HTTP][39m [37m-->[39m [37mPOST[39m [37m/wd/hub/session/04656a3c-bd1e-4d09-aa1c-2264e66f55a8/elements[39m
[35m[HTTP][39m [90m{"using":"accessibility id","value":"PENUGASAN"}[39m
[35m[HTTP][39m [37m<-- POST /wd/hub/session/04656a3c-bd1e-4d09-aa1c-2264e66f55a8/elements [39m[32m200[39m [90m515 ms - 12[39m
[35m[HTTP][39m [90m[39m
[35m[HTTP][39m [37m-->[39m [37mPOST[39m [37m/wd/hub/session/04656a3c-bd1e-4d09-aa1c-2264e66f55a8/elements[39m
[35m[HTTP][39m [90m{"using":"accessibility id","value":"PENUGASAN"}[39m
[35m[HTTP][39m [37m<-- POST /wd/hub/session/04656a3c-bd1e-4d09-aa1c-2264e66f55a8/elements [39m[32m200[39m [90m60 ms - 12[39m
[35m[HTTP][39m [90m[39m
[35m[HTTP][39m [37m-->[39m [37mPOST[39m [37m/wd/hub/session/04656a3c-bd1e-4d09-aa1c-2264e66f55a8/elements[39m
[35m[HTTP][39m [90m{"using":"accessibility id","value":"PENUGASAN"}[39m
[35m[HTTP][39m [37m<-- POST /wd/hub/session/04656a3c-bd1e-4d09-aa1c-2264e66f55a8/elements [39m[32m200[39m [90m58 ms - 12[39m
[35m[HTTP][39m [90m[39m
[35m[HTTP][39m [37m-->[39m [37mPOST[39m [37m/wd/hub/session/04656a3c-bd1e-4d09-aa1c-2264e66f55a8/elements[39m
[35m[HTTP][39m [90m{"using":"accessibility id","value":"PENUGASAN"}[39m
[35m[HTTP][39m [37m<-- POST /wd/hub/session/04656a3c-bd1e-4d09-aa1c-2264e66f55a8/elements [39m[32m200[39m [90m59 ms - 12[39m
[35m[HTTP][39m [90m[39m
[35m[HTTP][39m [37m-->[39m [37mPOST[39m [37m/wd/hub/session/04656a3c-bd1e-4d09-aa1c-2264e66f55a8/elements[39m
[35m[HTTP][39m [90m{"using":"accessibility id","value":"PENUGASAN"}[39m
[35m[HTTP][39m [37m<-- POST /wd/hub/session/04656a3c-bd1e-4d09-aa1c-2264e66f55a8/elements [39m[32m200[39m [90m65 ms - 12[39m
[35m[HTTP][39m [90m[39m
[35m[HTTP][39m [37m-->[39m [37mPOST[39m [37m/wd/hub/session/04656a3c-bd1e-4d09-aa1c-2264e66f55a8/elements[39m
[35m[HTTP][39m [90m{"using":"accessibility id","value":"PENUGASAN"}[39m
[35m[HTTP][39m [37m<-- POST /wd/hub/session/04656a3c-bd1e-4d09-aa1c-2264e66f55a8/elements [39m[32m200[39m [90m60 ms - 12[39m
[35m[HTTP][39m [90m[39m
[35m[HTTP][39m [37m-->[39m [37mPOST[39m [37m/wd/hub/session/04656a3c-bd1e-4d09-aa1c-2264e66f55a8/elements[39m
[35m[HTTP][39m [90m{"using":"accessibility id","value":"PENUGASAN"}[39m
[35m[HTTP][39m [37m<-- POST /wd/hub/session/04656a3c-bd1e-4d09-aa1c-2264e66f55a8/elements [39m[32m200[39m [90m64 ms - 12[39m
[35m[HTTP][39m [90m[39m
[35m[HTTP][39m [37m-->[39m [37mPOST[39m [37m/wd/hub/session/04656a3c-bd1e-4d09-aa1c-2264e66f55a8/elements[39m
[35m[HTTP][39m [90m{"using":"accessibility id","value":"PENUGASAN"}[39m
[35m[HTTP][39m [37m<-- POST /wd/hub/session/04656a3c-bd1e-4d09-aa1c-2264e66f55a8/elements [39m[32m200[39m [90m549 ms - 12[39m
[35m[HTTP][39m [90m[39m
[35m[HTTP][39m [37m-->[39m [37mPOST[39m [37m/wd/hub/session/04656a3c-bd1e-4d09-aa1c-2264e66f55a8/elements[39m
[35m[HTTP][39m [90m{"using":"accessibility id","value":"PENUGASAN"}[39m
[35m[HTTP][39m [37m<-- POST /wd/hub/session/04656a3c-bd1e-4d09-aa1c-2264e66f55a8/elements [39m[32m200[39m [90m57 ms - 12[39m
[35m[HTTP][39m [90m[39m
[35m[HTTP][39m [37m-->[39m [37mPOST[39m [37m/wd/hub/session/04656a3c-bd1e-4d09-aa1c-2264e66f55a8/elements[39m
[35m[HTTP][39m [90m{"using":"accessibility id","value":"PENUGASAN"}[39m
[35m[HTTP][39m [37m<-- POST /wd/hub/session/04656a3c-bd1e-4d09-aa1c-2264e66f55a8/elements [39m[32m200[39m [90m53 ms - 12[39m
[35m[HTTP][39m [90m[39m
[35m[HTTP][39m [37m-->[39m [37mPOST[39m [37m/wd/hub/session/04656a3c-bd1e-4d09-aa1c-2264e66f55a8/elements[39m
[35m[HTTP][39m [90m{"using":"accessibility id","value":"PENUGASAN"}[39m
[35m[HTTP][39m [37m<-- POST /wd/hub/session/04656a3c-bd1e-4d09-aa1c-2264e66f55a8/elements [39m[32m200[39m [90m53 ms - 12[39m
[35m[HTTP][39m [90m[39m
[35m[HTTP][39m [37m-->[39m [37mPOST[39m [37m/wd/hub/session/04656a3c-bd1e-4d09-aa1c-2264e66f55a8/elements[39m
[35m[HTTP][39m [90m{"using":"accessibility id","value":"PENUGASAN"}[39m
[35m[HTTP][39m [37m<-- POST /wd/hub/session/04656a3c-bd1e-4d09-aa1c-2264e66f55a8/elements [39m[32m200[39m [90m823 ms - 12[39m
[35m[HTTP][39m [90m[39m
[35m[HTTP][39m [37m-->[39m [37mPOST[39m [37m/wd/hub/session/04656a3c-bd1e-4d09-aa1c-2264e66f55a8/elements[39m
[35m[HTTP][39m [90m{"using":"accessibility id","value":"PENUGASAN"}[39m
[35m[HTTP][39m [37m<-- POST /wd/hub/session/04656a3c-bd1e-4d09-aa1c-2264e66f55a8/elements [39m[32m200[39m [90m56 ms - 12[39m
[35m[HTTP][39m [90m[39m
[35m[HTTP][39m [37m-->[39m [37mPOST[39m [37m/wd/hub/session/04656a3c-bd1e-4d09-aa1c-2264e66f55a8/elements[39m
[35m[HTTP][39m [90m{"using":"accessibility id","value":"PENUGASAN"}[39m
[35m[HTTP][39m [37m<-- POST /wd/hub/session/04656a3c-bd1e-4d09-aa1c-2264e66f55a8/elements [39m[32m200[39m [90m56 ms - 12[39m
[35m[HTTP][39m [90m[39m
[35m[HTTP][39m [37m-->[39m [37mPOST[39m [37m/wd/hub/session/04656a3c-bd1e-4d09-aa1c-2264e66f55a8/elements[39m
[35m[HTTP][39m [90m{"using":"accessibility id","value":"PENUGASAN"}[39m
[35m[HTTP][39m [37m<-- POST /wd/hub/session/04656a3c-bd1e-4d09-aa1c-2264e66f55a8/elements [39m[32m200[39m [90m50 ms - 12[39m
[35m[HTTP][39m [90m[39m
[35m[HTTP][39m [37m-->[39m [37mPOST[39m [37m/wd/hub/session/04656a3c-bd1e-4d09-aa1c-2264e66f55a8/elements[39m
[35m[HTTP][39m [90m{"using":"accessibility id","value":"PENUGASAN"}[39m
[35m[HTTP][39m [37m<-- POST /wd/hub/session/04656a3c-bd1e-4d09-aa1c-2264e66f55a8/elements [39m[32m200[39m [90m108 ms - 12[39m
[35m[HTTP][39m [90m[39m
[35m[HTTP][39m [37m-->[39m [37mPOST[39m [37m/wd/hub/session/04656a3c-bd1e-4d09-aa1c-2264e66f55a8/elements[39m
[35m[HTTP][39m [90m{"using":"accessibility id","value":"PENUGASAN"}[39m
[35m[HTTP][39m [37m<-- POST /wd/hub/session/04656a3c-bd1e-4d09-aa1c-2264e66f55a8/elements [39m[32m200[39m [90m110 ms - 12[39m
[35m[HTTP][39m [90m[39m
[35m[HTTP][39m [37m-->[39m [37mPOST[39m [37m/wd/hub/session/04656a3c-bd1e-4d09-aa1c-2264e66f55a8/elements[39m
[35m[HTTP][39m [90m{"using":"accessibility id","value":"PENUGASAN"}[39m
[35m[HTTP][39m [37m<-- POST /wd/hub/session/04656a3c-bd1e-4d09-aa1c-2264e66f55a8/elements [39m[32m200[39m [90m520 ms - 12[39m
[35m[HTTP][39m [90m[39m
[35m[HTTP][39m [37m-->[39m [37mPOST[39m [37m/wd/hub/session/04656a3c-bd1e-4d09-aa1c-2264e66f55a8/elements[39m
[35m[HTTP][39m [90m{"using":"accessibility id","value":"PENUGASAN"}[39m
[35m[HTTP][39m [37m<-- POST /wd/hub/session/04656a3c-bd1e-4d09-aa1c-2264e66f55a8/elements [39m[32m200[39m [90m53 ms - 12[39m
[35m[HTTP][39m [90m[39m
[35m[HTTP][39m [37m-->[39m [37mPOST[39m [37m/wd/hub/session/04656a3c-bd1e-4d09-aa1c-2264e66f55a8/elements[39m
[35m[HTTP][39m [90m{"using":"accessibility id","value":"PENUGASAN"}[39m
[35m[HTTP][39m [37m<-- POST /wd/hub/session/04656a3c-bd1e-4d09-aa1c-2264e66f55a8/elements [39m[32m200[39m [90m55 ms - 12[39m
[35m[HTTP][39m [90m[39m
[35m[HTTP][39m [37m-->[39m [37mPOST[39m [37m/wd/hub/session/04656a3c-bd1e-4d09-aa1c-2264e66f55a8/elements[39m
[35m[HTTP][39m [90m{"using":"accessibility id","value":"PENUGASAN"}[39m
[35m[HTTP][39m [37m<-- POST /wd/hub/session/04656a3c-bd1e-4d09-aa1c-2264e66f55a8/elements [39m[32m200[39m [90m53 ms - 12[39m
[35m[HTTP][39m [90m[39m
[35m[HTTP][39m [37m-->[39m [37mPOST[39m [37m/wd/hub/session/04656a3c-bd1e-4d09-aa1c-2264e66f55a8/elements[39m
[35m[HTTP][39m [90m{"using":"accessibility id","value":"PENUGASAN"}[39m
[35m[HTTP][39m [37m<-- POST /wd/hub/session/04656a3c-bd1e-4d09-aa1c-2264e66f55a8/elements [39m[32m200[39m [90m55 ms - 12[39m
[35m[HTTP][39m [90m[39m
[35m[HTTP][39m [37m-->[39m [37mPOST[39m [37m/wd/hub/session/04656a3c-bd1e-4d09-aa1c-2264e66f55a8/elements[39m
[35m[HTTP][39m [90m{"using":"accessibility id","value":"PENUGASAN"}[39m
[35m[HTTP][39m [37m<-- POST /wd/hub/session/04656a3c-bd1e-4d09-aa1c-2264e66f55a8/elements [39m[32m200[39m [90m52 ms - 12[39m
[35m[HTTP][39m [90m[39m
[35m[HTTP][39m [37m-->[39m [37mPOST[39m [37m/wd/hub/session/04656a3c-bd1e-4d09-aa1c-2264e66f55a8/elements[39m
[35m[HTTP][39m [90m{"using":"accessibility id","value":"PENUGASAN"}[39m
[35m[HTTP][39m [37m<-- POST /wd/hub/session/04656a3c-bd1e-4d09-aa1c-2264e66f55a8/elements [39m[32m200[39m [90m65 ms - 12[39m
[35m[HTTP][39m [90m[39m
[35m[HTTP][39m [37m-->[39m [37mPOST[39m [37m/wd/hub/session/04656a3c-bd1e-4d09-aa1c-2264e66f55a8/elements[39m
[35m[HTTP][39m [90m{"using":"accessibility id","value":"PENUGASAN"}[39m
[35m[HTTP][39m [37m<-- POST /wd/hub/session/04656a3c-bd1e-4d09-aa1c-2264e66f55a8/elements [39m[32m200[39m [90m54 ms - 12[39m
[35m[HTTP][39m [90m[39m
[35m[HTTP][39m [37m-->[39m [37mPOST[39m [37m/wd/hub/session/04656a3c-bd1e-4d09-aa1c-2264e66f55a8/elements[39m
[35m[HTTP][39m [90m{"using":"accessibility id","value":"PENUGASAN"}[39m
[35m[HTTP][39m [37m<-- POST /wd/hub/session/04656a3c-bd1e-4d09-aa1c-2264e66f55a8/elements [39m[32m200[39m [90m944 ms - 12[39m
[35m[HTTP][39m [90m[39m
[35m[HTTP][39m [37m-->[39m [37mPOST[39m [37m/wd/hub/session/04656a3c-bd1e-4d09-aa1c-2264e66f55a8/elements[39m
[35m[HTTP][39m [90m{"using":"accessibility id","value":"PENUGASAN"}[39m
[35m[HTTP][39m [37m<-- POST /wd/hub/session/04656a3c-bd1e-4d09-aa1c-2264e66f55a8/elements [39m[32m200[39m [90m58 ms - 12[39m
[35m[HTTP][39m [90m[39m
[35m[HTTP][39m [37m-->[39m [37mPOST[39m [37m/wd/hub/session/04656a3c-bd1e-4d09-aa1c-2264e66f55a8/elements[39m
[35m[HTTP][39m [90m{"using":"accessibility id","value":"PENUGASAN"}[39m
[35m[HTTP][39m [37m<-- POST /wd/hub/session/04656a3c-bd1e-4d09-aa1c-2264e66f55a8/elements [39m[32m200[39m [90m532 ms - 12[39m
[35m[HTTP][39m [90m[39m
[35m[HTTP][39m [37m-->[39m [37mPOST[39m [37m/wd/hub/session/04656a3c-bd1e-4d09-aa1c-2264e66f55a8/elements[39m
[35m[HTTP][39m [90m{"using":"accessibility id","value":"PENUGASAN"}[39m
[35m[HTTP][39m [37m<-- POST /wd/hub/session/04656a3c-bd1e-4d09-aa1c-2264e66f55a8/elements [39m[32m200[39m [90m51 ms - 12[39m
[35m[HTTP][39m [90m[39m
[35m[HTTP][39m [37m-->[39m [37mPOST[39m [37m/wd/hub/session/04656a3c-bd1e-4d09-aa1c-2264e66f55a8/elements[39m
[35m[HTTP][39m [90m{"using":"accessibility id","value":"PENUGASAN"}[39m
[35m[HTTP][39m [37m<-- POST /wd/hub/session/04656a3c-bd1e-4d09-aa1c-2264e66f55a8/elements [39m[32m200[39m [90m52 ms - 12[39m
[35m[HTTP][39m [90m[39m
[35m[HTTP][39m [37m-->[39m [37mPOST[39m [37m/wd/hub/session/04656a3c-bd1e-4d09-aa1c-2264e66f55a8/elements[39m
[35m[HTTP][39m [90m{"using":"accessibility id","value":"PENUGASAN"}[39m
[35m[HTTP][39m [37m<-- POST /wd/hub/session/04656a3c-bd1e-4d09-aa1c-2264e66f55a8/elements [39m[32m200[39m [90m53 ms - 12[39m
[35m[HTTP][39m [90m[39m
[35m[HTTP][39m [37m-->[39m [37mPOST[39m [37m/wd/hub/session/04656a3c-bd1e-4d09-aa1c-2264e66f55a8/elements[39m
[35m[HTTP][39m [90m{"using":"accessibility id","value":"PENUGASAN"}[39m
[35m[HTTP][39m [37m<-- POST /wd/hub/session/04656a3c-bd1e-4d09-aa1c-2264e66f55a8/elements [39m[32m200[39m [90m808 ms - 12[39m
[35m[HTTP][39m [90m[39m
[35m[HTTP][39m [37m-->[39m [37mPOST[39m [37m/wd/hub/session/04656a3c-bd1e-4d09-aa1c-2264e66f55a8/elements[39m
[35m[HTTP][39m [90m{"using":"accessibility id","value":"PENUGASAN"}[39m
[35m[HTTP][39m [37m<-- POST /wd/hub/session/04656a3c-bd1e-4d09-aa1c-2264e66f55a8/elements [39m[32m200[39m [90m107 ms - 12[39m
[35m[HTTP][39m [90m[39m
[35m[HTTP][39m [37m-->[39m [37mPOST[39m [37m/wd/hub/session/04656a3c-bd1e-4d09-aa1c-2264e66f55a8/elements[39m
[35m[HTTP][39m [90m{"using":"accessibility id","value":"PENUGASAN"}[39m
[35m[HTTP][39m [37m<-- POST /wd/hub/session/04656a3c-bd1e-4d09-aa1c-2264e66f55a8/elements [39m[32m200[39m [90m113 ms - 12[39m
[35m[HTTP][39m [90m[39m
[35m[HTTP][39m [37m-->[39m [37mPOST[39m [37m/wd/hub/session/04656a3c-bd1e-4d09-aa1c-2264e66f55a8/elements[39m
[35m[HTTP][39m [90m{"using":"accessibility id","value":"PENUGASAN"}[39m
[35m[HTTP][39m [37m<-- POST /wd/hub/session/04656a3c-bd1e-4d09-aa1c-2264e66f55a8/elements [39m[32m200[39m [90m103 ms - 12[39m
[35m[HTTP][39m [90m[39m
[35m[HTTP][39m [37m-->[39m [37mPOST[39m [37m/wd/hub/session/04656a3c-bd1e-4d09-aa1c-2264e66f55a8/elements[39m
[35m[HTTP][39m [90m{"using":"accessibility id","value":"PENUGASAN"}[39m
[35m[HTTP][39m [37m<-- POST /wd/hub/session/04656a3c-bd1e-4d09-aa1c-2264e66f55a8/elements [39m[32m200[39m [90m107 ms - 12[39m
[35m[HTTP][39m [90m[39m
[35m[HTTP][39m [37m-->[39m [37mPOST[39m [37m/wd/hub/session/04656a3c-bd1e-4d09-aa1c-2264e66f55a8/elements[39m
[35m[HTTP][39m [90m{"using":"accessibility id","value":"PENUGASAN"}[39m
[35m[HTTP][39m [37m<-- POST /wd/hub/session/04656a3c-bd1e-4d09-aa1c-2264e66f55a8/elements [39m[32m200[39m [90m507 ms - 12[39m
[35m[HTTP][39m [90m[39m
[35m[HTTP][39m [37m-->[39m [37mPOST[39m [37m/wd/hub/session/04656a3c-bd1e-4d09-aa1c-2264e66f55a8/elements[39m
[35m[HTTP][39m [90m{"using":"accessibility id","value":"PENUGASAN"}[39m
[35m[HTTP][39m [37m<-- POST /wd/hub/session/04656a3c-bd1e-4d09-aa1c-2264e66f55a8/elements [39m[32m200[39m [90m107 ms - 12[39m
[35m[HTTP][39m [90m[39m
[35m[HTTP][39m [37m-->[39m [37mPOST[39m [37m/wd/hub/session/04656a3c-bd1e-4d09-aa1c-2264e66f55a8/elements[39m
[35m[HTTP][39m [90m{"using":"accessibility id","value":"PENUGASAN"}[39m
[35m[HTTP][39m [37m<-- POST /wd/hub/session/04656a3c-bd1e-4d09-aa1c-2264e66f55a8/elements [39m[32m200[39m [90m110 ms - 12[39m
[35m[HTTP][39m [90m[39m
[35m[HTTP][39m [37m-->[39m [37mPOST[39m [37m/wd/hub/session/04656a3c-bd1e-4d09-aa1c-2264e66f55a8/elements[39m
[35m[HTTP][39m [90m{"using":"accessibility id","value":"PENUGASAN"}[39m
[35m[HTTP][39m [37m<-- POST /wd/hub/session/04656a3c-bd1e-4d09-aa1c-2264e66f55a8/elements [39m[32m200[39m [90m114 ms - 12[39m
[35m[HTTP][39m [90m[39m
[35m[HTTP][39m [37m-->[39m [37mPOST[39m [37m/wd/hub/session/04656a3c-bd1e-4d09-aa1c-2264e66f55a8/elements[39m
[35m[HTTP][39m [90m{"using":"accessibility id","value":"PENUGASAN"}[39m
[35m[HTTP][39m [37m<-- POST /wd/hub/session/04656a3c-bd1e-4d09-aa1c-2264e66f55a8/elements [39m[32m200[39m [90m52 ms - 12[39m
[35m[HTTP][39m [90m[39m
[35m[HTTP][39m [37m-->[39m [37mPOST[39m [37m/wd/hub/session/04656a3c-bd1e-4d09-aa1c-2264e66f55a8/elements[39m
[35m[HTTP][39m [90m{"using":"accessibility id","value":"PENUGASAN"}[39m
[35m[HTTP][39m [37m<-- POST /wd/hub/session/04656a3c-bd1e-4d09-aa1c-2264e66f55a8/elements [39m[32m200[39m [90m528 ms - 12[39m
[35m[HTTP][39m [90m[39m
[35m[HTTP][39m [37m-->[39m [37mPOST[39m [37m/wd/hub/session/04656a3c-bd1e-4d09-aa1c-2264e66f55a8/elements[39m
[35m[HTTP][39m [90m{"using":"accessibility id","value":"PENUGASAN"}[39m
[35m[HTTP][39m [37m<-- POST /wd/hub/session/04656a3c-bd1e-4d09-aa1c-2264e66f55a8/elements [39m[32m200[39m [90m52 ms - 12[39m
[35m[HTTP][39m [90m[39m
[35m[HTTP][39m [37m-->[39m [37mPOST[39m [37m/wd/hub/session/04656a3c-bd1e-4d09-aa1c-2264e66f55a8/elements[39m
[35m[HTTP][39m [90m{"using":"accessibility id","value":"PENUGASAN"}[39m
[35m[HTTP][39m [37m<-- POST /wd/hub/session/04656a3c-bd1e-4d09-aa1c-2264e66f55a8/elements [39m[32m200[39m [90m61 ms - 12[39m
[35m[HTTP][39m [90m[39m
[35m[HTTP][39m [37m-->[39m [37mPOST[39m [37m/wd/hub/session/04656a3c-bd1e-4d09-aa1c-2264e66f55a8/elements[39m
[35m[HTTP][39m [90m{"using":"accessibility id","value":"PENUGASAN"}[39m
[35m[HTTP][39m [37m<-- POST /wd/hub/session/04656a3c-bd1e-4d09-aa1c-2264e66f55a8/elements [39m[32m200[39m [90m111 ms - 12[39m
[35m[HTTP][39m [90m[39m
[35m[HTTP][39m [37m-->[39m [37mPOST[39m [37m/wd/hub/session/04656a3c-bd1e-4d09-aa1c-2264e66f55a8/elements[39m
[35m[HTTP][39m [90m{"using":"accessibility id","value":"PENUGASAN"}[39m
[35m[HTTP][39m [37m<-- POST /wd/hub/session/04656a3c-bd1e-4d09-aa1c-2264e66f55a8/elements [39m[32m200[39m [90m107 ms - 12[39m
[35m[HTTP][39m [90m[39m
[35m[HTTP][39m [37m-->[39m [37mPOST[39m [37m/wd/hub/session/04656a3c-bd1e-4d09-aa1c-2264e66f55a8/elements[39m
[35m[HTTP][39m [90m{"using":"accessibility id","value":"PENUGASAN"}[39m
[35m[HTTP][39m [37m<-- POST /wd/hub/session/04656a3c-bd1e-4d09-aa1c-2264e66f55a8/elements [39m[32m200[39m [90m52 ms - 12[39m
[35m[HTTP][39m [90m[39m
[35m[HTTP][39m [37m-->[39m [37mPOST[39m [37m/wd/hub/session/04656a3c-bd1e-4d09-aa1c-2264e66f55a8/elements[39m
[35m[HTTP][39m [90m{"using":"accessibility id","value":"PENUGASAN"}[39m
[35m[HTTP][39m [37m<-- POST /wd/hub/session/04656a3c-bd1e-4d09-aa1c-2264e66f55a8/elements [39m[32m200[39m [90m559 ms - 12[39m
[35m[HTTP][39m [90m[39m
[35m[HTTP][39m [37m-->[39m [37mPOST[39m [37m/wd/hub/session/04656a3c-bd1e-4d09-aa1c-2264e66f55a8/elements[39m
[35m[HTTP][39m [90m{"using":"accessibility id","value":"PENUGASAN"}[39m
[35m[HTTP][39m [37m<-- POST /wd/hub/session/04656a3c-bd1e-4d09-aa1c-2264e66f55a8/elements [39m[32m200[39m [90m107 ms - 12[39m
[35m[HTTP][39m [90m[39m
[35m[HTTP][39m [37m-->[39m [37mPOST[39m [37m/wd/hub/session/04656a3c-bd1e-4d09-aa1c-2264e66f55a8/elements[39m
[35m[HTTP][39m [90m{"using":"accessibility id","value":"PENUGASAN"}[39m
[35m[HTTP][39m [37m<-- POST /wd/hub/session/04656a3c-bd1e-4d09-aa1c-2264e66f55a8/elements [39m[32m200[39m [90m51 ms - 12[39m
[35m[HTTP][39m [90m[39m
[35m[HTTP][39m [37m-->[39m [37mPOST[39m [37m/wd/hub/session/04656a3c-bd1e-4d09-aa1c-2264e66f55a8/elements[39m
[35m[HTTP][39m [90m{"using":"accessibility id","value":"PENUGASAN"}[39m
[35m[HTTP][39m [37m<-- POST /wd/hub/session/04656a3c-bd1e-4d09-aa1c-2264e66f55a8/elements [39m[32m200[39m [90m812 ms - 12[39m
[35m[HTTP][39m [90m[39m
[35m[HTTP][39m [37m-->[39m [37mPOST[39m [37m/wd/hub/session/04656a3c-bd1e-4d09-aa1c-2264e66f55a8/elements[39m
[35m[HTTP][39m [90m{"using":"accessibility id","value":"PENUGASAN"}[39m
[35m[HTTP][39m [37m<-- POST /wd/hub/session/04656a3c-bd1e-4d09-aa1c-2264e66f55a8/elements [39m[32m200[39m [90m52 ms - 12[39m
[35m[HTTP][39m [90m[39m
[35m[HTTP][39m [37m-->[39m [37mPOST[39m [37m/wd/hub/session/04656a3c-bd1e-4d09-aa1c-2264e66f55a8/elements[39m
[35m[HTTP][39m [90m{"using":"accessibility id","value":"PENUGASAN"}[39m
[35m[HTTP][39m [37m<-- POST /wd/hub/session/04656a3c-bd1e-4d09-aa1c-2264e66f55a8/elements [39m[32m200[39m [90m109 ms - 12[39m
[35m[HTTP][39m [90m[39m
[35m[HTTP][39m [37m-->[39m [37mPOST[39m [37m/wd/hub/session/04656a3c-bd1e-4d09-aa1c-2264e66f55a8/elements[39m
[35m[HTTP][39m [90m{"using":"accessibility id","value":"PENUGASAN"}[39m
[35m[HTTP][39m [37m<-- POST /wd/hub/session/04656a3c-bd1e-4d09-aa1c-2264e66f55a8/elements [39m[32m200[39m [90m53 ms - 12[39m
[35m[HTTP][39m [90m[39m
[35m[HTTP][39m [37m-->[39m [37mPOST[39m [37m/wd/hub/session/04656a3c-bd1e-4d09-aa1c-2264e66f55a8/elements[39m
[35m[HTTP][39m [90m{"using":"accessibility id","value":"PENUGASAN"}[39m
[35m[HTTP][39m [37m<-- POST /wd/hub/session/04656a3c-bd1e-4d09-aa1c-2264e66f55a8/elements [39m[32m200[39m [90m111 ms - 12[39m
[35m[HTTP][39m [90m[39m
[35m[HTTP][39m [37m-->[39m [37mPOST[39m [37m/wd/hub/session/04656a3c-bd1e-4d09-aa1c-2264e66f55a8/elements[39m
[35m[HTTP][39m [90m{"using":"accessibility id","value":"PENUGASAN"}[39m
[35m[HTTP][39m [37m<-- POST /wd/hub/session/04656a3c-bd1e-4d09-aa1c-2264e66f55a8/elements [39m[32m200[39m [90m108 ms - 12[39m
[35m[HTTP][39m [90m[39m
[35m[HTTP][39m [37m-->[39m [37mPOST[39m [37m/wd/hub/session/04656a3c-bd1e-4d09-aa1c-2264e66f55a8/elements[39m
[35m[HTTP][39m [90m{"using":"accessibility id","value":"PENUGASAN"}[39m
[35m[HTTP][39m [37m<-- POST /wd/hub/session/04656a3c-bd1e-4d09-aa1c-2264e66f55a8/elements [39m[32m200[39m [90m500 ms - 12[39m
[35m[HTTP][39m [90m[39m
[35m[HTTP][39m [37m-->[39m [37mPOST[39m [37m/wd/hub/session/04656a3c-bd1e-4d09-aa1c-2264e66f55a8/elements[39m
[35m[HTTP][39m [90m{"using":"accessibility id","value":"PENUGASAN"}[39m
[35m[HTTP][39m [37m<-- POST /wd/hub/session/04656a3c-bd1e-4d09-aa1c-2264e66f55a8/elements [39m[32m200[39m [90m109 ms - 12[39m
[35m[HTTP][39m [90m[39m
[35m[HTTP][39m [37m-->[39m [37mPOST[39m [37m/wd/hub/session/04656a3c-bd1e-4d09-aa1c-2264e66f55a8/elements[39m
[35m[HTTP][39m [90m{"using":"accessibility id","value":"PENUGASAN"}[39m
[35m[HTTP][39m [37m<-- POST /wd/hub/session/04656a3c-bd1e-4d09-aa1c-2264e66f55a8/elements [39m[32m200[39m [90m52 ms - 12[39m
[35m[HTTP][39m [90m[39m
[35m[HTTP][39m [37m-->[39m [37mPOST[39m [37m/wd/hub/session/04656a3c-bd1e-4d09-aa1c-2264e66f55a8/elements[39m
[35m[HTTP][39m [90m{"using":"accessibility id","value":"PENUGASAN"}[39m
[35m[HTTP][39m [37m<-- POST /wd/hub/session/04656a3c-bd1e-4d09-aa1c-2264e66f55a8/elements [39m[32m200[39m [90m54 ms - 12[39m
[35m[HTTP][39m [90m[39m
[35m[HTTP][39m [37m-->[39m [37mPOST[39m [37m/wd/hub/session/04656a3c-bd1e-4d09-aa1c-2264e66f55a8/elements[39m
[35m[HTTP][39m [90m{"using":"accessibility id","value":"PENUGASAN"}[39m
[35m[HTTP][39m [37m<-- POST /wd/hub/session/04656a3c-bd1e-4d09-aa1c-2264e66f55a8/elements [39m[32m200[39m [90m58 ms - 12[39m
[35m[HTTP][39m [90m[39m
[35m[HTTP][39m [37m-->[39m [37mPOST[39m [37m/wd/hub/session/04656a3c-bd1e-4d09-aa1c-2264e66f55a8/elements[39m
[35m[HTTP][39m [90m{"using":"accessibility id","value":"PENUGASAN"}[39m
[35m[HTTP][39m [37m<-- POST /wd/hub/session/04656a3c-bd1e-4d09-aa1c-2264e66f55a8/elements [39m[32m200[39m [90m54 ms - 12[39m
[35m[HTTP][39m [90m[39m
[35m[HTTP][39m [37m-->[39m [37mPOST[39m [37m/wd/hub/session/04656a3c-bd1e-4d09-aa1c-2264e66f55a8/elements[39m
[35m[HTTP][39m [90m{"using":"accessibility id","value":"PENUGASAN"}[39m
[35m[HTTP][39m [37m<-- POST /wd/hub/session/04656a3c-bd1e-4d09-aa1c-2264e66f55a8/elements [39m[32m200[39m [90m579 ms - 12[39m
[35m[HTTP][39m [90m[39m
[35m[HTTP][39m [37m-->[39m [37mPOST[39m [37m/wd/hub/session/04656a3c-bd1e-4d09-aa1c-2264e66f55a8/elements[39m
[35m[HTTP][39m [90m{"using":"accessibility id","value":"PENUGASAN"}[39m
[35m[HTTP][39m [37m<-- POST /wd/hub/session/04656a3c-bd1e-4d09-aa1c-2264e66f55a8/elements [39m[32m200[39m [90m113 ms - 12[39m
[35m[HTTP][39m [90m[39m
[35m[HTTP][39m [37m-->[39m [37mPOST[39m [37m/wd/hub/session/04656a3c-bd1e-4d09-aa1c-2264e66f55a8/elements[39m
[35m[HTTP][39m [90m{"using":"accessibility id","value":"PENUGASAN"}[39m
[35m[HTTP][39m [37m<-- POST /wd/hub/session/04656a3c-bd1e-4d09-aa1c-2264e66f55a8/elements [39m[32m200[39m [90m52 ms - 12[39m
[35m[HTTP][39m [90m[39m
[35m[HTTP][39m [37m-->[39m [37mPOST[39m [37m/wd/hub/session/04656a3c-bd1e-4d09-aa1c-2264e66f55a8/elements[39m
[35m[HTTP][39m [90m{"using":"accessibility id","value":"PENUGASAN"}[39m
[35m[HTTP][39m [37m<-- POST /wd/hub/session/04656a3c-bd1e-4d09-aa1c-2264e66f55a8/elements [39m[32m200[39m [90m51 ms - 12[39m
[35m[HTTP][39m [90m[39m
[35m[HTTP][39m [37m-->[39m [37mPOST[39m [37m/wd/hub/session/04656a3c-bd1e-4d09-aa1c-2264e66f55a8/elements[39m
[35m[HTTP][39m [90m{"using":"accessibility id","value":"PENUGASAN"}[39m
[35m[HTTP][39m [37m<-- POST /wd/hub/session/04656a3c-bd1e-4d09-aa1c-2264e66f55a8/elements [39m[32m200[39m [90m112 ms - 12[39m
[35m[HTTP][39m [90m[39m
[35m[HTTP][39m [37m-->[39m [37mPOST[39m [37m/wd/hub/session/04656a3c-bd1e-4d09-aa1c-2264e66f55a8/elements[39m
[35m[HTTP][39m [90m{"using":"accessibility id","value":"PENUGASAN"}[39m
[35m[HTTP][39m [37m<-- POST /wd/hub/session/04656a3c-bd1e-4d09-aa1c-2264e66f55a8/elements [39m[32m200[39m [90m60 ms - 12[39m
[35m[HTTP][39m [90m[39m
[35m[HTTP][39m [37m-->[39m [37mPOST[39m [37m/wd/hub/session/04656a3c-bd1e-4d09-aa1c-2264e66f55a8/elements[39m
[35m[HTTP][39m [90m{"using":"accessibility id","value":"PENUGASAN"}[39m
[35m[HTTP][39m [37m<-- POST /wd/hub/session/04656a3c-bd1e-4d09-aa1c-2264e66f55a8/elements [39m[32m200[39m [90m555 ms - 12[39m
[35m[HTTP][39m [90m[39m
[35m[HTTP][39m [37m-->[39m [37mPOST[39m [37m/wd/hub/session/04656a3c-bd1e-4d09-aa1c-2264e66f55a8/elements[39m
[35m[HTTP][39m [90m{"using":"accessibility id","value":"PENUGASAN"}[39m
[35m[HTTP][39m [37m<-- POST /wd/hub/session/04656a3c-bd1e-4d09-aa1c-2264e66f55a8/elements [39m[32m200[39m [90m97 ms - 12[39m
[35m[HTTP][39m [90m[39m
[35m[HTTP][39m [37m-->[39m [37mPOST[39m [37m/wd/hub/session/04656a3c-bd1e-4d09-aa1c-2264e66f55a8/elements[39m
[35m[HTTP][39m [90m{"using":"accessibility id","value":"PENUGASAN"}[39m
[35m[HTTP][39m [37m<-- POST /wd/hub/session/04656a3c-bd1e-4d09-aa1c-2264e66f55a8/elements [39m[32m200[39m [90m111 ms - 12[39m
[35m[HTTP][39m [90m[39m
[35m[HTTP][39m [37m-->[39m [37mPOST[39m [37m/wd/hub/session/04656a3c-bd1e-4d09-aa1c-2264e66f55a8/elements[39m
[35m[HTTP][39m [90m{"using":"accessibility id","value":"PENUGASAN"}[39m
[35m[HTTP][39m [37m<-- POST /wd/hub/session/04656a3c-bd1e-4d09-aa1c-2264e66f55a8/elements [39m[32m200[39m [90m765 ms - 12[39m
[35m[HTTP][39m [90m[39m
[35m[HTTP][39m [37m-->[39m [37mPOST[39m [37m/wd/hub/session/04656a3c-bd1e-4d09-aa1c-2264e66f55a8/elements[39m
[35m[HTTP][39m [90m{"using":"accessibility id","value":"PENUGASAN"}[39m
[35m[HTTP][39m [37m<-- POST /wd/hub/session/04656a3c-bd1e-4d09-aa1c-2264e66f55a8/elements [39m[32m200[39m [90m110 ms - 12[39m
[35m[HTTP][39m [90m[39m
[35m[HTTP][39m [37m-->[39m [37mPOST[39m [37m/wd/hub/session/04656a3c-bd1e-4d09-aa1c-2264e66f55a8/elements[39m
[35m[HTTP][39m [90m{"using":"accessibility id","value":"PENUGASAN"}[39m
[35m[HTTP][39m [37m<-- POST /wd/hub/session/04656a3c-bd1e-4d09-aa1c-2264e66f55a8/elements [39m[32m200[39m [90m65 ms - 12[39m
[35m[HTTP][39m [90m[39m
[35m[HTTP][39m [37m-->[39m [37mPOST[39m [37m/wd/hub/session/04656a3c-bd1e-4d09-aa1c-2264e66f55a8/elements[39m
[35m[HTTP][39m [90m{"using":"accessibility id","value":"PENUGASAN"}[39m
[35m[HTTP][39m [37m<-- POST /wd/hub/session/04656a3c-bd1e-4d09-aa1c-2264e66f55a8/elements [39m[32m200[39m [90m107 ms - 12[39m
[35m[HTTP][39m [90m[39m
[35m[HTTP][39m [37m-->[39m [37mPOST[39m [37m/wd/hub/session/04656a3c-bd1e-4d09-aa1c-2264e66f55a8/elements[39m
[35m[HTTP][39m [90m{"using":"accessibility id","value":"PENUGASAN"}[39m
[35m[HTTP][39m [37m<-- POST /wd/hub/session/04656a3c-bd1e-4d09-aa1c-2264e66f55a8/elements [39m[32m200[39m [90m105 ms - 12[39m
[35m[HTTP][39m [90m[39m
[35m[HTTP][39m [37m-->[39m [37mPOST[39m [37m/wd/hub/session/04656a3c-bd1e-4d09-aa1c-2264e66f55a8/elements[39m
[35m[HTTP][39m [90m{"using":"accessibility id","value":"PENUGASAN"}[39m
[35m[HTTP][39m [37m<-- POST /wd/hub/session/04656a3c-bd1e-4d09-aa1c-2264e66f55a8/elements [39m[32m200[39m [90m555 ms - 12[39m
[35m[HTTP][39m [90m[39m
[35m[HTTP][39m [37m-->[39m [37mPOST[39m [37m/wd/hub/session/04656a3c-bd1e-4d09-aa1c-2264e66f55a8/elements[39m
[35m[HTTP][39m [90m{"using":"accessibility id","value":"PENUGASAN"}[39m
[35m[HTTP][39m [37m<-- POST /wd/hub/session/04656a3c-bd1e-4d09-aa1c-2264e66f55a8/elements [39m[32m200[39m [90m63 ms - 12[39m
[35m[HTTP][39m [90m[39m
[35m[HTTP][39m [37m-->[39m [37mPOST[39m [37m/wd/hub/session/04656a3c-bd1e-4d09-aa1c-2264e66f55a8/elements[39m
[35m[HTTP][39m [90m{"using":"accessibility id","value":"PENUGASAN"}[39m
[35m[HTTP][39m [37m<-- POST /wd/hub/session/04656a3c-bd1e-4d09-aa1c-2264e66f55a8/elements [39m[32m200[39m [90m109 ms - 12[39m
[35m[HTTP][39m [90m[39m
[35m[HTTP][39m [37m-->[39m [37mPOST[39m [37m/wd/hub/session/04656a3c-bd1e-4d09-aa1c-2264e66f55a8/elements[39m
[35m[HTTP][39m [90m{"using":"accessibility id","value":"PENUGASAN"}[39m
[35m[HTTP][39m [37m<-- POST /wd/hub/session/04656a3c-bd1e-4d09-aa1c-2264e66f55a8/elements [39m[32m200[39m [90m108 ms - 12[39m
[35m[HTTP][39m [90m[39m
[35m[HTTP][39m [37m-->[39m [37mPOST[39m [37m/wd/hub/session/04656a3c-bd1e-4d09-aa1c-2264e66f55a8/elements[39m
[35m[HTTP][39m [90m{"using":"accessibility id","value":"PENUGASAN"}[39m
[35m[HTTP][39m [37m<-- POST /wd/hub/session/04656a3c-bd1e-4d09-aa1c-2264e66f55a8/elements [39m[32m200[39m [90m108 ms - 12[39m
[35m[HTTP][39m [90m[39m
[35m[HTTP][39m [37m-->[39m [37mPOST[39m [37m/wd/hub/session/04656a3c-bd1e-4d09-aa1c-2264e66f55a8/elements[39m
[35m[HTTP][39m [90m{"using":"accessibility id","value":"PENUGASAN"}[39m
[35m[HTTP][39m [37m<-- POST /wd/hub/session/04656a3c-bd1e-4d09-aa1c-2264e66f55a8/elements [39m[32m200[39m [90m541 ms - 12[39m
[35m[HTTP][39m [90m[39m
[35m[HTTP][39m [37m-->[39m [37mPOST[39m [37m/wd/hub/session/04656a3c-bd1e-4d09-aa1c-2264e66f55a8/elements[39m
[35m[HTTP][39m [90m{"using":"accessibility id","value":"PENUGASAN"}[39m
[35m[HTTP][39m [37m<-- POST /wd/hub/session/04656a3c-bd1e-4d09-aa1c-2264e66f55a8/elements [39m[32m200[39m [90m104 ms - 12[39m
[35m[HTTP][39m [90m[39m
[35m[HTTP][39m [37m-->[39m [37mPOST[39m [37m/wd/hub/session/04656a3c-bd1e-4d09-aa1c-2264e66f55a8/elements[39m
[35m[HTTP][39m [90m{"using":"accessibility id","value":"PENUGASAN"}[39m
[35m[HTTP][39m [37m<-- POST /wd/hub/session/04656a3c-bd1e-4d09-aa1c-2264e66f55a8/elements [39m[32m200[39m [90m105 ms - 12[39m
[35m[HTTP][39m [90m[39m
[35m[HTTP][39m [37m-->[39m [37mPOST[39m [37m/wd/hub/session/04656a3c-bd1e-4d09-aa1c-2264e66f55a8/elements[39m
[35m[HTTP][39m [90m{"using":"accessibility id","value":"PENUGASAN"}[39m
[35m[HTTP][39m [37m<-- POST /wd/hub/session/04656a3c-bd1e-4d09-aa1c-2264e66f55a8/elements [39m[32m200[39m [90m105 ms - 12[39m
[35m[HTTP][39m [90m[39m
[35m[HTTP][39m [37m-->[39m [37mPOST[39m [37m/wd/hub/session/04656a3c-bd1e-4d09-aa1c-2264e66f55a8/elements[39m
[35m[HTTP][39m [90m{"using":"accessibility id","value":"PENUGASAN"}[39m
[35m[HTTP][39m [37m<-- POST /wd/hub/session/04656a3c-bd1e-4d09-aa1c-2264e66f55a8/elements [39m[32m200[39m [90m103 ms - 12[39m
[35m[HTTP][39m [90m[39m
[35m[HTTP][39m [37m-->[39m [37mPOST[39m [37m/wd/hub/session/04656a3c-bd1e-4d09-aa1c-2264e66f55a8/elements[39m
[35m[HTTP][39m [90m{"using":"accessibility id","value":"PENUGASAN"}[39m
[35m[HTTP][39m [37m<-- POST /wd/hub/session/04656a3c-bd1e-4d09-aa1c-2264e66f55a8/elements [39m[32m200[39m [90m528 ms - 12[39m
[35m[HTTP][39m [90m[39m
[35m[HTTP][39m [37m-->[39m [37mPOST[39m [37m/wd/hub/session/04656a3c-bd1e-4d09-aa1c-2264e66f55a8/elements[39m
[35m[HTTP][39m [90m{"using":"accessibility id","value":"PENUGASAN"}[39m
[35m[HTTP][39m [37m<-- POST /wd/hub/session/04656a3c-bd1e-4d09-aa1c-2264e66f55a8/elements [39m[32m200[39m [90m102 ms - 12[39m
[35m[HTTP][39m [90m[39m
[35m[HTTP][39m [37m-->[39m [37mPOST[39m [37m/wd/hub/session/04656a3c-bd1e-4d09-aa1c-2264e66f55a8/elements[39m
[35m[HTTP][39m [90m{"using":"accessibility id","value":"PENUGASAN"}[39m
[35m[HTTP][39m [37m<-- POST /wd/hub/session/04656a3c-bd1e-4d09-aa1c-2264e66f55a8/elements [39m[32m200[39m [90m70 ms - 12[39m
[35m[HTTP][39m [90m[39m
[35m[HTTP][39m [37m-->[39m [37mPOST[39m [37m/wd/hub/session/04656a3c-bd1e-4d09-aa1c-2264e66f55a8/elements[39m
[35m[HTTP][39m [90m{"using":"accessibility id","value":"PENUGASAN"}[39m
[35m[HTTP][39m [37m<-- POST /wd/hub/session/04656a3c-bd1e-4d09-aa1c-2264e66f55a8/elements [39m[32m200[39m [90m108 ms - 12[39m
[35m[HTTP][39m [90m[39m
[35m[HTTP][39m [37m-->[39m [37mPOST[39m [37m/wd/hub/session/04656a3c-bd1e-4d09-aa1c-2264e66f55a8/elements[39m
[35m[HTTP][39m [90m{"using":"accessibility id","value":"PENUGASAN"}[39m
[35m[HTTP][39m [37m<-- POST /wd/hub/session/04656a3c-bd1e-4d09-aa1c-2264e66f55a8/elements [39m[32m200[39m [90m112 ms - 12[39m
[35m[HTTP][39m [90m[39m
[35m[HTTP][39m [37m-->[39m [37mPOST[39m [37m/wd/hub/session/04656a3c-bd1e-4d09-aa1c-2264e66f55a8/elements[39m
[35m[HTTP][39m [90m{"using":"accessibility id","value":"PENUGASAN"}[39m
[35m[HTTP][39m [37m<-- POST /wd/hub/session/04656a3c-bd1e-4d09-aa1c-2264e66f55a8/elements [39m[32m200[39m [90m530 ms - 12[39m
[35m[HTTP][39m [90m[39m
[35m[HTTP][39m [37m-->[39m [37mPOST[39m [37m/wd/hub/session/04656a3c-bd1e-4d09-aa1c-2264e66f55a8/elements[39m
[35m[HTTP][39m [90m{"using":"accessibility id","value":"PENUGASAN"}[39m
[35m[HTTP][39m [37m<-- POST /wd/hub/session/04656a3c-bd1e-4d09-aa1c-2264e66f55a8/elements [39m[32m200[39m [90m86 ms - 12[39m
[35m[HTTP][39m [90m[39m
[35m[HTTP][39m [37m-->[39m [37mPOST[39m [37m/wd/hub/session/04656a3c-bd1e-4d09-aa1c-2264e66f55a8/elements[39m
[35m[HTTP][39m [90m{"using":"accessibility id","value":"PENUGASAN"}[39m
[35m[HTTP][39m [37m<-- POST /wd/hub/session/04656a3c-bd1e-4d09-aa1c-2264e66f55a8/elements [39m[32m200[39m [90m52 ms - 12[39m
[35m[HTTP][39m [90m[39m
[35m[HTTP][39m [37m-->[39m [37mPOST[39m [37m/wd/hub/session/04656a3c-bd1e-4d09-aa1c-2264e66f55a8/elements[39m
[35m[HTTP][39m [90m{"using":"accessibility id","value":"PENUGASAN"}[39m
[35m[HTTP][39m [37m<-- POST /wd/hub/session/04656a3c-bd1e-4d09-aa1c-2264e66f55a8/elements [39m[32m200[39m [90m107 ms - 12[39m
[35m[HTTP][39m [90m[39m
[35m[HTTP][39m [37m-->[39m [37mPOST[39m [37m/wd/hub/session/04656a3c-bd1e-4d09-aa1c-2264e66f55a8/elements[39m
[35m[HTTP][39m [90m{"using":"accessibility id","value":"PENUGASAN"}[39m
[35m[HTTP][39m [37m<-- POST /wd/hub/session/04656a3c-bd1e-4d09-aa1c-2264e66f55a8/elements [39m[32m200[39m [90m110 ms - 12[39m
[35m[HTTP][39m [90m[39m
[35m[HTTP][39m [37m-->[39m [37mPOST[39m [37m/wd/hub/session/04656a3c-bd1e-4d09-aa1c-2264e66f55a8/elements[39m
[35m[HTTP][39m [90m{"using":"accessibility id","value":"PENUGASAN"}[39m
[35m[HTTP][39m [37m<-- POST /wd/hub/session/04656a3c-bd1e-4d09-aa1c-2264e66f55a8/elements [39m[32m200[39m [90m582 ms - 12[39m
[35m[HTTP][39m [90m[39m
[35m[HTTP][39m [37m-->[39m [37mPOST[39m [37m/wd/hub/session/04656a3c-bd1e-4d09-aa1c-2264e66f55a8/elements[39m
[35m[HTTP][39m [90m{"using":"accessibility id","value":"PENUGASAN"}[39m
[35m[HTTP][39m [37m<-- POST /wd/hub/session/04656a3c-bd1e-4d09-aa1c-2264e66f55a8/elements [39m[32m200[39m [90m101 ms - 12[39m
[35m[HTTP][39m [90m[39m
[35m[HTTP][39m [37m-->[39m [37mPOST[39m [37m/wd/hub/session/04656a3c-bd1e-4d09-aa1c-2264e66f55a8/elements[39m
[35m[HTTP][39m [90m{"using":"accessibility id","value":"PENUGASAN"}[39m
[35m[HTTP][39m [37m<-- POST /wd/hub/session/04656a3c-bd1e-4d09-aa1c-2264e66f55a8/elements [39m[32m200[39m [90m104 ms - 12[39m
[35m[HTTP][39m [90m[39m
[35m[HTTP][39m [37m-->[39m [37mPOST[39m [37m/wd/hub/session/04656a3c-bd1e-4d09-aa1c-2264e66f55a8/elements[39m
[35m[HTTP][39m [90m{"using":"accessibility id","value":"PENUGASAN"}[39m
[35m[HTTP][39m [37m<-- POST /wd/hub/session/04656a3c-bd1e-4d09-aa1c-2264e66f55a8/elements [39m[32m200[39m [90m101 ms - 12[39m
[35m[HTTP][39m [90m[39m
[35m[HTTP][39m [37m-->[39m [37mPOST[39m [37m/wd/hub/session/04656a3c-bd1e-4d09-aa1c-2264e66f55a8/elements[39m
[35m[HTTP][39m [90m{"using":"accessibility id","value":"PENUGASAN"}[39m
[35m[HTTP][39m [37m<-- POST /wd/hub/session/04656a3c-bd1e-4d09-aa1c-2264e66f55a8/elements [39m[32m200[39m [90m105 ms - 12[39m
[35m[HTTP][39m [90m[39m
[35m[HTTP][39m [37m-->[39m [37mPOST[39m [37m/wd/hub/session/04656a3c-bd1e-4d09-aa1c-2264e66f55a8/elements[39m
[35m[HTTP][39m [90m{"using":"accessibility id","value":"PENUGASAN"}[39m
[35m[HTTP][39m [37m<-- POST /wd/hub/session/04656a3c-bd1e-4d09-aa1c-2264e66f55a8/elements [39m[32m200[39m [90m561 ms - 12[39m
[35m[HTTP][39m [90m[39m
[35m[HTTP][39m [37m-->[39m [37mPOST[39m [37m/wd/hub/session/04656a3c-bd1e-4d09-aa1c-2264e66f55a8/elements[39m
[35m[HTTP][39m [90m{"using":"accessibility id","value":"PENUGASAN"}[39m
[35m[HTTP][39m [37m<-- POST /wd/hub/session/04656a3c-bd1e-4d09-aa1c-2264e66f55a8/elements [39m[32m200[39m [90m106 ms - 12[39m
[35m[HTTP][39m [90m[39m
[35m[HTTP][39m [37m-->[39m [37mPOST[39m [37m/wd/hub/session/04656a3c-bd1e-4d09-aa1c-2264e66f55a8/elements[39m
[35m[HTTP][39m [90m{"using":"accessibility id","value":"PENUGASAN"}[39m
[35m[HTTP][39m [37m<-- POST /wd/hub/session/04656a3c-bd1e-4d09-aa1c-2264e66f55a8/elements [39m[32m200[39m [90m109 ms - 12[39m
[35m[HTTP][39m [90m[39m
[35m[HTTP][39m [37m-->[39m [37mPOST[39m [37m/wd/hub/session/04656a3c-bd1e-4d09-aa1c-2264e66f55a8/elements[39m
[35m[HTTP][39m [90m{"using":"accessibility id","value":"PENUGASAN"}[39m
[35m[HTTP][39m [37m<-- POST /wd/hub/session/04656a3c-bd1e-4d09-aa1c-2264e66f55a8/elements [39m[32m200[39m [90m58 ms - 12[39m
[35m[HTTP][39m [90m[39m
[35m[HTTP][39m [37m-->[39m [37mPOST[39m [37m/wd/hub/session/04656a3c-bd1e-4d09-aa1c-2264e66f55a8/elements[39m
[35m[HTTP][39m [90m{"using":"accessibility id","value":"PENUGASAN"}[39m
[35m[HTTP][39m [37m<-- POST /wd/hub/session/04656a3c-bd1e-4d09-aa1c-2264e66f55a8/elements [39m[32m200[39m [90m110 ms - 12[39m
[35m[HTTP][39m [90m[39m
[35m[HTTP][39m [37m-->[39m [37mPOST[39m [37m/wd/hub/session/04656a3c-bd1e-4d09-aa1c-2264e66f55a8/elements[39m
[35m[HTTP][39m [90m{"using":"accessibility id","value":"PENUGASAN"}[39m
[35m[HTTP][39m [37m<-- POST /wd/hub/session/04656a3c-bd1e-4d09-aa1c-2264e66f55a8/elements [39m[32m200[39m [90m542 ms - 12[39m
[35m[HTTP][39m [90m[39m
[35m[HTTP][39m [37m-->[39m [37mPOST[39m [37m/wd/hub/session/04656a3c-bd1e-4d09-aa1c-2264e66f55a8/elements[39m
[35m[HTTP][39m [90m{"using":"accessibility id","value":"PENUGASAN"}[39m
[35m[HTTP][39m [37m<-- POST /wd/hub/session/04656a3c-bd1e-4d09-aa1c-2264e66f55a8/elements [39m[32m200[39m [90m106 ms - 12[39m
[35m[HTTP][39m [90m[39m
[35m[HTTP][39m [37m-->[39m [37mPOST[39m [37m/wd/hub/session/04656a3c-bd1e-4d09-aa1c-2264e66f55a8/elements[39m
[35m[HTTP][39m [90m{"using":"accessibility id","value":"PENUGASAN"}[39m
[35m[HTTP][39m [37m<-- POST /wd/hub/session/04656a3c-bd1e-4d09-aa1c-2264e66f55a8/elements [39m[32m200[39m [90m114 ms - 12[39m
[35m[HTTP][39m [90m[39m
[35m[HTTP][39m [37m-->[39m [37mPOST[39m [37m/wd/hub/session/04656a3c-bd1e-4d09-aa1c-2264e66f55a8/elements[39m
[35m[HTTP][39m [90m{"using":"accessibility id","value":"PENUGASAN"}[39m
[35m[HTTP][39m [37m<-- POST /wd/hub/session/04656a3c-bd1e-4d09-aa1c-2264e66f55a8/elements [39m[32m200[39m [90m766 ms - 12[39m
[35m[HTTP][39m [90m[39m
[35m[HTTP][39m [37m-->[39m [37mPOST[39m [37m/wd/hub/session/04656a3c-bd1e-4d09-aa1c-2264e66f55a8/elements[39m
[35m[HTTP][39m [90m{"using":"accessibility id","value":"PENUGASAN"}[39m
[35m[HTTP][39m [37m<-- POST /wd/hub/session/04656a3c-bd1e-4d09-aa1c-2264e66f55a8/elements [39m[32m200[39m [90m55 ms - 12[39m
[35m[HTTP][39m [90m[39m
[35m[HTTP][39m [37m-->[39m [37mPOST[39m [37m/wd/hub/session/04656a3c-bd1e-4d09-aa1c-2264e66f55a8/elements[39m
[35m[HTTP][39m [90m{"using":"accessibility id","value":"PENUGASAN"}[39m
[35m[HTTP][39m [37m<-- POST /wd/hub/session/04656a3c-bd1e-4d09-aa1c-2264e66f55a8/elements [39m[32m200[39m [90m110 ms - 12[39m
[35m[HTTP][39m [90m[39m
[35m[HTTP][39m [37m-->[39m [37mPOST[39m [37m/wd/hub/session/04656a3c-bd1e-4d09-aa1c-2264e66f55a8/elements[39m
[35m[HTTP][39m [90m{"using":"accessibility id","value":"PENUGASAN"}[39m
[35m[HTTP][39m [37m<-- POST /wd/hub/session/04656a3c-bd1e-4d09-aa1c-2264e66f55a8/elements [39m[32m200[39m [90m108 ms - 12[39m
[35m[HTTP][39m [90m[39m
[35m[HTTP][39m [37m-->[39m [37mPOST[39m [37m/wd/hub/session/04656a3c-bd1e-4d09-aa1c-2264e66f55a8/elements[39m
[35m[HTTP][39m [90m{"using":"accessibility id","value":"PENUGASAN"}[39m
[35m[HTTP][39m [37m<-- POST /wd/hub/session/04656a3c-bd1e-4d09-aa1c-2264e66f55a8/elements [39m[32m200[39m [90m104 ms - 12[39m
[35m[HTTP][39m [90m[39m
[35m[HTTP][39m [37m-->[39m [37mPOST[39m [37m/wd/hub/session/04656a3c-bd1e-4d09-aa1c-2264e66f55a8/elements[39m
[35m[HTTP][39m [90m{"using":"accessibility id","value":"PENUGASAN"}[39m
[35m[HTTP][39m [37m<-- POST /wd/hub/session/04656a3c-bd1e-4d09-aa1c-2264e66f55a8/elements [39m[32m200[39m [90m507 ms - 12[39m
[35m[HTTP][39m [90m[39m
[35m[HTTP][39m [37m-->[39m [37mPOST[39m [37m/wd/hub/session/04656a3c-bd1e-4d09-aa1c-2264e66f55a8/elements[39m
[35m[HTTP][39m [90m{"using":"accessibility id","value":"PENUGASAN"}[39m
[35m[HTTP][39m [37m<-- POST /wd/hub/session/04656a3c-bd1e-4d09-aa1c-2264e66f55a8/elements [39m[32m200[39m [90m96 ms - 12[39m
[35m[HTTP][39m [90m[39m
[35m[HTTP][39m [37m-->[39m [37mPOST[39m [37m/wd/hub/session/04656a3c-bd1e-4d09-aa1c-2264e66f55a8/elements[39m
[35m[HTTP][39m [90m{"using":"accessibility id","value":"PENUGASAN"}[39m
[35m[HTTP][39m [37m<-- POST /wd/hub/session/04656a3c-bd1e-4d09-aa1c-2264e66f55a8/elements [39m[32m200[39m [90m103 ms - 12[39m
[35m[HTTP][39m [90m[39m
[35m[HTTP][39m [37m-->[39m [37mPOST[39m [37m/wd/hub/session/04656a3c-bd1e-4d09-aa1c-2264e66f55a8/elements[39m
[35m[HTTP][39m [90m{"using":"accessibility id","value":"PENUGASAN"}[39m
[35m[HTTP][39m [37m<-- POST /wd/hub/session/04656a3c-bd1e-4d09-aa1c-2264e66f55a8/elements [39m[32m200[39m [90m103 ms - 12[39m
[35m[HTTP][39m [90m[39m
[35m[HTTP][39m [37m-->[39m [37mPOST[39m [37m/wd/hub/session/04656a3c-bd1e-4d09-aa1c-2264e66f55a8/elements[39m
[35m[HTTP][39m [90m{"using":"accessibility id","value":"PENUGASAN"}[39m
[35m[HTTP][39m [37m<-- POST /wd/hub/session/04656a3c-bd1e-4d09-aa1c-2264e66f55a8/elements [39m[32m200[39m [90m100 ms - 12[39m
[35m[HTTP][39m [90m[39m
[35m[HTTP][39m [37m-->[39m [37mPOST[39m [37m/wd/hub/session/04656a3c-bd1e-4d09-aa1c-2264e66f55a8/elements[39m
[35m[HTTP][39m [90m{"using":"accessibility id","value":"PENUGASAN"}[39m
[35m[HTTP][39m [37m<-- POST /wd/hub/session/04656a3c-bd1e-4d09-aa1c-2264e66f55a8/elements [39m[32m200[39m [90m592 ms - 12[39m
[35m[HTTP][39m [90m[39m
[35m[HTTP][39m [37m-->[39m [37mPOST[39m [37m/wd/hub/session/04656a3c-bd1e-4d09-aa1c-2264e66f55a8/elements[39m
[35m[HTTP][39m [90m{"using":"accessibility id","value":"PENUGASAN"}[39m
[35m[HTTP][39m [37m<-- POST /wd/hub/session/04656a3c-bd1e-4d09-aa1c-2264e66f55a8/elements [39m[32m200[39m [90m106 ms - 12[39m
[35m[HTTP][39m [90m[39m
[35m[HTTP][39m [37m-->[39m [37mPOST[39m [37m/wd/hub/session/04656a3c-bd1e-4d09-aa1c-2264e66f55a8/elements[39m
[35m[HTTP][39m [90m{"using":"accessibility id","value":"PENUGASAN"}[39m
[35m[HTTP][39m [37m<-- POST /wd/hub/session/04656a3c-bd1e-4d09-aa1c-2264e66f55a8/elements [39m[32m200[39m [90m106 ms - 12[39m
[35m[HTTP][39m [90m[39m
[35m[HTTP][39m [37m-->[39m [37mPOST[39m [37m/wd/hub/session/04656a3c-bd1e-4d09-aa1c-2264e66f55a8/elements[39m
[35m[HTTP][39m [90m{"using":"accessibility id","value":"PENUGASAN"}[39m
[35m[HTTP][39m [37m<-- POST /wd/hub/session/04656a3c-bd1e-4d09-aa1c-2264e66f55a8/elements [39m[32m200[39m [90m113 ms - 12[39m
[35m[HTTP][39m [90m[39m
[35m[HTTP][39m [37m-->[39m [37mPOST[39m [37m/wd/hub/session/04656a3c-bd1e-4d09-aa1c-2264e66f55a8/elements[39m
[35m[HTTP][39m [90m{"using":"accessibility id","value":"PENUGASAN"}[39m
[35m[HTTP][39m [37m<-- POST /wd/hub/session/04656a3c-bd1e-4d09-aa1c-2264e66f55a8/elements [39m[32m200[39m [90m54 ms - 12[39m
[35m[HTTP][39m [90m[39m
[35m[HTTP][39m [37m-->[39m [37mPOST[39m [37m/wd/hub/session/04656a3c-bd1e-4d09-aa1c-2264e66f55a8/elements[39m
[35m[HTTP][39m [90m{"using":"accessibility id","value":"PENUGASAN"}[39m
[35m[HTTP][39m [37m<-- POST /wd/hub/session/04656a3c-bd1e-4d09-aa1c-2264e66f55a8/elements [39m[32m200[39m [90m559 ms - 12[39m
[35m[HTTP][39m [90m[39m
[35m[HTTP][39m [37m-->[39m [37mPOST[39m [37m/wd/hub/session/04656a3c-bd1e-4d09-aa1c-2264e66f55a8/elements[39m
[35m[HTTP][39m [90m{"using":"accessibility id","value":"PENUGASAN"}[39m
[35m[HTTP][39m [37m<-- POST /wd/hub/session/04656a3c-bd1e-4d09-aa1c-2264e66f55a8/elements [39m[32m200[39m [90m111 ms - 12[39m
[35m[HTTP][39m [90m[39m
[35m[HTTP][39m [37m-->[39m [37mPOST[39m [37m/wd/hub/session/04656a3c-bd1e-4d09-aa1c-2264e66f55a8/elements[39m
[35m[HTTP][39m [90m{"using":"accessibility id","value":"PENUGASAN"}[39m
[35m[HTTP][39m [37m<-- POST /wd/hub/session/04656a3c-bd1e-4d09-aa1c-2264e66f55a8/elements [39m[32m200[39m [90m80 ms - 12[39m
[35m[HTTP][39m [90m[39m
[35m[HTTP][39m [37m-->[39m [37mPOST[39m [37m/wd/hub/session/04656a3c-bd1e-4d09-aa1c-2264e66f55a8/elements[39m
[35m[HTTP][39m [90m{"using":"accessibility id","value":"PENUGASAN"}[39m
[35m[HTTP][39m [37m<-- POST /wd/hub/session/04656a3c-bd1e-4d09-aa1c-2264e66f55a8/elements [39m[32m200[39m [90m52 ms - 12[39m
[35m[HTTP][39m [90m[39m
[35m[HTTP][39m [37m-->[39m [37mPOST[39m [37m/wd/hub/session/04656a3c-bd1e-4d09-aa1c-2264e66f55a8/elements[39m
[35m[HTTP][39m [90m{"using":"accessibility id","value":"PENUGASAN"}[39m
[35m[HTTP][39m [37m<-- POST /wd/hub/session/04656a3c-bd1e-4d09-aa1c-2264e66f55a8/elements [39m[32m200[39m [90m709 ms - 12[39m
[35m[HTTP][39m [90m[39m
[35m[HTTP][39m [37m-->[39m [37mPOST[39m [37m/wd/hub/session/04656a3c-bd1e-4d09-aa1c-2264e66f55a8/elements[39m
[35m[HTTP][39m [90m{"using":"accessibility id","value":"PENUGASAN"}[39m
[35m[HTTP][39m [37m<-- POST /wd/hub/session/04656a3c-bd1e-4d09-aa1c-2264e66f55a8/elements [39m[32m200[39m [90m107 ms - 12[39m
[35m[HTTP][39m [90m[39m
[35m[HTTP][39m [37m-->[39m [37mPOST[39m [37m/wd/hub/session/04656a3c-bd1e-4d09-aa1c-2264e66f55a8/elements[39m
[35m[HTTP][39m [90m{"using":"accessibility id","value":"PENUGASAN"}[39m
[35m[HTTP][39m [37m<-- POST /wd/hub/session/04656a3c-bd1e-4d09-aa1c-2264e66f55a8/elements [39m[32m200[39m [90m52 ms - 12[39m
[35m[HTTP][39m [90m[39m
[35m[HTTP][39m [37m-->[39m [37mPOST[39m [37m/wd/hub/session/04656a3c-bd1e-4d09-aa1c-2264e66f55a8/elements[39m
[35m[HTTP][39m [90m{"using":"accessibility id","value":"PENUGASAN"}[39m
[35m[HTTP][39m [37m<-- POST /wd/hub/session/04656a3c-bd1e-4d09-aa1c-2264e66f55a8/elements [39m[32m200[39m [90m105 ms - 12[39m
[35m[HTTP][39m [90m[39m
[35m[HTTP][39m [37m-->[39m [37mPOST[39m [37m/wd/hub/session/04656a3c-bd1e-4d09-aa1c-2264e66f55a8/elements[39m
[35m[HTTP][39m [90m{"using":"accessibility id","value":"PENUGASAN"}[39m
[35m[HTTP][39m [37m<-- POST /wd/hub/session/04656a3c-bd1e-4d09-aa1c-2264e66f55a8/elements [39m[32m200[39m [90m107 ms - 12[39m
[35m[HTTP][39m [90m[39m
[35m[HTTP][39m [37m-->[39m [37mPOST[39m [37m/wd/hub/session/04656a3c-bd1e-4d09-aa1c-2264e66f55a8/elements[39m
[35m[HTTP][39m [90m{"using":"accessibility id","value":"PENUGASAN"}[39m
[35m[HTTP][39m [37m<-- POST /wd/hub/session/04656a3c-bd1e-4d09-aa1c-2264e66f55a8/elements [39m[32m200[39m [90m602 ms - 12[39m
[35m[HTTP][39m [90m[39m
[35m[HTTP][39m [37m-->[39m [37mPOST[39m [37m/wd/hub/session/04656a3c-bd1e-4d09-aa1c-2264e66f55a8/elements[39m
[35m[HTTP][39m [90m{"using":"accessibility id","value":"PENUGASAN"}[39m
[35m[HTTP][39m [37m<-- POST /wd/hub/session/04656a3c-bd1e-4d09-aa1c-2264e66f55a8/elements [39m[32m200[39m [90m105 ms - 12[39m
[35m[HTTP][39m [90m[39m
[35m[HTTP][39m [37m-->[39m [37mPOST[39m [37m/wd/hub/session/04656a3c-bd1e-4d09-aa1c-2264e66f55a8/elements[39m
[35m[HTTP][39m [90m{"using":"accessibility id","value":"PENUGASAN"}[39m
[35m[HTTP][39m [37m<-- POST /wd/hub/session/04656a3c-bd1e-4d09-aa1c-2264e66f55a8/elements [39m[32m200[39m [90m105 ms - 12[39m
[35m[HTTP][39m [90m[39m
[35m[HTTP][39m [37m-->[39m [37mPOST[39m [37m/wd/hub/session/04656a3c-bd1e-4d09-aa1c-2264e66f55a8/elements[39m
[35m[HTTP][39m [90m{"using":"accessibility id","value":"PENUGASAN"}[39m
[35m[HTTP][39m [37m<-- POST /wd/hub/session/04656a3c-bd1e-4d09-aa1c-2264e66f55a8/elements [39m[32m200[39m [90m106 ms - 12[39m
[35m[HTTP][39m [90m[39m
[35m[HTTP][39m [37m-->[39m [37mPOST[39m [37m/wd/hub/session/04656a3c-bd1e-4d09-aa1c-2264e66f55a8/elements[39m
[35m[HTTP][39m [90m{"using":"accessibility id","value":"PENUGASAN"}[39m
[35m[HTTP][39m [37m<-- POST /wd/hub/session/04656a3c-bd1e-4d09-aa1c-2264e66f55a8/elements [39m[32m200[39m [90m104 ms - 12[39m
[35m[HTTP][39m [90m[39m
[35m[HTTP][39m [37m-->[39m [37mPOST[39m [37m/wd/hub/session/04656a3c-bd1e-4d09-aa1c-2264e66f55a8/elements[39m
[35m[HTTP][39m [90m{"using":"accessibility id","value":"PENUGASAN"}[39m
[35m[HTTP][39m [37m<-- POST /wd/hub/session/04656a3c-bd1e-4d09-aa1c-2264e66f55a8/elements [39m[32m200[39m [90m548 ms - 12[39m
[35m[HTTP][39m [90m[39m
[35m[HTTP][39m [37m-->[39m [37mPOST[39m [37m/wd/hub/session/04656a3c-bd1e-4d09-aa1c-2264e66f55a8/elements[39m
[35m[HTTP][39m [90m{"using":"accessibility id","value":"PENUGASAN"}[39m
[35m[HTTP][39m [37m<-- POST /wd/hub/session/04656a3c-bd1e-4d09-aa1c-2264e66f55a8/elements [39m[32m200[39m [90m107 ms - 12[39m
[35m[HTTP][39m [90m[39m
[35m[HTTP][39m [37m-->[39m [37mPOST[39m [37m/wd/hub/session/04656a3c-bd1e-4d09-aa1c-2264e66f55a8/elements[39m
[35m[HTTP][39m [90m{"using":"accessibility id","value":"PENUGASAN"}[39m
[35m[HTTP][39m [37m<-- POST /wd/hub/session/04656a3c-bd1e-4d09-aa1c-2264e66f55a8/elements [39m[32m200[39m [90m105 ms - 12[39m
[35m[HTTP][39m [90m[39m
[35m[HTTP][39m [37m-->[39m [37mPOST[39m [37m/wd/hub/session/04656a3c-bd1e-4d09-aa1c-2264e66f55a8/elements[39m
[35m[HTTP][39m [90m{"using":"accessibility id","value":"PENUGASAN"}[39m
[35m[HTTP][39m [37m<-- POST /wd/hub/session/04656a3c-bd1e-4d09-aa1c-2264e66f55a8/elements [39m[32m200[39m [90m100 ms - 12[39m
[35m[HTTP][39m [90m[39m
[35m[HTTP][39m [37m-->[39m [37mPOST[39m [37m/wd/hub/session/04656a3c-bd1e-4d09-aa1c-2264e66f55a8/elements[39m
[35m[HTTP][39m [90m{"using":"accessibility id","value":"PENUGASAN"}[39m
[35m[HTTP][39m [37m<-- POST /wd/hub/session/04656a3c-bd1e-4d09-aa1c-2264e66f55a8/elements [39m[32m200[39m [90m99 ms - 12[39m
[35m[HTTP][39m [90m[39m
[35m[HTTP][39m [37m-->[39m [37mPOST[39m [37m/wd/hub/session/04656a3c-bd1e-4d09-aa1c-2264e66f55a8/elements[39m
[35m[HTTP][39m [90m{"using":"accessibility id","value":"PENUGASAN"}[39m
[35m[HTTP][39m [37m<-- POST /wd/hub/session/04656a3c-bd1e-4d09-aa1c-2264e66f55a8/elements [39m[32m200[39m [90m501 ms - 12[39m
[35m[HTTP][39m [90m[39m
[35m[HTTP][39m [37m-->[39m [37mPOST[39m [37m/wd/hub/session/04656a3c-bd1e-4d09-aa1c-2264e66f55a8/elements[39m
[35m[HTTP][39m [90m{"using":"accessibility id","value":"PENUGASAN"}[39m
[35m[HTTP][39m [37m<-- POST /wd/hub/session/04656a3c-bd1e-4d09-aa1c-2264e66f55a8/elements [39m[32m200[39m [90m94 ms - 12[39m
[35m[HTTP][39m [90m[39m
[35m[HTTP][39m [37m-->[39m [37mPOST[39m [37m/wd/hub/session/04656a3c-bd1e-4d09-aa1c-2264e66f55a8/elements[39m
[35m[HTTP][39m [90m{"using":"accessibility id","value":"PENUGASAN"}[39m
[35m[HTTP][39m [37m<-- POST /wd/hub/session/04656a3c-bd1e-4d09-aa1c-2264e66f55a8/elements [39m[32m200[39m [90m94 ms - 12[39m
[35m[HTTP][39m [90m[39m
[35m[HTTP][39m [37m-->[39m [37mPOST[39m [37m/wd/hub/session/04656a3c-bd1e-4d09-aa1c-2264e66f55a8/elements[39m
[35m[HTTP][39m [90m{"using":"accessibility id","value":"PENUGASAN"}[39m
[35m[HTTP][39m [37m<-- POST /wd/hub/session/04656a3c-bd1e-4d09-aa1c-2264e66f55a8/elements [39m[32m200[39m [90m778 ms - 12[39m
[35m[HTTP][39m [90m[39m
[35m[HTTP][39m [37m-->[39m [37mPOST[39m [37m/wd/hub/session/04656a3c-bd1e-4d09-aa1c-2264e66f55a8/elements[39m
[35m[HTTP][39m [90m{"using":"accessibility id","value":"PENUGASAN"}[39m
[35m[HTTP][39m [37m<-- POST /wd/hub/session/04656a3c-bd1e-4d09-aa1c-2264e66f55a8/elements [39m[32m200[39m [90m113 ms - 12[39m
[35m[HTTP][39m [90m[39m
[35m[HTTP][39m [37m-->[39m [37mPOST[39m [37m/wd/hub/session/04656a3c-bd1e-4d09-aa1c-2264e66f55a8/elements[39m
[35m[HTTP][39m [90m{"using":"accessibility id","value":"PENUGASAN"}[39m
[35m[HTTP][39m [37m<-- POST /wd/hub/session/04656a3c-bd1e-4d09-aa1c-2264e66f55a8/elements [39m[32m200[39m [90m115 ms - 12[39m
[35m[HTTP][39m [90m[39m
[35m[HTTP][39m [37m-->[39m [37mPOST[39m [37m/wd/hub/session/04656a3c-bd1e-4d09-aa1c-2264e66f55a8/elements[39m
[35m[HTTP][39m [90m{"using":"accessibility id","value":"PENUGASAN"}[39m
[35m[HTTP][39m [37m<-- POST /wd/hub/session/04656a3c-bd1e-4d09-aa1c-2264e66f55a8/elements [39m[32m200[39m [90m103 ms - 12[39m
[35m[HTTP][39m [90m[39m
[35m[HTTP][39m [37m-->[39m [37mPOST[39m [37m/wd/hub/session/04656a3c-bd1e-4d09-aa1c-2264e66f55a8/elements[39m
[35m[HTTP][39m [90m{"using":"accessibility id","value":"PENUGASAN"}[39m
[35m[HTTP][39m [37m<-- POST /wd/hub/session/04656a3c-bd1e-4d09-aa1c-2264e66f55a8/elements [39m[32m200[39m [90m103 ms - 12[39m
[35m[HTTP][39m [90m[39m
[35m[HTTP][39m [37m-->[39m [37mPOST[39m [37m/wd/hub/session/04656a3c-bd1e-4d09-aa1c-2264e66f55a8/elements[39m
[35m[HTTP][39m [90m{"using":"accessibility id","value":"PENUGASAN"}[39m
[35m[HTTP][39m [37m<-- POST /wd/hub/session/04656a3c-bd1e-4d09-aa1c-2264e66f55a8/elements [39m[32m200[39m [90m526 ms - 12[39m
[35m[HTTP][39m [90m[39m
[35m[HTTP][39m [37m-->[39m [37mPOST[39m [37m/wd/hub/session/04656a3c-bd1e-4d09-aa1c-2264e66f55a8/elements[39m
[35m[HTTP][39m [90m{"using":"accessibility id","value":"PENUGASAN"}[39m
[35m[HTTP][39m [37m<-- POST /wd/hub/session/04656a3c-bd1e-4d09-aa1c-2264e66f55a8/elements [39m[32m200[39m [90m99 ms - 12[39m
[35m[HTTP][39m [90m[39m
[35m[HTTP][39m [37m-->[39m [37mPOST[39m [37m/wd/hub/session/04656a3c-bd1e-4d09-aa1c-2264e66f55a8/elements[39m
[35m[HTTP][39m [90m{"using":"accessibility id","value":"PENUGASAN"}[39m
[35m[HTTP][39m [37m<-- POST /wd/hub/session/04656a3c-bd1e-4d09-aa1c-2264e66f55a8/elements [39m[32m200[39m [90m101 ms - 12[39m
[35m[HTTP][39m [90m[39m
[35m[HTTP][39m [37m-->[39m [37mPOST[39m [37m/wd/hub/session/04656a3c-bd1e-4d09-aa1c-2264e66f55a8/elements[39m
[35m[HTTP][39m [90m{"using":"accessibility id","value":"PENUGASAN"}[39m
[35m[HTTP][39m [37m<-- POST /wd/hub/session/04656a3c-bd1e-4d09-aa1c-2264e66f55a8/elements [39m[32m200[39m [90m107 ms - 12[39m
[35m[HTTP][39m [90m[39m
[35m[HTTP][39m [37m-->[39m [37mPOST[39m [37m/wd/hub/session/04656a3c-bd1e-4d09-aa1c-2264e66f55a8/elements[39m
[35m[HTTP][39m [90m{"using":"accessibility id","value":"PENUGASAN"}[39m
[35m[HTTP][39m [37m<-- POST /wd/hub/session/04656a3c-bd1e-4d09-aa1c-2264e66f55a8/elements [39m[32m200[39m [90m104 ms - 12[39m
[35m[HTTP][39m [90m[39m
[35m[HTTP][39m [37m-->[39m [37mPOST[39m [37m/wd/hub/session/04656a3c-bd1e-4d09-aa1c-2264e66f55a8/elements[39m
[35m[HTTP][39m [90m{"using":"accessibility id","value":"PENUGASAN"}[39m
[35m[HTTP][39m [37m<-- POST /wd/hub/session/04656a3c-bd1e-4d09-aa1c-2264e66f55a8/elements [39m[32m200[39m [90m551 ms - 12[39m
[35m[HTTP][39m [90m[39m
[35m[HTTP][39m [37m-->[39m [37mPOST[39m [37m/wd/hub/session/04656a3c-bd1e-4d09-aa1c-2264e66f55a8/elements[39m
[35m[HTTP][39m [90m{"using":"accessibility id","value":"PENUGASAN"}[39m
[35m[HTTP][39m [37m<-- POST /wd/hub/session/04656a3c-bd1e-4d09-aa1c-2264e66f55a8/elements [39m[32m200[39m [90m104 ms - 12[39m
[35m[HTTP][39m [90m[39m
[35m[HTTP][39m [37m-->[39m [37mPOST[39m [37m/wd/hub/session/04656a3c-bd1e-4d09-aa1c-2264e66f55a8/elements[39m
[35m[HTTP][39m [90m{"using":"accessibility id","value":"PENUGASAN"}[39m
[35m[HTTP][39m [37m<-- POST /wd/hub/session/04656a3c-bd1e-4d09-aa1c-2264e66f55a8/elements [39m[32m200[39m [90m119 ms - 12[39m
[35m[HTTP][39m [90m[39m
[35m[HTTP][39m [37m-->[39m [37mPOST[39m [37m/wd/hub/session/04656a3c-bd1e-4d09-aa1c-2264e66f55a8/elements[39m
[35m[HTTP][39m [90m{"using":"accessibility id","value":"PENUGASAN"}[39m
[35m[HTTP][39m [37m<-- POST /wd/hub/session/04656a3c-bd1e-4d09-aa1c-2264e66f55a8/elements [39m[32m200[39m [90m104 ms - 12[39m
[35m[HTTP][39m [90m[39m
[35m[HTTP][39m [37m-->[39m [37mPOST[39m [37m/wd/hub/session/04656a3c-bd1e-4d09-aa1c-2264e66f55a8/elements[39m
[35m[HTTP][39m [90m{"using":"accessibility id","value":"PENUGASAN"}[39m
[35m[HTTP][39m [37m<-- POST /wd/hub/session/04656a3c-bd1e-4d09-aa1c-2264e66f55a8/elements [39m[32m200[39m [90m84 ms - 12[39m
[35m[HTTP][39m [90m[39m
[35m[HTTP][39m [37m-->[39m [37mPOST[39m [37m/wd/hub/session/04656a3c-bd1e-4d09-aa1c-2264e66f55a8/elements[39m
[35m[HTTP][39m [90m{"using":"accessibility id","value":"PENUGASAN"}[39m
[35m[HTTP][39m [37m<-- POST /wd/hub/session/04656a3c-bd1e-4d09-aa1c-2264e66f55a8/elements [39m[32m200[39m [90m561 ms - 12[39m
[35m[HTTP][39m [90m[39m
[35m[HTTP][39m [37m-->[39m [37mPOST[39m [37m/wd/hub/session/04656a3c-bd1e-4d09-aa1c-2264e66f55a8/elements[39m
[35m[HTTP][39m [90m{"using":"accessibility id","value":"PENUGASAN"}[39m
[35m[HTTP][39m [37m<-- POST /wd/hub/session/04656a3c-bd1e-4d09-aa1c-2264e66f55a8/elements [39m[32m200[39m [90m107 ms - 12[39m
[35m[HTTP][39m [90m[39m
[35m[HTTP][39m [37m-->[39m [37mPOST[39m [37m/wd/hub/session/04656a3c-bd1e-4d09-aa1c-2264e66f55a8/elements[39m
[35m[HTTP][39m [90m{"using":"accessibility id","value":"PENUGASAN"}[39m
[35m[HTTP][39m [37m<-- POST /wd/hub/session/04656a3c-bd1e-4d09-aa1c-2264e66f55a8/elements [39m[32m200[39m [90m104 ms - 12[39m
[35m[HTTP][39m [90m[39m
[35m[HTTP][39m [37m-->[39m [37mPOST[39m [37m/wd/hub/session/04656a3c-bd1e-4d09-aa1c-2264e66f55a8/elements[39m
[35m[HTTP][39m [90m{"using":"accessibility id","value":"PENUGASAN"}[39m
[35m[HTTP][39m [37m<-- POST /wd/hub/session/04656a3c-bd1e-4d09-aa1c-2264e66f55a8/elements [39m[32m200[39m [90m734 ms - 12[39m
[35m[HTTP][39m [90m[39m
[35m[HTTP][39m [37m-->[39m [37mPOST[39m [37m/wd/hub/session/04656a3c-bd1e-4d09-aa1c-2264e66f55a8/elements[39m
[35m[HTTP][39m [90m{"using":"accessibility id","value":"PENUGASAN"}[39m
[35m[HTTP][39m [37m<-- POST /wd/hub/session/04656a3c-bd1e-4d09-aa1c-2264e66f55a8/elements [39m[32m200[39m [90m105 ms - 12[39m
[35m[HTTP][39m [90m[39m
[35m[HTTP][39m [37m-->[39m [37mPOST[39m [37m/wd/hub/session/04656a3c-bd1e-4d09-aa1c-2264e66f55a8/elements[39m
[35m[HTTP][39m [90m{"using":"accessibility id","value":"PENUGASAN"}[39m
[35m[HTTP][39m [37m<-- POST /wd/hub/session/04656a3c-bd1e-4d09-aa1c-2264e66f55a8/elements [39m[32m200[39m [90m108 ms - 12[39m
[35m[HTTP][39m [90m[39m
[35m[HTTP][39m [37m-->[39m [37mPOST[39m [37m/wd/hub/session/04656a3c-bd1e-4d09-aa1c-2264e66f55a8/elements[39m
[35m[HTTP][39m [90m{"using":"accessibility id","value":"PENUGASAN"}[39m
[35m[HTTP][39m [37m<-- POST /wd/hub/session/04656a3c-bd1e-4d09-aa1c-2264e66f55a8/elements [39m[32m200[39m [90m104 ms - 12[39m
[35m[HTTP][39m [90m[39m
[35m[HTTP][39m [37m-->[39m [37mPOST[39m [37m/wd/hub/session/04656a3c-bd1e-4d09-aa1c-2264e66f55a8/elements[39m
[35m[HTTP][39m [90m{"using":"accessibility id","value":"PENUGASAN"}[39m
[35m[HTTP][39m [37m<-- POST /wd/hub/session/04656a3c-bd1e-4d09-aa1c-2264e66f55a8/elements [39m[32m200[39m [90m106 ms - 12[39m
[35m[HTTP][39m [90m[39m
[35m[HTTP][39m [37m-->[39m [37mPOST[39m [37m/wd/hub/session/04656a3c-bd1e-4d09-aa1c-2264e66f55a8/elements[39m
[35m[HTTP][39m [90m{"using":"accessibility id","value":"PENUGASAN"}[39m
[35m[HTTP][39m [37m<-- POST /wd/hub/session/04656a3c-bd1e-4d09-aa1c-2264e66f55a8/elements [39m[32m-[39m [90m- ms - -[39m
[35m[HTTP][39m [90m[39m
[35m[BaseDriver][39m Shutting down because we waited 1800 seconds for a command
[35m[Appium][39m Closing session, cause was 'New Command Timeout of 1800 seconds expired. Try customizing the timeout using the 'newCommandTimeout' desired capability'
[35m[Appium][39m Removing session '04656a3c-bd1e-4d09-aa1c-2264e66f55a8' from our master session list
[35m[UiAutomator2][39m Did not get confirmation UiAutomator2 deleteSession worked; Error was: UnknownError: An unknown server-side error occurred while processing the command. Original error: 'DELETE /' cannot be proxied to UiAutomator2 server because the instrumentation process is not running (probably crashed). Check the server log and/or the logcat output for more details
[35m[UiAutomator2][39m Restoring hidden api policy to the device default configuration
