[35m[Appium][39m Welcome to Appium v1.22.0
[35m[Appium][39m Non-default server args:
[35m[Appium][39m   port: 64698
[35m[Appium][39m   loglevel: info
[35m[Appium][39m   tmpDir: C:\Users\User\AppData\Local\Temp\\Katalon\Appium\Temp1689324864385
[35m[Appium][39m   chromedriverPort: 64699
[35m[Appium][39m Deprecated server args:
[35m[Appium][39m   [31m--chromedriver-port[39m => --default-capabilities
[35m[Appium][39m Default capabilities, which will be added to each request unless overridden by desired capabilities:
[35m[Appium][39m   chromedriverPort: 64699
[35m[Appium][39m Appium REST http interface listener started on 0.0.0.0:64698
[35m[HTTP][39m [37m-->[39m [37mGET[39m [37m/wd/hub/status[39m
[35m[HTTP][39m [90m{}[39m
[35m[HTTP][39m [37m<-- GET /wd/hub/status [39m[32m200[39m [90m16 ms - 68[39m
[35m[HTTP][39m [90m[39m
[35m[HTTP][39m [37m-->[39m [37mPOST[39m [37m/wd/hub/session[39m
[35m[HTTP][39m [90m{"desiredCapabilities":{"appActivity":".Settings","appPackage":"com.android.settings","newCommandTimeout":1800,"platformVersion":"12","automationName":"uiautomator2","autoGrantPermissions":true,"platformName":"Android","udid":"aihykrce5lrgzhxg","deviceName":"Xiaomi M2103K19PG (Android 12)","platform":"ANDROID","systemPort":8224},"capabilities":{"firstMatch":[{"appium:appActivity":".Settings","appium:appPackage":"com.android.settings","appium:autoGrantPermissions":true,"appium:automationName":"uiautomator2","appium:deviceName":"Xiaomi M2103K19PG (Android 12)","appium:newCommandTimeout":1800,"platform":"ANDROID","platformName":"android","appium:platformVersion":"12","appium:systemPort":8224,"appium:udid":"aihykrce5lrgzhxg"}]}}[39m
[35m[BaseDriver][39m The following capabilities are not standard capabilities and should have an extension prefix:
[35m[BaseDriver][39m   platform
[35m[BaseDriver][39m   chromedriverPort
[35m[Appium][39m Appium v1.22.0 creating new AndroidUiautomator2Driver (v1.69.0) session
[35m[BaseDriver][39m The following capabilities were provided, but are not recognized by Appium:
[35m[BaseDriver][39m   platform
[35m[BaseDriver][39m Session created with session id: ea583b87-b45f-4696-8195-896e2062a673
[35m[UiAutomator2][39m Starting 'com.android.settings' directly on the device
[35m[ADB][39m Found 1 'build-tools' folders under 'C:\Users\User\.katalon\tools\android_sdk' (newest first):
[35m[ADB][39m     C:/Users/User/.katalon/tools/android_sdk/build-tools/29.0.3
[35m[ADB][39m Using 'adb.exe' from 'C:\Users\User\.katalon\tools\android_sdk\platform-tools\adb.exe'
[35m[AndroidDriver][39m Retrieving device list
[35m[AndroidDriver][39m Using device: aihykrce5lrgzhxg
[35m[ADB][39m Using 'adb.exe' from 'C:\Users\User\.katalon\tools\android_sdk\platform-tools\adb.exe'
[35m[ADB][39m Getting device platform version
[35m[UiAutomator2][39m Relaxing hidden api policy
[35m[AndroidDriver][39m No app sent in, not parsing package/activity
[35m[ADB][39m Using 'apksigner.jar' from 'C:\Users\User\.katalon\tools\android_sdk\build-tools\29.0.3\lib\apksigner.jar'
[35m[ADB][39m 'C:\Users\User\AppData\Roaming\npm\node_modules\appium\node_modules\appium-uiautomator2-server\apks\appium-uiautomator2-server-v4.24.0.apk' is signed with the default certificate
[35m[ADB][39m 'C:\Users\User\AppData\Roaming\npm\node_modules\appium\node_modules\appium-uiautomator2-server\apks\appium-uiautomator2-server-debug-androidTest.apk' is signed with the default certificate
[35m[UiAutomator2][39m Server packages are not going to be (re)installed
[35m[ADB][39m Adding packages ["io.appium.settings","io.appium.uiautomator2.server","io.appium.uiautomator2.server.test"] to Doze whitelist
[35m[UiAutomator2][39m Starting UIAutomator2 server 4.24.0
[35m[UiAutomator2][39m Using UIAutomator2 server from 'C:\Users\User\AppData\Roaming\npm\node_modules\appium\node_modules\appium-uiautomator2-server\apks\appium-uiautomator2-server-v4.24.0.apk' and test from 'C:\Users\User\AppData\Roaming\npm\node_modules\appium\node_modules\appium-uiautomator2-server\apks\appium-uiautomator2-server-debug-androidTest.apk'
[35m[UiAutomator2][39m Waiting up to 30000ms for UiAutomator2 to be online...
[35m[WD Proxy][39m socket hang up
[35m[WD Proxy][39m socket hang up
[35m[WD Proxy][39m socket hang up
[35m[WD Proxy][39m socket hang up
[35m[WD Proxy][39m socket hang up
[35m[WD Proxy][39m socket hang up
[35m[WD Proxy][39m Determined the downstream protocol as 'W3C'
[35m[AndroidDriver][39m Screen already unlocked, doing nothing
[35m[UiAutomator2][39m Starting 'com.android.settings/.Settings and waiting for 'com.android.settings/.Settings'
[35m[Appium][39m New AndroidUiautomator2Driver session created successfully, session ea583b87-b45f-4696-8195-896e2062a673 added to master session list
[35m[HTTP][39m [37m<-- POST /wd/hub/session [39m[32m200[39m [90m12290 ms - 1181[39m
[35m[HTTP][39m [90m[39m
[35m[HTTP][39m [37m-->[39m [37mGET[39m [37m/wd/hub/session/ea583b87-b45f-4696-8195-896e2062a673[39m
[35m[HTTP][39m [90m{}[39m
[35m[HTTP][39m [37m<-- GET /wd/hub/session/ea583b87-b45f-4696-8195-896e2062a673 [39m[32m200[39m [90m16 ms - 1135[39m
[35m[HTTP][39m [90m[39m
[35m[HTTP][39m [37m-->[39m [37mGET[39m [37m/wd/hub/session/ea583b87-b45f-4696-8195-896e2062a673[39m
[35m[HTTP][39m [90m{}[39m
[35m[HTTP][39m [37m<-- GET /wd/hub/session/ea583b87-b45f-4696-8195-896e2062a673 [39m[32m200[39m [90m22 ms - 1135[39m
[35m[HTTP][39m [90m[39m
[35m[HTTP][39m [37m-->[39m [37mGET[39m [37m/wd/hub/status[39m
[35m[HTTP][39m [90m{}[39m
[35m[HTTP][39m [37m<-- GET /wd/hub/status [39m[32m200[39m [90m2 ms - 68[39m
[35m[HTTP][39m [90m[39m
[35m[HTTP][39m [37m-->[39m [37mPOST[39m [37m/wd/hub/session/ea583b87-b45f-4696-8195-896e2062a673/timeouts[39m
[35m[HTTP][39m [90m{"implicit":120000}[39m
[35m[HTTP][39m [37m<-- POST /wd/hub/session/ea583b87-b45f-4696-8195-896e2062a673/timeouts [39m[32m200[39m [90m6 ms - 14[39m
[35m[HTTP][39m [90m[39m
[35m[HTTP][39m [37m-->[39m [37mGET[39m [37m/wd/hub/session/ea583b87-b45f-4696-8195-896e2062a673/screenshot[39m
[35m[HTTP][39m [90m{}[39m
[35m[HTTP][39m [37m<-- GET /wd/hub/session/ea583b87-b45f-4696-8195-896e2062a673/screenshot [39m[32m200[39m [90m545 ms - 195008[39m
[35m[HTTP][39m [90m[39m
[35m[HTTP][39m [37m-->[39m [37mGET[39m [37m/wd/hub/session/ea583b87-b45f-4696-8195-896e2062a673/window/rect[39m
[35m[HTTP][39m [90m{}[39m
[35m[HTTP][39m [37m<-- GET /wd/hub/session/ea583b87-b45f-4696-8195-896e2062a673/window/rect [39m[32m200[39m [90m24 ms - 50[39m
[35m[HTTP][39m [90m[39m
[35m[HTTP][39m [37m-->[39m [37mGET[39m [37m/wd/hub/session/ea583b87-b45f-4696-8195-896e2062a673/appium/device/system_bars[39m
[35m[HTTP][39m [90m{}[39m
[35m[HTTP][39m [37m<-- GET /wd/hub/session/ea583b87-b45f-4696-8195-896e2062a673/appium/device/system_bars [39m[32m200[39m [90m113 ms - 145[39m
[35m[HTTP][39m [90m[39m
[35m[HTTP][39m [37m-->[39m [37mPOST[39m [37m/wd/hub/session/ea583b87-b45f-4696-8195-896e2062a673/appium/device/activate_app[39m
[35m[HTTP][39m [90m{"bundleId":"pkp.mobile.fmui"}[39m
[35m[HTTP][39m [37m<-- POST /wd/hub/session/ea583b87-b45f-4696-8195-896e2062a673/appium/device/activate_app [39m[32m200[39m [90m3688 ms - 14[39m
[35m[HTTP][39m [90m[39m
[35m[HTTP][39m [37m-->[39m [37mPOST[39m [37m/wd/hub/session/ea583b87-b45f-4696-8195-896e2062a673/timeouts[39m
[35m[HTTP][39m [90m{"implicit":50}[39m
[35m[HTTP][39m [37m<-- POST /wd/hub/session/ea583b87-b45f-4696-8195-896e2062a673/timeouts [39m[32m200[39m [90m4 ms - 14[39m
[35m[HTTP][39m [90m[39m
[35m[HTTP][39m [37m-->[39m [37mGET[39m [37m/wd/hub/session/ea583b87-b45f-4696-8195-896e2062a673/window/rect[39m
[35m[HTTP][39m [90m{}[39m
[35m[HTTP][39m [37m<-- GET /wd/hub/session/ea583b87-b45f-4696-8195-896e2062a673/window/rect [39m[32m200[39m [90m32 ms - 50[39m
[35m[HTTP][39m [90m[39m
[35m[HTTP][39m [37m-->[39m [37mPOST[39m [37m/wd/hub/session/ea583b87-b45f-4696-8195-896e2062a673/elements[39m
[35m[HTTP][39m [90m{"using":"xpath","value":"//hierarchy/android.widget.FrameLayout[1]/android.widget.LinearLayout[1]/android.widget.FrameLayout[1]/android.widget.FrameLayout[1]/android.view.View[1]/android.view.View[1]/android.view.View[1]/android.view.View[1]/android.view.View[3]"}[39m
[35m[HTTP][39m [37m<-- POST /wd/hub/session/ea583b87-b45f-4696-8195-896e2062a673/elements [39m[32m200[39m [90m279 ms - 139[39m
[35m[HTTP][39m [90m[39m
[35m[HTTP][39m [37m-->[39m [37mGET[39m [37m/wd/hub/session/ea583b87-b45f-4696-8195-896e2062a673/element/00000000-0000-0151-0000-047900000003/location[39m
[35m[HTTP][39m [90m{}[39m
[35m[W3C (ea583b87)][39m Driver proxy active, passing request on via HTTP proxy
[35m[WD Proxy][39m Replacing sessionId 42f25327-5aea-4309-9c1d-d9feee2c7fa8 with ea583b87-b45f-4696-8195-896e2062a673
[35m[HTTP][39m [37m<-- GET /wd/hub/session/ea583b87-b45f-4696-8195-896e2062a673/element/00000000-0000-0151-0000-047900000003/location [39m[32m200[39m [90m27 ms - 79[39m
[35m[HTTP][39m [90m[39m
[35m[HTTP][39m [37m-->[39m [37mPOST[39m [37m/wd/hub/session/ea583b87-b45f-4696-8195-896e2062a673/timeouts[39m
[35m[HTTP][39m [90m{"implicit":120000}[39m
[35m[HTTP][39m [37m<-- POST /wd/hub/session/ea583b87-b45f-4696-8195-896e2062a673/timeouts [39m[32m200[39m [90m2 ms - 14[39m
[35m[HTTP][39m [90m[39m
[35m[HTTP][39m [37m-->[39m [37mPOST[39m [37m/wd/hub/session/ea583b87-b45f-4696-8195-896e2062a673/element/00000000-0000-0151-0000-047900000003/click[39m
[35m[HTTP][39m [90m{"id":"00000000-0000-0151-0000-047900000003"}[39m
[35m[HTTP][39m [37m<-- POST /wd/hub/session/ea583b87-b45f-4696-8195-896e2062a673/element/00000000-0000-0151-0000-047900000003/click [39m[32m200[39m [90m81 ms - 14[39m
[35m[HTTP][39m [90m[39m
[35m[HTTP][39m [37m-->[39m [37mPOST[39m [37m/wd/hub/session/ea583b87-b45f-4696-8195-896e2062a673/timeouts[39m
[35m[HTTP][39m [90m{"implicit":50}[39m
[35m[HTTP][39m [37m<-- POST /wd/hub/session/ea583b87-b45f-4696-8195-896e2062a673/timeouts [39m[32m200[39m [90m2 ms - 14[39m
[35m[HTTP][39m [90m[39m
[35m[HTTP][39m [37m-->[39m [37mGET[39m [37m/wd/hub/session/ea583b87-b45f-4696-8195-896e2062a673/window/rect[39m
[35m[HTTP][39m [90m{}[39m
[35m[HTTP][39m [37m<-- GET /wd/hub/session/ea583b87-b45f-4696-8195-896e2062a673/window/rect [39m[32m200[39m [90m19 ms - 50[39m
[35m[HTTP][39m [90m[39m
[35m[HTTP][39m [37m-->[39m [37mPOST[39m [37m/wd/hub/session/ea583b87-b45f-4696-8195-896e2062a673/elements[39m
[35m[HTTP][39m [90m{"using":"xpath","value":"//hierarchy/android.widget.FrameLayout[1]/android.widget.LinearLayout[1]/android.widget.FrameLayout[1]/android.widget.FrameLayout[1]/android.view.View[1]/android.view.View[1]/android.view.View[1]/android.view.View[1]/android.view.View[1]/android.view.View[1]/android.view.View[1]"}[39m
[35m[HTTP][39m [37m<-- POST /wd/hub/session/ea583b87-b45f-4696-8195-896e2062a673/elements [39m[32m200[39m [90m623 ms - 139[39m
[35m[HTTP][39m [90m[39m
[35m[HTTP][39m [37m-->[39m [37mGET[39m [37m/wd/hub/session/ea583b87-b45f-4696-8195-896e2062a673/element/00000000-0000-0151-0000-047f00000003/location[39m
[35m[HTTP][39m [90m{}[39m
[35m[W3C (ea583b87)][39m Driver proxy active, passing request on via HTTP proxy
[35m[WD Proxy][39m Replacing sessionId 42f25327-5aea-4309-9c1d-d9feee2c7fa8 with ea583b87-b45f-4696-8195-896e2062a673
[35m[HTTP][39m [37m<-- GET /wd/hub/session/ea583b87-b45f-4696-8195-896e2062a673/element/00000000-0000-0151-0000-047f00000003/location [39m[32m200[39m [90m20 ms - 77[39m
[35m[HTTP][39m [90m[39m
[35m[HTTP][39m [37m-->[39m [37mPOST[39m [37m/wd/hub/session/ea583b87-b45f-4696-8195-896e2062a673/timeouts[39m
[35m[HTTP][39m [90m{"implicit":120000}[39m
[35m[HTTP][39m [37m<-- POST /wd/hub/session/ea583b87-b45f-4696-8195-896e2062a673/timeouts [39m[32m200[39m [90m3 ms - 14[39m
[35m[HTTP][39m [90m[39m
[35m[HTTP][39m [37m-->[39m [37mGET[39m [37m/wd/hub/session/ea583b87-b45f-4696-8195-896e2062a673/element/00000000-0000-0151-0000-047f00000003/displayed[39m
[35m[HTTP][39m [90m{}[39m
[35m[HTTP][39m [37m<-- GET /wd/hub/session/ea583b87-b45f-4696-8195-896e2062a673/element/00000000-0000-0151-0000-047f00000003/displayed [39m[32m200[39m [90m19 ms - 14[39m
[35m[HTTP][39m [90m[39m
[35m[HTTP][39m [37m-->[39m [37mPOST[39m [37m/wd/hub/session/ea583b87-b45f-4696-8195-896e2062a673/timeouts[39m
[35m[HTTP][39m [90m{"implicit":50}[39m
[35m[HTTP][39m [37m<-- POST /wd/hub/session/ea583b87-b45f-4696-8195-896e2062a673/timeouts [39m[32m200[39m [90m1 ms - 14[39m
[35m[HTTP][39m [90m[39m
[35m[HTTP][39m [37m-->[39m [37mGET[39m [37m/wd/hub/session/ea583b87-b45f-4696-8195-896e2062a673/window/rect[39m
[35m[HTTP][39m [90m{}[39m
[35m[HTTP][39m [37m<-- GET /wd/hub/session/ea583b87-b45f-4696-8195-896e2062a673/window/rect [39m[32m200[39m [90m12 ms - 50[39m
[35m[HTTP][39m [90m[39m
[35m[HTTP][39m [37m-->[39m [37mPOST[39m [37m/wd/hub/session/ea583b87-b45f-4696-8195-896e2062a673/elements[39m
[35m[HTTP][39m [90m{"using":"accessibility id","value":"Sync Task\nSync Sekarang"}[39m
[35m[HTTP][39m [37m<-- POST /wd/hub/session/ea583b87-b45f-4696-8195-896e2062a673/elements [39m[32m200[39m [90m83 ms - 12[39m
[35m[HTTP][39m [90m[39m
[35m[HTTP][39m [37m-->[39m [37mPOST[39m [37m/wd/hub/session/ea583b87-b45f-4696-8195-896e2062a673/elements[39m
[35m[HTTP][39m [90m{"using":"accessibility id","value":"Sync Task\nSync Sekarang"}[39m
[35m[HTTP][39m [37m<-- POST /wd/hub/session/ea583b87-b45f-4696-8195-896e2062a673/elements [39m[32m200[39m [90m102 ms - 12[39m
[35m[HTTP][39m [90m[39m
[35m[HTTP][39m [37m-->[39m [37mPOST[39m [37m/wd/hub/session/ea583b87-b45f-4696-8195-896e2062a673/elements[39m
[35m[HTTP][39m [90m{"using":"accessibility id","value":"Sync Task\nSync Sekarang"}[39m
[35m[HTTP][39m [37m<-- POST /wd/hub/session/ea583b87-b45f-4696-8195-896e2062a673/elements [39m[32m200[39m [90m101 ms - 12[39m
[35m[HTTP][39m [90m[39m
[35m[HTTP][39m [37m-->[39m [37mPOST[39m [37m/wd/hub/session/ea583b87-b45f-4696-8195-896e2062a673/elements[39m
[35m[HTTP][39m [90m{"using":"accessibility id","value":"Sync Task\nSync Sekarang"}[39m
[35m[HTTP][39m [37m<-- POST /wd/hub/session/ea583b87-b45f-4696-8195-896e2062a673/elements [39m[32m200[39m [90m94 ms - 12[39m
[35m[HTTP][39m [90m[39m
[35m[HTTP][39m [37m-->[39m [37mPOST[39m [37m/wd/hub/session/ea583b87-b45f-4696-8195-896e2062a673/elements[39m
[35m[HTTP][39m [90m{"using":"accessibility id","value":"Sync Task\nSync Sekarang"}[39m
[35m[HTTP][39m [37m<-- POST /wd/hub/session/ea583b87-b45f-4696-8195-896e2062a673/elements [39m[32m200[39m [90m93 ms - 12[39m
[35m[HTTP][39m [90m[39m
[35m[HTTP][39m [37m-->[39m [37mPOST[39m [37m/wd/hub/session/ea583b87-b45f-4696-8195-896e2062a673/elements[39m
[35m[HTTP][39m [90m{"using":"accessibility id","value":"Sync Task\nSync Sekarang"}[39m
[35m[HTTP][39m [37m<-- POST /wd/hub/session/ea583b87-b45f-4696-8195-896e2062a673/elements [39m[32m200[39m [90m88 ms - 12[39m
[35m[HTTP][39m [90m[39m
[35m[HTTP][39m [37m-->[39m [37mPOST[39m [37m/wd/hub/session/ea583b87-b45f-4696-8195-896e2062a673/elements[39m
[35m[HTTP][39m [90m{"using":"accessibility id","value":"Sync Task\nSync Sekarang"}[39m
[35m[HTTP][39m [37m<-- POST /wd/hub/session/ea583b87-b45f-4696-8195-896e2062a673/elements [39m[32m200[39m [90m91 ms - 12[39m
[35m[HTTP][39m [90m[39m
[35m[HTTP][39m [37m-->[39m [37mPOST[39m [37m/wd/hub/session/ea583b87-b45f-4696-8195-896e2062a673/elements[39m
[35m[HTTP][39m [90m{"using":"accessibility id","value":"Sync Task\nSync Sekarang"}[39m
[35m[HTTP][39m [37m<-- POST /wd/hub/session/ea583b87-b45f-4696-8195-896e2062a673/elements [39m[32m200[39m [90m87 ms - 12[39m
[35m[HTTP][39m [90m[39m
[35m[HTTP][39m [37m-->[39m [37mPOST[39m [37m/wd/hub/session/ea583b87-b45f-4696-8195-896e2062a673/elements[39m
[35m[HTTP][39m [90m{"using":"accessibility id","value":"Sync Task\nSync Sekarang"}[39m
[35m[HTTP][39m [37m<-- POST /wd/hub/session/ea583b87-b45f-4696-8195-896e2062a673/elements [39m[32m200[39m [90m91 ms - 12[39m
[35m[HTTP][39m [90m[39m
[35m[HTTP][39m [37m-->[39m [37mPOST[39m [37m/wd/hub/session/ea583b87-b45f-4696-8195-896e2062a673/elements[39m
[35m[HTTP][39m [90m{"using":"accessibility id","value":"Sync Task\nSync Sekarang"}[39m
[35m[HTTP][39m [37m<-- POST /wd/hub/session/ea583b87-b45f-4696-8195-896e2062a673/elements [39m[32m200[39m [90m79 ms - 12[39m
[35m[HTTP][39m [90m[39m
[35m[HTTP][39m [37m-->[39m [37mPOST[39m [37m/wd/hub/session/ea583b87-b45f-4696-8195-896e2062a673/elements[39m
[35m[HTTP][39m [90m{"using":"accessibility id","value":"Sync Task\nSync Sekarang"}[39m
[35m[HTTP][39m [37m<-- POST /wd/hub/session/ea583b87-b45f-4696-8195-896e2062a673/elements [39m[32m200[39m [90m92 ms - 12[39m
[35m[HTTP][39m [90m[39m
[35m[HTTP][39m [37m-->[39m [37mPOST[39m [37m/wd/hub/session/ea583b87-b45f-4696-8195-896e2062a673/elements[39m
[35m[HTTP][39m [90m{"using":"accessibility id","value":"Sync Task\nSync Sekarang"}[39m
[35m[HTTP][39m [37m<-- POST /wd/hub/session/ea583b87-b45f-4696-8195-896e2062a673/elements [39m[32m200[39m [90m91 ms - 12[39m
[35m[HTTP][39m [90m[39m
[35m[HTTP][39m [37m-->[39m [37mPOST[39m [37m/wd/hub/session/ea583b87-b45f-4696-8195-896e2062a673/elements[39m
[35m[HTTP][39m [90m{"using":"accessibility id","value":"Sync Task\nSync Sekarang"}[39m
[35m[HTTP][39m [37m<-- POST /wd/hub/session/ea583b87-b45f-4696-8195-896e2062a673/elements [39m[32m200[39m [90m87 ms - 12[39m
[35m[HTTP][39m [90m[39m
[35m[HTTP][39m [37m-->[39m [37mPOST[39m [37m/wd/hub/session/ea583b87-b45f-4696-8195-896e2062a673/elements[39m
[35m[HTTP][39m [90m{"using":"accessibility id","value":"Sync Task\nSync Sekarang"}[39m
[35m[HTTP][39m [37m<-- POST /wd/hub/session/ea583b87-b45f-4696-8195-896e2062a673/elements [39m[32m200[39m [90m94 ms - 12[39m
[35m[HTTP][39m [90m[39m
[35m[HTTP][39m [37m-->[39m [37mPOST[39m [37m/wd/hub/session/ea583b87-b45f-4696-8195-896e2062a673/elements[39m
[35m[HTTP][39m [90m{"using":"accessibility id","value":"Sync Task\nSync Sekarang"}[39m
[35m[HTTP][39m [37m<-- POST /wd/hub/session/ea583b87-b45f-4696-8195-896e2062a673/elements [39m[32m200[39m [90m1492 ms - 139[39m
[35m[HTTP][39m [90m[39m
[35m[HTTP][39m [37m-->[39m [37mGET[39m [37m/wd/hub/session/ea583b87-b45f-4696-8195-896e2062a673/element/00000000-0000-0151-0000-048300000003/location[39m
[35m[HTTP][39m [90m{}[39m
[35m[W3C (ea583b87)][39m Driver proxy active, passing request on via HTTP proxy
[35m[WD Proxy][39m Replacing sessionId 42f25327-5aea-4309-9c1d-d9feee2c7fa8 with ea583b87-b45f-4696-8195-896e2062a673
[35m[HTTP][39m [37m<-- GET /wd/hub/session/ea583b87-b45f-4696-8195-896e2062a673/element/00000000-0000-0151-0000-048300000003/location [39m[32m200[39m [90m22 ms - 79[39m
[35m[HTTP][39m [90m[39m
[35m[HTTP][39m [37m-->[39m [37mPOST[39m [37m/wd/hub/session/ea583b87-b45f-4696-8195-896e2062a673/timeouts[39m
[35m[HTTP][39m [90m{"implicit":120000}[39m
[35m[HTTP][39m [37m<-- POST /wd/hub/session/ea583b87-b45f-4696-8195-896e2062a673/timeouts [39m[32m200[39m [90m2 ms - 14[39m
[35m[HTTP][39m [90m[39m
[35m[HTTP][39m [37m-->[39m [37mPOST[39m [37m/wd/hub/session/ea583b87-b45f-4696-8195-896e2062a673/element/00000000-0000-0151-0000-048300000003/click[39m
[35m[HTTP][39m [90m{"id":"00000000-0000-0151-0000-048300000003"}[39m
[35m[HTTP][39m [37m<-- POST /wd/hub/session/ea583b87-b45f-4696-8195-896e2062a673/element/00000000-0000-0151-0000-048300000003/click [39m[32m200[39m [90m583 ms - 14[39m
[35m[HTTP][39m [90m[39m
[35m[HTTP][39m [37m-->[39m [37mPOST[39m [37m/wd/hub/session/ea583b87-b45f-4696-8195-896e2062a673/timeouts[39m
[35m[HTTP][39m [90m{"implicit":50}[39m
[35m[HTTP][39m [37m<-- POST /wd/hub/session/ea583b87-b45f-4696-8195-896e2062a673/timeouts [39m[32m200[39m [90m1 ms - 14[39m
[35m[HTTP][39m [90m[39m
[35m[HTTP][39m [37m-->[39m [37mGET[39m [37m/wd/hub/session/ea583b87-b45f-4696-8195-896e2062a673/window/rect[39m
[35m[HTTP][39m [90m{}[39m
[35m[HTTP][39m [37m<-- GET /wd/hub/session/ea583b87-b45f-4696-8195-896e2062a673/window/rect [39m[32m200[39m [90m22 ms - 50[39m
[35m[HTTP][39m [90m[39m
[35m[HTTP][39m [37m-->[39m [37mPOST[39m [37m/wd/hub/session/ea583b87-b45f-4696-8195-896e2062a673/elements[39m
[35m[HTTP][39m [90m{"using":"xpath","value":"//hierarchy/android.widget.FrameLayout[1]/android.widget.LinearLayout[1]/android.widget.FrameLayout[1]/android.widget.FrameLayout[1]/android.view.View[1]/android.view.View[1]/android.view.View[1]/android.view.View[1]/android.view.View[1]/android.view.View[1]/android.view.View[1]"}[39m
[35m[HTTP][39m [37m<-- POST /wd/hub/session/ea583b87-b45f-4696-8195-896e2062a673/elements [39m[32m200[39m [90m126 ms - 139[39m
[35m[HTTP][39m [90m[39m
[35m[HTTP][39m [37m-->[39m [37mGET[39m [37m/wd/hub/session/ea583b87-b45f-4696-8195-896e2062a673/element/00000000-0000-0151-0000-047f00000003/location[39m
[35m[HTTP][39m [90m{}[39m
[35m[W3C (ea583b87)][39m Driver proxy active, passing request on via HTTP proxy
[35m[WD Proxy][39m Replacing sessionId 42f25327-5aea-4309-9c1d-d9feee2c7fa8 with ea583b87-b45f-4696-8195-896e2062a673
[35m[HTTP][39m [37m<-- GET /wd/hub/session/ea583b87-b45f-4696-8195-896e2062a673/element/00000000-0000-0151-0000-047f00000003/location [39m[32m200[39m [90m21 ms - 77[39m
[35m[HTTP][39m [90m[39m
[35m[HTTP][39m [37m-->[39m [37mPOST[39m [37m/wd/hub/session/ea583b87-b45f-4696-8195-896e2062a673/timeouts[39m
[35m[HTTP][39m [90m{"implicit":120000}[39m
[35m[HTTP][39m [37m<-- POST /wd/hub/session/ea583b87-b45f-4696-8195-896e2062a673/timeouts [39m[32m200[39m [90m1 ms - 14[39m
[35m[HTTP][39m [90m[39m
[35m[HTTP][39m [37m-->[39m [37mGET[39m [37m/wd/hub/session/ea583b87-b45f-4696-8195-896e2062a673/element/00000000-0000-0151-0000-047f00000003/displayed[39m
[35m[HTTP][39m [90m{}[39m
[35m[HTTP][39m [37m<-- GET /wd/hub/session/ea583b87-b45f-4696-8195-896e2062a673/element/00000000-0000-0151-0000-047f00000003/displayed [39m[32m200[39m [90m19 ms - 14[39m
[35m[HTTP][39m [90m[39m
[35m[HTTP][39m [37m-->[39m [37mPOST[39m [37m/wd/hub/session/ea583b87-b45f-4696-8195-896e2062a673/timeouts[39m
[35m[HTTP][39m [90m{"implicit":50}[39m
[35m[HTTP][39m [37m<-- POST /wd/hub/session/ea583b87-b45f-4696-8195-896e2062a673/timeouts [39m[32m200[39m [90m1 ms - 14[39m
[35m[HTTP][39m [90m[39m
[35m[HTTP][39m [37m-->[39m [37mGET[39m [37m/wd/hub/session/ea583b87-b45f-4696-8195-896e2062a673/window/rect[39m
[35m[HTTP][39m [90m{}[39m
[35m[HTTP][39m [37m<-- GET /wd/hub/session/ea583b87-b45f-4696-8195-896e2062a673/window/rect [39m[32m200[39m [90m17 ms - 50[39m
[35m[HTTP][39m [90m[39m
[35m[HTTP][39m [37m-->[39m [37mPOST[39m [37m/wd/hub/session/ea583b87-b45f-4696-8195-896e2062a673/elements[39m
[35m[HTTP][39m [90m{"using":"xpath","value":"//hierarchy/android.widget.FrameLayout[1]/android.widget.LinearLayout[1]/android.widget.FrameLayout[1]/android.widget.FrameLayout[1]/android.view.View[1]/android.view.View[1]/android.view.View[1]/android.view.View[1]/android.widget.ImageView[1]"}[39m
[35m[HTTP][39m [37m<-- POST /wd/hub/session/ea583b87-b45f-4696-8195-896e2062a673/elements [39m[32m200[39m [90m318 ms - 139[39m
[35m[HTTP][39m [90m[39m
[35m[HTTP][39m [37m-->[39m [37mGET[39m [37m/wd/hub/session/ea583b87-b45f-4696-8195-896e2062a673/element/00000000-0000-0151-0000-047c00000003/location[39m
[35m[HTTP][39m [90m{}[39m
[35m[W3C (ea583b87)][39m Driver proxy active, passing request on via HTTP proxy
[35m[WD Proxy][39m Replacing sessionId 42f25327-5aea-4309-9c1d-d9feee2c7fa8 with ea583b87-b45f-4696-8195-896e2062a673
[35m[HTTP][39m [37m<-- GET /wd/hub/session/ea583b87-b45f-4696-8195-896e2062a673/element/00000000-0000-0151-0000-047c00000003/location [39m[32m200[39m [90m30 ms - 79[39m
[35m[HTTP][39m [90m[39m
[35m[HTTP][39m [37m-->[39m [37mPOST[39m [37m/wd/hub/session/ea583b87-b45f-4696-8195-896e2062a673/timeouts[39m
[35m[HTTP][39m [90m{"implicit":120000}[39m
[35m[HTTP][39m [37m<-- POST /wd/hub/session/ea583b87-b45f-4696-8195-896e2062a673/timeouts [39m[32m200[39m [90m2 ms - 14[39m
[35m[HTTP][39m [90m[39m
[35m[HTTP][39m [37m-->[39m [37mPOST[39m [37m/wd/hub/session/ea583b87-b45f-4696-8195-896e2062a673/element/00000000-0000-0151-0000-047c00000003/click[39m
[35m[HTTP][39m [90m{"id":"00000000-0000-0151-0000-047c00000003"}[39m
[35m[HTTP][39m [37m<-- POST /wd/hub/session/ea583b87-b45f-4696-8195-896e2062a673/element/00000000-0000-0151-0000-047c00000003/click [39m[32m200[39m [90m837 ms - 14[39m
[35m[HTTP][39m [90m[39m
[35m[HTTP][39m [37m-->[39m [37mPOST[39m [37m/wd/hub/session/ea583b87-b45f-4696-8195-896e2062a673/timeouts[39m
[35m[HTTP][39m [90m{"implicit":50}[39m
[35m[HTTP][39m [37m<-- POST /wd/hub/session/ea583b87-b45f-4696-8195-896e2062a673/timeouts [39m[32m200[39m [90m1 ms - 14[39m
[35m[HTTP][39m [90m[39m
[35m[HTTP][39m [37m-->[39m [37mGET[39m [37m/wd/hub/session/ea583b87-b45f-4696-8195-896e2062a673/window/rect[39m
[35m[HTTP][39m [90m{}[39m
[35m[HTTP][39m [37m<-- GET /wd/hub/session/ea583b87-b45f-4696-8195-896e2062a673/window/rect [39m[32m200[39m [90m22 ms - 50[39m
[35m[HTTP][39m [90m[39m
[35m[HTTP][39m [37m-->[39m [37mPOST[39m [37m/wd/hub/session/ea583b87-b45f-4696-8195-896e2062a673/elements[39m
[35m[HTTP][39m [90m{"using":"accessibility id","value":"PENUGASAN"}[39m
[35m[HTTP][39m [37m<-- POST /wd/hub/session/ea583b87-b45f-4696-8195-896e2062a673/elements [39m[32m200[39m [90m53 ms - 139[39m
[35m[HTTP][39m [90m[39m
[35m[HTTP][39m [37m-->[39m [37mGET[39m [37m/wd/hub/session/ea583b87-b45f-4696-8195-896e2062a673/element/00000000-0000-0151-0000-049700000003/location[39m
[35m[HTTP][39m [90m{}[39m
[35m[W3C (ea583b87)][39m Driver proxy active, passing request on via HTTP proxy
[35m[WD Proxy][39m Replacing sessionId 42f25327-5aea-4309-9c1d-d9feee2c7fa8 with ea583b87-b45f-4696-8195-896e2062a673
[35m[HTTP][39m [37m<-- GET /wd/hub/session/ea583b87-b45f-4696-8195-896e2062a673/element/00000000-0000-0151-0000-049700000003/location [39m[32m200[39m [90m30 ms - 78[39m
[35m[HTTP][39m [90m[39m
[35m[HTTP][39m [37m-->[39m [37mPOST[39m [37m/wd/hub/session/ea583b87-b45f-4696-8195-896e2062a673/timeouts[39m
[35m[HTTP][39m [90m{"implicit":120000}[39m
[35m[HTTP][39m [37m<-- POST /wd/hub/session/ea583b87-b45f-4696-8195-896e2062a673/timeouts [39m[32m200[39m [90m1 ms - 14[39m
[35m[HTTP][39m [90m[39m
[35m[HTTP][39m [37m-->[39m [37mPOST[39m [37m/wd/hub/session/ea583b87-b45f-4696-8195-896e2062a673/element/00000000-0000-0151-0000-049700000003/click[39m
[35m[HTTP][39m [90m{"id":"00000000-0000-0151-0000-049700000003"}[39m
[35m[HTTP][39m [37m<-- POST /wd/hub/session/ea583b87-b45f-4696-8195-896e2062a673/element/00000000-0000-0151-0000-049700000003/click [39m[32m200[39m [90m975 ms - 14[39m
[35m[HTTP][39m [90m[39m
[35m[HTTP][39m [37m-->[39m [37mPOST[39m [37m/wd/hub/session/ea583b87-b45f-4696-8195-896e2062a673/timeouts[39m
[35m[HTTP][39m [90m{"implicit":50}[39m
[35m[HTTP][39m [37m<-- POST /wd/hub/session/ea583b87-b45f-4696-8195-896e2062a673/timeouts [39m[32m200[39m [90m1 ms - 14[39m
[35m[HTTP][39m [90m[39m
[35m[HTTP][39m [37m-->[39m [37mGET[39m [37m/wd/hub/session/ea583b87-b45f-4696-8195-896e2062a673/window/rect[39m
[35m[HTTP][39m [90m{}[39m
[35m[HTTP][39m [37m<-- GET /wd/hub/session/ea583b87-b45f-4696-8195-896e2062a673/window/rect [39m[32m200[39m [90m21 ms - 50[39m
[35m[HTTP][39m [90m[39m
[35m[HTTP][39m [37m-->[39m [37mPOST[39m [37m/wd/hub/session/ea583b87-b45f-4696-8195-896e2062a673/elements[39m
[35m[HTTP][39m [90m{"using":"xpath","value":"//hierarchy/android.widget.FrameLayout[1]/android.widget.LinearLayout[1]/android.widget.FrameLayout[1]/android.widget.FrameLayout[1]/android.view.View[1]/android.view.View[1]/android.view.View[1]/android.view.View[1]/android.view.View[4]/android.view.View[1]/android.view.View[1]/android.view.View[1]/android.view.View[1]"}[39m
[35m[HTTP][39m [37m<-- POST /wd/hub/session/ea583b87-b45f-4696-8195-896e2062a673/elements [39m[32m200[39m [90m149 ms - 139[39m
[35m[HTTP][39m [90m[39m
[35m[HTTP][39m [37m-->[39m [37mGET[39m [37m/wd/hub/session/ea583b87-b45f-4696-8195-896e2062a673/element/00000000-0000-0151-0000-04ae00000003/location[39m
[35m[HTTP][39m [90m{}[39m
[35m[W3C (ea583b87)][39m Driver proxy active, passing request on via HTTP proxy
[35m[WD Proxy][39m Replacing sessionId 42f25327-5aea-4309-9c1d-d9feee2c7fa8 with ea583b87-b45f-4696-8195-896e2062a673
[35m[HTTP][39m [37m<-- GET /wd/hub/session/ea583b87-b45f-4696-8195-896e2062a673/element/00000000-0000-0151-0000-04ae00000003/location [39m[32m200[39m [90m34 ms - 78[39m
[35m[HTTP][39m [90m[39m
[35m[HTTP][39m [37m-->[39m [37mPOST[39m [37m/wd/hub/session/ea583b87-b45f-4696-8195-896e2062a673/timeouts[39m
[35m[HTTP][39m [90m{"implicit":120000}[39m
[35m[HTTP][39m [37m<-- POST /wd/hub/session/ea583b87-b45f-4696-8195-896e2062a673/timeouts [39m[32m200[39m [90m1 ms - 14[39m
[35m[HTTP][39m [90m[39m
[35m[HTTP][39m [37m-->[39m [37mPOST[39m [37m/wd/hub/session/ea583b87-b45f-4696-8195-896e2062a673/element/00000000-0000-0151-0000-04ae00000003/click[39m
[35m[HTTP][39m [90m{"id":"00000000-0000-0151-0000-04ae00000003"}[39m
[35m[HTTP][39m [37m<-- POST /wd/hub/session/ea583b87-b45f-4696-8195-896e2062a673/element/00000000-0000-0151-0000-04ae00000003/click [39m[32m200[39m [90m1473 ms - 14[39m
[35m[HTTP][39m [90m[39m
[35m[HTTP][39m [37m-->[39m [37mPOST[39m [37m/wd/hub/session/ea583b87-b45f-4696-8195-896e2062a673/timeouts[39m
[35m[HTTP][39m [90m{"implicit":50}[39m
[35m[HTTP][39m [37m<-- POST /wd/hub/session/ea583b87-b45f-4696-8195-896e2062a673/timeouts [39m[32m200[39m [90m1 ms - 14[39m
[35m[HTTP][39m [90m[39m
[35m[HTTP][39m [37m-->[39m [37mGET[39m [37m/wd/hub/session/ea583b87-b45f-4696-8195-896e2062a673/window/rect[39m
[35m[HTTP][39m [90m{}[39m
[35m[HTTP][39m [37m<-- GET /wd/hub/session/ea583b87-b45f-4696-8195-896e2062a673/window/rect [39m[32m200[39m [90m22 ms - 50[39m
[35m[HTTP][39m [90m[39m
[35m[HTTP][39m [37m-->[39m [37mPOST[39m [37m/wd/hub/session/ea583b87-b45f-4696-8195-896e2062a673/elements[39m
[35m[HTTP][39m [90m{"using":"accessibility id","value":"Selanjutnya"}[39m
[35m[HTTP][39m [37m<-- POST /wd/hub/session/ea583b87-b45f-4696-8195-896e2062a673/elements [39m[32m200[39m [90m54 ms - 139[39m
[35m[HTTP][39m [90m[39m
[35m[HTTP][39m [37m-->[39m [37mGET[39m [37m/wd/hub/session/ea583b87-b45f-4696-8195-896e2062a673/element/00000000-0000-0151-0000-04c500000003/location[39m
[35m[HTTP][39m [90m{}[39m
[35m[W3C (ea583b87)][39m Driver proxy active, passing request on via HTTP proxy
[35m[WD Proxy][39m Replacing sessionId 42f25327-5aea-4309-9c1d-d9feee2c7fa8 with ea583b87-b45f-4696-8195-896e2062a673
[35m[HTTP][39m [37m<-- GET /wd/hub/session/ea583b87-b45f-4696-8195-896e2062a673/element/00000000-0000-0151-0000-04c500000003/location [39m[32m200[39m [90m32 ms - 78[39m
[35m[HTTP][39m [90m[39m
[35m[HTTP][39m [37m-->[39m [37mPOST[39m [37m/wd/hub/session/ea583b87-b45f-4696-8195-896e2062a673/timeouts[39m
[35m[HTTP][39m [90m{"implicit":120000}[39m
[35m[HTTP][39m [37m<-- POST /wd/hub/session/ea583b87-b45f-4696-8195-896e2062a673/timeouts [39m[32m200[39m [90m1 ms - 14[39m
[35m[HTTP][39m [90m[39m
[35m[HTTP][39m [37m-->[39m [37mPOST[39m [37m/wd/hub/session/ea583b87-b45f-4696-8195-896e2062a673/element/00000000-0000-0151-0000-04c500000003/click[39m
[35m[HTTP][39m [90m{"id":"00000000-0000-0151-0000-04c500000003"}[39m
[35m[HTTP][39m [37m<-- POST /wd/hub/session/ea583b87-b45f-4696-8195-896e2062a673/element/00000000-0000-0151-0000-04c500000003/click [39m[32m200[39m [90m1050 ms - 14[39m
[35m[HTTP][39m [90m[39m
[35m[HTTP][39m [37m-->[39m [37mGET[39m [37m/wd/hub/session/ea583b87-b45f-4696-8195-896e2062a673/context[39m
[35m[HTTP][39m [90m{}[39m
[35m[HTTP][39m [37m<-- GET /wd/hub/session/ea583b87-b45f-4696-8195-896e2062a673/context [39m[32m200[39m [90m3 ms - 22[39m
[35m[HTTP][39m [90m[39m
[35m[HTTP][39m [37m-->[39m [37mGET[39m [37m/wd/hub/session/ea583b87-b45f-4696-8195-896e2062a673/contexts[39m
[35m[HTTP][39m [90m{}[39m
[35m[HTTP][39m [37m<-- GET /wd/hub/session/ea583b87-b45f-4696-8195-896e2062a673/contexts [39m[32m200[39m [90m94 ms - 24[39m
[35m[HTTP][39m [90m[39m
[35m[HTTP][39m [37m-->[39m [37mPOST[39m [37m/wd/hub/session/ea583b87-b45f-4696-8195-896e2062a673/context[39m
[35m[HTTP][39m [90m{"name":"NATIVE_APP"}[39m
[35m[HTTP][39m [37m<-- POST /wd/hub/session/ea583b87-b45f-4696-8195-896e2062a673/context [39m[32m200[39m [90m2 ms - 14[39m
[35m[HTTP][39m [90m[39m
[35m[HTTP][39m [37m-->[39m [37mPOST[39m [37m/wd/hub/session/ea583b87-b45f-4696-8195-896e2062a673/touch/perform[39m
[35m[HTTP][39m [90m{"actions":[{"action":"press","options":{"x":0,"y":1926}},{"action":"wait","options":{"ms":500}},{"action":"moveTo","options":{"x":0,"y":1472}},{"action":"release","options":{}}]}[39m
[35m[HTTP][39m [37m<-- POST /wd/hub/session/ea583b87-b45f-4696-8195-896e2062a673/touch/perform [39m[32m200[39m [90m892 ms - 14[39m
[35m[HTTP][39m [90m[39m
[35m[HTTP][39m [37m-->[39m [37mPOST[39m [37m/wd/hub/session/ea583b87-b45f-4696-8195-896e2062a673/context[39m
[35m[HTTP][39m [90m{"name":"NATIVE_APP"}[39m
[35m[HTTP][39m [37m<-- POST /wd/hub/session/ea583b87-b45f-4696-8195-896e2062a673/context [39m[32m200[39m [90m2 ms - 14[39m
[35m[HTTP][39m [90m[39m
[35m[HTTP][39m [37m-->[39m [37mPOST[39m [37m/wd/hub/session/ea583b87-b45f-4696-8195-896e2062a673/timeouts[39m
[35m[HTTP][39m [90m{"implicit":50}[39m
[35m[HTTP][39m [37m<-- POST /wd/hub/session/ea583b87-b45f-4696-8195-896e2062a673/timeouts [39m[32m200[39m [90m2 ms - 14[39m
[35m[HTTP][39m [90m[39m
[35m[HTTP][39m [37m-->[39m [37mGET[39m [37m/wd/hub/session/ea583b87-b45f-4696-8195-896e2062a673/window/rect[39m
[35m[HTTP][39m [90m{}[39m
[35m[HTTP][39m [37m<-- GET /wd/hub/session/ea583b87-b45f-4696-8195-896e2062a673/window/rect [39m[32m200[39m [90m24 ms - 50[39m
[35m[HTTP][39m [90m[39m
[35m[HTTP][39m [37m-->[39m [37mPOST[39m [37m/wd/hub/session/ea583b87-b45f-4696-8195-896e2062a673/elements[39m
[35m[HTTP][39m [90m{"using":"accessibility id","value":"Selanjutnya"}[39m
[35m[HTTP][39m [37m<-- POST /wd/hub/session/ea583b87-b45f-4696-8195-896e2062a673/elements [39m[32m200[39m [90m49 ms - 139[39m
[35m[HTTP][39m [90m[39m
[35m[HTTP][39m [37m-->[39m [37mGET[39m [37m/wd/hub/session/ea583b87-b45f-4696-8195-896e2062a673/element/00000000-0000-0151-0000-04d700000003/location[39m
[35m[HTTP][39m [90m{}[39m
[35m[W3C (ea583b87)][39m Driver proxy active, passing request on via HTTP proxy
[35m[WD Proxy][39m Replacing sessionId 42f25327-5aea-4309-9c1d-d9feee2c7fa8 with ea583b87-b45f-4696-8195-896e2062a673
[35m[HTTP][39m [37m<-- GET /wd/hub/session/ea583b87-b45f-4696-8195-896e2062a673/element/00000000-0000-0151-0000-04d700000003/location [39m[32m200[39m [90m30 ms - 78[39m
[35m[HTTP][39m [90m[39m
[35m[HTTP][39m [37m-->[39m [37mPOST[39m [37m/wd/hub/session/ea583b87-b45f-4696-8195-896e2062a673/timeouts[39m
[35m[HTTP][39m [90m{"implicit":120000}[39m
[35m[HTTP][39m [37m<-- POST /wd/hub/session/ea583b87-b45f-4696-8195-896e2062a673/timeouts [39m[32m200[39m [90m2 ms - 14[39m
[35m[HTTP][39m [90m[39m
[35m[HTTP][39m [37m-->[39m [37mPOST[39m [37m/wd/hub/session/ea583b87-b45f-4696-8195-896e2062a673/timeouts[39m
[35m[HTTP][39m [90m{"implicit":50}[39m
[35m[HTTP][39m [37m<-- POST /wd/hub/session/ea583b87-b45f-4696-8195-896e2062a673/timeouts [39m[32m200[39m [90m1 ms - 14[39m
[35m[HTTP][39m [90m[39m
[35m[HTTP][39m [37m-->[39m [37mGET[39m [37m/wd/hub/session/ea583b87-b45f-4696-8195-896e2062a673/window/rect[39m
[35m[HTTP][39m [90m{}[39m
[35m[HTTP][39m [37m<-- GET /wd/hub/session/ea583b87-b45f-4696-8195-896e2062a673/window/rect [39m[32m200[39m [90m27 ms - 50[39m
[35m[HTTP][39m [90m[39m
[35m[HTTP][39m [37m-->[39m [37mPOST[39m [37m/wd/hub/session/ea583b87-b45f-4696-8195-896e2062a673/elements[39m
[35m[HTTP][39m [90m{"using":"accessibility id","value":"Selanjutnya"}[39m
[35m[HTTP][39m [37m<-- POST /wd/hub/session/ea583b87-b45f-4696-8195-896e2062a673/elements [39m[32m200[39m [90m39 ms - 139[39m
[35m[HTTP][39m [90m[39m
[35m[HTTP][39m [37m-->[39m [37mGET[39m [37m/wd/hub/session/ea583b87-b45f-4696-8195-896e2062a673/element/00000000-0000-0151-0000-04d700000003/location[39m
[35m[HTTP][39m [90m{}[39m
[35m[W3C (ea583b87)][39m Driver proxy active, passing request on via HTTP proxy
[35m[WD Proxy][39m Replacing sessionId 42f25327-5aea-4309-9c1d-d9feee2c7fa8 with ea583b87-b45f-4696-8195-896e2062a673
[35m[HTTP][39m [37m<-- GET /wd/hub/session/ea583b87-b45f-4696-8195-896e2062a673/element/00000000-0000-0151-0000-04d700000003/location [39m[32m200[39m [90m26 ms - 78[39m
[35m[HTTP][39m [90m[39m
[35m[HTTP][39m [37m-->[39m [37mPOST[39m [37m/wd/hub/session/ea583b87-b45f-4696-8195-896e2062a673/timeouts[39m
[35m[HTTP][39m [90m{"implicit":120000}[39m
[35m[HTTP][39m [37m<-- POST /wd/hub/session/ea583b87-b45f-4696-8195-896e2062a673/timeouts [39m[32m200[39m [90m1 ms - 14[39m
[35m[HTTP][39m [90m[39m
[35m[HTTP][39m [37m-->[39m [37mPOST[39m [37m/wd/hub/session/ea583b87-b45f-4696-8195-896e2062a673/element/00000000-0000-0151-0000-04d700000003/click[39m
[35m[HTTP][39m [90m{"id":"00000000-0000-0151-0000-04d700000003"}[39m
[35m[HTTP][39m [37m<-- POST /wd/hub/session/ea583b87-b45f-4696-8195-896e2062a673/element/00000000-0000-0151-0000-04d700000003/click [39m[32m200[39m [90m861 ms - 14[39m
[35m[HTTP][39m [90m[39m
[35m[HTTP][39m [37m-->[39m [37mPOST[39m [37m/wd/hub/session/ea583b87-b45f-4696-8195-896e2062a673/timeouts[39m
[35m[HTTP][39m [90m{"implicit":50}[39m
[35m[HTTP][39m [37m<-- POST /wd/hub/session/ea583b87-b45f-4696-8195-896e2062a673/timeouts [39m[32m200[39m [90m1 ms - 14[39m
[35m[HTTP][39m [90m[39m
[35m[HTTP][39m [37m-->[39m [37mGET[39m [37m/wd/hub/session/ea583b87-b45f-4696-8195-896e2062a673/window/rect[39m
[35m[HTTP][39m [90m{}[39m
[35m[HTTP][39m [37m<-- GET /wd/hub/session/ea583b87-b45f-4696-8195-896e2062a673/window/rect [39m[32m200[39m [90m21 ms - 50[39m
[35m[HTTP][39m [90m[39m
[35m[HTTP][39m [37m-->[39m [37mPOST[39m [37m/wd/hub/session/ea583b87-b45f-4696-8195-896e2062a673/elements[39m
[35m[HTTP][39m [90m{"using":"xpath","value":"//hierarchy/android.widget.FrameLayout[1]/android.widget.LinearLayout[1]/android.widget.FrameLayout[1]/android.widget.FrameLayout[1]/android.view.View[1]/android.view.View[1]/android.view.View[1]/android.view.View[1]/android.view.View[1]/android.view.View[1]/android.widget.Button[1]"}[39m
[35m[HTTP][39m [37m<-- POST /wd/hub/session/ea583b87-b45f-4696-8195-896e2062a673/elements [39m[32m200[39m [90m127 ms - 139[39m
[35m[HTTP][39m [90m[39m
[35m[HTTP][39m [37m-->[39m [37mGET[39m [37m/wd/hub/session/ea583b87-b45f-4696-8195-896e2062a673/element/00000000-0000-0151-0000-04db00000003/location[39m
[35m[HTTP][39m [90m{}[39m
[35m[W3C (ea583b87)][39m Driver proxy active, passing request on via HTTP proxy
[35m[WD Proxy][39m Replacing sessionId 42f25327-5aea-4309-9c1d-d9feee2c7fa8 with ea583b87-b45f-4696-8195-896e2062a673
[35m[HTTP][39m [37m<-- GET /wd/hub/session/ea583b87-b45f-4696-8195-896e2062a673/element/00000000-0000-0151-0000-04db00000003/location [39m[32m200[39m [90m20 ms - 76[39m
[35m[HTTP][39m [90m[39m
[35m[HTTP][39m [37m-->[39m [37mPOST[39m [37m/wd/hub/session/ea583b87-b45f-4696-8195-896e2062a673/timeouts[39m
[35m[HTTP][39m [90m{"implicit":120000}[39m
[35m[HTTP][39m [37m<-- POST /wd/hub/session/ea583b87-b45f-4696-8195-896e2062a673/timeouts [39m[32m200[39m [90m2 ms - 14[39m
[35m[HTTP][39m [90m[39m
[35m[HTTP][39m [37m-->[39m [37mPOST[39m [37m/wd/hub/session/ea583b87-b45f-4696-8195-896e2062a673/element/00000000-0000-0151-0000-04db00000003/click[39m
[35m[HTTP][39m [90m{"id":"00000000-0000-0151-0000-04db00000003"}[39m
[35m[HTTP][39m [37m<-- POST /wd/hub/session/ea583b87-b45f-4696-8195-896e2062a673/element/00000000-0000-0151-0000-04db00000003/click [39m[32m200[39m [90m599 ms - 14[39m
[35m[HTTP][39m [90m[39m
[35m[HTTP][39m [37m-->[39m [37mPOST[39m [37m/wd/hub/session/ea583b87-b45f-4696-8195-896e2062a673/timeouts[39m
[35m[HTTP][39m [90m{"implicit":50}[39m
[35m[HTTP][39m [37m<-- POST /wd/hub/session/ea583b87-b45f-4696-8195-896e2062a673/timeouts [39m[32m200[39m [90m1 ms - 14[39m
[35m[HTTP][39m [90m[39m
[35m[HTTP][39m [37m-->[39m [37mGET[39m [37m/wd/hub/session/ea583b87-b45f-4696-8195-896e2062a673/window/rect[39m
[35m[HTTP][39m [90m{}[39m
[35m[HTTP][39m [37m<-- GET /wd/hub/session/ea583b87-b45f-4696-8195-896e2062a673/window/rect [39m[32m200[39m [90m21 ms - 50[39m
[35m[HTTP][39m [90m[39m
[35m[HTTP][39m [37m-->[39m [37mPOST[39m [37m/wd/hub/session/ea583b87-b45f-4696-8195-896e2062a673/elements[39m
[35m[HTTP][39m [90m{"using":"xpath","value":"//hierarchy/android.widget.FrameLayout[1]/android.widget.LinearLayout[1]/android.widget.FrameLayout[1]/android.widget.FrameLayout[1]/android.view.View[1]/android.view.View[1]/android.view.View[1]/android.view.View[1]/android.view.View[1]/android.view.View[1]/android.widget.Button[1]"}[39m
[35m[HTTP][39m [37m<-- POST /wd/hub/session/ea583b87-b45f-4696-8195-896e2062a673/elements [39m[32m200[39m [90m113 ms - 139[39m
[35m[HTTP][39m [90m[39m
[35m[HTTP][39m [37m-->[39m [37mGET[39m [37m/wd/hub/session/ea583b87-b45f-4696-8195-896e2062a673/element/00000000-0000-0151-0000-04db00000003/location[39m
[35m[HTTP][39m [90m{}[39m
[35m[W3C (ea583b87)][39m Driver proxy active, passing request on via HTTP proxy
[35m[WD Proxy][39m Replacing sessionId 42f25327-5aea-4309-9c1d-d9feee2c7fa8 with ea583b87-b45f-4696-8195-896e2062a673
[35m[HTTP][39m [37m<-- GET /wd/hub/session/ea583b87-b45f-4696-8195-896e2062a673/element/00000000-0000-0151-0000-04db00000003/location [39m[32m200[39m [90m22 ms - 76[39m
[35m[HTTP][39m [90m[39m
[35m[HTTP][39m [37m-->[39m [37mPOST[39m [37m/wd/hub/session/ea583b87-b45f-4696-8195-896e2062a673/timeouts[39m
[35m[HTTP][39m [90m{"implicit":120000}[39m
[35m[HTTP][39m [37m<-- POST /wd/hub/session/ea583b87-b45f-4696-8195-896e2062a673/timeouts [39m[32m200[39m [90m3 ms - 14[39m
[35m[HTTP][39m [90m[39m
[35m[HTTP][39m [37m-->[39m [37mPOST[39m [37m/wd/hub/session/ea583b87-b45f-4696-8195-896e2062a673/element/00000000-0000-0151-0000-04db00000003/click[39m
[35m[HTTP][39m [90m{"id":"00000000-0000-0151-0000-04db00000003"}[39m
[35m[HTTP][39m [37m<-- POST /wd/hub/session/ea583b87-b45f-4696-8195-896e2062a673/element/00000000-0000-0151-0000-04db00000003/click [39m[32m200[39m [90m554 ms - 14[39m
[35m[HTTP][39m [90m[39m
[35m[HTTP][39m [37m-->[39m [37mPOST[39m [37m/wd/hub/session/ea583b87-b45f-4696-8195-896e2062a673/timeouts[39m
[35m[HTTP][39m [90m{"implicit":50}[39m
[35m[HTTP][39m [37m<-- POST /wd/hub/session/ea583b87-b45f-4696-8195-896e2062a673/timeouts [39m[32m200[39m [90m2 ms - 14[39m
[35m[HTTP][39m [90m[39m
[35m[HTTP][39m [37m-->[39m [37mGET[39m [37m/wd/hub/session/ea583b87-b45f-4696-8195-896e2062a673/window/rect[39m
[35m[HTTP][39m [90m{}[39m
[35m[HTTP][39m [37m<-- GET /wd/hub/session/ea583b87-b45f-4696-8195-896e2062a673/window/rect [39m[32m200[39m [90m23 ms - 50[39m
[35m[HTTP][39m [90m[39m
[35m[HTTP][39m [37m-->[39m [37mPOST[39m [37m/wd/hub/session/ea583b87-b45f-4696-8195-896e2062a673/elements[39m
[35m[HTTP][39m [90m{"using":"accessibility id","value":"Iya"}[39m
[35m[HTTP][39m [37m<-- POST /wd/hub/session/ea583b87-b45f-4696-8195-896e2062a673/elements [39m[32m200[39m [90m496 ms - 139[39m
[35m[HTTP][39m [90m[39m
[35m[HTTP][39m [37m-->[39m [37mGET[39m [37m/wd/hub/session/ea583b87-b45f-4696-8195-896e2062a673/element/00000000-0000-0151-0000-04fb00000003/location[39m
[35m[HTTP][39m [90m{}[39m
[35m[W3C (ea583b87)][39m Driver proxy active, passing request on via HTTP proxy
[35m[WD Proxy][39m Replacing sessionId 42f25327-5aea-4309-9c1d-d9feee2c7fa8 with ea583b87-b45f-4696-8195-896e2062a673
[35m[HTTP][39m [37m<-- GET /wd/hub/session/ea583b87-b45f-4696-8195-896e2062a673/element/00000000-0000-0151-0000-04fb00000003/location [39m[32m200[39m [90m32 ms - 79[39m
[35m[HTTP][39m [90m[39m
[35m[HTTP][39m [37m-->[39m [37mPOST[39m [37m/wd/hub/session/ea583b87-b45f-4696-8195-896e2062a673/timeouts[39m
[35m[HTTP][39m [90m{"implicit":120000}[39m
[35m[HTTP][39m [37m<-- POST /wd/hub/session/ea583b87-b45f-4696-8195-896e2062a673/timeouts [39m[32m200[39m [90m1 ms - 14[39m
[35m[HTTP][39m [90m[39m
[35m[HTTP][39m [37m-->[39m [37mPOST[39m [37m/wd/hub/session/ea583b87-b45f-4696-8195-896e2062a673/element/00000000-0000-0151-0000-04fb00000003/click[39m
[35m[HTTP][39m [90m{"id":"00000000-0000-0151-0000-04fb00000003"}[39m
[35m[HTTP][39m [37m<-- POST /wd/hub/session/ea583b87-b45f-4696-8195-896e2062a673/element/00000000-0000-0151-0000-04fb00000003/click [39m[32m200[39m [90m884 ms - 14[39m
[35m[HTTP][39m [90m[39m
[35m[HTTP][39m [37m-->[39m [37mDELETE[39m [37m/wd/hub/session/ea583b87-b45f-4696-8195-896e2062a673[39m
[35m[HTTP][39m [90m{}[39m
[35m[Appium][39m Removing session ea583b87-b45f-4696-8195-896e2062a673 from our master session list
[35m[UiAutomator2][39m Restoring hidden api policy to the device default configuration
[35m[HTTP][39m [37m<-- DELETE /wd/hub/session/ea583b87-b45f-4696-8195-896e2062a673 [39m[32m200[39m [90m375 ms - 14[39m
[35m[HTTP][39m [90m[39m
