[35m[Appium][39m Welcome to Appium v1.22.0
[35m[Appium][39m Non-default server args:
[35m[Appium][39m   port: 53638
[35m[Appium][39m   loglevel: info
[35m[Appium][39m   tmpDir: C:\Users\User\AppData\Local\Temp\\Katalon\Appium\Temp1689566307814
[35m[Appium][39m   chromedriverPort: 53640
[35m[Appium][39m Deprecated server args:
[35m[Appium][39m   [31m--chromedriver-port[39m => --default-capabilities
[35m[Appium][39m Default capabilities, which will be added to each request unless overridden by desired capabilities:
[35m[Appium][39m   chromedriverPort: 53640
[35m[Appium][39m Appium REST http interface listener started on 0.0.0.0:53638
[35m[HTTP][39m [37m-->[39m [37mGET[39m [37m/wd/hub/status[39m
[35m[HTTP][39m [90m{}[39m
[35m[HTTP][39m [37m<-- GET /wd/hub/status [39m[32m200[39m [90m7 ms - 68[39m
[35m[HTTP][39m [90m[39m
[35m[HTTP][39m [37m-->[39m [37mPOST[39m [37m/wd/hub/session[39m
[35m[HTTP][39m [90m{"desiredCapabilities":{"app":"C:\\Adwityo\\FM-UI\\APK-DEV\\fmui-dev-1.91.apk","noReset":true,"deviceName":"Xiaomi M2103K19PG (Android 12)","fullReset":false,"platform":"ANDROID","newCommandTimeout":1800,"platformVersion":"12","automationName":"uiautomator2","autoGrantPermissions":true,"platformName":"Android","udid":"aihykrce5lrgzhxg","systemPort":53637},"capabilities":{"firstMatch":[{"appium:app":"C:\\Adwityo\\FM-UI\\APK-DEV\\fmui-dev-1.91.apk","appium:autoGrantPermissions":true,"appium:automationName":"uiautomator2","appium:deviceName":"Xiaomi M2103K19PG (Android 12)","appium:fullReset":false,"appium:newCommandTimeout":1800,"appium:noReset":true,"platform":"ANDROID","platformName":"android","appium:platformVersion":"12","appium:systemPort":53637,"appium:udid":"aihykrce5lrgzhxg"}]}}[39m
[35m[BaseDriver][39m The following capabilities are not standard capabilities and should have an extension prefix:
[35m[BaseDriver][39m   platform
[35m[BaseDriver][39m   chromedriverPort
[35m[Appium][39m Appium v1.22.0 creating new AndroidUiautomator2Driver (v1.69.0) session
[35m[BaseDriver][39m The following capabilities were provided, but are not recognized by Appium:
[35m[BaseDriver][39m   platform
[35m[BaseDriver][39m Session created with session id: b3e9bd18-62cc-43d6-9a24-57ea84ef9a98
[35m[BaseDriver][39m Using local app 'C:\Adwityo\FM-UI\APK-DEV\fmui-dev-1.91.apk'
[35m[ADB][39m Found 1 'build-tools' folders under 'C:\Users\User\.katalon\tools\android_sdk' (newest first):
[35m[ADB][39m     C:/Users/User/.katalon/tools/android_sdk/build-tools/29.0.3
[35m[ADB][39m Using 'adb.exe' from 'C:\Users\User\.katalon\tools\android_sdk\platform-tools\adb.exe'
[35m[AndroidDriver][39m Retrieving device list
[35m[AndroidDriver][39m Using device: aihykrce5lrgzhxg
[35m[ADB][39m Using 'adb.exe' from 'C:\Users\User\.katalon\tools\android_sdk\platform-tools\adb.exe'
[35m[ADB][39m Getting device platform version
[35m[UiAutomator2][39m Relaxing hidden api policy
[35m[ADB][39m Package name: 'pkp.mobile.fmui'
[35m[ADB][39m Main activity name: 'pkp.mobile.fmui.MainActivity'
[35m[ADB][39m Using 'apksigner.jar' from 'C:\Users\User\.katalon\tools\android_sdk\build-tools\29.0.3\lib\apksigner.jar'
[35m[ADB][39m 'C:\Users\User\AppData\Roaming\npm\node_modules\appium\node_modules\appium-uiautomator2-server\apks\appium-uiautomator2-server-v4.24.0.apk' is signed with the default certificate
[35m[ADB][39m 'C:\Users\User\AppData\Roaming\npm\node_modules\appium\node_modules\appium-uiautomator2-server\apks\appium-uiautomator2-server-debug-androidTest.apk' is signed with the default certificate
[35m[UiAutomator2][39m Server packages are not going to be (re)installed
[35m[ADB][39m Adding packages ["io.appium.settings","io.appium.uiautomator2.server","io.appium.uiautomator2.server.test"] to Doze whitelist
[35m[ADB][39m 'C:\Adwityo\FM-UI\APK-DEV\fmui-dev-1.91.apk' is signed with a non-default certificate
[35m[UiAutomator2][39m Starting UIAutomator2 server 4.24.0
[35m[UiAutomator2][39m Using UIAutomator2 server from 'C:\Users\User\AppData\Roaming\npm\node_modules\appium\node_modules\appium-uiautomator2-server\apks\appium-uiautomator2-server-v4.24.0.apk' and test from 'C:\Users\User\AppData\Roaming\npm\node_modules\appium\node_modules\appium-uiautomator2-server\apks\appium-uiautomator2-server-debug-androidTest.apk'
[35m[UiAutomator2][39m Waiting up to 30000ms for UiAutomator2 to be online...
[35m[WD Proxy][39m socket hang up
[35m[WD Proxy][39m socket hang up
[35m[WD Proxy][39m socket hang up
[35m[WD Proxy][39m socket hang up
[35m[WD Proxy][39m socket hang up
[35m[WD Proxy][39m socket hang up
[35m[WD Proxy][39m Determined the downstream protocol as 'W3C'
[35m[AndroidDriver][39m Screen already unlocked, doing nothing
[35m[UiAutomator2][39m Starting 'pkp.mobile.fmui/pkp.mobile.fmui.MainActivity and waiting for 'pkp.mobile.fmui/pkp.mobile.fmui.MainActivity'
[35m[Appium][39m New AndroidUiautomator2Driver session created successfully, session b3e9bd18-62cc-43d6-9a24-57ea84ef9a98 added to master session list
[35m[HTTP][39m [37m<-- POST /wd/hub/session [39m[32m200[39m [90m13788 ms - 1266[39m
[35m[HTTP][39m [90m[39m
[35m[HTTP][39m [37m-->[39m [37mGET[39m [37m/wd/hub/session/b3e9bd18-62cc-43d6-9a24-57ea84ef9a98[39m
[35m[HTTP][39m [90m{}[39m
[35m[HTTP][39m [37m<-- GET /wd/hub/session/b3e9bd18-62cc-43d6-9a24-57ea84ef9a98 [39m[32m200[39m [90m13 ms - 1220[39m
[35m[HTTP][39m [90m[39m
[35m[HTTP][39m [37m-->[39m [37mGET[39m [37m/wd/hub/session/b3e9bd18-62cc-43d6-9a24-57ea84ef9a98[39m
[35m[HTTP][39m [90m{}[39m
[35m[HTTP][39m [37m<-- GET /wd/hub/session/b3e9bd18-62cc-43d6-9a24-57ea84ef9a98 [39m[32m200[39m [90m8 ms - 1220[39m
[35m[HTTP][39m [90m[39m
[35m[HTTP][39m [37m-->[39m [37mGET[39m [37m/wd/hub/status[39m
[35m[HTTP][39m [90m{}[39m
[35m[HTTP][39m [37m<-- GET /wd/hub/status [39m[32m200[39m [90m1 ms - 68[39m
[35m[HTTP][39m [90m[39m
[35m[HTTP][39m [37m-->[39m [37mPOST[39m [37m/wd/hub/session/b3e9bd18-62cc-43d6-9a24-57ea84ef9a98/timeouts[39m
[35m[HTTP][39m [90m{"implicit":120000}[39m
[35m[HTTP][39m [37m<-- POST /wd/hub/session/b3e9bd18-62cc-43d6-9a24-57ea84ef9a98/timeouts [39m[32m200[39m [90m2 ms - 14[39m
[35m[HTTP][39m [90m[39m
[35m[HTTP][39m [37m-->[39m [37mGET[39m [37m/wd/hub/session/b3e9bd18-62cc-43d6-9a24-57ea84ef9a98/screenshot[39m
[35m[HTTP][39m [90m{}[39m
[35m[HTTP][39m [37m<-- GET /wd/hub/session/b3e9bd18-62cc-43d6-9a24-57ea84ef9a98/screenshot [39m[32m200[39m [90m635 ms - 94558[39m
[35m[HTTP][39m [90m[39m
[35m[HTTP][39m [37m-->[39m [37mGET[39m [37m/wd/hub/session/b3e9bd18-62cc-43d6-9a24-57ea84ef9a98/window/rect[39m
[35m[HTTP][39m [90m{}[39m
[35m[HTTP][39m [37m<-- GET /wd/hub/session/b3e9bd18-62cc-43d6-9a24-57ea84ef9a98/window/rect [39m[32m200[39m [90m37 ms - 50[39m
[35m[HTTP][39m [90m[39m
[35m[HTTP][39m [37m-->[39m [37mGET[39m [37m/wd/hub/session/b3e9bd18-62cc-43d6-9a24-57ea84ef9a98/appium/device/system_bars[39m
[35m[HTTP][39m [90m{}[39m
[35m[HTTP][39m [37m<-- GET /wd/hub/session/b3e9bd18-62cc-43d6-9a24-57ea84ef9a98/appium/device/system_bars [39m[32m200[39m [90m133 ms - 145[39m
[35m[HTTP][39m [90m[39m
[35m[HTTP][39m [37m-->[39m [37mPOST[39m [37m/wd/hub/session/b3e9bd18-62cc-43d6-9a24-57ea84ef9a98/timeouts[39m
[35m[HTTP][39m [90m{"implicit":50}[39m
[35m[HTTP][39m [37m<-- POST /wd/hub/session/b3e9bd18-62cc-43d6-9a24-57ea84ef9a98/timeouts [39m[32m200[39m [90m3 ms - 14[39m
[35m[HTTP][39m [90m[39m
[35m[HTTP][39m [37m-->[39m [37mGET[39m [37m/wd/hub/session/b3e9bd18-62cc-43d6-9a24-57ea84ef9a98/window/rect[39m
[35m[HTTP][39m [90m{}[39m
[35m[HTTP][39m [37m<-- GET /wd/hub/session/b3e9bd18-62cc-43d6-9a24-57ea84ef9a98/window/rect [39m[32m200[39m [90m24 ms - 50[39m
[35m[HTTP][39m [90m[39m
[35m[HTTP][39m [37m-->[39m [37mPOST[39m [37m/wd/hub/session/b3e9bd18-62cc-43d6-9a24-57ea84ef9a98/elements[39m
[35m[HTTP][39m [90m{"using":"xpath","value":"//*[@class = 'android.widget.ImageView' and (@text = 'Masukan Username' or . = 'Masukan Username') and @resource-id = '']"}[39m
[35m[HTTP][39m [37m<-- POST /wd/hub/session/b3e9bd18-62cc-43d6-9a24-57ea84ef9a98/elements [39m[32m200[39m [90m557 ms - 12[39m
[35m[HTTP][39m [90m[39m
[35m[HTTP][39m [37m-->[39m [37mPOST[39m [37m/wd/hub/session/b3e9bd18-62cc-43d6-9a24-57ea84ef9a98/elements[39m
[35m[HTTP][39m [90m{"using":"xpath","value":"//*[@class = 'android.widget.ImageView' and (@text = 'Masukan Username' or . = 'Masukan Username') and @resource-id = '']"}[39m
[35m[HTTP][39m [37m<-- POST /wd/hub/session/b3e9bd18-62cc-43d6-9a24-57ea84ef9a98/elements [39m[32m200[39m [90m98 ms - 12[39m
[35m[HTTP][39m [90m[39m
[35m[HTTP][39m [37m-->[39m [37mPOST[39m [37m/wd/hub/session/b3e9bd18-62cc-43d6-9a24-57ea84ef9a98/elements[39m
[35m[HTTP][39m [90m{"using":"xpath","value":"//*[@class = 'android.widget.ImageView' and (@text = 'Masukan Username' or . = 'Masukan Username') and @resource-id = '']"}[39m
[35m[HTTP][39m [37m<-- POST /wd/hub/session/b3e9bd18-62cc-43d6-9a24-57ea84ef9a98/elements [39m[32m200[39m [90m106 ms - 12[39m
[35m[HTTP][39m [90m[39m
[35m[HTTP][39m [37m-->[39m [37mPOST[39m [37m/wd/hub/session/b3e9bd18-62cc-43d6-9a24-57ea84ef9a98/elements[39m
[35m[HTTP][39m [90m{"using":"xpath","value":"//*[@class = 'android.widget.ImageView' and (@text = 'Masukan Username' or . = 'Masukan Username') and @resource-id = '']"}[39m
[35m[HTTP][39m [37m<-- POST /wd/hub/session/b3e9bd18-62cc-43d6-9a24-57ea84ef9a98/elements [39m[32m200[39m [90m100 ms - 12[39m
[35m[HTTP][39m [90m[39m
[35m[HTTP][39m [37m-->[39m [37mPOST[39m [37m/wd/hub/session/b3e9bd18-62cc-43d6-9a24-57ea84ef9a98/elements[39m
[35m[HTTP][39m [90m{"using":"xpath","value":"//*[@class = 'android.widget.ImageView' and (@text = 'Masukan Username' or . = 'Masukan Username') and @resource-id = '']"}[39m
[35m[HTTP][39m [37m<-- POST /wd/hub/session/b3e9bd18-62cc-43d6-9a24-57ea84ef9a98/elements [39m[32m200[39m [90m96 ms - 12[39m
[35m[HTTP][39m [90m[39m
[35m[HTTP][39m [37m-->[39m [37mPOST[39m [37m/wd/hub/session/b3e9bd18-62cc-43d6-9a24-57ea84ef9a98/elements[39m
[35m[HTTP][39m [90m{"using":"xpath","value":"//*[@class = 'android.widget.ImageView' and (@text = 'Masukan Username' or . = 'Masukan Username') and @resource-id = '']"}[39m
[35m[HTTP][39m [37m<-- POST /wd/hub/session/b3e9bd18-62cc-43d6-9a24-57ea84ef9a98/elements [39m[32m200[39m [90m95 ms - 12[39m
[35m[HTTP][39m [90m[39m
[35m[HTTP][39m [37m-->[39m [37mPOST[39m [37m/wd/hub/session/b3e9bd18-62cc-43d6-9a24-57ea84ef9a98/elements[39m
[35m[HTTP][39m [90m{"using":"xpath","value":"//*[@class = 'android.widget.ImageView' and (@text = 'Masukan Username' or . = 'Masukan Username') and @resource-id = '']"}[39m
[35m[HTTP][39m [37m<-- POST /wd/hub/session/b3e9bd18-62cc-43d6-9a24-57ea84ef9a98/elements [39m[32m200[39m [90m102 ms - 12[39m
[35m[HTTP][39m [90m[39m
[35m[HTTP][39m [37m-->[39m [37mPOST[39m [37m/wd/hub/session/b3e9bd18-62cc-43d6-9a24-57ea84ef9a98/elements[39m
[35m[HTTP][39m [90m{"using":"xpath","value":"//*[@class = 'android.widget.ImageView' and (@text = 'Masukan Username' or . = 'Masukan Username') and @resource-id = '']"}[39m
[35m[HTTP][39m [37m<-- POST /wd/hub/session/b3e9bd18-62cc-43d6-9a24-57ea84ef9a98/elements [39m[32m200[39m [90m108 ms - 12[39m
[35m[HTTP][39m [90m[39m
[35m[HTTP][39m [37m-->[39m [37mPOST[39m [37m/wd/hub/session/b3e9bd18-62cc-43d6-9a24-57ea84ef9a98/elements[39m
[35m[HTTP][39m [90m{"using":"xpath","value":"//*[@class = 'android.widget.ImageView' and (@text = 'Masukan Username' or . = 'Masukan Username') and @resource-id = '']"}[39m
[35m[HTTP][39m [37m<-- POST /wd/hub/session/b3e9bd18-62cc-43d6-9a24-57ea84ef9a98/elements [39m[32m200[39m [90m97 ms - 12[39m
[35m[HTTP][39m [90m[39m
[35m[HTTP][39m [37m-->[39m [37mPOST[39m [37m/wd/hub/session/b3e9bd18-62cc-43d6-9a24-57ea84ef9a98/elements[39m
[35m[HTTP][39m [90m{"using":"xpath","value":"//*[@class = 'android.widget.ImageView' and (@text = 'Masukan Username' or . = 'Masukan Username') and @resource-id = '']"}[39m
[35m[HTTP][39m [37m<-- POST /wd/hub/session/b3e9bd18-62cc-43d6-9a24-57ea84ef9a98/elements [39m[32m200[39m [90m92 ms - 12[39m
[35m[HTTP][39m [90m[39m
[35m[HTTP][39m [37m-->[39m [37mPOST[39m [37m/wd/hub/session/b3e9bd18-62cc-43d6-9a24-57ea84ef9a98/elements[39m
[35m[HTTP][39m [90m{"using":"xpath","value":"//*[@class = 'android.widget.ImageView' and (@text = 'Masukan Username' or . = 'Masukan Username') and @resource-id = '']"}[39m
[35m[HTTP][39m [37m<-- POST /wd/hub/session/b3e9bd18-62cc-43d6-9a24-57ea84ef9a98/elements [39m[32m200[39m [90m95 ms - 12[39m
[35m[HTTP][39m [90m[39m
[35m[HTTP][39m [37m-->[39m [37mPOST[39m [37m/wd/hub/session/b3e9bd18-62cc-43d6-9a24-57ea84ef9a98/elements[39m
[35m[HTTP][39m [90m{"using":"xpath","value":"//*[@class = 'android.widget.ImageView' and (@text = 'Masukan Username' or . = 'Masukan Username') and @resource-id = '']"}[39m
[35m[HTTP][39m [37m<-- POST /wd/hub/session/b3e9bd18-62cc-43d6-9a24-57ea84ef9a98/elements [39m[32m200[39m [90m93 ms - 12[39m
[35m[HTTP][39m [90m[39m
[35m[HTTP][39m [37m-->[39m [37mPOST[39m [37m/wd/hub/session/b3e9bd18-62cc-43d6-9a24-57ea84ef9a98/elements[39m
[35m[HTTP][39m [90m{"using":"xpath","value":"//*[@class = 'android.widget.ImageView' and (@text = 'Masukan Username' or . = 'Masukan Username') and @resource-id = '']"}[39m
[35m[HTTP][39m [37m<-- POST /wd/hub/session/b3e9bd18-62cc-43d6-9a24-57ea84ef9a98/elements [39m[32m200[39m [90m92 ms - 12[39m
[35m[HTTP][39m [90m[39m
[35m[HTTP][39m [37m-->[39m [37mPOST[39m [37m/wd/hub/session/b3e9bd18-62cc-43d6-9a24-57ea84ef9a98/elements[39m
[35m[HTTP][39m [90m{"using":"xpath","value":"//*[@class = 'android.widget.ImageView' and (@text = 'Masukan Username' or . = 'Masukan Username') and @resource-id = '']"}[39m
[35m[HTTP][39m [37m<-- POST /wd/hub/session/b3e9bd18-62cc-43d6-9a24-57ea84ef9a98/elements [39m[32m200[39m [90m89 ms - 12[39m
[35m[HTTP][39m [90m[39m
[35m[HTTP][39m [37m-->[39m [37mPOST[39m [37m/wd/hub/session/b3e9bd18-62cc-43d6-9a24-57ea84ef9a98/elements[39m
[35m[HTTP][39m [90m{"using":"xpath","value":"//*[@class = 'android.widget.ImageView' and (@text = 'Masukan Username' or . = 'Masukan Username') and @resource-id = '']"}[39m
[35m[HTTP][39m [37m<-- POST /wd/hub/session/b3e9bd18-62cc-43d6-9a24-57ea84ef9a98/elements [39m[32m200[39m [90m97 ms - 12[39m
[35m[HTTP][39m [90m[39m
[35m[HTTP][39m [37m-->[39m [37mPOST[39m [37m/wd/hub/session/b3e9bd18-62cc-43d6-9a24-57ea84ef9a98/elements[39m
[35m[HTTP][39m [90m{"using":"xpath","value":"//*[@class = 'android.widget.ImageView' and (@text = 'Masukan Username' or . = 'Masukan Username') and @resource-id = '']"}[39m
[35m[HTTP][39m [37m<-- POST /wd/hub/session/b3e9bd18-62cc-43d6-9a24-57ea84ef9a98/elements [39m[32m200[39m [90m96 ms - 12[39m
[35m[HTTP][39m [90m[39m
[35m[HTTP][39m [37m-->[39m [37mPOST[39m [37m/wd/hub/session/b3e9bd18-62cc-43d6-9a24-57ea84ef9a98/elements[39m
[35m[HTTP][39m [90m{"using":"xpath","value":"//*[@class = 'android.widget.ImageView' and (@text = 'Masukan Username' or . = 'Masukan Username') and @resource-id = '']"}[39m
[35m[HTTP][39m [37m<-- POST /wd/hub/session/b3e9bd18-62cc-43d6-9a24-57ea84ef9a98/elements [39m[32m200[39m [90m102 ms - 12[39m
[35m[HTTP][39m [90m[39m
[35m[HTTP][39m [37m-->[39m [37mPOST[39m [37m/wd/hub/session/b3e9bd18-62cc-43d6-9a24-57ea84ef9a98/elements[39m
[35m[HTTP][39m [90m{"using":"xpath","value":"//*[@class = 'android.widget.ImageView' and (@text = 'Masukan Username' or . = 'Masukan Username') and @resource-id = '']"}[39m
[35m[HTTP][39m [37m<-- POST /wd/hub/session/b3e9bd18-62cc-43d6-9a24-57ea84ef9a98/elements [39m[32m200[39m [90m92 ms - 12[39m
[35m[HTTP][39m [90m[39m
[35m[HTTP][39m [37m-->[39m [37mPOST[39m [37m/wd/hub/session/b3e9bd18-62cc-43d6-9a24-57ea84ef9a98/elements[39m
[35m[HTTP][39m [90m{"using":"xpath","value":"//*[@class = 'android.widget.ImageView' and (@text = 'Masukan Username' or . = 'Masukan Username') and @resource-id = '']"}[39m
[35m[HTTP][39m [37m<-- POST /wd/hub/session/b3e9bd18-62cc-43d6-9a24-57ea84ef9a98/elements [39m[32m200[39m [90m101 ms - 12[39m
[35m[HTTP][39m [90m[39m
[35m[HTTP][39m [37m-->[39m [37mPOST[39m [37m/wd/hub/session/b3e9bd18-62cc-43d6-9a24-57ea84ef9a98/elements[39m
[35m[HTTP][39m [90m{"using":"xpath","value":"//*[@class = 'android.widget.ImageView' and (@text = 'Masukan Username' or . = 'Masukan Username') and @resource-id = '']"}[39m
[35m[HTTP][39m [37m<-- POST /wd/hub/session/b3e9bd18-62cc-43d6-9a24-57ea84ef9a98/elements [39m[32m200[39m [90m1308 ms - 139[39m
[35m[HTTP][39m [90m[39m
[35m[HTTP][39m [37m-->[39m [37mGET[39m [37m/wd/hub/session/b3e9bd18-62cc-43d6-9a24-57ea84ef9a98/element/00000000-0000-0264-0000-001100000003/location[39m
[35m[HTTP][39m [90m{}[39m
[35m[W3C (b3e9bd18)][39m Driver proxy active, passing request on via HTTP proxy
[35m[WD Proxy][39m Replacing sessionId 56912b48-6db0-4651-97c9-f6eb860fb148 with b3e9bd18-62cc-43d6-9a24-57ea84ef9a98
[35m[HTTP][39m [37m<-- GET /wd/hub/session/b3e9bd18-62cc-43d6-9a24-57ea84ef9a98/element/00000000-0000-0264-0000-001100000003/location [39m[32m200[39m [90m37 ms - 78[39m
[35m[HTTP][39m [90m[39m
[35m[HTTP][39m [37m-->[39m [37mPOST[39m [37m/wd/hub/session/b3e9bd18-62cc-43d6-9a24-57ea84ef9a98/timeouts[39m
[35m[HTTP][39m [90m{"implicit":120000}[39m
[35m[HTTP][39m [37m<-- POST /wd/hub/session/b3e9bd18-62cc-43d6-9a24-57ea84ef9a98/timeouts [39m[32m200[39m [90m1 ms - 14[39m
[35m[HTTP][39m [90m[39m
[35m[HTTP][39m [37m-->[39m [37mPOST[39m [37m/wd/hub/session/b3e9bd18-62cc-43d6-9a24-57ea84ef9a98/element/00000000-0000-0264-0000-001100000003/click[39m
[35m[HTTP][39m [90m{"id":"00000000-0000-0264-0000-001100000003"}[39m
[35m[HTTP][39m [37m<-- POST /wd/hub/session/b3e9bd18-62cc-43d6-9a24-57ea84ef9a98/element/00000000-0000-0264-0000-001100000003/click [39m[32m200[39m [90m1105 ms - 14[39m
[35m[HTTP][39m [90m[39m
[35m[HTTP][39m [37m-->[39m [37mPOST[39m [37m/wd/hub/session/b3e9bd18-62cc-43d6-9a24-57ea84ef9a98/actions[39m
[35m[HTTP][39m [90m{"actions":[{"type":"key","actions":[{"type":"keyDown","value":"m"},{"type":"keyUp","value":"m"},{"type":"keyDown","value":"i"},{"type":"keyUp","value":"i"},{"type":"keyDown","value":"t"},{"type":"keyUp","value":"t"},{"type":"keyDown","value":"r"},{"type":"keyUp","value":"r"},{"type":"keyDown","value":"a"},{"type":"keyUp","value":"a"},{"type":"keyDown","value":"1"},{"type":"keyUp","value":"1"},{"type":"keyDown","value":"3"},{"type":"keyUp","value":"3"},{"type":"keyDown","value":"0"},{"type":"keyUp","value":"0"},{"type":"keyDown","value":"3"},{"type":"keyUp","value":"3"},{"type":"keyDown","value":"2"},{"type":"keyUp","value":"2"},{"type":"keyDown","value":"3"},{"type":"keyUp","value":"3"}],"id":"keyboard"}]}[39m
[35m[HTTP][39m [37m<-- POST /wd/hub/session/b3e9bd18-62cc-43d6-9a24-57ea84ef9a98/actions [39m[32m200[39m [90m609 ms - 14[39m
[35m[HTTP][39m [90m[39m
[35m[HTTP][39m [37m-->[39m [37mGET[39m [37m/wd/hub/session/b3e9bd18-62cc-43d6-9a24-57ea84ef9a98/context[39m
[35m[HTTP][39m [90m{}[39m
[35m[HTTP][39m [37m<-- GET /wd/hub/session/b3e9bd18-62cc-43d6-9a24-57ea84ef9a98/context [39m[32m200[39m [90m1 ms - 22[39m
[35m[HTTP][39m [90m[39m
[35m[HTTP][39m [37m-->[39m [37mGET[39m [37m/wd/hub/session/b3e9bd18-62cc-43d6-9a24-57ea84ef9a98/contexts[39m
[35m[HTTP][39m [90m{}[39m
[35m[HTTP][39m [37m<-- GET /wd/hub/session/b3e9bd18-62cc-43d6-9a24-57ea84ef9a98/contexts [39m[32m200[39m [90m81 ms - 24[39m
[35m[HTTP][39m [90m[39m
[35m[HTTP][39m [37m-->[39m [37mPOST[39m [37m/wd/hub/session/b3e9bd18-62cc-43d6-9a24-57ea84ef9a98/context[39m
[35m[HTTP][39m [90m{"name":"NATIVE_APP"}[39m
[35m[HTTP][39m [37m<-- POST /wd/hub/session/b3e9bd18-62cc-43d6-9a24-57ea84ef9a98/context [39m[32m200[39m [90m1 ms - 14[39m
[35m[HTTP][39m [90m[39m
[35m[HTTP][39m [37m-->[39m [37mPOST[39m [37m/wd/hub/session/b3e9bd18-62cc-43d6-9a24-57ea84ef9a98/appium/device/hide_keyboard[39m
[35m[HTTP][39m [90m{}[39m
[35m[HTTP][39m [37m<-- POST /wd/hub/session/b3e9bd18-62cc-43d6-9a24-57ea84ef9a98/appium/device/hide_keyboard [39m[32m200[39m [90m1462 ms - 14[39m
[35m[HTTP][39m [90m[39m
[35m[HTTP][39m [37m-->[39m [37mPOST[39m [37m/wd/hub/session/b3e9bd18-62cc-43d6-9a24-57ea84ef9a98/context[39m
[35m[HTTP][39m [90m{"name":"NATIVE_APP"}[39m
[35m[HTTP][39m [37m<-- POST /wd/hub/session/b3e9bd18-62cc-43d6-9a24-57ea84ef9a98/context [39m[32m200[39m [90m1 ms - 14[39m
[35m[HTTP][39m [90m[39m
[35m[HTTP][39m [37m-->[39m [37mPOST[39m [37m/wd/hub/session/b3e9bd18-62cc-43d6-9a24-57ea84ef9a98/timeouts[39m
[35m[HTTP][39m [90m{"implicit":50}[39m
[35m[HTTP][39m [37m<-- POST /wd/hub/session/b3e9bd18-62cc-43d6-9a24-57ea84ef9a98/timeouts [39m[32m200[39m [90m1 ms - 14[39m
[35m[HTTP][39m [90m[39m
[35m[HTTP][39m [37m-->[39m [37mGET[39m [37m/wd/hub/session/b3e9bd18-62cc-43d6-9a24-57ea84ef9a98/window/rect[39m
[35m[HTTP][39m [90m{}[39m
[35m[HTTP][39m [37m<-- GET /wd/hub/session/b3e9bd18-62cc-43d6-9a24-57ea84ef9a98/window/rect [39m[32m200[39m [90m10 ms - 50[39m
[35m[HTTP][39m [90m[39m
[35m[HTTP][39m [37m-->[39m [37mPOST[39m [37m/wd/hub/session/b3e9bd18-62cc-43d6-9a24-57ea84ef9a98/elements[39m
[35m[HTTP][39m [90m{"using":"xpath","value":"//*[@class = 'android.widget.ImageView' and (@text = 'Masukan Password' or . = 'Masukan Password') and @resource-id = '']"}[39m
[35m[HTTP][39m [37m<-- POST /wd/hub/session/b3e9bd18-62cc-43d6-9a24-57ea84ef9a98/elements [39m[32m200[39m [90m518 ms - 139[39m
[35m[HTTP][39m [90m[39m
[35m[HTTP][39m [37m-->[39m [37mGET[39m [37m/wd/hub/session/b3e9bd18-62cc-43d6-9a24-57ea84ef9a98/element/00000000-0000-0264-0000-001300000003/location[39m
[35m[HTTP][39m [90m{}[39m
[35m[W3C (b3e9bd18)][39m Driver proxy active, passing request on via HTTP proxy
[35m[WD Proxy][39m Replacing sessionId 56912b48-6db0-4651-97c9-f6eb860fb148 with b3e9bd18-62cc-43d6-9a24-57ea84ef9a98
[35m[HTTP][39m [37m<-- GET /wd/hub/session/b3e9bd18-62cc-43d6-9a24-57ea84ef9a98/element/00000000-0000-0264-0000-001300000003/location [39m[32m200[39m [90m17 ms - 78[39m
[35m[HTTP][39m [90m[39m
[35m[HTTP][39m [37m-->[39m [37mPOST[39m [37m/wd/hub/session/b3e9bd18-62cc-43d6-9a24-57ea84ef9a98/timeouts[39m
[35m[HTTP][39m [90m{"implicit":120000}[39m
[35m[HTTP][39m [37m<-- POST /wd/hub/session/b3e9bd18-62cc-43d6-9a24-57ea84ef9a98/timeouts [39m[32m200[39m [90m1 ms - 14[39m
[35m[HTTP][39m [90m[39m
[35m[HTTP][39m [37m-->[39m [37mPOST[39m [37m/wd/hub/session/b3e9bd18-62cc-43d6-9a24-57ea84ef9a98/element/00000000-0000-0264-0000-001300000003/click[39m
[35m[HTTP][39m [90m{"id":"00000000-0000-0264-0000-001300000003"}[39m
[35m[HTTP][39m [37m<-- POST /wd/hub/session/b3e9bd18-62cc-43d6-9a24-57ea84ef9a98/element/00000000-0000-0264-0000-001300000003/click [39m[32m200[39m [90m59 ms - 14[39m
[35m[HTTP][39m [90m[39m
[35m[HTTP][39m [37m-->[39m [37mPOST[39m [37m/wd/hub/session/b3e9bd18-62cc-43d6-9a24-57ea84ef9a98/actions[39m
[35m[HTTP][39m [90m{"actions":[{"type":"key","actions":[{"type":"keyDown","value":"1"},{"type":"keyUp","value":"1"},{"type":"keyDown","value":"2"},{"type":"keyUp","value":"2"},{"type":"keyDown","value":"3"},{"type":"keyUp","value":"3"},{"type":"keyDown","value":"4"},{"type":"keyUp","value":"4"},{"type":"keyDown","value":"Q"},{"type":"keyUp","value":"Q"},{"type":"keyDown","value":"w"},{"type":"keyUp","value":"w"},{"type":"keyDown","value":"e"},{"type":"keyUp","value":"e"},{"type":"keyDown","value":"r"},{"type":"keyUp","value":"r"}],"id":"keyboard"}]}[39m
[35m[HTTP][39m [37m<-- POST /wd/hub/session/b3e9bd18-62cc-43d6-9a24-57ea84ef9a98/actions [39m[32m200[39m [90m480 ms - 14[39m
[35m[HTTP][39m [90m[39m
[35m[HTTP][39m [37m-->[39m [37mGET[39m [37m/wd/hub/session/b3e9bd18-62cc-43d6-9a24-57ea84ef9a98/context[39m
[35m[HTTP][39m [90m{}[39m
[35m[HTTP][39m [37m<-- GET /wd/hub/session/b3e9bd18-62cc-43d6-9a24-57ea84ef9a98/context [39m[32m200[39m [90m1 ms - 22[39m
[35m[HTTP][39m [90m[39m
[35m[HTTP][39m [37m-->[39m [37mGET[39m [37m/wd/hub/session/b3e9bd18-62cc-43d6-9a24-57ea84ef9a98/contexts[39m
[35m[HTTP][39m [90m{}[39m
[35m[HTTP][39m [37m<-- GET /wd/hub/session/b3e9bd18-62cc-43d6-9a24-57ea84ef9a98/contexts [39m[32m200[39m [90m59 ms - 24[39m
[35m[HTTP][39m [90m[39m
[35m[HTTP][39m [37m-->[39m [37mPOST[39m [37m/wd/hub/session/b3e9bd18-62cc-43d6-9a24-57ea84ef9a98/context[39m
[35m[HTTP][39m [90m{"name":"NATIVE_APP"}[39m
[35m[HTTP][39m [37m<-- POST /wd/hub/session/b3e9bd18-62cc-43d6-9a24-57ea84ef9a98/context [39m[32m200[39m [90m1 ms - 14[39m
[35m[HTTP][39m [90m[39m
[35m[HTTP][39m [37m-->[39m [37mPOST[39m [37m/wd/hub/session/b3e9bd18-62cc-43d6-9a24-57ea84ef9a98/appium/device/hide_keyboard[39m
[35m[HTTP][39m [90m{}[39m
[35m[HTTP][39m [37m<-- POST /wd/hub/session/b3e9bd18-62cc-43d6-9a24-57ea84ef9a98/appium/device/hide_keyboard [39m[32m200[39m [90m1466 ms - 14[39m
[35m[HTTP][39m [90m[39m
[35m[HTTP][39m [37m-->[39m [37mPOST[39m [37m/wd/hub/session/b3e9bd18-62cc-43d6-9a24-57ea84ef9a98/context[39m
[35m[HTTP][39m [90m{"name":"NATIVE_APP"}[39m
[35m[HTTP][39m [37m<-- POST /wd/hub/session/b3e9bd18-62cc-43d6-9a24-57ea84ef9a98/context [39m[32m200[39m [90m2 ms - 14[39m
[35m[HTTP][39m [90m[39m
[35m[HTTP][39m [37m-->[39m [37mPOST[39m [37m/wd/hub/session/b3e9bd18-62cc-43d6-9a24-57ea84ef9a98/timeouts[39m
[35m[HTTP][39m [90m{"implicit":50}[39m
[35m[HTTP][39m [37m<-- POST /wd/hub/session/b3e9bd18-62cc-43d6-9a24-57ea84ef9a98/timeouts [39m[32m200[39m [90m1 ms - 14[39m
[35m[HTTP][39m [90m[39m
[35m[HTTP][39m [37m-->[39m [37mGET[39m [37m/wd/hub/session/b3e9bd18-62cc-43d6-9a24-57ea84ef9a98/window/rect[39m
[35m[HTTP][39m [90m{}[39m
[35m[HTTP][39m [37m<-- GET /wd/hub/session/b3e9bd18-62cc-43d6-9a24-57ea84ef9a98/window/rect [39m[32m200[39m [90m13 ms - 50[39m
[35m[HTTP][39m [90m[39m
[35m[HTTP][39m [37m-->[39m [37mPOST[39m [37m/wd/hub/session/b3e9bd18-62cc-43d6-9a24-57ea84ef9a98/elements[39m
[35m[HTTP][39m [90m{"using":"xpath","value":"//hierarchy/android.widget.FrameLayout[1]/android.widget.LinearLayout[1]/android.widget.FrameLayout[1]/android.widget.FrameLayout[1]/android.view.View[1]/android.view.View[1]/android.view.View[1]/android.view.View[1]/android.widget.ScrollView[1]/android.view.View[9]"}[39m
[35m[HTTP][39m [37m<-- POST /wd/hub/session/b3e9bd18-62cc-43d6-9a24-57ea84ef9a98/elements [39m[32m200[39m [90m1463 ms - 139[39m
[35m[HTTP][39m [90m[39m
[35m[HTTP][39m [37m-->[39m [37mGET[39m [37m/wd/hub/session/b3e9bd18-62cc-43d6-9a24-57ea84ef9a98/element/00000000-0000-0264-0000-001600000003/location[39m
[35m[HTTP][39m [90m{}[39m
[35m[W3C (b3e9bd18)][39m Driver proxy active, passing request on via HTTP proxy
[35m[WD Proxy][39m Replacing sessionId 56912b48-6db0-4651-97c9-f6eb860fb148 with b3e9bd18-62cc-43d6-9a24-57ea84ef9a98
[35m[HTTP][39m [37m<-- GET /wd/hub/session/b3e9bd18-62cc-43d6-9a24-57ea84ef9a98/element/00000000-0000-0264-0000-001600000003/location [39m[32m200[39m [90m25 ms - 78[39m
[35m[HTTP][39m [90m[39m
[35m[HTTP][39m [37m-->[39m [37mPOST[39m [37m/wd/hub/session/b3e9bd18-62cc-43d6-9a24-57ea84ef9a98/timeouts[39m
[35m[HTTP][39m [90m{"implicit":120000}[39m
[35m[HTTP][39m [37m<-- POST /wd/hub/session/b3e9bd18-62cc-43d6-9a24-57ea84ef9a98/timeouts [39m[32m200[39m [90m1 ms - 14[39m
[35m[HTTP][39m [90m[39m
[35m[HTTP][39m [37m-->[39m [37mPOST[39m [37m/wd/hub/session/b3e9bd18-62cc-43d6-9a24-57ea84ef9a98/element/00000000-0000-0264-0000-001600000003/click[39m
[35m[HTTP][39m [90m{"id":"00000000-0000-0264-0000-001600000003"}[39m
[35m[HTTP][39m [37m<-- POST /wd/hub/session/b3e9bd18-62cc-43d6-9a24-57ea84ef9a98/element/00000000-0000-0264-0000-001600000003/click [39m[32m200[39m [90m861 ms - 14[39m
[35m[HTTP][39m [90m[39m
[35m[HTTP][39m [37m-->[39m [37mDELETE[39m [37m/wd/hub/session/b3e9bd18-62cc-43d6-9a24-57ea84ef9a98[39m
[35m[HTTP][39m [90m{}[39m
[35m[Appium][39m Removing session b3e9bd18-62cc-43d6-9a24-57ea84ef9a98 from our master session list
[35m[UiAutomator2][39m Restoring hidden api policy to the device default configuration
[35m[HTTP][39m [37m<-- DELETE /wd/hub/session/b3e9bd18-62cc-43d6-9a24-57ea84ef9a98 [39m[32m200[39m [90m342 ms - 14[39m
[35m[HTTP][39m [90m[39m
