[35m[Appium][39m Welcome to Appium v1.22.0
[35m[Appium][39m Non-default server args:
[35m[Appium][39m   port: 61223
[35m[Appium][39m   loglevel: info
[35m[Appium][39m   tmpDir: C:\Users\User\AppData\Local\Temp\\Katalon\Appium\Temp1689905810770
[35m[Appium][39m   chromedriverPort: 61224
[35m[Appium][39m Deprecated server args:
[35m[Appium][39m   [31m--chromedriver-port[39m => --default-capabilities
[35m[Appium][39m Default capabilities, which will be added to each request unless overridden by desired capabilities:
[35m[Appium][39m   chromedriverPort: 61224
[35m[Appium][39m Appium REST http interface listener started on 0.0.0.0:61223
[35m[HTTP][39m [37m-->[39m [37mGET[39m [37m/wd/hub/status[39m
[35m[HTTP][39m [90m{}[39m
[35m[HTTP][39m [37m<-- GET /wd/hub/status [39m[32m200[39m [90m13 ms - 68[39m
[35m[HTTP][39m [90m[39m
[35m[HTTP][39m [37m-->[39m [37mPOST[39m [37m/wd/hub/session[39m
[35m[HTTP][39m [90m{"desiredCapabilities":{"appActivity":".Settings","appPackage":"com.android.settings","newCommandTimeout":1800,"platformVersion":"12","automationName":"uiautomator2","autoGrantPermissions":true,"platformName":"Android","udid":"aihykrce5lrgzhxg","deviceName":"Xiaomi M2103K19PG (Android 12)","platform":"ANDROID","systemPort":8230},"capabilities":{"firstMatch":[{"appium:appActivity":".Settings","appium:appPackage":"com.android.settings","appium:autoGrantPermissions":true,"appium:automationName":"uiautomator2","appium:deviceName":"Xiaomi M2103K19PG (Android 12)","appium:newCommandTimeout":1800,"platform":"ANDROID","platformName":"android","appium:platformVersion":"12","appium:systemPort":8230,"appium:udid":"aihykrce5lrgzhxg"}]}}[39m
[35m[BaseDriver][39m The following capabilities are not standard capabilities and should have an extension prefix:
[35m[BaseDriver][39m   platform
[35m[BaseDriver][39m   chromedriverPort
[35m[Appium][39m Appium v1.22.0 creating new AndroidUiautomator2Driver (v1.69.0) session
[35m[BaseDriver][39m The following capabilities were provided, but are not recognized by Appium:
[35m[BaseDriver][39m   platform
[35m[BaseDriver][39m Session created with session id: cf82c958-1691-446a-91cd-0b55e6c34694
[35m[UiAutomator2][39m Starting 'com.android.settings' directly on the device
[35m[ADB][39m Found 1 'build-tools' folders under 'C:\Users\User\.katalon\tools\android_sdk' (newest first):
[35m[ADB][39m     C:/Users/User/.katalon/tools/android_sdk/build-tools/29.0.3
[35m[ADB][39m Using 'adb.exe' from 'C:\Users\User\.katalon\tools\android_sdk\platform-tools\adb.exe'
[35m[AndroidDriver][39m Retrieving device list
[35m[AndroidDriver][39m Using device: aihykrce5lrgzhxg
[35m[ADB][39m Using 'adb.exe' from 'C:\Users\User\.katalon\tools\android_sdk\platform-tools\adb.exe'
[35m[ADB][39m Getting device platform version
[35m[UiAutomator2][39m Relaxing hidden api policy
[35m[AndroidDriver][39m No app sent in, not parsing package/activity
[35m[ADB][39m Using 'apksigner.jar' from 'C:\Users\User\.katalon\tools\android_sdk\build-tools\29.0.3\lib\apksigner.jar'
[35m[ADB][39m 'C:\Users\User\AppData\Roaming\npm\node_modules\appium\node_modules\appium-uiautomator2-server\apks\appium-uiautomator2-server-v4.24.0.apk' is signed with the default certificate
[35m[ADB][39m 'C:\Users\User\AppData\Roaming\npm\node_modules\appium\node_modules\appium-uiautomator2-server\apks\appium-uiautomator2-server-debug-androidTest.apk' is signed with the default certificate
[35m[UiAutomator2][39m Server packages are not going to be (re)installed
[35m[ADB][39m Adding packages ["io.appium.settings","io.appium.uiautomator2.server","io.appium.uiautomator2.server.test"] to Doze whitelist
[35m[UiAutomator2][39m Starting UIAutomator2 server 4.24.0
[35m[UiAutomator2][39m Using UIAutomator2 server from 'C:\Users\User\AppData\Roaming\npm\node_modules\appium\node_modules\appium-uiautomator2-server\apks\appium-uiautomator2-server-v4.24.0.apk' and test from 'C:\Users\User\AppData\Roaming\npm\node_modules\appium\node_modules\appium-uiautomator2-server\apks\appium-uiautomator2-server-debug-androidTest.apk'
[35m[UiAutomator2][39m Waiting up to 30000ms for UiAutomator2 to be online...
[35m[WD Proxy][39m socket hang up
[35m[WD Proxy][39m socket hang up
[35m[WD Proxy][39m socket hang up
[35m[WD Proxy][39m socket hang up
[35m[WD Proxy][39m socket hang up
[35m[WD Proxy][39m socket hang up
[35m[WD Proxy][39m Determined the downstream protocol as 'W3C'
[35m[AndroidDriver][39m Screen already unlocked, doing nothing
[35m[UiAutomator2][39m Starting 'com.android.settings/.Settings and waiting for 'com.android.settings/.Settings'
[35m[Appium][39m New AndroidUiautomator2Driver session created successfully, session cf82c958-1691-446a-91cd-0b55e6c34694 added to master session list
[35m[HTTP][39m [37m<-- POST /wd/hub/session [39m[32m200[39m [90m18124 ms - 1181[39m
[35m[HTTP][39m [90m[39m
[35m[HTTP][39m [37m-->[39m [37mGET[39m [37m/wd/hub/session/cf82c958-1691-446a-91cd-0b55e6c34694[39m
[35m[HTTP][39m [90m{}[39m
[35m[HTTP][39m [37m<-- GET /wd/hub/session/cf82c958-1691-446a-91cd-0b55e6c34694 [39m[32m200[39m [90m67 ms - 1135[39m
[35m[HTTP][39m [90m[39m
[35m[HTTP][39m [37m-->[39m [37mGET[39m [37m/wd/hub/session/cf82c958-1691-446a-91cd-0b55e6c34694[39m
[35m[HTTP][39m [90m{}[39m
[35m[HTTP][39m [37m<-- GET /wd/hub/session/cf82c958-1691-446a-91cd-0b55e6c34694 [39m[32m200[39m [90m46 ms - 1135[39m
[35m[HTTP][39m [90m[39m
[35m[HTTP][39m [37m-->[39m [37mGET[39m [37m/wd/hub/status[39m
[35m[HTTP][39m [90m{}[39m
[35m[HTTP][39m [37m<-- GET /wd/hub/status [39m[32m200[39m [90m1 ms - 68[39m
[35m[HTTP][39m [90m[39m
[35m[HTTP][39m [37m-->[39m [37mPOST[39m [37m/wd/hub/session/cf82c958-1691-446a-91cd-0b55e6c34694/timeouts[39m
[35m[HTTP][39m [90m{"implicit":120000}[39m
[35m[HTTP][39m [37m<-- POST /wd/hub/session/cf82c958-1691-446a-91cd-0b55e6c34694/timeouts [39m[32m200[39m [90m4 ms - 14[39m
[35m[HTTP][39m [90m[39m
[35m[HTTP][39m [37m-->[39m [37mGET[39m [37m/wd/hub/session/cf82c958-1691-446a-91cd-0b55e6c34694/screenshot[39m
[35m[HTTP][39m [90m{}[39m
[35m[HTTP][39m [37m<-- GET /wd/hub/session/cf82c958-1691-446a-91cd-0b55e6c34694/screenshot [39m[32m200[39m [90m469 ms - 181892[39m
[35m[HTTP][39m [90m[39m
[35m[HTTP][39m [37m-->[39m [37mGET[39m [37m/wd/hub/session/cf82c958-1691-446a-91cd-0b55e6c34694/window/rect[39m
[35m[HTTP][39m [90m{}[39m
[35m[HTTP][39m [37m<-- GET /wd/hub/session/cf82c958-1691-446a-91cd-0b55e6c34694/window/rect [39m[32m200[39m [90m26 ms - 50[39m
[35m[HTTP][39m [90m[39m
[35m[HTTP][39m [37m-->[39m [37mGET[39m [37m/wd/hub/session/cf82c958-1691-446a-91cd-0b55e6c34694/appium/device/system_bars[39m
[35m[HTTP][39m [90m{}[39m
[35m[HTTP][39m [37m<-- GET /wd/hub/session/cf82c958-1691-446a-91cd-0b55e6c34694/appium/device/system_bars [39m[32m200[39m [90m133 ms - 145[39m
[35m[HTTP][39m [90m[39m
[35m[HTTP][39m [37m-->[39m [37mPOST[39m [37m/wd/hub/session/cf82c958-1691-446a-91cd-0b55e6c34694/appium/device/activate_app[39m
[35m[HTTP][39m [90m{"bundleId":"pkp.mobile.fmui"}[39m
[35m[HTTP][39m [37m<-- POST /wd/hub/session/cf82c958-1691-446a-91cd-0b55e6c34694/appium/device/activate_app [39m[32m200[39m [90m3910 ms - 14[39m
[35m[HTTP][39m [90m[39m
[35m[HTTP][39m [37m-->[39m [37mPOST[39m [37m/wd/hub/session/cf82c958-1691-446a-91cd-0b55e6c34694/timeouts[39m
[35m[HTTP][39m [90m{"implicit":50}[39m
[35m[HTTP][39m [37m<-- POST /wd/hub/session/cf82c958-1691-446a-91cd-0b55e6c34694/timeouts [39m[32m200[39m [90m2 ms - 14[39m
[35m[HTTP][39m [90m[39m
[35m[HTTP][39m [37m-->[39m [37mGET[39m [37m/wd/hub/session/cf82c958-1691-446a-91cd-0b55e6c34694/window/rect[39m
[35m[HTTP][39m [90m{}[39m
[35m[HTTP][39m [37m<-- GET /wd/hub/session/cf82c958-1691-446a-91cd-0b55e6c34694/window/rect [39m[32m200[39m [90m27 ms - 50[39m
[35m[HTTP][39m [90m[39m
[35m[HTTP][39m [37m-->[39m [37mPOST[39m [37m/wd/hub/session/cf82c958-1691-446a-91cd-0b55e6c34694/elements[39m
[35m[HTTP][39m [90m{"using":"xpath","value":"//hierarchy/android.widget.FrameLayout[1]/android.widget.LinearLayout[1]/android.widget.FrameLayout[1]/android.widget.FrameLayout[1]/android.view.View[1]/android.view.View[1]/android.view.View[1]/android.view.View[1]/android.view.View[3]"}[39m
[35m[HTTP][39m [37m<-- POST /wd/hub/session/cf82c958-1691-446a-91cd-0b55e6c34694/elements [39m[32m200[39m [90m251 ms - 139[39m
[35m[HTTP][39m [90m[39m
[35m[HTTP][39m [37m-->[39m [37mGET[39m [37m/wd/hub/session/cf82c958-1691-446a-91cd-0b55e6c34694/element/00000000-0000-0528-0000-001900000003/location[39m
[35m[HTTP][39m [90m{}[39m
[35m[W3C (cf82c958)][39m Driver proxy active, passing request on via HTTP proxy
[35m[WD Proxy][39m Replacing sessionId 09c2b117-9736-42d8-a7e2-c100733949c6 with cf82c958-1691-446a-91cd-0b55e6c34694
[35m[HTTP][39m [37m<-- GET /wd/hub/session/cf82c958-1691-446a-91cd-0b55e6c34694/element/00000000-0000-0528-0000-001900000003/location [39m[32m200[39m [90m26 ms - 79[39m
[35m[HTTP][39m [90m[39m
[35m[HTTP][39m [37m-->[39m [37mPOST[39m [37m/wd/hub/session/cf82c958-1691-446a-91cd-0b55e6c34694/timeouts[39m
[35m[HTTP][39m [90m{"implicit":120000}[39m
[35m[HTTP][39m [37m<-- POST /wd/hub/session/cf82c958-1691-446a-91cd-0b55e6c34694/timeouts [39m[32m200[39m [90m3 ms - 14[39m
[35m[HTTP][39m [90m[39m
[35m[HTTP][39m [37m-->[39m [37mPOST[39m [37m/wd/hub/session/cf82c958-1691-446a-91cd-0b55e6c34694/element/00000000-0000-0528-0000-001900000003/click[39m
[35m[HTTP][39m [90m{"id":"00000000-0000-0528-0000-001900000003"}[39m
[35m[HTTP][39m [37m<-- POST /wd/hub/session/cf82c958-1691-446a-91cd-0b55e6c34694/element/00000000-0000-0528-0000-001900000003/click [39m[32m200[39m [90m57 ms - 14[39m
[35m[HTTP][39m [90m[39m
[35m[HTTP][39m [37m-->[39m [37mPOST[39m [37m/wd/hub/session/cf82c958-1691-446a-91cd-0b55e6c34694/timeouts[39m
[35m[HTTP][39m [90m{"implicit":50}[39m
[35m[HTTP][39m [37m<-- POST /wd/hub/session/cf82c958-1691-446a-91cd-0b55e6c34694/timeouts [39m[32m200[39m [90m2 ms - 14[39m
[35m[HTTP][39m [90m[39m
[35m[HTTP][39m [37m-->[39m [37mGET[39m [37m/wd/hub/session/cf82c958-1691-446a-91cd-0b55e6c34694/window/rect[39m
[35m[HTTP][39m [90m{}[39m
[35m[HTTP][39m [37m<-- GET /wd/hub/session/cf82c958-1691-446a-91cd-0b55e6c34694/window/rect [39m[32m200[39m [90m11 ms - 50[39m
[35m[HTTP][39m [90m[39m
[35m[HTTP][39m [37m-->[39m [37mPOST[39m [37m/wd/hub/session/cf82c958-1691-446a-91cd-0b55e6c34694/elements[39m
[35m[HTTP][39m [90m{"using":"xpath","value":"//hierarchy/android.widget.FrameLayout[1]/android.widget.LinearLayout[1]/android.widget.FrameLayout[1]/android.widget.FrameLayout[1]/android.view.View[1]/android.view.View[1]/android.view.View[1]/android.view.View[1]/android.view.View[1]/android.view.View[1]/android.view.View[1]"}[39m
[35m[HTTP][39m [37m<-- POST /wd/hub/session/cf82c958-1691-446a-91cd-0b55e6c34694/elements [39m[32m200[39m [90m559 ms - 139[39m
[35m[HTTP][39m [90m[39m
[35m[HTTP][39m [37m-->[39m [37mGET[39m [37m/wd/hub/session/cf82c958-1691-446a-91cd-0b55e6c34694/element/00000000-0000-0528-0000-001f00000003/location[39m
[35m[HTTP][39m [90m{}[39m
[35m[W3C (cf82c958)][39m Driver proxy active, passing request on via HTTP proxy
[35m[WD Proxy][39m Replacing sessionId 09c2b117-9736-42d8-a7e2-c100733949c6 with cf82c958-1691-446a-91cd-0b55e6c34694
[35m[HTTP][39m [37m<-- GET /wd/hub/session/cf82c958-1691-446a-91cd-0b55e6c34694/element/00000000-0000-0528-0000-001f00000003/location [39m[32m200[39m [90m30 ms - 77[39m
[35m[HTTP][39m [90m[39m
[35m[HTTP][39m [37m-->[39m [37mPOST[39m [37m/wd/hub/session/cf82c958-1691-446a-91cd-0b55e6c34694/timeouts[39m
[35m[HTTP][39m [90m{"implicit":120000}[39m
[35m[HTTP][39m [37m<-- POST /wd/hub/session/cf82c958-1691-446a-91cd-0b55e6c34694/timeouts [39m[32m200[39m [90m2 ms - 14[39m
[35m[HTTP][39m [90m[39m
[35m[HTTP][39m [37m-->[39m [37mGET[39m [37m/wd/hub/session/cf82c958-1691-446a-91cd-0b55e6c34694/element/00000000-0000-0528-0000-001f00000003/displayed[39m
[35m[HTTP][39m [90m{}[39m
[35m[HTTP][39m [37m<-- GET /wd/hub/session/cf82c958-1691-446a-91cd-0b55e6c34694/element/00000000-0000-0528-0000-001f00000003/displayed [39m[32m200[39m [90m19 ms - 14[39m
[35m[HTTP][39m [90m[39m
[35m[HTTP][39m [37m-->[39m [37mPOST[39m [37m/wd/hub/session/cf82c958-1691-446a-91cd-0b55e6c34694/timeouts[39m
[35m[HTTP][39m [90m{"implicit":50}[39m
[35m[HTTP][39m [37m<-- POST /wd/hub/session/cf82c958-1691-446a-91cd-0b55e6c34694/timeouts [39m[32m200[39m [90m2 ms - 14[39m
[35m[HTTP][39m [90m[39m
[35m[HTTP][39m [37m-->[39m [37mGET[39m [37m/wd/hub/session/cf82c958-1691-446a-91cd-0b55e6c34694/window/rect[39m
[35m[HTTP][39m [90m{}[39m
[35m[HTTP][39m [37m<-- GET /wd/hub/session/cf82c958-1691-446a-91cd-0b55e6c34694/window/rect [39m[32m200[39m [90m15 ms - 50[39m
[35m[HTTP][39m [90m[39m
[35m[HTTP][39m [37m-->[39m [37mPOST[39m [37m/wd/hub/session/cf82c958-1691-446a-91cd-0b55e6c34694/elements[39m
[35m[HTTP][39m [90m{"using":"accessibility id","value":"Sync Task\nSync Sekarang"}[39m
[35m[HTTP][39m [37m<-- POST /wd/hub/session/cf82c958-1691-446a-91cd-0b55e6c34694/elements [39m[32m200[39m [90m56 ms - 139[39m
[35m[HTTP][39m [90m[39m
[35m[HTTP][39m [37m-->[39m [37mGET[39m [37m/wd/hub/session/cf82c958-1691-446a-91cd-0b55e6c34694/element/00000000-0000-0528-0000-002300000003/location[39m
[35m[HTTP][39m [90m{}[39m
[35m[W3C (cf82c958)][39m Driver proxy active, passing request on via HTTP proxy
[35m[WD Proxy][39m Replacing sessionId 09c2b117-9736-42d8-a7e2-c100733949c6 with cf82c958-1691-446a-91cd-0b55e6c34694
[35m[HTTP][39m [37m<-- GET /wd/hub/session/cf82c958-1691-446a-91cd-0b55e6c34694/element/00000000-0000-0528-0000-002300000003/location [39m[32m200[39m [90m21 ms - 79[39m
[35m[HTTP][39m [90m[39m
[35m[HTTP][39m [37m-->[39m [37mPOST[39m [37m/wd/hub/session/cf82c958-1691-446a-91cd-0b55e6c34694/timeouts[39m
[35m[HTTP][39m [90m{"implicit":120000}[39m
[35m[HTTP][39m [37m<-- POST /wd/hub/session/cf82c958-1691-446a-91cd-0b55e6c34694/timeouts [39m[32m200[39m [90m3 ms - 14[39m
[35m[HTTP][39m [90m[39m
[35m[HTTP][39m [37m-->[39m [37mPOST[39m [37m/wd/hub/session/cf82c958-1691-446a-91cd-0b55e6c34694/element/00000000-0000-0528-0000-002300000003/click[39m
[35m[HTTP][39m [90m{"id":"00000000-0000-0528-0000-002300000003"}[39m
[35m[HTTP][39m [37m<-- POST /wd/hub/session/cf82c958-1691-446a-91cd-0b55e6c34694/element/00000000-0000-0528-0000-002300000003/click [39m[32m200[39m [90m579 ms - 14[39m
[35m[HTTP][39m [90m[39m
[35m[HTTP][39m [37m-->[39m [37mPOST[39m [37m/wd/hub/session/cf82c958-1691-446a-91cd-0b55e6c34694/timeouts[39m
[35m[HTTP][39m [90m{"implicit":50}[39m
[35m[HTTP][39m [37m<-- POST /wd/hub/session/cf82c958-1691-446a-91cd-0b55e6c34694/timeouts [39m[32m200[39m [90m3 ms - 14[39m
[35m[HTTP][39m [90m[39m
[35m[HTTP][39m [37m-->[39m [37mGET[39m [37m/wd/hub/session/cf82c958-1691-446a-91cd-0b55e6c34694/window/rect[39m
[35m[HTTP][39m [90m{}[39m
[35m[HTTP][39m [37m<-- GET /wd/hub/session/cf82c958-1691-446a-91cd-0b55e6c34694/window/rect [39m[32m200[39m [90m28 ms - 50[39m
[35m[HTTP][39m [90m[39m
[35m[HTTP][39m [37m-->[39m [37mPOST[39m [37m/wd/hub/session/cf82c958-1691-446a-91cd-0b55e6c34694/elements[39m
[35m[HTTP][39m [90m{"using":"xpath","value":"//hierarchy/android.widget.FrameLayout[1]/android.widget.LinearLayout[1]/android.widget.FrameLayout[1]/android.widget.FrameLayout[1]/android.view.View[1]/android.view.View[1]/android.view.View[1]/android.view.View[1]/android.view.View[1]/android.view.View[1]/android.view.View[1]"}[39m
[35m[HTTP][39m [37m<-- POST /wd/hub/session/cf82c958-1691-446a-91cd-0b55e6c34694/elements [39m[32m200[39m [90m187 ms - 139[39m
[35m[HTTP][39m [90m[39m
[35m[HTTP][39m [37m-->[39m [37mGET[39m [37m/wd/hub/session/cf82c958-1691-446a-91cd-0b55e6c34694/element/00000000-0000-0528-0000-001f00000003/location[39m
[35m[HTTP][39m [90m{}[39m
[35m[W3C (cf82c958)][39m Driver proxy active, passing request on via HTTP proxy
[35m[WD Proxy][39m Replacing sessionId 09c2b117-9736-42d8-a7e2-c100733949c6 with cf82c958-1691-446a-91cd-0b55e6c34694
[35m[HTTP][39m [37m<-- GET /wd/hub/session/cf82c958-1691-446a-91cd-0b55e6c34694/element/00000000-0000-0528-0000-001f00000003/location [39m[32m200[39m [90m35 ms - 77[39m
[35m[HTTP][39m [90m[39m
[35m[HTTP][39m [37m-->[39m [37mPOST[39m [37m/wd/hub/session/cf82c958-1691-446a-91cd-0b55e6c34694/timeouts[39m
[35m[HTTP][39m [90m{"implicit":120000}[39m
[35m[HTTP][39m [37m<-- POST /wd/hub/session/cf82c958-1691-446a-91cd-0b55e6c34694/timeouts [39m[32m200[39m [90m2 ms - 14[39m
[35m[HTTP][39m [90m[39m
[35m[HTTP][39m [37m-->[39m [37mGET[39m [37m/wd/hub/session/cf82c958-1691-446a-91cd-0b55e6c34694/element/00000000-0000-0528-0000-001f00000003/displayed[39m
[35m[HTTP][39m [90m{}[39m
[35m[HTTP][39m [37m<-- GET /wd/hub/session/cf82c958-1691-446a-91cd-0b55e6c34694/element/00000000-0000-0528-0000-001f00000003/displayed [39m[32m200[39m [90m32 ms - 14[39m
[35m[HTTP][39m [90m[39m
[35m[HTTP][39m [37m-->[39m [37mPOST[39m [37m/wd/hub/session/cf82c958-1691-446a-91cd-0b55e6c34694/timeouts[39m
[35m[HTTP][39m [90m{"implicit":50}[39m
[35m[HTTP][39m [37m<-- POST /wd/hub/session/cf82c958-1691-446a-91cd-0b55e6c34694/timeouts [39m[32m200[39m [90m2 ms - 14[39m
[35m[HTTP][39m [90m[39m
[35m[HTTP][39m [37m-->[39m [37mGET[39m [37m/wd/hub/session/cf82c958-1691-446a-91cd-0b55e6c34694/window/rect[39m
[35m[HTTP][39m [90m{}[39m
[35m[HTTP][39m [37m<-- GET /wd/hub/session/cf82c958-1691-446a-91cd-0b55e6c34694/window/rect [39m[32m200[39m [90m25 ms - 50[39m
[35m[HTTP][39m [90m[39m
[35m[HTTP][39m [37m-->[39m [37mPOST[39m [37m/wd/hub/session/cf82c958-1691-446a-91cd-0b55e6c34694/elements[39m
[35m[HTTP][39m [90m{"using":"xpath","value":"//hierarchy/android.widget.FrameLayout[1]/android.widget.LinearLayout[1]/android.widget.FrameLayout[1]/android.widget.FrameLayout[1]/android.view.View[1]/android.view.View[1]/android.view.View[1]/android.view.View[1]/android.widget.ImageView[1]"}[39m
[35m[HTTP][39m [37m<-- POST /wd/hub/session/cf82c958-1691-446a-91cd-0b55e6c34694/elements [39m[32m200[39m [90m189 ms - 139[39m
[35m[HTTP][39m [90m[39m
[35m[HTTP][39m [37m-->[39m [37mGET[39m [37m/wd/hub/session/cf82c958-1691-446a-91cd-0b55e6c34694/element/00000000-0000-0528-0000-001c00000003/location[39m
[35m[HTTP][39m [90m{}[39m
[35m[W3C (cf82c958)][39m Driver proxy active, passing request on via HTTP proxy
[35m[WD Proxy][39m Replacing sessionId 09c2b117-9736-42d8-a7e2-c100733949c6 with cf82c958-1691-446a-91cd-0b55e6c34694
[35m[HTTP][39m [37m<-- GET /wd/hub/session/cf82c958-1691-446a-91cd-0b55e6c34694/element/00000000-0000-0528-0000-001c00000003/location [39m[32m200[39m [90m32 ms - 79[39m
[35m[HTTP][39m [90m[39m
[35m[HTTP][39m [37m-->[39m [37mPOST[39m [37m/wd/hub/session/cf82c958-1691-446a-91cd-0b55e6c34694/timeouts[39m
[35m[HTTP][39m [90m{"implicit":120000}[39m
[35m[HTTP][39m [37m<-- POST /wd/hub/session/cf82c958-1691-446a-91cd-0b55e6c34694/timeouts [39m[32m200[39m [90m2 ms - 14[39m
[35m[HTTP][39m [90m[39m
[35m[HTTP][39m [37m-->[39m [37mPOST[39m [37m/wd/hub/session/cf82c958-1691-446a-91cd-0b55e6c34694/element/00000000-0000-0528-0000-001c00000003/click[39m
[35m[HTTP][39m [90m{"id":"00000000-0000-0528-0000-001c00000003"}[39m
[35m[HTTP][39m [37m<-- POST /wd/hub/session/cf82c958-1691-446a-91cd-0b55e6c34694/element/00000000-0000-0528-0000-001c00000003/click [39m[32m200[39m [90m831 ms - 14[39m
[35m[HTTP][39m [90m[39m
[35m[HTTP][39m [37m-->[39m [37mPOST[39m [37m/wd/hub/session/cf82c958-1691-446a-91cd-0b55e6c34694/timeouts[39m
[35m[HTTP][39m [90m{"implicit":50}[39m
[35m[HTTP][39m [37m<-- POST /wd/hub/session/cf82c958-1691-446a-91cd-0b55e6c34694/timeouts [39m[32m200[39m [90m3 ms - 14[39m
[35m[HTTP][39m [90m[39m
[35m[HTTP][39m [37m-->[39m [37mGET[39m [37m/wd/hub/session/cf82c958-1691-446a-91cd-0b55e6c34694/window/rect[39m
[35m[HTTP][39m [90m{}[39m
[35m[HTTP][39m [37m<-- GET /wd/hub/session/cf82c958-1691-446a-91cd-0b55e6c34694/window/rect [39m[32m200[39m [90m27 ms - 50[39m
[35m[HTTP][39m [90m[39m
[35m[HTTP][39m [37m-->[39m [37mPOST[39m [37m/wd/hub/session/cf82c958-1691-446a-91cd-0b55e6c34694/elements[39m
[35m[HTTP][39m [90m{"using":"accessibility id","value":"PENUGASAN"}[39m
[35m[HTTP][39m [37m<-- POST /wd/hub/session/cf82c958-1691-446a-91cd-0b55e6c34694/elements [39m[32m200[39m [90m80 ms - 139[39m
[35m[HTTP][39m [90m[39m
[35m[HTTP][39m [37m-->[39m [37mGET[39m [37m/wd/hub/session/cf82c958-1691-446a-91cd-0b55e6c34694/element/00000000-0000-0528-0000-003600000003/location[39m
[35m[HTTP][39m [90m{}[39m
[35m[W3C (cf82c958)][39m Driver proxy active, passing request on via HTTP proxy
[35m[WD Proxy][39m Replacing sessionId 09c2b117-9736-42d8-a7e2-c100733949c6 with cf82c958-1691-446a-91cd-0b55e6c34694
[35m[HTTP][39m [37m<-- GET /wd/hub/session/cf82c958-1691-446a-91cd-0b55e6c34694/element/00000000-0000-0528-0000-003600000003/location [39m[32m200[39m [90m41 ms - 78[39m
[35m[HTTP][39m [90m[39m
[35m[HTTP][39m [37m-->[39m [37mPOST[39m [37m/wd/hub/session/cf82c958-1691-446a-91cd-0b55e6c34694/timeouts[39m
[35m[HTTP][39m [90m{"implicit":120000}[39m
[35m[HTTP][39m [37m<-- POST /wd/hub/session/cf82c958-1691-446a-91cd-0b55e6c34694/timeouts [39m[32m200[39m [90m2 ms - 14[39m
[35m[HTTP][39m [90m[39m
[35m[HTTP][39m [37m-->[39m [37mPOST[39m [37m/wd/hub/session/cf82c958-1691-446a-91cd-0b55e6c34694/element/00000000-0000-0528-0000-003600000003/click[39m
[35m[HTTP][39m [90m{"id":"00000000-0000-0528-0000-003600000003"}[39m
[35m[HTTP][39m [37m<-- POST /wd/hub/session/cf82c958-1691-446a-91cd-0b55e6c34694/element/00000000-0000-0528-0000-003600000003/click [39m[32m200[39m [90m1282 ms - 14[39m
[35m[HTTP][39m [90m[39m
[35m[HTTP][39m [37m-->[39m [37mPOST[39m [37m/wd/hub/session/cf82c958-1691-446a-91cd-0b55e6c34694/timeouts[39m
[35m[HTTP][39m [90m{"implicit":50}[39m
[35m[HTTP][39m [37m<-- POST /wd/hub/session/cf82c958-1691-446a-91cd-0b55e6c34694/timeouts [39m[32m200[39m [90m2 ms - 14[39m
[35m[HTTP][39m [90m[39m
[35m[HTTP][39m [37m-->[39m [37mGET[39m [37m/wd/hub/session/cf82c958-1691-446a-91cd-0b55e6c34694/window/rect[39m
[35m[HTTP][39m [90m{}[39m
[35m[HTTP][39m [37m<-- GET /wd/hub/session/cf82c958-1691-446a-91cd-0b55e6c34694/window/rect [39m[32m200[39m [90m30 ms - 50[39m
[35m[HTTP][39m [90m[39m
[35m[HTTP][39m [37m-->[39m [37mPOST[39m [37m/wd/hub/session/cf82c958-1691-446a-91cd-0b55e6c34694/elements[39m
[35m[HTTP][39m [90m{"using":"xpath","value":"//hierarchy/android.widget.FrameLayout[1]/android.widget.LinearLayout[1]/android.widget.FrameLayout[1]/android.widget.FrameLayout[1]/android.view.View[1]/android.view.View[1]/android.view.View[1]/android.view.View[1]/android.view.View[4]/android.view.View[1]/android.view.View[1]/android.view.View[1]/android.view.View[1]"}[39m
[35m[HTTP][39m [37m<-- POST /wd/hub/session/cf82c958-1691-446a-91cd-0b55e6c34694/elements [39m[32m200[39m [90m162 ms - 139[39m
[35m[HTTP][39m [90m[39m
[35m[HTTP][39m [37m-->[39m [37mGET[39m [37m/wd/hub/session/cf82c958-1691-446a-91cd-0b55e6c34694/element/00000000-0000-0528-0000-004d00000003/location[39m
[35m[HTTP][39m [90m{}[39m
[35m[W3C (cf82c958)][39m Driver proxy active, passing request on via HTTP proxy
[35m[WD Proxy][39m Replacing sessionId 09c2b117-9736-42d8-a7e2-c100733949c6 with cf82c958-1691-446a-91cd-0b55e6c34694
[35m[HTTP][39m [37m<-- GET /wd/hub/session/cf82c958-1691-446a-91cd-0b55e6c34694/element/00000000-0000-0528-0000-004d00000003/location [39m[32m200[39m [90m36 ms - 78[39m
[35m[HTTP][39m [90m[39m
[35m[HTTP][39m [37m-->[39m [37mPOST[39m [37m/wd/hub/session/cf82c958-1691-446a-91cd-0b55e6c34694/timeouts[39m
[35m[HTTP][39m [90m{"implicit":120000}[39m
[35m[HTTP][39m [37m<-- POST /wd/hub/session/cf82c958-1691-446a-91cd-0b55e6c34694/timeouts [39m[32m200[39m [90m1 ms - 14[39m
[35m[HTTP][39m [90m[39m
[35m[HTTP][39m [37m-->[39m [37mPOST[39m [37m/wd/hub/session/cf82c958-1691-446a-91cd-0b55e6c34694/element/00000000-0000-0528-0000-004d00000003/click[39m
[35m[HTTP][39m [90m{"id":"00000000-0000-0528-0000-004d00000003"}[39m
[35m[HTTP][39m [37m<-- POST /wd/hub/session/cf82c958-1691-446a-91cd-0b55e6c34694/element/00000000-0000-0528-0000-004d00000003/click [39m[32m200[39m [90m1543 ms - 14[39m
[35m[HTTP][39m [90m[39m
[35m[HTTP][39m [37m-->[39m [37mPOST[39m [37m/wd/hub/session/cf82c958-1691-446a-91cd-0b55e6c34694/timeouts[39m
[35m[HTTP][39m [90m{"implicit":50}[39m
[35m[HTTP][39m [37m<-- POST /wd/hub/session/cf82c958-1691-446a-91cd-0b55e6c34694/timeouts [39m[32m200[39m [90m1 ms - 14[39m
[35m[HTTP][39m [90m[39m
[35m[HTTP][39m [37m-->[39m [37mGET[39m [37m/wd/hub/session/cf82c958-1691-446a-91cd-0b55e6c34694/window/rect[39m
[35m[HTTP][39m [90m{}[39m
[35m[HTTP][39m [37m<-- GET /wd/hub/session/cf82c958-1691-446a-91cd-0b55e6c34694/window/rect [39m[32m200[39m [90m23 ms - 50[39m
[35m[HTTP][39m [90m[39m
[35m[HTTP][39m [37m-->[39m [37mPOST[39m [37m/wd/hub/session/cf82c958-1691-446a-91cd-0b55e6c34694/elements[39m
[35m[HTTP][39m [90m{"using":"accessibility id","value":"Selanjutnya"}[39m
[35m[HTTP][39m [37m<-- POST /wd/hub/session/cf82c958-1691-446a-91cd-0b55e6c34694/elements [39m[32m200[39m [90m96 ms - 139[39m
[35m[HTTP][39m [90m[39m
[35m[HTTP][39m [37m-->[39m [37mGET[39m [37m/wd/hub/session/cf82c958-1691-446a-91cd-0b55e6c34694/element/00000000-0000-0528-0000-006400000003/location[39m
[35m[HTTP][39m [90m{}[39m
[35m[W3C (cf82c958)][39m Driver proxy active, passing request on via HTTP proxy
[35m[WD Proxy][39m Replacing sessionId 09c2b117-9736-42d8-a7e2-c100733949c6 with cf82c958-1691-446a-91cd-0b55e6c34694
[35m[HTTP][39m [37m<-- GET /wd/hub/session/cf82c958-1691-446a-91cd-0b55e6c34694/element/00000000-0000-0528-0000-006400000003/location [39m[32m200[39m [90m35 ms - 78[39m
[35m[HTTP][39m [90m[39m
[35m[HTTP][39m [37m-->[39m [37mPOST[39m [37m/wd/hub/session/cf82c958-1691-446a-91cd-0b55e6c34694/timeouts[39m
[35m[HTTP][39m [90m{"implicit":120000}[39m
[35m[HTTP][39m [37m<-- POST /wd/hub/session/cf82c958-1691-446a-91cd-0b55e6c34694/timeouts [39m[32m200[39m [90m1 ms - 14[39m
[35m[HTTP][39m [90m[39m
[35m[HTTP][39m [37m-->[39m [37mPOST[39m [37m/wd/hub/session/cf82c958-1691-446a-91cd-0b55e6c34694/element/00000000-0000-0528-0000-006400000003/click[39m
[35m[HTTP][39m [90m{"id":"00000000-0000-0528-0000-006400000003"}[39m
[35m[HTTP][39m [37m<-- POST /wd/hub/session/cf82c958-1691-446a-91cd-0b55e6c34694/element/00000000-0000-0528-0000-006400000003/click [39m[32m200[39m [90m1163 ms - 14[39m
[35m[HTTP][39m [90m[39m
[35m[HTTP][39m [37m-->[39m [37mGET[39m [37m/wd/hub/session/cf82c958-1691-446a-91cd-0b55e6c34694/context[39m
[35m[HTTP][39m [90m{}[39m
[35m[HTTP][39m [37m<-- GET /wd/hub/session/cf82c958-1691-446a-91cd-0b55e6c34694/context [39m[32m200[39m [90m2 ms - 22[39m
[35m[HTTP][39m [90m[39m
[35m[HTTP][39m [37m-->[39m [37mGET[39m [37m/wd/hub/session/cf82c958-1691-446a-91cd-0b55e6c34694/contexts[39m
[35m[HTTP][39m [90m{}[39m
[35m[HTTP][39m [37m<-- GET /wd/hub/session/cf82c958-1691-446a-91cd-0b55e6c34694/contexts [39m[32m200[39m [90m157 ms - 24[39m
[35m[HTTP][39m [90m[39m
[35m[HTTP][39m [37m-->[39m [37mPOST[39m [37m/wd/hub/session/cf82c958-1691-446a-91cd-0b55e6c34694/context[39m
[35m[HTTP][39m [90m{"name":"NATIVE_APP"}[39m
[35m[HTTP][39m [37m<-- POST /wd/hub/session/cf82c958-1691-446a-91cd-0b55e6c34694/context [39m[32m200[39m [90m2 ms - 14[39m
[35m[HTTP][39m [90m[39m
[35m[HTTP][39m [37m-->[39m [37mPOST[39m [37m/wd/hub/session/cf82c958-1691-446a-91cd-0b55e6c34694/touch/perform[39m
[35m[HTTP][39m [90m{"actions":[{"action":"press","options":{"x":0,"y":1926}},{"action":"wait","options":{"ms":500}},{"action":"moveTo","options":{"x":0,"y":1472}},{"action":"release","options":{}}]}[39m
[35m[HTTP][39m [37m<-- POST /wd/hub/session/cf82c958-1691-446a-91cd-0b55e6c34694/touch/perform [39m[32m200[39m [90m911 ms - 14[39m
[35m[HTTP][39m [90m[39m
[35m[HTTP][39m [37m-->[39m [37mPOST[39m [37m/wd/hub/session/cf82c958-1691-446a-91cd-0b55e6c34694/context[39m
[35m[HTTP][39m [90m{"name":"NATIVE_APP"}[39m
[35m[HTTP][39m [37m<-- POST /wd/hub/session/cf82c958-1691-446a-91cd-0b55e6c34694/context [39m[32m200[39m [90m1 ms - 14[39m
[35m[HTTP][39m [90m[39m
[35m[HTTP][39m [37m-->[39m [37mPOST[39m [37m/wd/hub/session/cf82c958-1691-446a-91cd-0b55e6c34694/timeouts[39m
[35m[HTTP][39m [90m{"implicit":50}[39m
[35m[HTTP][39m [37m<-- POST /wd/hub/session/cf82c958-1691-446a-91cd-0b55e6c34694/timeouts [39m[32m200[39m [90m2 ms - 14[39m
[35m[HTTP][39m [90m[39m
[35m[HTTP][39m [37m-->[39m [37mGET[39m [37m/wd/hub/session/cf82c958-1691-446a-91cd-0b55e6c34694/window/rect[39m
[35m[HTTP][39m [90m{}[39m
[35m[HTTP][39m [37m<-- GET /wd/hub/session/cf82c958-1691-446a-91cd-0b55e6c34694/window/rect [39m[32m200[39m [90m15 ms - 50[39m
[35m[HTTP][39m [90m[39m
[35m[HTTP][39m [37m-->[39m [37mPOST[39m [37m/wd/hub/session/cf82c958-1691-446a-91cd-0b55e6c34694/elements[39m
[35m[HTTP][39m [90m{"using":"accessibility id","value":"Selanjutnya"}[39m
[35m[HTTP][39m [37m<-- POST /wd/hub/session/cf82c958-1691-446a-91cd-0b55e6c34694/elements [39m[32m200[39m [90m351 ms - 12[39m
[35m[HTTP][39m [90m[39m
[35m[HTTP][39m [37m-->[39m [37mPOST[39m [37m/wd/hub/session/cf82c958-1691-446a-91cd-0b55e6c34694/elements[39m
[35m[HTTP][39m [90m{"using":"accessibility id","value":"Selanjutnya"}[39m
[35m[HTTP][39m [37m<-- POST /wd/hub/session/cf82c958-1691-446a-91cd-0b55e6c34694/elements [39m[32m200[39m [90m73 ms - 12[39m
[35m[HTTP][39m [90m[39m
[35m[HTTP][39m [37m-->[39m [37mPOST[39m [37m/wd/hub/session/cf82c958-1691-446a-91cd-0b55e6c34694/elements[39m
[35m[HTTP][39m [90m{"using":"accessibility id","value":"Selanjutnya"}[39m
[35m[HTTP][39m [37m<-- POST /wd/hub/session/cf82c958-1691-446a-91cd-0b55e6c34694/elements [39m[32m200[39m [90m84 ms - 12[39m
[35m[HTTP][39m [90m[39m
[35m[HTTP][39m [37m-->[39m [37mPOST[39m [37m/wd/hub/session/cf82c958-1691-446a-91cd-0b55e6c34694/elements[39m
[35m[HTTP][39m [90m{"using":"accessibility id","value":"Selanjutnya"}[39m
[35m[HTTP][39m [37m<-- POST /wd/hub/session/cf82c958-1691-446a-91cd-0b55e6c34694/elements [39m[32m200[39m [90m82 ms - 12[39m
[35m[HTTP][39m [90m[39m
[35m[HTTP][39m [37m-->[39m [37mPOST[39m [37m/wd/hub/session/cf82c958-1691-446a-91cd-0b55e6c34694/elements[39m
[35m[HTTP][39m [90m{"using":"accessibility id","value":"Selanjutnya"}[39m
[35m[HTTP][39m [37m<-- POST /wd/hub/session/cf82c958-1691-446a-91cd-0b55e6c34694/elements [39m[32m200[39m [90m68 ms - 12[39m
[35m[HTTP][39m [90m[39m
[35m[HTTP][39m [37m-->[39m [37mPOST[39m [37m/wd/hub/session/cf82c958-1691-446a-91cd-0b55e6c34694/elements[39m
[35m[HTTP][39m [90m{"using":"accessibility id","value":"Selanjutnya"}[39m
[35m[HTTP][39m [37m<-- POST /wd/hub/session/cf82c958-1691-446a-91cd-0b55e6c34694/elements [39m[32m200[39m [90m72 ms - 12[39m
[35m[HTTP][39m [90m[39m
[35m[HTTP][39m [37m-->[39m [37mPOST[39m [37m/wd/hub/session/cf82c958-1691-446a-91cd-0b55e6c34694/elements[39m
[35m[HTTP][39m [90m{"using":"accessibility id","value":"Selanjutnya"}[39m
[35m[HTTP][39m [37m<-- POST /wd/hub/session/cf82c958-1691-446a-91cd-0b55e6c34694/elements [39m[32m200[39m [90m83 ms - 12[39m
[35m[HTTP][39m [90m[39m
[35m[HTTP][39m [37m-->[39m [37mPOST[39m [37m/wd/hub/session/cf82c958-1691-446a-91cd-0b55e6c34694/elements[39m
[35m[HTTP][39m [90m{"using":"accessibility id","value":"Selanjutnya"}[39m
[35m[HTTP][39m [37m<-- POST /wd/hub/session/cf82c958-1691-446a-91cd-0b55e6c34694/elements [39m[32m200[39m [90m64 ms - 12[39m
[35m[HTTP][39m [90m[39m
[35m[HTTP][39m [37m-->[39m [37mPOST[39m [37m/wd/hub/session/cf82c958-1691-446a-91cd-0b55e6c34694/elements[39m
[35m[HTTP][39m [90m{"using":"accessibility id","value":"Selanjutnya"}[39m
[35m[HTTP][39m [37m<-- POST /wd/hub/session/cf82c958-1691-446a-91cd-0b55e6c34694/elements [39m[32m200[39m [90m81 ms - 12[39m
[35m[HTTP][39m [90m[39m
[35m[HTTP][39m [37m-->[39m [37mPOST[39m [37m/wd/hub/session/cf82c958-1691-446a-91cd-0b55e6c34694/elements[39m
[35m[HTTP][39m [90m{"using":"accessibility id","value":"Selanjutnya"}[39m
[35m[HTTP][39m [37m<-- POST /wd/hub/session/cf82c958-1691-446a-91cd-0b55e6c34694/elements [39m[32m200[39m [90m92 ms - 12[39m
[35m[HTTP][39m [90m[39m
[35m[HTTP][39m [37m-->[39m [37mPOST[39m [37m/wd/hub/session/cf82c958-1691-446a-91cd-0b55e6c34694/elements[39m
[35m[HTTP][39m [90m{"using":"accessibility id","value":"Selanjutnya"}[39m
[35m[HTTP][39m [37m<-- POST /wd/hub/session/cf82c958-1691-446a-91cd-0b55e6c34694/elements [39m[32m200[39m [90m111 ms - 12[39m
[35m[HTTP][39m [90m[39m
[35m[HTTP][39m [37m-->[39m [37mPOST[39m [37m/wd/hub/session/cf82c958-1691-446a-91cd-0b55e6c34694/elements[39m
[35m[HTTP][39m [90m{"using":"accessibility id","value":"Selanjutnya"}[39m
[35m[HTTP][39m [37m<-- POST /wd/hub/session/cf82c958-1691-446a-91cd-0b55e6c34694/elements [39m[32m200[39m [90m53 ms - 12[39m
[35m[HTTP][39m [90m[39m
[35m[HTTP][39m [37m-->[39m [37mPOST[39m [37m/wd/hub/session/cf82c958-1691-446a-91cd-0b55e6c34694/elements[39m
[35m[HTTP][39m [90m{"using":"accessibility id","value":"Selanjutnya"}[39m
[35m[HTTP][39m [37m<-- POST /wd/hub/session/cf82c958-1691-446a-91cd-0b55e6c34694/elements [39m[32m200[39m [90m112 ms - 12[39m
[35m[HTTP][39m [90m[39m
[35m[HTTP][39m [37m-->[39m [37mPOST[39m [37m/wd/hub/session/cf82c958-1691-446a-91cd-0b55e6c34694/elements[39m
[35m[HTTP][39m [90m{"using":"accessibility id","value":"Selanjutnya"}[39m
[35m[HTTP][39m [37m<-- POST /wd/hub/session/cf82c958-1691-446a-91cd-0b55e6c34694/elements [39m[32m200[39m [90m517 ms - 12[39m
[35m[HTTP][39m [90m[39m
[35m[HTTP][39m [37m-->[39m [37mPOST[39m [37m/wd/hub/session/cf82c958-1691-446a-91cd-0b55e6c34694/elements[39m
[35m[HTTP][39m [90m{"using":"accessibility id","value":"Selanjutnya"}[39m
[35m[HTTP][39m [37m<-- POST /wd/hub/session/cf82c958-1691-446a-91cd-0b55e6c34694/elements [39m[32m200[39m [90m64 ms - 12[39m
[35m[HTTP][39m [90m[39m
[35m[HTTP][39m [37m-->[39m [37mPOST[39m [37m/wd/hub/session/cf82c958-1691-446a-91cd-0b55e6c34694/elements[39m
[35m[HTTP][39m [90m{"using":"accessibility id","value":"Selanjutnya"}[39m
[35m[HTTP][39m [37m<-- POST /wd/hub/session/cf82c958-1691-446a-91cd-0b55e6c34694/elements [39m[32m200[39m [90m66 ms - 12[39m
[35m[HTTP][39m [90m[39m
[35m[HTTP][39m [37m-->[39m [37mPOST[39m [37m/wd/hub/session/cf82c958-1691-446a-91cd-0b55e6c34694/elements[39m
[35m[HTTP][39m [90m{"using":"accessibility id","value":"Selanjutnya"}[39m
[35m[HTTP][39m [37m<-- POST /wd/hub/session/cf82c958-1691-446a-91cd-0b55e6c34694/elements [39m[32m200[39m [90m69 ms - 12[39m
[35m[HTTP][39m [90m[39m
[35m[HTTP][39m [37m-->[39m [37mPOST[39m [37m/wd/hub/session/cf82c958-1691-446a-91cd-0b55e6c34694/elements[39m
[35m[HTTP][39m [90m{"using":"accessibility id","value":"Selanjutnya"}[39m
[35m[HTTP][39m [37m<-- POST /wd/hub/session/cf82c958-1691-446a-91cd-0b55e6c34694/elements [39m[32m200[39m [90m55 ms - 12[39m
[35m[HTTP][39m [90m[39m
[35m[HTTP][39m [37m-->[39m [37mPOST[39m [37m/wd/hub/session/cf82c958-1691-446a-91cd-0b55e6c34694/elements[39m
[35m[HTTP][39m [90m{"using":"accessibility id","value":"Selanjutnya"}[39m
[35m[HTTP][39m [37m<-- POST /wd/hub/session/cf82c958-1691-446a-91cd-0b55e6c34694/elements [39m[32m200[39m [90m64 ms - 12[39m
[35m[HTTP][39m [90m[39m
[35m[HTTP][39m [37m-->[39m [37mPOST[39m [37m/wd/hub/session/cf82c958-1691-446a-91cd-0b55e6c34694/elements[39m
[35m[HTTP][39m [90m{"using":"accessibility id","value":"Selanjutnya"}[39m
[35m[HTTP][39m [37m<-- POST /wd/hub/session/cf82c958-1691-446a-91cd-0b55e6c34694/elements [39m[32m200[39m [90m64 ms - 12[39m
[35m[HTTP][39m [90m[39m
[35m[HTTP][39m [37m-->[39m [37mPOST[39m [37m/wd/hub/session/cf82c958-1691-446a-91cd-0b55e6c34694/elements[39m
[35m[HTTP][39m [90m{"using":"accessibility id","value":"Selanjutnya"}[39m
[35m[HTTP][39m [37m<-- POST /wd/hub/session/cf82c958-1691-446a-91cd-0b55e6c34694/elements [39m[32m200[39m [90m60 ms - 12[39m
[35m[HTTP][39m [90m[39m
[35m[HTTP][39m [37m-->[39m [37mPOST[39m [37m/wd/hub/session/cf82c958-1691-446a-91cd-0b55e6c34694/elements[39m
[35m[HTTP][39m [90m{"using":"accessibility id","value":"Selanjutnya"}[39m
[35m[HTTP][39m [37m<-- POST /wd/hub/session/cf82c958-1691-446a-91cd-0b55e6c34694/elements [39m[32m200[39m [90m59 ms - 12[39m
[35m[HTTP][39m [90m[39m
[35m[HTTP][39m [37m-->[39m [37mPOST[39m [37m/wd/hub/session/cf82c958-1691-446a-91cd-0b55e6c34694/elements[39m
[35m[HTTP][39m [90m{"using":"accessibility id","value":"Selanjutnya"}[39m
[35m[HTTP][39m [37m<-- POST /wd/hub/session/cf82c958-1691-446a-91cd-0b55e6c34694/elements [39m[32m200[39m [90m66 ms - 12[39m
[35m[HTTP][39m [90m[39m
[35m[HTTP][39m [37m-->[39m [37mPOST[39m [37m/wd/hub/session/cf82c958-1691-446a-91cd-0b55e6c34694/elements[39m
[35m[HTTP][39m [90m{"using":"accessibility id","value":"Selanjutnya"}[39m
[35m[HTTP][39m [37m<-- POST /wd/hub/session/cf82c958-1691-446a-91cd-0b55e6c34694/elements [39m[32m200[39m [90m65 ms - 12[39m
[35m[HTTP][39m [90m[39m
[35m[HTTP][39m [37m-->[39m [37mPOST[39m [37m/wd/hub/session/cf82c958-1691-446a-91cd-0b55e6c34694/elements[39m
[35m[HTTP][39m [90m{"using":"accessibility id","value":"Selanjutnya"}[39m
[35m[HTTP][39m [37m<-- POST /wd/hub/session/cf82c958-1691-446a-91cd-0b55e6c34694/elements [39m[32m200[39m [90m70 ms - 12[39m
[35m[HTTP][39m [90m[39m
[35m[HTTP][39m [37m-->[39m [37mPOST[39m [37m/wd/hub/session/cf82c958-1691-446a-91cd-0b55e6c34694/elements[39m
[35m[HTTP][39m [90m{"using":"accessibility id","value":"Selanjutnya"}[39m
[35m[HTTP][39m [37m<-- POST /wd/hub/session/cf82c958-1691-446a-91cd-0b55e6c34694/elements [39m[32m200[39m [90m120 ms - 12[39m
[35m[HTTP][39m [90m[39m
[35m[HTTP][39m [37m-->[39m [37mPOST[39m [37m/wd/hub/session/cf82c958-1691-446a-91cd-0b55e6c34694/timeouts[39m
[35m[HTTP][39m [90m{"implicit":120000}[39m
[35m[HTTP][39m [37m<-- POST /wd/hub/session/cf82c958-1691-446a-91cd-0b55e6c34694/timeouts [39m[32m200[39m [90m1 ms - 14[39m
[35m[HTTP][39m [90m[39m
[35m[HTTP][39m [37m-->[39m [37mGET[39m [37m/wd/hub/session/cf82c958-1691-446a-91cd-0b55e6c34694/context[39m
[35m[HTTP][39m [90m{}[39m
[35m[HTTP][39m [37m<-- GET /wd/hub/session/cf82c958-1691-446a-91cd-0b55e6c34694/context [39m[32m200[39m [90m1 ms - 22[39m
[35m[HTTP][39m [90m[39m
[35m[HTTP][39m [37m-->[39m [37mGET[39m [37m/wd/hub/session/cf82c958-1691-446a-91cd-0b55e6c34694/contexts[39m
[35m[HTTP][39m [90m{}[39m
[35m[HTTP][39m [37m<-- GET /wd/hub/session/cf82c958-1691-446a-91cd-0b55e6c34694/contexts [39m[32m200[39m [90m101 ms - 24[39m
[35m[HTTP][39m [90m[39m
[35m[HTTP][39m [37m-->[39m [37mPOST[39m [37m/wd/hub/session/cf82c958-1691-446a-91cd-0b55e6c34694/context[39m
[35m[HTTP][39m [90m{"name":"NATIVE_APP"}[39m
[35m[HTTP][39m [37m<-- POST /wd/hub/session/cf82c958-1691-446a-91cd-0b55e6c34694/context [39m[32m200[39m [90m1 ms - 14[39m
[35m[HTTP][39m [90m[39m
[35m[HTTP][39m [37m-->[39m [37mGET[39m [37m/wd/hub/session/cf82c958-1691-446a-91cd-0b55e6c34694/screenshot[39m
[35m[HTTP][39m [90m{}[39m
[35m[HTTP][39m [37m<-- GET /wd/hub/session/cf82c958-1691-446a-91cd-0b55e6c34694/screenshot [39m[32m200[39m [90m848 ms - 157018[39m
[35m[HTTP][39m [90m[39m
[35m[HTTP][39m [37m-->[39m [37mPOST[39m [37m/wd/hub/session/cf82c958-1691-446a-91cd-0b55e6c34694/context[39m
[35m[HTTP][39m [90m{"name":"NATIVE_APP"}[39m
[35m[HTTP][39m [37m<-- POST /wd/hub/session/cf82c958-1691-446a-91cd-0b55e6c34694/context [39m[32m200[39m [90m1 ms - 14[39m
[35m[HTTP][39m [90m[39m
[35m[HTTP][39m [37m-->[39m [37mGET[39m [37m/wd/hub/status[39m
[35m[HTTP][39m [90m{}[39m
[35m[HTTP][39m [37m<-- GET /wd/hub/status [39m[32m200[39m [90m1 ms - 68[39m
[35m[HTTP][39m [90m[39m
[35m[HTTP][39m [37m-->[39m [37mPOST[39m [37m/wd/hub/session[39m
[35m[HTTP][39m [90m{"desiredCapabilities":{"appActivity":".Settings","appPackage":"com.android.settings","newCommandTimeout":1800,"platformVersion":"12","automationName":"uiautomator2","autoGrantPermissions":true,"platformName":"Android","udid":"aihykrce5lrgzhxg","deviceName":"Xiaomi M2103K19PG (Android 12)","platform":"ANDROID","systemPort":8292},"capabilities":{"firstMatch":[{"appium:appActivity":".Settings","appium:appPackage":"com.android.settings","appium:autoGrantPermissions":true,"appium:automationName":"uiautomator2","appium:deviceName":"Xiaomi M2103K19PG (Android 12)","appium:newCommandTimeout":1800,"platform":"ANDROID","platformName":"android","appium:platformVersion":"12","appium:systemPort":8292,"appium:udid":"aihykrce5lrgzhxg"}]}}[39m
[35m[BaseDriver][39m The following capabilities are not standard capabilities and should have an extension prefix:
[35m[BaseDriver][39m   platform
[35m[BaseDriver][39m   chromedriverPort
[35m[Appium][39m Appium v1.22.0 creating new AndroidUiautomator2Driver (v1.69.0) session
[35m[BaseDriver][39m The following capabilities were provided, but are not recognized by Appium:
[35m[BaseDriver][39m   platform
[35m[BaseDriver][39m Session created with session id: db5ffa55-03a4-48f8-bd8b-8a235ab79286
[35m[UiAutomator2][39m Starting 'com.android.settings' directly on the device
[35m[ADB][39m Using 'adb.exe' from 'C:\Users\User\.katalon\tools\android_sdk\platform-tools\adb.exe'
[35m[AndroidDriver][39m Retrieving device list
[35m[AndroidDriver][39m Using device: aihykrce5lrgzhxg
[35m[ADB][39m Using 'adb.exe' from 'C:\Users\User\.katalon\tools\android_sdk\platform-tools\adb.exe'
[35m[ADB][39m Getting device platform version
[35m[UiAutomator2][39m Relaxing hidden api policy
[35m[AndroidDriver][39m No app sent in, not parsing package/activity
[35m[UiAutomator2][39m Server packages are not going to be (re)installed
[35m[ADB][39m Adding packages ["io.appium.settings","io.appium.uiautomator2.server","io.appium.uiautomator2.server.test"] to Doze whitelist
[35m[UiAutomator2][39m Starting UIAutomator2 server 4.24.0
[35m[UiAutomator2][39m Using UIAutomator2 server from 'C:\Users\User\AppData\Roaming\npm\node_modules\appium\node_modules\appium-uiautomator2-server\apks\appium-uiautomator2-server-v4.24.0.apk' and test from 'C:\Users\User\AppData\Roaming\npm\node_modules\appium\node_modules\appium-uiautomator2-server\apks\appium-uiautomator2-server-debug-androidTest.apk'
[35m[UiAutomator2][39m Waiting up to 30000ms for UiAutomator2 to be online...
[35m[WD Proxy][39m Determined the downstream protocol as 'W3C'
[35m[AndroidDriver][39m Screen already unlocked, doing nothing
[35m[UiAutomator2][39m Starting 'com.android.settings/.Settings and waiting for 'com.android.settings/.Settings'
[35m[Appium][39m New AndroidUiautomator2Driver session created successfully, session db5ffa55-03a4-48f8-bd8b-8a235ab79286 added to master session list
[35m[HTTP][39m [37m<-- POST /wd/hub/session [39m[32m200[39m [90m6871 ms - 1181[39m
[35m[HTTP][39m [90m[39m
[35m[HTTP][39m [37m-->[39m [37mGET[39m [37m/wd/hub/session/db5ffa55-03a4-48f8-bd8b-8a235ab79286[39m
[35m[HTTP][39m [90m{}[39m
[35m[HTTP][39m [37m<-- GET /wd/hub/session/db5ffa55-03a4-48f8-bd8b-8a235ab79286 [39m[32m200[39m [90m25 ms - 1135[39m
[35m[HTTP][39m [90m[39m
[35m[HTTP][39m [37m-->[39m [37mGET[39m [37m/wd/hub/session/db5ffa55-03a4-48f8-bd8b-8a235ab79286[39m
[35m[HTTP][39m [90m{}[39m
[35m[HTTP][39m [37m<-- GET /wd/hub/session/db5ffa55-03a4-48f8-bd8b-8a235ab79286 [39m[32m200[39m [90m16 ms - 1135[39m
[35m[HTTP][39m [90m[39m
[35m[HTTP][39m [37m-->[39m [37mGET[39m [37m/wd/hub/status[39m
[35m[HTTP][39m [90m{}[39m
[35m[HTTP][39m [37m<-- GET /wd/hub/status [39m[32m200[39m [90m1 ms - 68[39m
[35m[HTTP][39m [90m[39m
[35m[HTTP][39m [37m-->[39m [37mPOST[39m [37m/wd/hub/session/db5ffa55-03a4-48f8-bd8b-8a235ab79286/timeouts[39m
[35m[HTTP][39m [90m{"implicit":120000}[39m
[35m[HTTP][39m [37m<-- POST /wd/hub/session/db5ffa55-03a4-48f8-bd8b-8a235ab79286/timeouts [39m[32m200[39m [90m1 ms - 14[39m
[35m[HTTP][39m [90m[39m
[35m[HTTP][39m [37m-->[39m [37mGET[39m [37m/wd/hub/session/db5ffa55-03a4-48f8-bd8b-8a235ab79286/screenshot[39m
[35m[HTTP][39m [90m{}[39m
[35m[HTTP][39m [37m<-- GET /wd/hub/session/db5ffa55-03a4-48f8-bd8b-8a235ab79286/screenshot [39m[32m200[39m [90m592 ms - 192356[39m
[35m[HTTP][39m [90m[39m
[35m[HTTP][39m [37m-->[39m [37mGET[39m [37m/wd/hub/session/db5ffa55-03a4-48f8-bd8b-8a235ab79286/window/rect[39m
[35m[HTTP][39m [90m{}[39m
[35m[HTTP][39m [37m<-- GET /wd/hub/session/db5ffa55-03a4-48f8-bd8b-8a235ab79286/window/rect [39m[32m200[39m [90m33 ms - 50[39m
[35m[HTTP][39m [90m[39m
[35m[HTTP][39m [37m-->[39m [37mGET[39m [37m/wd/hub/session/db5ffa55-03a4-48f8-bd8b-8a235ab79286/appium/device/system_bars[39m
[35m[HTTP][39m [90m{}[39m
[35m[HTTP][39m [37m<-- GET /wd/hub/session/db5ffa55-03a4-48f8-bd8b-8a235ab79286/appium/device/system_bars [39m[32m200[39m [90m130 ms - 145[39m
[35m[HTTP][39m [90m[39m
[35m[HTTP][39m [37m-->[39m [37mPOST[39m [37m/wd/hub/session/db5ffa55-03a4-48f8-bd8b-8a235ab79286/appium/device/activate_app[39m
[35m[HTTP][39m [90m{"bundleId":"pkp.mobile.fmui"}[39m
[35m[HTTP][39m [37m<-- POST /wd/hub/session/db5ffa55-03a4-48f8-bd8b-8a235ab79286/appium/device/activate_app [39m[32m-[39m [90m- ms - -[39m
[35m[HTTP][39m [90m[39m
[35m[BaseDriver][39m Shutting down because we waited 1800 seconds for a command
[35m[Appium][39m Closing session, cause was 'New Command Timeout of 1800 seconds expired. Try customizing the timeout using the 'newCommandTimeout' desired capability'
[35m[Appium][39m Removing session 'cf82c958-1691-446a-91cd-0b55e6c34694' from our master session list
[35m[UiAutomator2][39m Did not get confirmation UiAutomator2 deleteSession worked; Error was: UnknownError: An unknown server-side error occurred while processing the command. Original error: 'DELETE /' cannot be proxied to UiAutomator2 server because the instrumentation process is not running (probably crashed). Check the server log and/or the logcat output for more details
[35m[UiAutomator2][39m Restoring hidden api policy to the device default configuration
[35m[BaseDriver][39m Shutting down because we waited 1800 seconds for a command
[35m[Appium][39m Closing session, cause was 'New Command Timeout of 1800 seconds expired. Try customizing the timeout using the 'newCommandTimeout' desired capability'
[35m[Appium][39m Removing session 'db5ffa55-03a4-48f8-bd8b-8a235ab79286' from our master session list
[35m[UiAutomator2][39m Did not get confirmation UiAutomator2 deleteSession worked; Error was: UnknownError: An unknown server-side error occurred while processing the command. Original error: 'DELETE /' cannot be proxied to UiAutomator2 server because the instrumentation process is not running (probably crashed). Check the server log and/or the logcat output for more details
[35m[UiAutomator2][39m Restoring hidden api policy to the device default configuration
