[35m[Appium][39m Welcome to Appium v1.22.0
[35m[Appium][39m Non-default server args:
[35m[Appium][39m   port: 49510
[35m[Appium][39m   loglevel: info
[35m[Appium][39m   tmpDir: C:\Users\User\AppData\Local\Temp\\Katalon\Appium\Temp1689058753159
[35m[Appium][39m   chromedriverPort: 49511
[35m[Appium][39m Deprecated server args:
[35m[Appium][39m   [31m--chromedriver-port[39m => --default-capabilities
[35m[Appium][39m Default capabilities, which will be added to each request unless overridden by desired capabilities:
[35m[Appium][39m   chromedriverPort: 49511
[35m[Appium][39m Appium REST http interface listener started on 0.0.0.0:49510
[35m[HTTP][39m [37m-->[39m [37mGET[39m [37m/wd/hub/status[39m
[35m[HTTP][39m [90m{}[39m
[35m[HTTP][39m [37m<-- GET /wd/hub/status [39m[32m200[39m [90m29 ms - 68[39m
[35m[HTTP][39m [90m[39m
[35m[HTTP][39m [37m-->[39m [37mPOST[39m [37m/wd/hub/session[39m
[35m[HTTP][39m [90m{"desiredCapabilities":{"appActivity":".Settings","appPackage":"com.android.settings","newCommandTimeout":1800,"platformVersion":"12","automationName":"uiautomator2","autoGrantPermissions":true,"platformName":"Android","udid":"aihykrce5lrgzhxg","deviceName":"Xiaomi M2103K19PG (Android 12)","platform":"ANDROID","systemPort":8291},"capabilities":{"firstMatch":[{"appium:appActivity":".Settings","appium:appPackage":"com.android.settings","appium:autoGrantPermissions":true,"appium:automationName":"uiautomator2","appium:deviceName":"Xiaomi M2103K19PG (Android 12)","appium:newCommandTimeout":1800,"platform":"ANDROID","platformName":"android","appium:platformVersion":"12","appium:systemPort":8291,"appium:udid":"aihykrce5lrgzhxg"}]}}[39m
[35m[BaseDriver][39m The following capabilities are not standard capabilities and should have an extension prefix:
[35m[BaseDriver][39m   platform
[35m[BaseDriver][39m   chromedriverPort
[35m[Appium][39m Appium v1.22.0 creating new AndroidUiautomator2Driver (v1.69.0) session
[35m[BaseDriver][39m The following capabilities were provided, but are not recognized by Appium:
[35m[BaseDriver][39m   platform
[35m[BaseDriver][39m Session created with session id: 62261862-b863-48fb-9b13-608eaf0290aa
[35m[UiAutomator2][39m Starting 'com.android.settings' directly on the device
[35m[ADB][39m Found 1 'build-tools' folders under 'C:\Users\User\.katalon\tools\android_sdk' (newest first):
[35m[ADB][39m     C:/Users/User/.katalon/tools/android_sdk/build-tools/29.0.3
[35m[ADB][39m Using 'adb.exe' from 'C:\Users\User\.katalon\tools\android_sdk\platform-tools\adb.exe'
[35m[AndroidDriver][39m Retrieving device list
[35m[AndroidDriver][39m Using device: aihykrce5lrgzhxg
[35m[ADB][39m Using 'adb.exe' from 'C:\Users\User\.katalon\tools\android_sdk\platform-tools\adb.exe'
[35m[ADB][39m Getting device platform version
[35m[UiAutomator2][39m Relaxing hidden api policy
[35m[AndroidDriver][39m No app sent in, not parsing package/activity
[35m[ADB][39m Using 'apksigner.jar' from 'C:\Users\User\.katalon\tools\android_sdk\build-tools\29.0.3\lib\apksigner.jar'
[35m[ADB][39m 'C:\Users\User\AppData\Roaming\npm\node_modules\appium\node_modules\appium-uiautomator2-server\apks\appium-uiautomator2-server-v4.24.0.apk' is signed with the default certificate
[35m[ADB][39m 'C:\Users\User\AppData\Roaming\npm\node_modules\appium\node_modules\appium-uiautomator2-server\apks\appium-uiautomator2-server-debug-androidTest.apk' is signed with the default certificate
[35m[UiAutomator2][39m Server packages are not going to be (re)installed
[35m[ADB][39m Adding packages ["io.appium.settings","io.appium.uiautomator2.server","io.appium.uiautomator2.server.test"] to Doze whitelist
[35m[UiAutomator2][39m Starting UIAutomator2 server 4.24.0
[35m[UiAutomator2][39m Using UIAutomator2 server from 'C:\Users\User\AppData\Roaming\npm\node_modules\appium\node_modules\appium-uiautomator2-server\apks\appium-uiautomator2-server-v4.24.0.apk' and test from 'C:\Users\User\AppData\Roaming\npm\node_modules\appium\node_modules\appium-uiautomator2-server\apks\appium-uiautomator2-server-debug-androidTest.apk'
[35m[UiAutomator2][39m Waiting up to 30000ms for UiAutomator2 to be online...
[35m[WD Proxy][39m socket hang up
[35m[WD Proxy][39m socket hang up
[35m[WD Proxy][39m socket hang up
[35m[WD Proxy][39m socket hang up
[35m[WD Proxy][39m socket hang up
[35m[WD Proxy][39m socket hang up
[35m[WD Proxy][39m socket hang up
[35m[WD Proxy][39m Determined the downstream protocol as 'W3C'
[35m[AndroidDriver][39m Screen already unlocked, doing nothing
[35m[UiAutomator2][39m Starting 'com.android.settings/.Settings and waiting for 'com.android.settings/.Settings'
[35m[Appium][39m New AndroidUiautomator2Driver session created successfully, session 62261862-b863-48fb-9b13-608eaf0290aa added to master session list
[35m[HTTP][39m [37m<-- POST /wd/hub/session [39m[32m200[39m [90m13007 ms - 1181[39m
[35m[HTTP][39m [90m[39m
[35m[HTTP][39m [37m-->[39m [37mGET[39m [37m/wd/hub/session/62261862-b863-48fb-9b13-608eaf0290aa[39m
[35m[HTTP][39m [90m{}[39m
[35m[HTTP][39m [37m<-- GET /wd/hub/session/62261862-b863-48fb-9b13-608eaf0290aa [39m[32m200[39m [90m7 ms - 1135[39m
[35m[HTTP][39m [90m[39m
[35m[HTTP][39m [37m-->[39m [37mGET[39m [37m/wd/hub/session/62261862-b863-48fb-9b13-608eaf0290aa[39m
[35m[HTTP][39m [90m{}[39m
[35m[HTTP][39m [37m<-- GET /wd/hub/session/62261862-b863-48fb-9b13-608eaf0290aa [39m[32m200[39m [90m6 ms - 1135[39m
[35m[HTTP][39m [90m[39m
[35m[HTTP][39m [37m-->[39m [37mGET[39m [37m/wd/hub/status[39m
[35m[HTTP][39m [90m{}[39m
[35m[HTTP][39m [37m<-- GET /wd/hub/status [39m[32m200[39m [90m1 ms - 68[39m
[35m[HTTP][39m [90m[39m
[35m[HTTP][39m [37m-->[39m [37mPOST[39m [37m/wd/hub/session/62261862-b863-48fb-9b13-608eaf0290aa/timeouts[39m
[35m[HTTP][39m [90m{"implicit":120000}[39m
[35m[HTTP][39m [37m<-- POST /wd/hub/session/62261862-b863-48fb-9b13-608eaf0290aa/timeouts [39m[32m200[39m [90m2 ms - 14[39m
[35m[HTTP][39m [90m[39m
[35m[HTTP][39m [37m-->[39m [37mGET[39m [37m/wd/hub/session/62261862-b863-48fb-9b13-608eaf0290aa/screenshot[39m
[35m[HTTP][39m [90m{}[39m
[35m[HTTP][39m [37m<-- GET /wd/hub/session/62261862-b863-48fb-9b13-608eaf0290aa/screenshot [39m[32m200[39m [90m433 ms - 186346[39m
[35m[HTTP][39m [90m[39m
[35m[HTTP][39m [37m-->[39m [37mGET[39m [37m/wd/hub/session/62261862-b863-48fb-9b13-608eaf0290aa/window/rect[39m
[35m[HTTP][39m [90m{}[39m
[35m[HTTP][39m [37m<-- GET /wd/hub/session/62261862-b863-48fb-9b13-608eaf0290aa/window/rect [39m[32m200[39m [90m13 ms - 50[39m
[35m[HTTP][39m [90m[39m
[35m[HTTP][39m [37m-->[39m [37mGET[39m [37m/wd/hub/session/62261862-b863-48fb-9b13-608eaf0290aa/appium/device/system_bars[39m
[35m[HTTP][39m [90m{}[39m
[35m[HTTP][39m [37m<-- GET /wd/hub/session/62261862-b863-48fb-9b13-608eaf0290aa/appium/device/system_bars [39m[32m200[39m [90m118 ms - 145[39m
[35m[HTTP][39m [90m[39m
[35m[HTTP][39m [37m-->[39m [37mPOST[39m [37m/wd/hub/session/62261862-b863-48fb-9b13-608eaf0290aa/appium/device/activate_app[39m
[35m[HTTP][39m [90m{"bundleId":"pkp.mobile.fmui"}[39m
[35m[HTTP][39m [37m<-- POST /wd/hub/session/62261862-b863-48fb-9b13-608eaf0290aa/appium/device/activate_app [39m[32m200[39m [90m3486 ms - 14[39m
[35m[HTTP][39m [90m[39m
[35m[HTTP][39m [37m-->[39m [37mPOST[39m [37m/wd/hub/session/62261862-b863-48fb-9b13-608eaf0290aa/timeouts[39m
[35m[HTTP][39m [90m{"implicit":50}[39m
[35m[HTTP][39m [37m<-- POST /wd/hub/session/62261862-b863-48fb-9b13-608eaf0290aa/timeouts [39m[32m200[39m [90m2 ms - 14[39m
[35m[HTTP][39m [90m[39m
[35m[HTTP][39m [37m-->[39m [37mGET[39m [37m/wd/hub/session/62261862-b863-48fb-9b13-608eaf0290aa/window/rect[39m
[35m[HTTP][39m [90m{}[39m
[35m[HTTP][39m [37m<-- GET /wd/hub/session/62261862-b863-48fb-9b13-608eaf0290aa/window/rect [39m[32m200[39m [90m18 ms - 50[39m
[35m[HTTP][39m [90m[39m
[35m[HTTP][39m [37m-->[39m [37mPOST[39m [37m/wd/hub/session/62261862-b863-48fb-9b13-608eaf0290aa/elements[39m
[35m[HTTP][39m [90m{"using":"xpath","value":"//*[@class = 'android.widget.ImageView' and (@text = 'Masukan Username' or . = 'Masukan Username') and @resource-id = '']"}[39m
[35m[HTTP][39m [37m<-- POST /wd/hub/session/62261862-b863-48fb-9b13-608eaf0290aa/elements [39m[32m200[39m [90m392 ms - 139[39m
[35m[HTTP][39m [90m[39m
[35m[HTTP][39m [37m-->[39m [37mGET[39m [37m/wd/hub/session/62261862-b863-48fb-9b13-608eaf0290aa/element/00000000-0000-01c2-0000-007000000003/location[39m
[35m[HTTP][39m [90m{}[39m
[35m[W3C (62261862)][39m Driver proxy active, passing request on via HTTP proxy
[35m[WD Proxy][39m Replacing sessionId c76223a2-43c4-4382-8ea1-df17b87e514f with 62261862-b863-48fb-9b13-608eaf0290aa
[35m[HTTP][39m [37m<-- GET /wd/hub/session/62261862-b863-48fb-9b13-608eaf0290aa/element/00000000-0000-01c2-0000-007000000003/location [39m[32m200[39m [90m14 ms - 78[39m
[35m[HTTP][39m [90m[39m
[35m[HTTP][39m [37m-->[39m [37mPOST[39m [37m/wd/hub/session/62261862-b863-48fb-9b13-608eaf0290aa/timeouts[39m
[35m[HTTP][39m [90m{"implicit":120000}[39m
[35m[HTTP][39m [37m<-- POST /wd/hub/session/62261862-b863-48fb-9b13-608eaf0290aa/timeouts [39m[32m200[39m [90m2 ms - 14[39m
[35m[HTTP][39m [90m[39m
[35m[HTTP][39m [37m-->[39m [37mPOST[39m [37m/wd/hub/session/62261862-b863-48fb-9b13-608eaf0290aa/element/00000000-0000-01c2-0000-007000000003/click[39m
[35m[HTTP][39m [90m{"id":"00000000-0000-01c2-0000-007000000003"}[39m
[35m[HTTP][39m [37m<-- POST /wd/hub/session/62261862-b863-48fb-9b13-608eaf0290aa/element/00000000-0000-01c2-0000-007000000003/click [39m[32m200[39m [90m117 ms - 14[39m
[35m[HTTP][39m [90m[39m
[35m[HTTP][39m [37m-->[39m [37mPOST[39m [37m/wd/hub/session/62261862-b863-48fb-9b13-608eaf0290aa/actions[39m
[35m[HTTP][39m [90m{"actions":[{"type":"key","actions":[{"type":"keyDown","value":"t"},{"type":"keyUp","value":"t"},{"type":"keyDown","value":"e"},{"type":"keyUp","value":"e"},{"type":"keyDown","value":"s"},{"type":"keyUp","value":"s"},{"type":"keyDown","value":"t"},{"type":"keyUp","value":"t"},{"type":"keyDown","value":"j"},{"type":"keyUp","value":"j"},{"type":"keyDown","value":"i"},{"type":"keyUp","value":"i"},{"type":"keyDown","value":"n"},{"type":"keyUp","value":"n"},{"type":"keyDown","value":"y"},{"type":"keyUp","value":"y"},{"type":"keyDown","value":"a"},{"type":"keyUp","value":"a"},{"type":"keyDown","value":"t"},{"type":"keyUp","value":"t"},{"type":"keyDown","value":"a"},{"type":"keyUp","value":"a"}],"id":"keyboard"}]}[39m
[35m[HTTP][39m [37m<-- POST /wd/hub/session/62261862-b863-48fb-9b13-608eaf0290aa/actions [39m[32m200[39m [90m497 ms - 14[39m
[35m[HTTP][39m [90m[39m
[35m[HTTP][39m [37m-->[39m [37mGET[39m [37m/wd/hub/session/62261862-b863-48fb-9b13-608eaf0290aa/context[39m
[35m[HTTP][39m [90m{}[39m
[35m[HTTP][39m [37m<-- GET /wd/hub/session/62261862-b863-48fb-9b13-608eaf0290aa/context [39m[32m200[39m [90m1 ms - 22[39m
[35m[HTTP][39m [90m[39m
[35m[HTTP][39m [37m-->[39m [37mGET[39m [37m/wd/hub/session/62261862-b863-48fb-9b13-608eaf0290aa/contexts[39m
[35m[HTTP][39m [90m{}[39m
[35m[HTTP][39m [37m<-- GET /wd/hub/session/62261862-b863-48fb-9b13-608eaf0290aa/contexts [39m[32m200[39m [90m118 ms - 24[39m
[35m[HTTP][39m [90m[39m
[35m[HTTP][39m [37m-->[39m [37mPOST[39m [37m/wd/hub/session/62261862-b863-48fb-9b13-608eaf0290aa/context[39m
[35m[HTTP][39m [90m{"name":"NATIVE_APP"}[39m
[35m[HTTP][39m [37m<-- POST /wd/hub/session/62261862-b863-48fb-9b13-608eaf0290aa/context [39m[32m200[39m [90m1 ms - 14[39m
[35m[HTTP][39m [90m[39m
[35m[HTTP][39m [37m-->[39m [37mPOST[39m [37m/wd/hub/session/62261862-b863-48fb-9b13-608eaf0290aa/appium/device/hide_keyboard[39m
[35m[HTTP][39m [90m{}[39m
[35m[HTTP][39m [37m<-- POST /wd/hub/session/62261862-b863-48fb-9b13-608eaf0290aa/appium/device/hide_keyboard [39m[32m200[39m [90m1591 ms - 14[39m
[35m[HTTP][39m [90m[39m
[35m[HTTP][39m [37m-->[39m [37mPOST[39m [37m/wd/hub/session/62261862-b863-48fb-9b13-608eaf0290aa/context[39m
[35m[HTTP][39m [90m{"name":"NATIVE_APP"}[39m
[35m[HTTP][39m [37m<-- POST /wd/hub/session/62261862-b863-48fb-9b13-608eaf0290aa/context [39m[32m200[39m [90m1 ms - 14[39m
[35m[HTTP][39m [90m[39m
[35m[HTTP][39m [37m-->[39m [37mPOST[39m [37m/wd/hub/session/62261862-b863-48fb-9b13-608eaf0290aa/timeouts[39m
[35m[HTTP][39m [90m{"implicit":50}[39m
[35m[HTTP][39m [37m<-- POST /wd/hub/session/62261862-b863-48fb-9b13-608eaf0290aa/timeouts [39m[32m200[39m [90m2 ms - 14[39m
[35m[HTTP][39m [90m[39m
[35m[HTTP][39m [37m-->[39m [37mGET[39m [37m/wd/hub/session/62261862-b863-48fb-9b13-608eaf0290aa/window/rect[39m
[35m[HTTP][39m [90m{}[39m
[35m[HTTP][39m [37m<-- GET /wd/hub/session/62261862-b863-48fb-9b13-608eaf0290aa/window/rect [39m[32m200[39m [90m16 ms - 50[39m
[35m[HTTP][39m [90m[39m
[35m[HTTP][39m [37m-->[39m [37mPOST[39m [37m/wd/hub/session/62261862-b863-48fb-9b13-608eaf0290aa/elements[39m
[35m[HTTP][39m [90m{"using":"xpath","value":"//*[@class = 'android.widget.ImageView' and (@text = 'Masukan Password' or . = 'Masukan Password') and @resource-id = '']"}[39m
[35m[HTTP][39m [37m<-- POST /wd/hub/session/62261862-b863-48fb-9b13-608eaf0290aa/elements [39m[32m200[39m [90m641 ms - 139[39m
[35m[HTTP][39m [90m[39m
[35m[HTTP][39m [37m-->[39m [37mGET[39m [37m/wd/hub/session/62261862-b863-48fb-9b13-608eaf0290aa/element/00000000-0000-01c2-0000-007200000003/location[39m
[35m[HTTP][39m [90m{}[39m
[35m[W3C (62261862)][39m Driver proxy active, passing request on via HTTP proxy
[35m[WD Proxy][39m Replacing sessionId c76223a2-43c4-4382-8ea1-df17b87e514f with 62261862-b863-48fb-9b13-608eaf0290aa
[35m[HTTP][39m [37m<-- GET /wd/hub/session/62261862-b863-48fb-9b13-608eaf0290aa/element/00000000-0000-01c2-0000-007200000003/location [39m[32m200[39m [90m34 ms - 78[39m
[35m[HTTP][39m [90m[39m
[35m[HTTP][39m [37m-->[39m [37mPOST[39m [37m/wd/hub/session/62261862-b863-48fb-9b13-608eaf0290aa/timeouts[39m
[35m[HTTP][39m [90m{"implicit":120000}[39m
[35m[HTTP][39m [37m<-- POST /wd/hub/session/62261862-b863-48fb-9b13-608eaf0290aa/timeouts [39m[32m200[39m [90m1 ms - 14[39m
[35m[HTTP][39m [90m[39m
[35m[HTTP][39m [37m-->[39m [37mPOST[39m [37m/wd/hub/session/62261862-b863-48fb-9b13-608eaf0290aa/element/00000000-0000-01c2-0000-007200000003/click[39m
[35m[HTTP][39m [90m{"id":"00000000-0000-01c2-0000-007200000003"}[39m
[35m[HTTP][39m [37m<-- POST /wd/hub/session/62261862-b863-48fb-9b13-608eaf0290aa/element/00000000-0000-01c2-0000-007200000003/click [39m[32m200[39m [90m73 ms - 14[39m
[35m[HTTP][39m [90m[39m
[35m[HTTP][39m [37m-->[39m [37mPOST[39m [37m/wd/hub/session/62261862-b863-48fb-9b13-608eaf0290aa/actions[39m
[35m[HTTP][39m [90m{"actions":[{"type":"key","actions":[{"type":"keyDown","value":"j"},{"type":"keyUp","value":"j"},{"type":"keyDown","value":"p"},{"type":"keyUp","value":"p"},{"type":"keyDown","value":"2"},{"type":"keyUp","value":"2"},{"type":"keyDown","value":"h"},{"type":"keyUp","value":"h"},{"type":"keyDown","value":"v"},{"type":"keyUp","value":"v"},{"type":"keyDown","value":"x"},{"type":"keyUp","value":"x"},{"type":"keyDown","value":"H"},{"type":"keyUp","value":"H"},{"type":"keyDown","value":"H"},{"type":"keyUp","value":"H"},{"type":"keyDown","value":"K"},{"type":"keyUp","value":"K"},{"type":"keyDown","value":"/"},{"type":"keyUp","value":"/"},{"type":"keyDown","value":"h"},{"type":"keyUp","value":"h"},{"type":"keyDown","value":"h"},{"type":"keyUp","value":"h"},{"type":"keyDown","value":"c"},{"type":"keyUp","value":"c"},{"type":"keyDown","value":"v"},{"type":"keyUp","value":"v"},{"type":"keyDown","value":"/"},{"type":"keyUp","value":"/"},{"type":"keyDown","value":"z"},{"type":"keyUp","value":"z"},{"type":"keyDown","value...[39m
[35m[HTTP][39m [37m<-- POST /wd/hub/session/62261862-b863-48fb-9b13-608eaf0290aa/actions [39m[32m200[39m [90m3004 ms - 14[39m
[35m[HTTP][39m [90m[39m
[35m[HTTP][39m [37m-->[39m [37mGET[39m [37m/wd/hub/session/62261862-b863-48fb-9b13-608eaf0290aa/context[39m
[35m[HTTP][39m [90m{}[39m
[35m[HTTP][39m [37m<-- GET /wd/hub/session/62261862-b863-48fb-9b13-608eaf0290aa/context [39m[32m200[39m [90m2 ms - 22[39m
[35m[HTTP][39m [90m[39m
[35m[HTTP][39m [37m-->[39m [37mGET[39m [37m/wd/hub/session/62261862-b863-48fb-9b13-608eaf0290aa/contexts[39m
[35m[HTTP][39m [90m{}[39m
[35m[HTTP][39m [37m<-- GET /wd/hub/session/62261862-b863-48fb-9b13-608eaf0290aa/contexts [39m[32m200[39m [90m83 ms - 24[39m
[35m[HTTP][39m [90m[39m
[35m[HTTP][39m [37m-->[39m [37mPOST[39m [37m/wd/hub/session/62261862-b863-48fb-9b13-608eaf0290aa/context[39m
[35m[HTTP][39m [90m{"name":"NATIVE_APP"}[39m
[35m[HTTP][39m [37m<-- POST /wd/hub/session/62261862-b863-48fb-9b13-608eaf0290aa/context [39m[32m200[39m [90m4 ms - 14[39m
[35m[HTTP][39m [90m[39m
[35m[HTTP][39m [37m-->[39m [37mPOST[39m [37m/wd/hub/session/62261862-b863-48fb-9b13-608eaf0290aa/appium/device/hide_keyboard[39m
[35m[HTTP][39m [90m{}[39m
[35m[HTTP][39m [37m<-- POST /wd/hub/session/62261862-b863-48fb-9b13-608eaf0290aa/appium/device/hide_keyboard [39m[32m200[39m [90m1687 ms - 14[39m
[35m[HTTP][39m [90m[39m
[35m[HTTP][39m [37m-->[39m [37mPOST[39m [37m/wd/hub/session/62261862-b863-48fb-9b13-608eaf0290aa/context[39m
[35m[HTTP][39m [90m{"name":"NATIVE_APP"}[39m
[35m[HTTP][39m [37m<-- POST /wd/hub/session/62261862-b863-48fb-9b13-608eaf0290aa/context [39m[32m200[39m [90m1 ms - 14[39m
[35m[HTTP][39m [90m[39m
[35m[HTTP][39m [37m-->[39m [37mPOST[39m [37m/wd/hub/session/62261862-b863-48fb-9b13-608eaf0290aa/timeouts[39m
[35m[HTTP][39m [90m{"implicit":50}[39m
[35m[HTTP][39m [37m<-- POST /wd/hub/session/62261862-b863-48fb-9b13-608eaf0290aa/timeouts [39m[32m200[39m [90m2 ms - 14[39m
[35m[HTTP][39m [90m[39m
[35m[HTTP][39m [37m-->[39m [37mGET[39m [37m/wd/hub/session/62261862-b863-48fb-9b13-608eaf0290aa/window/rect[39m
[35m[HTTP][39m [90m{}[39m
[35m[HTTP][39m [37m<-- GET /wd/hub/session/62261862-b863-48fb-9b13-608eaf0290aa/window/rect [39m[32m200[39m [90m13 ms - 50[39m
[35m[HTTP][39m [90m[39m
[35m[HTTP][39m [37m-->[39m [37mPOST[39m [37m/wd/hub/session/62261862-b863-48fb-9b13-608eaf0290aa/elements[39m
[35m[HTTP][39m [90m{"using":"xpath","value":"//hierarchy/android.widget.FrameLayout[1]/android.widget.LinearLayout[1]/android.widget.FrameLayout[1]/android.widget.FrameLayout[1]/android.view.View[1]/android.view.View[1]/android.view.View[1]/android.view.View[1]/android.widget.ScrollView[1]/android.view.View[9]"}[39m
[35m[HTTP][39m [37m<-- POST /wd/hub/session/62261862-b863-48fb-9b13-608eaf0290aa/elements [39m[32m200[39m [90m1441 ms - 139[39m
[35m[HTTP][39m [90m[39m
[35m[HTTP][39m [37m-->[39m [37mGET[39m [37m/wd/hub/session/62261862-b863-48fb-9b13-608eaf0290aa/element/00000000-0000-01c2-0000-007500000003/location[39m
[35m[HTTP][39m [90m{}[39m
[35m[W3C (62261862)][39m Driver proxy active, passing request on via HTTP proxy
[35m[WD Proxy][39m Replacing sessionId c76223a2-43c4-4382-8ea1-df17b87e514f with 62261862-b863-48fb-9b13-608eaf0290aa
[35m[HTTP][39m [37m<-- GET /wd/hub/session/62261862-b863-48fb-9b13-608eaf0290aa/element/00000000-0000-01c2-0000-007500000003/location [39m[32m200[39m [90m36 ms - 78[39m
[35m[HTTP][39m [90m[39m
[35m[HTTP][39m [37m-->[39m [37mPOST[39m [37m/wd/hub/session/62261862-b863-48fb-9b13-608eaf0290aa/timeouts[39m
[35m[HTTP][39m [90m{"implicit":120000}[39m
[35m[HTTP][39m [37m<-- POST /wd/hub/session/62261862-b863-48fb-9b13-608eaf0290aa/timeouts [39m[32m200[39m [90m2 ms - 14[39m
[35m[HTTP][39m [90m[39m
[35m[HTTP][39m [37m-->[39m [37mPOST[39m [37m/wd/hub/session/62261862-b863-48fb-9b13-608eaf0290aa/element/00000000-0000-01c2-0000-007500000003/click[39m
[35m[HTTP][39m [90m{"id":"00000000-0000-01c2-0000-007500000003"}[39m
[35m[HTTP][39m [37m<-- POST /wd/hub/session/62261862-b863-48fb-9b13-608eaf0290aa/element/00000000-0000-01c2-0000-007500000003/click [39m[32m200[39m [90m68 ms - 14[39m
[35m[HTTP][39m [90m[39m
[35m[HTTP][39m [37m-->[39m [37mPOST[39m [37m/wd/hub/session/62261862-b863-48fb-9b13-608eaf0290aa/timeouts[39m
[35m[HTTP][39m [90m{"implicit":50}[39m
[35m[HTTP][39m [37m<-- POST /wd/hub/session/62261862-b863-48fb-9b13-608eaf0290aa/timeouts [39m[32m200[39m [90m1 ms - 14[39m
[35m[HTTP][39m [90m[39m
[35m[HTTP][39m [37m-->[39m [37mGET[39m [37m/wd/hub/session/62261862-b863-48fb-9b13-608eaf0290aa/window/rect[39m
[35m[HTTP][39m [90m{}[39m
[35m[HTTP][39m [37m<-- GET /wd/hub/session/62261862-b863-48fb-9b13-608eaf0290aa/window/rect [39m[32m200[39m [90m11 ms - 50[39m
[35m[HTTP][39m [90m[39m
[35m[HTTP][39m [37m-->[39m [37mPOST[39m [37m/wd/hub/session/62261862-b863-48fb-9b13-608eaf0290aa/elements[39m
[35m[HTTP][39m [90m{"using":"xpath","value":"//hierarchy/android.widget.FrameLayout[1]/android.widget.LinearLayout[1]/android.widget.FrameLayout[1]/android.widget.FrameLayout[1]/android.view.View[1]/android.view.View[1]/android.view.View[1]/android.view.View[1]/android.view.View[3]"}[39m
[35m[HTTP][39m [37m<-- POST /wd/hub/session/62261862-b863-48fb-9b13-608eaf0290aa/elements [39m[32m200[39m [90m467 ms - 12[39m
[35m[HTTP][39m [90m[39m
[35m[HTTP][39m [37m-->[39m [37mPOST[39m [37m/wd/hub/session/62261862-b863-48fb-9b13-608eaf0290aa/elements[39m
[35m[HTTP][39m [90m{"using":"xpath","value":"//hierarchy/android.widget.FrameLayout[1]/android.widget.LinearLayout[1]/android.widget.FrameLayout[1]/android.widget.FrameLayout[1]/android.view.View[1]/android.view.View[1]/android.view.View[1]/android.view.View[1]/android.view.View[3]"}[39m
[35m[HTTP][39m [37m<-- POST /wd/hub/session/62261862-b863-48fb-9b13-608eaf0290aa/elements [39m[32m200[39m [90m805 ms - 12[39m
[35m[HTTP][39m [90m[39m
[35m[HTTP][39m [37m-->[39m [37mPOST[39m [37m/wd/hub/session/62261862-b863-48fb-9b13-608eaf0290aa/elements[39m
[35m[HTTP][39m [90m{"using":"xpath","value":"//hierarchy/android.widget.FrameLayout[1]/android.widget.LinearLayout[1]/android.widget.FrameLayout[1]/android.widget.FrameLayout[1]/android.view.View[1]/android.view.View[1]/android.view.View[1]/android.view.View[1]/android.view.View[3]"}[39m
[35m[HTTP][39m [37m<-- POST /wd/hub/session/62261862-b863-48fb-9b13-608eaf0290aa/elements [39m[32m200[39m [90m149 ms - 12[39m
[35m[HTTP][39m [90m[39m
[35m[HTTP][39m [37m-->[39m [37mPOST[39m [37m/wd/hub/session/62261862-b863-48fb-9b13-608eaf0290aa/elements[39m
[35m[HTTP][39m [90m{"using":"xpath","value":"//hierarchy/android.widget.FrameLayout[1]/android.widget.LinearLayout[1]/android.widget.FrameLayout[1]/android.widget.FrameLayout[1]/android.view.View[1]/android.view.View[1]/android.view.View[1]/android.view.View[1]/android.view.View[3]"}[39m
[35m[HTTP][39m [37m<-- POST /wd/hub/session/62261862-b863-48fb-9b13-608eaf0290aa/elements [39m[32m200[39m [90m150 ms - 12[39m
[35m[HTTP][39m [90m[39m
[35m[HTTP][39m [37m-->[39m [37mPOST[39m [37m/wd/hub/session/62261862-b863-48fb-9b13-608eaf0290aa/elements[39m
[35m[HTTP][39m [90m{"using":"xpath","value":"//hierarchy/android.widget.FrameLayout[1]/android.widget.LinearLayout[1]/android.widget.FrameLayout[1]/android.widget.FrameLayout[1]/android.view.View[1]/android.view.View[1]/android.view.View[1]/android.view.View[1]/android.view.View[3]"}[39m
[35m[HTTP][39m [37m<-- POST /wd/hub/session/62261862-b863-48fb-9b13-608eaf0290aa/elements [39m[32m200[39m [90m75 ms - 12[39m
[35m[HTTP][39m [90m[39m
[35m[HTTP][39m [37m-->[39m [37mPOST[39m [37m/wd/hub/session/62261862-b863-48fb-9b13-608eaf0290aa/elements[39m
[35m[HTTP][39m [90m{"using":"xpath","value":"//hierarchy/android.widget.FrameLayout[1]/android.widget.LinearLayout[1]/android.widget.FrameLayout[1]/android.widget.FrameLayout[1]/android.view.View[1]/android.view.View[1]/android.view.View[1]/android.view.View[1]/android.view.View[3]"}[39m
[35m[HTTP][39m [37m<-- POST /wd/hub/session/62261862-b863-48fb-9b13-608eaf0290aa/elements [39m[32m200[39m [90m62 ms - 12[39m
[35m[HTTP][39m [90m[39m
[35m[HTTP][39m [37m-->[39m [37mPOST[39m [37m/wd/hub/session/62261862-b863-48fb-9b13-608eaf0290aa/elements[39m
[35m[HTTP][39m [90m{"using":"xpath","value":"//hierarchy/android.widget.FrameLayout[1]/android.widget.LinearLayout[1]/android.widget.FrameLayout[1]/android.widget.FrameLayout[1]/android.view.View[1]/android.view.View[1]/android.view.View[1]/android.view.View[1]/android.view.View[3]"}[39m
[35m[HTTP][39m [37m<-- POST /wd/hub/session/62261862-b863-48fb-9b13-608eaf0290aa/elements [39m[32m200[39m [90m72 ms - 12[39m
[35m[HTTP][39m [90m[39m
[35m[HTTP][39m [37m-->[39m [37mPOST[39m [37m/wd/hub/session/62261862-b863-48fb-9b13-608eaf0290aa/elements[39m
[35m[HTTP][39m [90m{"using":"xpath","value":"//hierarchy/android.widget.FrameLayout[1]/android.widget.LinearLayout[1]/android.widget.FrameLayout[1]/android.widget.FrameLayout[1]/android.view.View[1]/android.view.View[1]/android.view.View[1]/android.view.View[1]/android.view.View[3]"}[39m
[35m[HTTP][39m [37m<-- POST /wd/hub/session/62261862-b863-48fb-9b13-608eaf0290aa/elements [39m[32m200[39m [90m63 ms - 12[39m
[35m[HTTP][39m [90m[39m
[35m[HTTP][39m [37m-->[39m [37mPOST[39m [37m/wd/hub/session/62261862-b863-48fb-9b13-608eaf0290aa/elements[39m
[35m[HTTP][39m [90m{"using":"xpath","value":"//hierarchy/android.widget.FrameLayout[1]/android.widget.LinearLayout[1]/android.widget.FrameLayout[1]/android.widget.FrameLayout[1]/android.view.View[1]/android.view.View[1]/android.view.View[1]/android.view.View[1]/android.view.View[3]"}[39m
[35m[HTTP][39m [37m<-- POST /wd/hub/session/62261862-b863-48fb-9b13-608eaf0290aa/elements [39m[32m200[39m [90m66 ms - 12[39m
[35m[HTTP][39m [90m[39m
[35m[HTTP][39m [37m-->[39m [37mPOST[39m [37m/wd/hub/session/62261862-b863-48fb-9b13-608eaf0290aa/elements[39m
[35m[HTTP][39m [90m{"using":"xpath","value":"//hierarchy/android.widget.FrameLayout[1]/android.widget.LinearLayout[1]/android.widget.FrameLayout[1]/android.widget.FrameLayout[1]/android.view.View[1]/android.view.View[1]/android.view.View[1]/android.view.View[1]/android.view.View[3]"}[39m
[35m[HTTP][39m [37m<-- POST /wd/hub/session/62261862-b863-48fb-9b13-608eaf0290aa/elements [39m[32m200[39m [90m62 ms - 12[39m
[35m[HTTP][39m [90m[39m
[35m[HTTP][39m [37m-->[39m [37mPOST[39m [37m/wd/hub/session/62261862-b863-48fb-9b13-608eaf0290aa/elements[39m
[35m[HTTP][39m [90m{"using":"xpath","value":"//hierarchy/android.widget.FrameLayout[1]/android.widget.LinearLayout[1]/android.widget.FrameLayout[1]/android.widget.FrameLayout[1]/android.view.View[1]/android.view.View[1]/android.view.View[1]/android.view.View[1]/android.view.View[3]"}[39m
[35m[HTTP][39m [37m<-- POST /wd/hub/session/62261862-b863-48fb-9b13-608eaf0290aa/elements [39m[32m200[39m [90m75 ms - 12[39m
[35m[HTTP][39m [90m[39m
[35m[HTTP][39m [37m-->[39m [37mPOST[39m [37m/wd/hub/session/62261862-b863-48fb-9b13-608eaf0290aa/elements[39m
[35m[HTTP][39m [90m{"using":"xpath","value":"//hierarchy/android.widget.FrameLayout[1]/android.widget.LinearLayout[1]/android.widget.FrameLayout[1]/android.widget.FrameLayout[1]/android.view.View[1]/android.view.View[1]/android.view.View[1]/android.view.View[1]/android.view.View[3]"}[39m
[35m[HTTP][39m [37m<-- POST /wd/hub/session/62261862-b863-48fb-9b13-608eaf0290aa/elements [39m[32m200[39m [90m72 ms - 12[39m
[35m[HTTP][39m [90m[39m
[35m[HTTP][39m [37m-->[39m [37mPOST[39m [37m/wd/hub/session/62261862-b863-48fb-9b13-608eaf0290aa/elements[39m
[35m[HTTP][39m [90m{"using":"xpath","value":"//hierarchy/android.widget.FrameLayout[1]/android.widget.LinearLayout[1]/android.widget.FrameLayout[1]/android.widget.FrameLayout[1]/android.view.View[1]/android.view.View[1]/android.view.View[1]/android.view.View[1]/android.view.View[3]"}[39m
[35m[HTTP][39m [37m<-- POST /wd/hub/session/62261862-b863-48fb-9b13-608eaf0290aa/elements [39m[32m200[39m [90m57 ms - 12[39m
[35m[HTTP][39m [90m[39m
[35m[HTTP][39m [37m-->[39m [37mPOST[39m [37m/wd/hub/session/62261862-b863-48fb-9b13-608eaf0290aa/elements[39m
[35m[HTTP][39m [90m{"using":"xpath","value":"//hierarchy/android.widget.FrameLayout[1]/android.widget.LinearLayout[1]/android.widget.FrameLayout[1]/android.widget.FrameLayout[1]/android.view.View[1]/android.view.View[1]/android.view.View[1]/android.view.View[1]/android.view.View[3]"}[39m
[35m[HTTP][39m [37m<-- POST /wd/hub/session/62261862-b863-48fb-9b13-608eaf0290aa/elements [39m[32m200[39m [90m60 ms - 12[39m
[35m[HTTP][39m [90m[39m
[35m[HTTP][39m [37m-->[39m [37mPOST[39m [37m/wd/hub/session/62261862-b863-48fb-9b13-608eaf0290aa/elements[39m
[35m[HTTP][39m [90m{"using":"xpath","value":"//hierarchy/android.widget.FrameLayout[1]/android.widget.LinearLayout[1]/android.widget.FrameLayout[1]/android.widget.FrameLayout[1]/android.view.View[1]/android.view.View[1]/android.view.View[1]/android.view.View[1]/android.view.View[3]"}[39m
[35m[HTTP][39m [37m<-- POST /wd/hub/session/62261862-b863-48fb-9b13-608eaf0290aa/elements [39m[32m200[39m [90m58 ms - 12[39m
[35m[HTTP][39m [90m[39m
[35m[HTTP][39m [37m-->[39m [37mPOST[39m [37m/wd/hub/session/62261862-b863-48fb-9b13-608eaf0290aa/elements[39m
[35m[HTTP][39m [90m{"using":"xpath","value":"//hierarchy/android.widget.FrameLayout[1]/android.widget.LinearLayout[1]/android.widget.FrameLayout[1]/android.widget.FrameLayout[1]/android.view.View[1]/android.view.View[1]/android.view.View[1]/android.view.View[1]/android.view.View[3]"}[39m
[35m[HTTP][39m [37m<-- POST /wd/hub/session/62261862-b863-48fb-9b13-608eaf0290aa/elements [39m[32m200[39m [90m63 ms - 12[39m
[35m[HTTP][39m [90m[39m
[35m[HTTP][39m [37m-->[39m [37mPOST[39m [37m/wd/hub/session/62261862-b863-48fb-9b13-608eaf0290aa/elements[39m
[35m[HTTP][39m [90m{"using":"xpath","value":"//hierarchy/android.widget.FrameLayout[1]/android.widget.LinearLayout[1]/android.widget.FrameLayout[1]/android.widget.FrameLayout[1]/android.view.View[1]/android.view.View[1]/android.view.View[1]/android.view.View[1]/android.view.View[3]"}[39m
[35m[HTTP][39m [37m<-- POST /wd/hub/session/62261862-b863-48fb-9b13-608eaf0290aa/elements [39m[32m200[39m [90m56 ms - 12[39m
[35m[HTTP][39m [90m[39m
[35m[HTTP][39m [37m-->[39m [37mPOST[39m [37m/wd/hub/session/62261862-b863-48fb-9b13-608eaf0290aa/elements[39m
[35m[HTTP][39m [90m{"using":"xpath","value":"//hierarchy/android.widget.FrameLayout[1]/android.widget.LinearLayout[1]/android.widget.FrameLayout[1]/android.widget.FrameLayout[1]/android.view.View[1]/android.view.View[1]/android.view.View[1]/android.view.View[1]/android.view.View[3]"}[39m
[35m[HTTP][39m [37m<-- POST /wd/hub/session/62261862-b863-48fb-9b13-608eaf0290aa/elements [39m[32m200[39m [90m62 ms - 12[39m
[35m[HTTP][39m [90m[39m
[35m[HTTP][39m [37m-->[39m [37mPOST[39m [37m/wd/hub/session/62261862-b863-48fb-9b13-608eaf0290aa/elements[39m
[35m[HTTP][39m [90m{"using":"xpath","value":"//hierarchy/android.widget.FrameLayout[1]/android.widget.LinearLayout[1]/android.widget.FrameLayout[1]/android.widget.FrameLayout[1]/android.view.View[1]/android.view.View[1]/android.view.View[1]/android.view.View[1]/android.view.View[3]"}[39m
[35m[HTTP][39m [37m<-- POST /wd/hub/session/62261862-b863-48fb-9b13-608eaf0290aa/elements [39m[32m200[39m [90m57 ms - 12[39m
[35m[HTTP][39m [90m[39m
[35m[HTTP][39m [37m-->[39m [37mPOST[39m [37m/wd/hub/session/62261862-b863-48fb-9b13-608eaf0290aa/elements[39m
[35m[HTTP][39m [90m{"using":"xpath","value":"//hierarchy/android.widget.FrameLayout[1]/android.widget.LinearLayout[1]/android.widget.FrameLayout[1]/android.widget.FrameLayout[1]/android.view.View[1]/android.view.View[1]/android.view.View[1]/android.view.View[1]/android.view.View[3]"}[39m
[35m[HTTP][39m [37m<-- POST /wd/hub/session/62261862-b863-48fb-9b13-608eaf0290aa/elements [39m[32m200[39m [90m55 ms - 12[39m
[35m[HTTP][39m [90m[39m
[35m[HTTP][39m [37m-->[39m [37mPOST[39m [37m/wd/hub/session/62261862-b863-48fb-9b13-608eaf0290aa/elements[39m
[35m[HTTP][39m [90m{"using":"xpath","value":"//hierarchy/android.widget.FrameLayout[1]/android.widget.LinearLayout[1]/android.widget.FrameLayout[1]/android.widget.FrameLayout[1]/android.view.View[1]/android.view.View[1]/android.view.View[1]/android.view.View[1]/android.view.View[3]"}[39m
[35m[HTTP][39m [37m<-- POST /wd/hub/session/62261862-b863-48fb-9b13-608eaf0290aa/elements [39m[32m200[39m [90m55 ms - 12[39m
[35m[HTTP][39m [90m[39m
[35m[HTTP][39m [37m-->[39m [37mPOST[39m [37m/wd/hub/session/62261862-b863-48fb-9b13-608eaf0290aa/elements[39m
[35m[HTTP][39m [90m{"using":"xpath","value":"//hierarchy/android.widget.FrameLayout[1]/android.widget.LinearLayout[1]/android.widget.FrameLayout[1]/android.widget.FrameLayout[1]/android.view.View[1]/android.view.View[1]/android.view.View[1]/android.view.View[1]/android.view.View[3]"}[39m
[35m[HTTP][39m [37m<-- POST /wd/hub/session/62261862-b863-48fb-9b13-608eaf0290aa/elements [39m[32m200[39m [90m61 ms - 12[39m
[35m[HTTP][39m [90m[39m
[35m[HTTP][39m [37m-->[39m [37mPOST[39m [37m/wd/hub/session/62261862-b863-48fb-9b13-608eaf0290aa/elements[39m
[35m[HTTP][39m [90m{"using":"xpath","value":"//hierarchy/android.widget.FrameLayout[1]/android.widget.LinearLayout[1]/android.widget.FrameLayout[1]/android.widget.FrameLayout[1]/android.view.View[1]/android.view.View[1]/android.view.View[1]/android.view.View[1]/android.view.View[3]"}[39m
[35m[HTTP][39m [37m<-- POST /wd/hub/session/62261862-b863-48fb-9b13-608eaf0290aa/elements [39m[32m200[39m [90m64 ms - 12[39m
[35m[HTTP][39m [90m[39m
[35m[HTTP][39m [37m-->[39m [37mPOST[39m [37m/wd/hub/session/62261862-b863-48fb-9b13-608eaf0290aa/elements[39m
[35m[HTTP][39m [90m{"using":"xpath","value":"//hierarchy/android.widget.FrameLayout[1]/android.widget.LinearLayout[1]/android.widget.FrameLayout[1]/android.widget.FrameLayout[1]/android.view.View[1]/android.view.View[1]/android.view.View[1]/android.view.View[1]/android.view.View[3]"}[39m
[35m[HTTP][39m [37m<-- POST /wd/hub/session/62261862-b863-48fb-9b13-608eaf0290aa/elements [39m[32m200[39m [90m671 ms - 12[39m
[35m[HTTP][39m [90m[39m
[35m[HTTP][39m [37m-->[39m [37mPOST[39m [37m/wd/hub/session/62261862-b863-48fb-9b13-608eaf0290aa/elements[39m
[35m[HTTP][39m [90m{"using":"xpath","value":"//hierarchy/android.widget.FrameLayout[1]/android.widget.LinearLayout[1]/android.widget.FrameLayout[1]/android.widget.FrameLayout[1]/android.view.View[1]/android.view.View[1]/android.view.View[1]/android.view.View[1]/android.view.View[3]"}[39m
[35m[HTTP][39m [37m<-- POST /wd/hub/session/62261862-b863-48fb-9b13-608eaf0290aa/elements [39m[32m200[39m [90m120 ms - 12[39m
[35m[HTTP][39m [90m[39m
[35m[HTTP][39m [37m-->[39m [37mPOST[39m [37m/wd/hub/session/62261862-b863-48fb-9b13-608eaf0290aa/elements[39m
[35m[HTTP][39m [90m{"using":"xpath","value":"//hierarchy/android.widget.FrameLayout[1]/android.widget.LinearLayout[1]/android.widget.FrameLayout[1]/android.widget.FrameLayout[1]/android.view.View[1]/android.view.View[1]/android.view.View[1]/android.view.View[1]/android.view.View[3]"}[39m
[35m[HTTP][39m [37m<-- POST /wd/hub/session/62261862-b863-48fb-9b13-608eaf0290aa/elements [39m[32m200[39m [90m63 ms - 12[39m
[35m[HTTP][39m [90m[39m
[35m[HTTP][39m [37m-->[39m [37mPOST[39m [37m/wd/hub/session/62261862-b863-48fb-9b13-608eaf0290aa/elements[39m
[35m[HTTP][39m [90m{"using":"xpath","value":"//hierarchy/android.widget.FrameLayout[1]/android.widget.LinearLayout[1]/android.widget.FrameLayout[1]/android.widget.FrameLayout[1]/android.view.View[1]/android.view.View[1]/android.view.View[1]/android.view.View[1]/android.view.View[3]"}[39m
[35m[HTTP][39m [37m<-- POST /wd/hub/session/62261862-b863-48fb-9b13-608eaf0290aa/elements [39m[32m200[39m [90m66 ms - 12[39m
[35m[HTTP][39m [90m[39m
[35m[HTTP][39m [37m-->[39m [37mPOST[39m [37m/wd/hub/session/62261862-b863-48fb-9b13-608eaf0290aa/elements[39m
[35m[HTTP][39m [90m{"using":"xpath","value":"//hierarchy/android.widget.FrameLayout[1]/android.widget.LinearLayout[1]/android.widget.FrameLayout[1]/android.widget.FrameLayout[1]/android.view.View[1]/android.view.View[1]/android.view.View[1]/android.view.View[1]/android.view.View[3]"}[39m
[35m[HTTP][39m [37m<-- POST /wd/hub/session/62261862-b863-48fb-9b13-608eaf0290aa/elements [39m[32m200[39m [90m72 ms - 12[39m
[35m[HTTP][39m [90m[39m
[35m[HTTP][39m [37m-->[39m [37mPOST[39m [37m/wd/hub/session/62261862-b863-48fb-9b13-608eaf0290aa/elements[39m
[35m[HTTP][39m [90m{"using":"xpath","value":"//hierarchy/android.widget.FrameLayout[1]/android.widget.LinearLayout[1]/android.widget.FrameLayout[1]/android.widget.FrameLayout[1]/android.view.View[1]/android.view.View[1]/android.view.View[1]/android.view.View[1]/android.view.View[3]"}[39m
[35m[HTTP][39m [37m<-- POST /wd/hub/session/62261862-b863-48fb-9b13-608eaf0290aa/elements [39m[32m200[39m [90m60 ms - 12[39m
[35m[HTTP][39m [90m[39m
[35m[HTTP][39m [37m-->[39m [37mPOST[39m [37m/wd/hub/session/62261862-b863-48fb-9b13-608eaf0290aa/elements[39m
[35m[HTTP][39m [90m{"using":"xpath","value":"//hierarchy/android.widget.FrameLayout[1]/android.widget.LinearLayout[1]/android.widget.FrameLayout[1]/android.widget.FrameLayout[1]/android.view.View[1]/android.view.View[1]/android.view.View[1]/android.view.View[1]/android.view.View[3]"}[39m
[35m[HTTP][39m [37m<-- POST /wd/hub/session/62261862-b863-48fb-9b13-608eaf0290aa/elements [39m[32m200[39m [90m113 ms - 12[39m
[35m[HTTP][39m [90m[39m
[35m[HTTP][39m [37m-->[39m [37mPOST[39m [37m/wd/hub/session/62261862-b863-48fb-9b13-608eaf0290aa/elements[39m
[35m[HTTP][39m [90m{"using":"xpath","value":"//hierarchy/android.widget.FrameLayout[1]/android.widget.LinearLayout[1]/android.widget.FrameLayout[1]/android.widget.FrameLayout[1]/android.view.View[1]/android.view.View[1]/android.view.View[1]/android.view.View[1]/android.view.View[3]"}[39m
[35m[HTTP][39m [37m<-- POST /wd/hub/session/62261862-b863-48fb-9b13-608eaf0290aa/elements [39m[32m200[39m [90m55 ms - 12[39m
[35m[HTTP][39m [90m[39m
[35m[HTTP][39m [37m-->[39m [37mPOST[39m [37m/wd/hub/session/62261862-b863-48fb-9b13-608eaf0290aa/elements[39m
[35m[HTTP][39m [90m{"using":"xpath","value":"//hierarchy/android.widget.FrameLayout[1]/android.widget.LinearLayout[1]/android.widget.FrameLayout[1]/android.widget.FrameLayout[1]/android.view.View[1]/android.view.View[1]/android.view.View[1]/android.view.View[1]/android.view.View[3]"}[39m
[35m[HTTP][39m [37m<-- POST /wd/hub/session/62261862-b863-48fb-9b13-608eaf0290aa/elements [39m[32m200[39m [90m127 ms - 12[39m
[35m[HTTP][39m [90m[39m
[35m[HTTP][39m [37m-->[39m [37mPOST[39m [37m/wd/hub/session/62261862-b863-48fb-9b13-608eaf0290aa/elements[39m
[35m[HTTP][39m [90m{"using":"xpath","value":"//hierarchy/android.widget.FrameLayout[1]/android.widget.LinearLayout[1]/android.widget.FrameLayout[1]/android.widget.FrameLayout[1]/android.view.View[1]/android.view.View[1]/android.view.View[1]/android.view.View[1]/android.view.View[3]"}[39m
[35m[HTTP][39m [37m<-- POST /wd/hub/session/62261862-b863-48fb-9b13-608eaf0290aa/elements [39m[32m200[39m [90m109 ms - 12[39m
[35m[HTTP][39m [90m[39m
[35m[HTTP][39m [37m-->[39m [37mPOST[39m [37m/wd/hub/session/62261862-b863-48fb-9b13-608eaf0290aa/elements[39m
[35m[HTTP][39m [90m{"using":"xpath","value":"//hierarchy/android.widget.FrameLayout[1]/android.widget.LinearLayout[1]/android.widget.FrameLayout[1]/android.widget.FrameLayout[1]/android.view.View[1]/android.view.View[1]/android.view.View[1]/android.view.View[1]/android.view.View[3]"}[39m
[35m[HTTP][39m [37m<-- POST /wd/hub/session/62261862-b863-48fb-9b13-608eaf0290aa/elements [39m[32m200[39m [90m53 ms - 12[39m
[35m[HTTP][39m [90m[39m
[35m[HTTP][39m [37m-->[39m [37mPOST[39m [37m/wd/hub/session/62261862-b863-48fb-9b13-608eaf0290aa/elements[39m
[35m[HTTP][39m [90m{"using":"xpath","value":"//hierarchy/android.widget.FrameLayout[1]/android.widget.LinearLayout[1]/android.widget.FrameLayout[1]/android.widget.FrameLayout[1]/android.view.View[1]/android.view.View[1]/android.view.View[1]/android.view.View[1]/android.view.View[3]"}[39m
[35m[HTTP][39m [37m<-- POST /wd/hub/session/62261862-b863-48fb-9b13-608eaf0290aa/elements [39m[32m200[39m [90m57 ms - 12[39m
[35m[HTTP][39m [90m[39m
[35m[HTTP][39m [37m-->[39m [37mPOST[39m [37m/wd/hub/session/62261862-b863-48fb-9b13-608eaf0290aa/elements[39m
[35m[HTTP][39m [90m{"using":"xpath","value":"//hierarchy/android.widget.FrameLayout[1]/android.widget.LinearLayout[1]/android.widget.FrameLayout[1]/android.widget.FrameLayout[1]/android.view.View[1]/android.view.View[1]/android.view.View[1]/android.view.View[1]/android.view.View[3]"}[39m
[35m[HTTP][39m [37m<-- POST /wd/hub/session/62261862-b863-48fb-9b13-608eaf0290aa/elements [39m[32m200[39m [90m138 ms - 12[39m
[35m[HTTP][39m [90m[39m
[35m[HTTP][39m [37m-->[39m [37mPOST[39m [37m/wd/hub/session/62261862-b863-48fb-9b13-608eaf0290aa/elements[39m
[35m[HTTP][39m [90m{"using":"xpath","value":"//hierarchy/android.widget.FrameLayout[1]/android.widget.LinearLayout[1]/android.widget.FrameLayout[1]/android.widget.FrameLayout[1]/android.view.View[1]/android.view.View[1]/android.view.View[1]/android.view.View[1]/android.view.View[3]"}[39m
[35m[HTTP][39m [37m<-- POST /wd/hub/session/62261862-b863-48fb-9b13-608eaf0290aa/elements [39m[32m200[39m [90m547 ms - 12[39m
[35m[HTTP][39m [90m[39m
[35m[HTTP][39m [37m-->[39m [37mPOST[39m [37m/wd/hub/session/62261862-b863-48fb-9b13-608eaf0290aa/elements[39m
[35m[HTTP][39m [90m{"using":"xpath","value":"//hierarchy/android.widget.FrameLayout[1]/android.widget.LinearLayout[1]/android.widget.FrameLayout[1]/android.widget.FrameLayout[1]/android.view.View[1]/android.view.View[1]/android.view.View[1]/android.view.View[1]/android.view.View[3]"}[39m
[35m[HTTP][39m [37m<-- POST /wd/hub/session/62261862-b863-48fb-9b13-608eaf0290aa/elements [39m[32m200[39m [90m112 ms - 12[39m
[35m[HTTP][39m [90m[39m
[35m[HTTP][39m [37m-->[39m [37mPOST[39m [37m/wd/hub/session/62261862-b863-48fb-9b13-608eaf0290aa/elements[39m
[35m[HTTP][39m [90m{"using":"xpath","value":"//hierarchy/android.widget.FrameLayout[1]/android.widget.LinearLayout[1]/android.widget.FrameLayout[1]/android.widget.FrameLayout[1]/android.view.View[1]/android.view.View[1]/android.view.View[1]/android.view.View[1]/android.view.View[3]"}[39m
[35m[HTTP][39m [37m<-- POST /wd/hub/session/62261862-b863-48fb-9b13-608eaf0290aa/elements [39m[32m200[39m [90m99 ms - 12[39m
[35m[HTTP][39m [90m[39m
[35m[HTTP][39m [37m-->[39m [37mPOST[39m [37m/wd/hub/session/62261862-b863-48fb-9b13-608eaf0290aa/elements[39m
[35m[HTTP][39m [90m{"using":"xpath","value":"//hierarchy/android.widget.FrameLayout[1]/android.widget.LinearLayout[1]/android.widget.FrameLayout[1]/android.widget.FrameLayout[1]/android.view.View[1]/android.view.View[1]/android.view.View[1]/android.view.View[1]/android.view.View[3]"}[39m
[35m[HTTP][39m [37m<-- POST /wd/hub/session/62261862-b863-48fb-9b13-608eaf0290aa/elements [39m[32m200[39m [90m99 ms - 12[39m
[35m[HTTP][39m [90m[39m
[35m[HTTP][39m [37m-->[39m [37mPOST[39m [37m/wd/hub/session/62261862-b863-48fb-9b13-608eaf0290aa/elements[39m
[35m[HTTP][39m [90m{"using":"xpath","value":"//hierarchy/android.widget.FrameLayout[1]/android.widget.LinearLayout[1]/android.widget.FrameLayout[1]/android.widget.FrameLayout[1]/android.view.View[1]/android.view.View[1]/android.view.View[1]/android.view.View[1]/android.view.View[3]"}[39m
[35m[HTTP][39m [37m<-- POST /wd/hub/session/62261862-b863-48fb-9b13-608eaf0290aa/elements [39m[32m200[39m [90m53 ms - 12[39m
[35m[HTTP][39m [90m[39m
[35m[HTTP][39m [37m-->[39m [37mPOST[39m [37m/wd/hub/session/62261862-b863-48fb-9b13-608eaf0290aa/elements[39m
[35m[HTTP][39m [90m{"using":"xpath","value":"//hierarchy/android.widget.FrameLayout[1]/android.widget.LinearLayout[1]/android.widget.FrameLayout[1]/android.widget.FrameLayout[1]/android.view.View[1]/android.view.View[1]/android.view.View[1]/android.view.View[1]/android.view.View[3]"}[39m
[35m[HTTP][39m [37m<-- POST /wd/hub/session/62261862-b863-48fb-9b13-608eaf0290aa/elements [39m[32m200[39m [90m95 ms - 12[39m
[35m[HTTP][39m [90m[39m
[35m[HTTP][39m [37m-->[39m [37mPOST[39m [37m/wd/hub/session/62261862-b863-48fb-9b13-608eaf0290aa/elements[39m
[35m[HTTP][39m [90m{"using":"xpath","value":"//hierarchy/android.widget.FrameLayout[1]/android.widget.LinearLayout[1]/android.widget.FrameLayout[1]/android.widget.FrameLayout[1]/android.view.View[1]/android.view.View[1]/android.view.View[1]/android.view.View[1]/android.view.View[3]"}[39m
[35m[HTTP][39m [37m<-- POST /wd/hub/session/62261862-b863-48fb-9b13-608eaf0290aa/elements [39m[32m200[39m [90m105 ms - 12[39m
[35m[HTTP][39m [90m[39m
[35m[HTTP][39m [37m-->[39m [37mPOST[39m [37m/wd/hub/session/62261862-b863-48fb-9b13-608eaf0290aa/elements[39m
[35m[HTTP][39m [90m{"using":"xpath","value":"//hierarchy/android.widget.FrameLayout[1]/android.widget.LinearLayout[1]/android.widget.FrameLayout[1]/android.widget.FrameLayout[1]/android.view.View[1]/android.view.View[1]/android.view.View[1]/android.view.View[1]/android.view.View[3]"}[39m
[35m[HTTP][39m [37m<-- POST /wd/hub/session/62261862-b863-48fb-9b13-608eaf0290aa/elements [39m[32m200[39m [90m108 ms - 12[39m
[35m[HTTP][39m [90m[39m
[35m[HTTP][39m [37m-->[39m [37mPOST[39m [37m/wd/hub/session/62261862-b863-48fb-9b13-608eaf0290aa/elements[39m
[35m[HTTP][39m [90m{"using":"xpath","value":"//hierarchy/android.widget.FrameLayout[1]/android.widget.LinearLayout[1]/android.widget.FrameLayout[1]/android.widget.FrameLayout[1]/android.view.View[1]/android.view.View[1]/android.view.View[1]/android.view.View[1]/android.view.View[3]"}[39m
[35m[HTTP][39m [37m<-- POST /wd/hub/session/62261862-b863-48fb-9b13-608eaf0290aa/elements [39m[32m200[39m [90m109 ms - 12[39m
[35m[HTTP][39m [90m[39m
[35m[HTTP][39m [37m-->[39m [37mPOST[39m [37m/wd/hub/session/62261862-b863-48fb-9b13-608eaf0290aa/elements[39m
[35m[HTTP][39m [90m{"using":"xpath","value":"//hierarchy/android.widget.FrameLayout[1]/android.widget.LinearLayout[1]/android.widget.FrameLayout[1]/android.widget.FrameLayout[1]/android.view.View[1]/android.view.View[1]/android.view.View[1]/android.view.View[1]/android.view.View[3]"}[39m
[35m[HTTP][39m [37m<-- POST /wd/hub/session/62261862-b863-48fb-9b13-608eaf0290aa/elements [39m[32m200[39m [90m97 ms - 12[39m
[35m[HTTP][39m [90m[39m
[35m[HTTP][39m [37m-->[39m [37mPOST[39m [37m/wd/hub/session/62261862-b863-48fb-9b13-608eaf0290aa/elements[39m
[35m[HTTP][39m [90m{"using":"xpath","value":"//hierarchy/android.widget.FrameLayout[1]/android.widget.LinearLayout[1]/android.widget.FrameLayout[1]/android.widget.FrameLayout[1]/android.view.View[1]/android.view.View[1]/android.view.View[1]/android.view.View[1]/android.view.View[3]"}[39m
[35m[HTTP][39m [37m<-- POST /wd/hub/session/62261862-b863-48fb-9b13-608eaf0290aa/elements [39m[32m200[39m [90m104 ms - 12[39m
[35m[HTTP][39m [90m[39m
[35m[HTTP][39m [37m-->[39m [37mPOST[39m [37m/wd/hub/session/62261862-b863-48fb-9b13-608eaf0290aa/elements[39m
[35m[HTTP][39m [90m{"using":"xpath","value":"//hierarchy/android.widget.FrameLayout[1]/android.widget.LinearLayout[1]/android.widget.FrameLayout[1]/android.widget.FrameLayout[1]/android.view.View[1]/android.view.View[1]/android.view.View[1]/android.view.View[1]/android.view.View[3]"}[39m
[35m[HTTP][39m [37m<-- POST /wd/hub/session/62261862-b863-48fb-9b13-608eaf0290aa/elements [39m[32m200[39m [90m105 ms - 12[39m
[35m[HTTP][39m [90m[39m
[35m[HTTP][39m [37m-->[39m [37mPOST[39m [37m/wd/hub/session/62261862-b863-48fb-9b13-608eaf0290aa/elements[39m
[35m[HTTP][39m [90m{"using":"xpath","value":"//hierarchy/android.widget.FrameLayout[1]/android.widget.LinearLayout[1]/android.widget.FrameLayout[1]/android.widget.FrameLayout[1]/android.view.View[1]/android.view.View[1]/android.view.View[1]/android.view.View[1]/android.view.View[3]"}[39m
[35m[HTTP][39m [37m<-- POST /wd/hub/session/62261862-b863-48fb-9b13-608eaf0290aa/elements [39m[32m200[39m [90m60 ms - 12[39m
[35m[HTTP][39m [90m[39m
[35m[HTTP][39m [37m-->[39m [37mPOST[39m [37m/wd/hub/session/62261862-b863-48fb-9b13-608eaf0290aa/elements[39m
[35m[HTTP][39m [90m{"using":"xpath","value":"//hierarchy/android.widget.FrameLayout[1]/android.widget.LinearLayout[1]/android.widget.FrameLayout[1]/android.widget.FrameLayout[1]/android.view.View[1]/android.view.View[1]/android.view.View[1]/android.view.View[1]/android.view.View[3]"}[39m
[35m[HTTP][39m [37m<-- POST /wd/hub/session/62261862-b863-48fb-9b13-608eaf0290aa/elements [39m[32m200[39m [90m105 ms - 12[39m
[35m[HTTP][39m [90m[39m
[35m[HTTP][39m [37m-->[39m [37mPOST[39m [37m/wd/hub/session/62261862-b863-48fb-9b13-608eaf0290aa/elements[39m
[35m[HTTP][39m [90m{"using":"xpath","value":"//hierarchy/android.widget.FrameLayout[1]/android.widget.LinearLayout[1]/android.widget.FrameLayout[1]/android.widget.FrameLayout[1]/android.view.View[1]/android.view.View[1]/android.view.View[1]/android.view.View[1]/android.view.View[3]"}[39m
[35m[HTTP][39m [37m<-- POST /wd/hub/session/62261862-b863-48fb-9b13-608eaf0290aa/elements [39m[32m200[39m [90m109 ms - 12[39m
[35m[HTTP][39m [90m[39m
[35m[HTTP][39m [37m-->[39m [37mPOST[39m [37m/wd/hub/session/62261862-b863-48fb-9b13-608eaf0290aa/elements[39m
[35m[HTTP][39m [90m{"using":"xpath","value":"//hierarchy/android.widget.FrameLayout[1]/android.widget.LinearLayout[1]/android.widget.FrameLayout[1]/android.widget.FrameLayout[1]/android.view.View[1]/android.view.View[1]/android.view.View[1]/android.view.View[1]/android.view.View[3]"}[39m
[35m[HTTP][39m [37m<-- POST /wd/hub/session/62261862-b863-48fb-9b13-608eaf0290aa/elements [39m[32m200[39m [90m592 ms - 12[39m
[35m[HTTP][39m [90m[39m
[35m[HTTP][39m [37m-->[39m [37mPOST[39m [37m/wd/hub/session/62261862-b863-48fb-9b13-608eaf0290aa/elements[39m
[35m[HTTP][39m [90m{"using":"xpath","value":"//hierarchy/android.widget.FrameLayout[1]/android.widget.LinearLayout[1]/android.widget.FrameLayout[1]/android.widget.FrameLayout[1]/android.view.View[1]/android.view.View[1]/android.view.View[1]/android.view.View[1]/android.view.View[3]"}[39m
[35m[HTTP][39m [37m<-- POST /wd/hub/session/62261862-b863-48fb-9b13-608eaf0290aa/elements [39m[32m200[39m [90m111 ms - 12[39m
[35m[HTTP][39m [90m[39m
[35m[HTTP][39m [37m-->[39m [37mPOST[39m [37m/wd/hub/session/62261862-b863-48fb-9b13-608eaf0290aa/elements[39m
[35m[HTTP][39m [90m{"using":"xpath","value":"//hierarchy/android.widget.FrameLayout[1]/android.widget.LinearLayout[1]/android.widget.FrameLayout[1]/android.widget.FrameLayout[1]/android.view.View[1]/android.view.View[1]/android.view.View[1]/android.view.View[1]/android.view.View[3]"}[39m
[35m[HTTP][39m [37m<-- POST /wd/hub/session/62261862-b863-48fb-9b13-608eaf0290aa/elements [39m[32m200[39m [90m101 ms - 12[39m
[35m[HTTP][39m [90m[39m
[35m[HTTP][39m [37m-->[39m [37mPOST[39m [37m/wd/hub/session/62261862-b863-48fb-9b13-608eaf0290aa/elements[39m
[35m[HTTP][39m [90m{"using":"xpath","value":"//hierarchy/android.widget.FrameLayout[1]/android.widget.LinearLayout[1]/android.widget.FrameLayout[1]/android.widget.FrameLayout[1]/android.view.View[1]/android.view.View[1]/android.view.View[1]/android.view.View[1]/android.view.View[3]"}[39m
[35m[HTTP][39m [37m<-- POST /wd/hub/session/62261862-b863-48fb-9b13-608eaf0290aa/elements [39m[32m200[39m [90m61 ms - 12[39m
[35m[HTTP][39m [90m[39m
[35m[HTTP][39m [37m-->[39m [37mPOST[39m [37m/wd/hub/session/62261862-b863-48fb-9b13-608eaf0290aa/elements[39m
[35m[HTTP][39m [90m{"using":"xpath","value":"//hierarchy/android.widget.FrameLayout[1]/android.widget.LinearLayout[1]/android.widget.FrameLayout[1]/android.widget.FrameLayout[1]/android.view.View[1]/android.view.View[1]/android.view.View[1]/android.view.View[1]/android.view.View[3]"}[39m
[35m[HTTP][39m [37m<-- POST /wd/hub/session/62261862-b863-48fb-9b13-608eaf0290aa/elements [39m[32m200[39m [90m112 ms - 12[39m
[35m[HTTP][39m [90m[39m
[35m[HTTP][39m [37m-->[39m [37mPOST[39m [37m/wd/hub/session/62261862-b863-48fb-9b13-608eaf0290aa/elements[39m
[35m[HTTP][39m [90m{"using":"xpath","value":"//hierarchy/android.widget.FrameLayout[1]/android.widget.LinearLayout[1]/android.widget.FrameLayout[1]/android.widget.FrameLayout[1]/android.view.View[1]/android.view.View[1]/android.view.View[1]/android.view.View[1]/android.view.View[3]"}[39m
[35m[HTTP][39m [37m<-- POST /wd/hub/session/62261862-b863-48fb-9b13-608eaf0290aa/elements [39m[32m200[39m [90m113 ms - 12[39m
[35m[HTTP][39m [90m[39m
[35m[HTTP][39m [37m-->[39m [37mPOST[39m [37m/wd/hub/session/62261862-b863-48fb-9b13-608eaf0290aa/elements[39m
[35m[HTTP][39m [90m{"using":"xpath","value":"//hierarchy/android.widget.FrameLayout[1]/android.widget.LinearLayout[1]/android.widget.FrameLayout[1]/android.widget.FrameLayout[1]/android.view.View[1]/android.view.View[1]/android.view.View[1]/android.view.View[1]/android.view.View[3]"}[39m
[35m[HTTP][39m [37m<-- POST /wd/hub/session/62261862-b863-48fb-9b13-608eaf0290aa/elements [39m[32m200[39m [90m112 ms - 12[39m
[35m[HTTP][39m [90m[39m
[35m[HTTP][39m [37m-->[39m [37mPOST[39m [37m/wd/hub/session/62261862-b863-48fb-9b13-608eaf0290aa/elements[39m
[35m[HTTP][39m [90m{"using":"xpath","value":"//hierarchy/android.widget.FrameLayout[1]/android.widget.LinearLayout[1]/android.widget.FrameLayout[1]/android.widget.FrameLayout[1]/android.view.View[1]/android.view.View[1]/android.view.View[1]/android.view.View[1]/android.view.View[3]"}[39m
[35m[HTTP][39m [37m<-- POST /wd/hub/session/62261862-b863-48fb-9b13-608eaf0290aa/elements [39m[32m200[39m [90m111 ms - 12[39m
[35m[HTTP][39m [90m[39m
[35m[HTTP][39m [37m-->[39m [37mPOST[39m [37m/wd/hub/session/62261862-b863-48fb-9b13-608eaf0290aa/elements[39m
[35m[HTTP][39m [90m{"using":"xpath","value":"//hierarchy/android.widget.FrameLayout[1]/android.widget.LinearLayout[1]/android.widget.FrameLayout[1]/android.widget.FrameLayout[1]/android.view.View[1]/android.view.View[1]/android.view.View[1]/android.view.View[1]/android.view.View[3]"}[39m
[35m[HTTP][39m [37m<-- POST /wd/hub/session/62261862-b863-48fb-9b13-608eaf0290aa/elements [39m[32m200[39m [90m99 ms - 12[39m
[35m[HTTP][39m [90m[39m
[35m[HTTP][39m [37m-->[39m [37mPOST[39m [37m/wd/hub/session/62261862-b863-48fb-9b13-608eaf0290aa/elements[39m
[35m[HTTP][39m [90m{"using":"xpath","value":"//hierarchy/android.widget.FrameLayout[1]/android.widget.LinearLayout[1]/android.widget.FrameLayout[1]/android.widget.FrameLayout[1]/android.view.View[1]/android.view.View[1]/android.view.View[1]/android.view.View[1]/android.view.View[3]"}[39m
[35m[HTTP][39m [37m<-- POST /wd/hub/session/62261862-b863-48fb-9b13-608eaf0290aa/elements [39m[32m200[39m [90m114 ms - 12[39m
[35m[HTTP][39m [90m[39m
[35m[HTTP][39m [37m-->[39m [37mPOST[39m [37m/wd/hub/session/62261862-b863-48fb-9b13-608eaf0290aa/elements[39m
[35m[HTTP][39m [90m{"using":"xpath","value":"//hierarchy/android.widget.FrameLayout[1]/android.widget.LinearLayout[1]/android.widget.FrameLayout[1]/android.widget.FrameLayout[1]/android.view.View[1]/android.view.View[1]/android.view.View[1]/android.view.View[1]/android.view.View[3]"}[39m
[35m[HTTP][39m [37m<-- POST /wd/hub/session/62261862-b863-48fb-9b13-608eaf0290aa/elements [39m[32m200[39m [90m104 ms - 12[39m
[35m[HTTP][39m [90m[39m
[35m[HTTP][39m [37m-->[39m [37mPOST[39m [37m/wd/hub/session/62261862-b863-48fb-9b13-608eaf0290aa/elements[39m
[35m[HTTP][39m [90m{"using":"xpath","value":"//hierarchy/android.widget.FrameLayout[1]/android.widget.LinearLayout[1]/android.widget.FrameLayout[1]/android.widget.FrameLayout[1]/android.view.View[1]/android.view.View[1]/android.view.View[1]/android.view.View[1]/android.view.View[3]"}[39m
[35m[HTTP][39m [37m<-- POST /wd/hub/session/62261862-b863-48fb-9b13-608eaf0290aa/elements [39m[32m200[39m [90m107 ms - 12[39m
[35m[HTTP][39m [90m[39m
[35m[HTTP][39m [37m-->[39m [37mPOST[39m [37m/wd/hub/session/62261862-b863-48fb-9b13-608eaf0290aa/elements[39m
[35m[HTTP][39m [90m{"using":"xpath","value":"//hierarchy/android.widget.FrameLayout[1]/android.widget.LinearLayout[1]/android.widget.FrameLayout[1]/android.widget.FrameLayout[1]/android.view.View[1]/android.view.View[1]/android.view.View[1]/android.view.View[1]/android.view.View[3]"}[39m
[35m[HTTP][39m [37m<-- POST /wd/hub/session/62261862-b863-48fb-9b13-608eaf0290aa/elements [39m[32m200[39m [90m111 ms - 12[39m
[35m[HTTP][39m [90m[39m
[35m[HTTP][39m [37m-->[39m [37mPOST[39m [37m/wd/hub/session/62261862-b863-48fb-9b13-608eaf0290aa/elements[39m
[35m[HTTP][39m [90m{"using":"xpath","value":"//hierarchy/android.widget.FrameLayout[1]/android.widget.LinearLayout[1]/android.widget.FrameLayout[1]/android.widget.FrameLayout[1]/android.view.View[1]/android.view.View[1]/android.view.View[1]/android.view.View[1]/android.view.View[3]"}[39m
[35m[HTTP][39m [37m<-- POST /wd/hub/session/62261862-b863-48fb-9b13-608eaf0290aa/elements [39m[32m200[39m [90m102 ms - 12[39m
[35m[HTTP][39m [90m[39m
[35m[HTTP][39m [37m-->[39m [37mPOST[39m [37m/wd/hub/session/62261862-b863-48fb-9b13-608eaf0290aa/elements[39m
[35m[HTTP][39m [90m{"using":"xpath","value":"//hierarchy/android.widget.FrameLayout[1]/android.widget.LinearLayout[1]/android.widget.FrameLayout[1]/android.widget.FrameLayout[1]/android.view.View[1]/android.view.View[1]/android.view.View[1]/android.view.View[1]/android.view.View[3]"}[39m
[35m[HTTP][39m [37m<-- POST /wd/hub/session/62261862-b863-48fb-9b13-608eaf0290aa/elements [39m[32m200[39m [90m107 ms - 12[39m
[35m[HTTP][39m [90m[39m
[35m[HTTP][39m [37m-->[39m [37mPOST[39m [37m/wd/hub/session/62261862-b863-48fb-9b13-608eaf0290aa/elements[39m
[35m[HTTP][39m [90m{"using":"xpath","value":"//hierarchy/android.widget.FrameLayout[1]/android.widget.LinearLayout[1]/android.widget.FrameLayout[1]/android.widget.FrameLayout[1]/android.view.View[1]/android.view.View[1]/android.view.View[1]/android.view.View[1]/android.view.View[3]"}[39m
[35m[HTTP][39m [37m<-- POST /wd/hub/session/62261862-b863-48fb-9b13-608eaf0290aa/elements [39m[32m200[39m [90m110 ms - 12[39m
[35m[HTTP][39m [90m[39m
[35m[HTTP][39m [37m-->[39m [37mPOST[39m [37m/wd/hub/session/62261862-b863-48fb-9b13-608eaf0290aa/elements[39m
[35m[HTTP][39m [90m{"using":"xpath","value":"//hierarchy/android.widget.FrameLayout[1]/android.widget.LinearLayout[1]/android.widget.FrameLayout[1]/android.widget.FrameLayout[1]/android.view.View[1]/android.view.View[1]/android.view.View[1]/android.view.View[1]/android.view.View[3]"}[39m
[35m[HTTP][39m [37m<-- POST /wd/hub/session/62261862-b863-48fb-9b13-608eaf0290aa/elements [39m[32m200[39m [90m50 ms - 12[39m
[35m[HTTP][39m [90m[39m
[35m[HTTP][39m [37m-->[39m [37mPOST[39m [37m/wd/hub/session/62261862-b863-48fb-9b13-608eaf0290aa/elements[39m
[35m[HTTP][39m [90m{"using":"xpath","value":"//hierarchy/android.widget.FrameLayout[1]/android.widget.LinearLayout[1]/android.widget.FrameLayout[1]/android.widget.FrameLayout[1]/android.view.View[1]/android.view.View[1]/android.view.View[1]/android.view.View[1]/android.view.View[3]"}[39m
[35m[HTTP][39m [37m<-- POST /wd/hub/session/62261862-b863-48fb-9b13-608eaf0290aa/elements [39m[32m200[39m [90m93 ms - 12[39m
[35m[HTTP][39m [90m[39m
[35m[HTTP][39m [37m-->[39m [37mPOST[39m [37m/wd/hub/session/62261862-b863-48fb-9b13-608eaf0290aa/elements[39m
[35m[HTTP][39m [90m{"using":"xpath","value":"//hierarchy/android.widget.FrameLayout[1]/android.widget.LinearLayout[1]/android.widget.FrameLayout[1]/android.widget.FrameLayout[1]/android.view.View[1]/android.view.View[1]/android.view.View[1]/android.view.View[1]/android.view.View[3]"}[39m
[35m[HTTP][39m [37m<-- POST /wd/hub/session/62261862-b863-48fb-9b13-608eaf0290aa/elements [39m[32m200[39m [90m101 ms - 12[39m
[35m[HTTP][39m [90m[39m
[35m[HTTP][39m [37m-->[39m [37mPOST[39m [37m/wd/hub/session/62261862-b863-48fb-9b13-608eaf0290aa/elements[39m
[35m[HTTP][39m [90m{"using":"xpath","value":"//hierarchy/android.widget.FrameLayout[1]/android.widget.LinearLayout[1]/android.widget.FrameLayout[1]/android.widget.FrameLayout[1]/android.view.View[1]/android.view.View[1]/android.view.View[1]/android.view.View[1]/android.view.View[3]"}[39m
[35m[HTTP][39m [37m<-- POST /wd/hub/session/62261862-b863-48fb-9b13-608eaf0290aa/elements [39m[32m200[39m [90m105 ms - 12[39m
[35m[HTTP][39m [90m[39m
[35m[HTTP][39m [37m-->[39m [37mPOST[39m [37m/wd/hub/session/62261862-b863-48fb-9b13-608eaf0290aa/elements[39m
[35m[HTTP][39m [90m{"using":"xpath","value":"//hierarchy/android.widget.FrameLayout[1]/android.widget.LinearLayout[1]/android.widget.FrameLayout[1]/android.widget.FrameLayout[1]/android.view.View[1]/android.view.View[1]/android.view.View[1]/android.view.View[1]/android.view.View[3]"}[39m
[35m[HTTP][39m [37m<-- POST /wd/hub/session/62261862-b863-48fb-9b13-608eaf0290aa/elements [39m[32m200[39m [90m52 ms - 12[39m
[35m[HTTP][39m [90m[39m
[35m[HTTP][39m [37m-->[39m [37mPOST[39m [37m/wd/hub/session/62261862-b863-48fb-9b13-608eaf0290aa/elements[39m
[35m[HTTP][39m [90m{"using":"xpath","value":"//hierarchy/android.widget.FrameLayout[1]/android.widget.LinearLayout[1]/android.widget.FrameLayout[1]/android.widget.FrameLayout[1]/android.view.View[1]/android.view.View[1]/android.view.View[1]/android.view.View[1]/android.view.View[3]"}[39m
[35m[HTTP][39m [37m<-- POST /wd/hub/session/62261862-b863-48fb-9b13-608eaf0290aa/elements [39m[32m200[39m [90m112 ms - 12[39m
[35m[HTTP][39m [90m[39m
[35m[HTTP][39m [37m-->[39m [37mPOST[39m [37m/wd/hub/session/62261862-b863-48fb-9b13-608eaf0290aa/elements[39m
[35m[HTTP][39m [90m{"using":"xpath","value":"//hierarchy/android.widget.FrameLayout[1]/android.widget.LinearLayout[1]/android.widget.FrameLayout[1]/android.widget.FrameLayout[1]/android.view.View[1]/android.view.View[1]/android.view.View[1]/android.view.View[1]/android.view.View[3]"}[39m
[35m[HTTP][39m [37m<-- POST /wd/hub/session/62261862-b863-48fb-9b13-608eaf0290aa/elements [39m[32m200[39m [90m102 ms - 12[39m
[35m[HTTP][39m [90m[39m
[35m[HTTP][39m [37m-->[39m [37mPOST[39m [37m/wd/hub/session/62261862-b863-48fb-9b13-608eaf0290aa/elements[39m
[35m[HTTP][39m [90m{"using":"xpath","value":"//hierarchy/android.widget.FrameLayout[1]/android.widget.LinearLayout[1]/android.widget.FrameLayout[1]/android.widget.FrameLayout[1]/android.view.View[1]/android.view.View[1]/android.view.View[1]/android.view.View[1]/android.view.View[3]"}[39m
[35m[HTTP][39m [37m<-- POST /wd/hub/session/62261862-b863-48fb-9b13-608eaf0290aa/elements [39m[32m200[39m [90m103 ms - 12[39m
[35m[HTTP][39m [90m[39m
[35m[HTTP][39m [37m-->[39m [37mPOST[39m [37m/wd/hub/session/62261862-b863-48fb-9b13-608eaf0290aa/elements[39m
[35m[HTTP][39m [90m{"using":"xpath","value":"//hierarchy/android.widget.FrameLayout[1]/android.widget.LinearLayout[1]/android.widget.FrameLayout[1]/android.widget.FrameLayout[1]/android.view.View[1]/android.view.View[1]/android.view.View[1]/android.view.View[1]/android.view.View[3]"}[39m
[35m[HTTP][39m [37m<-- POST /wd/hub/session/62261862-b863-48fb-9b13-608eaf0290aa/elements [39m[32m200[39m [90m102 ms - 12[39m
[35m[HTTP][39m [90m[39m
[35m[HTTP][39m [37m-->[39m [37mPOST[39m [37m/wd/hub/session/62261862-b863-48fb-9b13-608eaf0290aa/elements[39m
[35m[HTTP][39m [90m{"using":"xpath","value":"//hierarchy/android.widget.FrameLayout[1]/android.widget.LinearLayout[1]/android.widget.FrameLayout[1]/android.widget.FrameLayout[1]/android.view.View[1]/android.view.View[1]/android.view.View[1]/android.view.View[1]/android.view.View[3]"}[39m
[35m[HTTP][39m [37m<-- POST /wd/hub/session/62261862-b863-48fb-9b13-608eaf0290aa/elements [39m[32m200[39m [90m104 ms - 12[39m
[35m[HTTP][39m [90m[39m
[35m[HTTP][39m [37m-->[39m [37mPOST[39m [37m/wd/hub/session/62261862-b863-48fb-9b13-608eaf0290aa/elements[39m
[35m[HTTP][39m [90m{"using":"xpath","value":"//hierarchy/android.widget.FrameLayout[1]/android.widget.LinearLayout[1]/android.widget.FrameLayout[1]/android.widget.FrameLayout[1]/android.view.View[1]/android.view.View[1]/android.view.View[1]/android.view.View[1]/android.view.View[3]"}[39m
[35m[HTTP][39m [37m<-- POST /wd/hub/session/62261862-b863-48fb-9b13-608eaf0290aa/elements [39m[32m200[39m [90m115 ms - 12[39m
[35m[HTTP][39m [90m[39m
[35m[HTTP][39m [37m-->[39m [37mPOST[39m [37m/wd/hub/session/62261862-b863-48fb-9b13-608eaf0290aa/elements[39m
[35m[HTTP][39m [90m{"using":"xpath","value":"//hierarchy/android.widget.FrameLayout[1]/android.widget.LinearLayout[1]/android.widget.FrameLayout[1]/android.widget.FrameLayout[1]/android.view.View[1]/android.view.View[1]/android.view.View[1]/android.view.View[1]/android.view.View[3]"}[39m
[35m[HTTP][39m [37m<-- POST /wd/hub/session/62261862-b863-48fb-9b13-608eaf0290aa/elements [39m[32m200[39m [90m107 ms - 12[39m
[35m[HTTP][39m [90m[39m
[35m[HTTP][39m [37m-->[39m [37mPOST[39m [37m/wd/hub/session/62261862-b863-48fb-9b13-608eaf0290aa/elements[39m
[35m[HTTP][39m [90m{"using":"xpath","value":"//hierarchy/android.widget.FrameLayout[1]/android.widget.LinearLayout[1]/android.widget.FrameLayout[1]/android.widget.FrameLayout[1]/android.view.View[1]/android.view.View[1]/android.view.View[1]/android.view.View[1]/android.view.View[3]"}[39m
[35m[HTTP][39m [37m<-- POST /wd/hub/session/62261862-b863-48fb-9b13-608eaf0290aa/elements [39m[32m200[39m [90m107 ms - 12[39m
[35m[HTTP][39m [90m[39m
[35m[HTTP][39m [37m-->[39m [37mPOST[39m [37m/wd/hub/session/62261862-b863-48fb-9b13-608eaf0290aa/elements[39m
[35m[HTTP][39m [90m{"using":"xpath","value":"//hierarchy/android.widget.FrameLayout[1]/android.widget.LinearLayout[1]/android.widget.FrameLayout[1]/android.widget.FrameLayout[1]/android.view.View[1]/android.view.View[1]/android.view.View[1]/android.view.View[1]/android.view.View[3]"}[39m
[35m[HTTP][39m [37m<-- POST /wd/hub/session/62261862-b863-48fb-9b13-608eaf0290aa/elements [39m[32m200[39m [90m102 ms - 12[39m
[35m[HTTP][39m [90m[39m
[35m[HTTP][39m [37m-->[39m [37mPOST[39m [37m/wd/hub/session/62261862-b863-48fb-9b13-608eaf0290aa/elements[39m
[35m[HTTP][39m [90m{"using":"xpath","value":"//hierarchy/android.widget.FrameLayout[1]/android.widget.LinearLayout[1]/android.widget.FrameLayout[1]/android.widget.FrameLayout[1]/android.view.View[1]/android.view.View[1]/android.view.View[1]/android.view.View[1]/android.view.View[3]"}[39m
[35m[HTTP][39m [37m<-- POST /wd/hub/session/62261862-b863-48fb-9b13-608eaf0290aa/elements [39m[32m200[39m [90m108 ms - 12[39m
[35m[HTTP][39m [90m[39m
[35m[HTTP][39m [37m-->[39m [37mPOST[39m [37m/wd/hub/session/62261862-b863-48fb-9b13-608eaf0290aa/elements[39m
[35m[HTTP][39m [90m{"using":"xpath","value":"//hierarchy/android.widget.FrameLayout[1]/android.widget.LinearLayout[1]/android.widget.FrameLayout[1]/android.widget.FrameLayout[1]/android.view.View[1]/android.view.View[1]/android.view.View[1]/android.view.View[1]/android.view.View[3]"}[39m
[35m[HTTP][39m [37m<-- POST /wd/hub/session/62261862-b863-48fb-9b13-608eaf0290aa/elements [39m[32m200[39m [90m566 ms - 12[39m
[35m[HTTP][39m [90m[39m
[35m[HTTP][39m [37m-->[39m [37mPOST[39m [37m/wd/hub/session/62261862-b863-48fb-9b13-608eaf0290aa/elements[39m
[35m[HTTP][39m [90m{"using":"xpath","value":"//hierarchy/android.widget.FrameLayout[1]/android.widget.LinearLayout[1]/android.widget.FrameLayout[1]/android.widget.FrameLayout[1]/android.view.View[1]/android.view.View[1]/android.view.View[1]/android.view.View[1]/android.view.View[3]"}[39m
[35m[HTTP][39m [37m<-- POST /wd/hub/session/62261862-b863-48fb-9b13-608eaf0290aa/elements [39m[32m200[39m [90m104 ms - 12[39m
[35m[HTTP][39m [90m[39m
[35m[HTTP][39m [37m-->[39m [37mPOST[39m [37m/wd/hub/session/62261862-b863-48fb-9b13-608eaf0290aa/elements[39m
[35m[HTTP][39m [90m{"using":"xpath","value":"//hierarchy/android.widget.FrameLayout[1]/android.widget.LinearLayout[1]/android.widget.FrameLayout[1]/android.widget.FrameLayout[1]/android.view.View[1]/android.view.View[1]/android.view.View[1]/android.view.View[1]/android.view.View[3]"}[39m
[35m[HTTP][39m [37m<-- POST /wd/hub/session/62261862-b863-48fb-9b13-608eaf0290aa/elements [39m[32m200[39m [90m101 ms - 12[39m
[35m[HTTP][39m [90m[39m
[35m[HTTP][39m [37m-->[39m [37mPOST[39m [37m/wd/hub/session/62261862-b863-48fb-9b13-608eaf0290aa/elements[39m
[35m[HTTP][39m [90m{"using":"xpath","value":"//hierarchy/android.widget.FrameLayout[1]/android.widget.LinearLayout[1]/android.widget.FrameLayout[1]/android.widget.FrameLayout[1]/android.view.View[1]/android.view.View[1]/android.view.View[1]/android.view.View[1]/android.view.View[3]"}[39m
[35m[HTTP][39m [37m<-- POST /wd/hub/session/62261862-b863-48fb-9b13-608eaf0290aa/elements [39m[32m200[39m [90m101 ms - 12[39m
[35m[HTTP][39m [90m[39m
[35m[HTTP][39m [37m-->[39m [37mPOST[39m [37m/wd/hub/session/62261862-b863-48fb-9b13-608eaf0290aa/elements[39m
[35m[HTTP][39m [90m{"using":"xpath","value":"//hierarchy/android.widget.FrameLayout[1]/android.widget.LinearLayout[1]/android.widget.FrameLayout[1]/android.widget.FrameLayout[1]/android.view.View[1]/android.view.View[1]/android.view.View[1]/android.view.View[1]/android.view.View[3]"}[39m
[35m[HTTP][39m [37m<-- POST /wd/hub/session/62261862-b863-48fb-9b13-608eaf0290aa/elements [39m[32m200[39m [90m99 ms - 12[39m
[35m[HTTP][39m [90m[39m
[35m[HTTP][39m [37m-->[39m [37mPOST[39m [37m/wd/hub/session/62261862-b863-48fb-9b13-608eaf0290aa/elements[39m
[35m[HTTP][39m [90m{"using":"xpath","value":"//hierarchy/android.widget.FrameLayout[1]/android.widget.LinearLayout[1]/android.widget.FrameLayout[1]/android.widget.FrameLayout[1]/android.view.View[1]/android.view.View[1]/android.view.View[1]/android.view.View[1]/android.view.View[3]"}[39m
[35m[HTTP][39m [37m<-- POST /wd/hub/session/62261862-b863-48fb-9b13-608eaf0290aa/elements [39m[32m200[39m [90m90 ms - 12[39m
[35m[HTTP][39m [90m[39m
[35m[HTTP][39m [37m-->[39m [37mPOST[39m [37m/wd/hub/session/62261862-b863-48fb-9b13-608eaf0290aa/elements[39m
[35m[HTTP][39m [90m{"using":"xpath","value":"//hierarchy/android.widget.FrameLayout[1]/android.widget.LinearLayout[1]/android.widget.FrameLayout[1]/android.widget.FrameLayout[1]/android.view.View[1]/android.view.View[1]/android.view.View[1]/android.view.View[1]/android.view.View[3]"}[39m
[35m[HTTP][39m [37m<-- POST /wd/hub/session/62261862-b863-48fb-9b13-608eaf0290aa/elements [39m[32m200[39m [90m121 ms - 12[39m
[35m[HTTP][39m [90m[39m
[35m[HTTP][39m [37m-->[39m [37mPOST[39m [37m/wd/hub/session/62261862-b863-48fb-9b13-608eaf0290aa/elements[39m
[35m[HTTP][39m [90m{"using":"xpath","value":"//hierarchy/android.widget.FrameLayout[1]/android.widget.LinearLayout[1]/android.widget.FrameLayout[1]/android.widget.FrameLayout[1]/android.view.View[1]/android.view.View[1]/android.view.View[1]/android.view.View[1]/android.view.View[3]"}[39m
[35m[HTTP][39m [37m<-- POST /wd/hub/session/62261862-b863-48fb-9b13-608eaf0290aa/elements [39m[32m200[39m [90m108 ms - 12[39m
[35m[HTTP][39m [90m[39m
[35m[HTTP][39m [37m-->[39m [37mPOST[39m [37m/wd/hub/session/62261862-b863-48fb-9b13-608eaf0290aa/elements[39m
[35m[HTTP][39m [90m{"using":"xpath","value":"//hierarchy/android.widget.FrameLayout[1]/android.widget.LinearLayout[1]/android.widget.FrameLayout[1]/android.widget.FrameLayout[1]/android.view.View[1]/android.view.View[1]/android.view.View[1]/android.view.View[1]/android.view.View[3]"}[39m
[35m[HTTP][39m [37m<-- POST /wd/hub/session/62261862-b863-48fb-9b13-608eaf0290aa/elements [39m[32m200[39m [90m103 ms - 12[39m
[35m[HTTP][39m [90m[39m
[35m[BaseDriver][39m Shutting down because we waited 1800 seconds for a command
[35m[Appium][39m Closing session, cause was 'New Command Timeout of 1800 seconds expired. Try customizing the timeout using the 'newCommandTimeout' desired capability'
[35m[Appium][39m Removing session '62261862-b863-48fb-9b13-608eaf0290aa' from our master session list
[35m[UiAutomator2][39m Did not get confirmation UiAutomator2 deleteSession worked; Error was: UnknownError: An unknown server-side error occurred while processing the command. Original error: 'DELETE /' cannot be proxied to UiAutomator2 server because the instrumentation process is not running (probably crashed). Check the server log and/or the logcat output for more details
[35m[UiAutomator2][39m Restoring hidden api policy to the device default configuration
