[35m[Appium][39m Welcome to Appium v1.22.0
[35m[Appium][39m Non-default server args:
[35m[Appium][39m   port: 51660
[35m[Appium][39m   loglevel: info
[35m[Appium][39m   tmpDir: C:\Users\User\AppData\Local\Temp\\Katalon\Appium\Temp1689236649727
[35m[Appium][39m   chromedriverPort: 51663
[35m[Appium][39m Deprecated server args:
[35m[Appium][39m   [31m--chromedriver-port[39m => --default-capabilities
[35m[Appium][39m Default capabilities, which will be added to each request unless overridden by desired capabilities:
[35m[Appium][39m   chromedriverPort: 51663
[35m[Appium][39m Appium REST http interface listener started on 0.0.0.0:51660
[35m[HTTP][39m [37m-->[39m [37mGET[39m [37m/wd/hub/status[39m
[35m[HTTP][39m [90m{}[39m
[35m[HTTP][39m [37m<-- GET /wd/hub/status [39m[32m200[39m [90m7 ms - 68[39m
[35m[HTTP][39m [90m[39m
[35m[HTTP][39m [37m-->[39m [37mPOST[39m [37m/wd/hub/session[39m
[35m[HTTP][39m [90m{"desiredCapabilities":{"appActivity":".Settings","appPackage":"com.android.settings","newCommandTimeout":1800,"platformVersion":"12","automationName":"uiautomator2","autoGrantPermissions":true,"platformName":"Android","udid":"aihykrce5lrgzhxg","deviceName":"Xiaomi M2103K19PG (Android 12)","platform":"ANDROID","systemPort":8242},"capabilities":{"firstMatch":[{"appium:appActivity":".Settings","appium:appPackage":"com.android.settings","appium:autoGrantPermissions":true,"appium:automationName":"uiautomator2","appium:deviceName":"Xiaomi M2103K19PG (Android 12)","appium:newCommandTimeout":1800,"platform":"ANDROID","platformName":"android","appium:platformVersion":"12","appium:systemPort":8242,"appium:udid":"aihykrce5lrgzhxg"}]}}[39m
[35m[BaseDriver][39m The following capabilities are not standard capabilities and should have an extension prefix:
[35m[BaseDriver][39m   platform
[35m[BaseDriver][39m   chromedriverPort
[35m[Appium][39m Appium v1.22.0 creating new AndroidUiautomator2Driver (v1.69.0) session
[35m[BaseDriver][39m The following capabilities were provided, but are not recognized by Appium:
[35m[BaseDriver][39m   platform
[35m[BaseDriver][39m Session created with session id: 1f8488e6-a58b-4bde-9c98-b99bd4a8b777
[35m[UiAutomator2][39m Starting 'com.android.settings' directly on the device
[35m[ADB][39m Found 1 'build-tools' folders under 'C:\Users\User\.katalon\tools\android_sdk' (newest first):
[35m[ADB][39m     C:/Users/User/.katalon/tools/android_sdk/build-tools/29.0.3
[35m[ADB][39m Using 'adb.exe' from 'C:\Users\User\.katalon\tools\android_sdk\platform-tools\adb.exe'
[35m[AndroidDriver][39m Retrieving device list
[35m[AndroidDriver][39m Using device: aihykrce5lrgzhxg
[35m[ADB][39m Using 'adb.exe' from 'C:\Users\User\.katalon\tools\android_sdk\platform-tools\adb.exe'
[35m[ADB][39m Getting device platform version
[35m[UiAutomator2][39m Relaxing hidden api policy
[35m[AndroidDriver][39m No app sent in, not parsing package/activity
[35m[ADB][39m Using 'apksigner.jar' from 'C:\Users\User\.katalon\tools\android_sdk\build-tools\29.0.3\lib\apksigner.jar'
[35m[ADB][39m 'C:\Users\User\AppData\Roaming\npm\node_modules\appium\node_modules\appium-uiautomator2-server\apks\appium-uiautomator2-server-v4.24.0.apk' is signed with the default certificate
[35m[ADB][39m 'C:\Users\User\AppData\Roaming\npm\node_modules\appium\node_modules\appium-uiautomator2-server\apks\appium-uiautomator2-server-debug-androidTest.apk' is signed with the default certificate
[35m[UiAutomator2][39m Server packages are not going to be (re)installed
[35m[ADB][39m Adding packages ["io.appium.settings","io.appium.uiautomator2.server","io.appium.uiautomator2.server.test"] to Doze whitelist
[35m[UiAutomator2][39m Starting UIAutomator2 server 4.24.0
[35m[UiAutomator2][39m Using UIAutomator2 server from 'C:\Users\User\AppData\Roaming\npm\node_modules\appium\node_modules\appium-uiautomator2-server\apks\appium-uiautomator2-server-v4.24.0.apk' and test from 'C:\Users\User\AppData\Roaming\npm\node_modules\appium\node_modules\appium-uiautomator2-server\apks\appium-uiautomator2-server-debug-androidTest.apk'
[35m[UiAutomator2][39m Waiting up to 30000ms for UiAutomator2 to be online...
[35m[WD Proxy][39m socket hang up
[35m[WD Proxy][39m socket hang up
[35m[WD Proxy][39m socket hang up
[35m[WD Proxy][39m socket hang up
[35m[WD Proxy][39m socket hang up
[35m[WD Proxy][39m socket hang up
[35m[WD Proxy][39m Determined the downstream protocol as 'W3C'
[35m[AndroidDriver][39m Screen already unlocked, doing nothing
[35m[UiAutomator2][39m Starting 'com.android.settings/.Settings and waiting for 'com.android.settings/.Settings'
[35m[Appium][39m New AndroidUiautomator2Driver session created successfully, session 1f8488e6-a58b-4bde-9c98-b99bd4a8b777 added to master session list
[35m[HTTP][39m [37m<-- POST /wd/hub/session [39m[32m200[39m [90m14027 ms - 1181[39m
[35m[HTTP][39m [90m[39m
[35m[HTTP][39m [37m-->[39m [37mGET[39m [37m/wd/hub/session/1f8488e6-a58b-4bde-9c98-b99bd4a8b777[39m
[35m[HTTP][39m [90m{}[39m
[35m[HTTP][39m [37m<-- GET /wd/hub/session/1f8488e6-a58b-4bde-9c98-b99bd4a8b777 [39m[32m200[39m [90m104 ms - 1135[39m
[35m[HTTP][39m [90m[39m
[35m[HTTP][39m [37m-->[39m [37mGET[39m [37m/wd/hub/session/1f8488e6-a58b-4bde-9c98-b99bd4a8b777[39m
[35m[HTTP][39m [90m{}[39m
[35m[HTTP][39m [37m<-- GET /wd/hub/session/1f8488e6-a58b-4bde-9c98-b99bd4a8b777 [39m[32m200[39m [90m164 ms - 1135[39m
[35m[HTTP][39m [90m[39m
[35m[HTTP][39m [37m-->[39m [37mGET[39m [37m/wd/hub/status[39m
[35m[HTTP][39m [90m{}[39m
[35m[HTTP][39m [37m<-- GET /wd/hub/status [39m[32m200[39m [90m2 ms - 68[39m
[35m[HTTP][39m [90m[39m
[35m[HTTP][39m [37m-->[39m [37mPOST[39m [37m/wd/hub/session/1f8488e6-a58b-4bde-9c98-b99bd4a8b777/timeouts[39m
[35m[HTTP][39m [90m{"implicit":120000}[39m
[35m[HTTP][39m [37m<-- POST /wd/hub/session/1f8488e6-a58b-4bde-9c98-b99bd4a8b777/timeouts [39m[32m200[39m [90m3 ms - 14[39m
[35m[HTTP][39m [90m[39m
[35m[HTTP][39m [37m-->[39m [37mGET[39m [37m/wd/hub/session/1f8488e6-a58b-4bde-9c98-b99bd4a8b777/screenshot[39m
[35m[HTTP][39m [90m{}[39m
[35m[HTTP][39m [37m<-- GET /wd/hub/session/1f8488e6-a58b-4bde-9c98-b99bd4a8b777/screenshot [39m[32m200[39m [90m384 ms - 201240[39m
[35m[HTTP][39m [90m[39m
[35m[HTTP][39m [37m-->[39m [37mGET[39m [37m/wd/hub/session/1f8488e6-a58b-4bde-9c98-b99bd4a8b777/window/rect[39m
[35m[HTTP][39m [90m{}[39m
[35m[HTTP][39m [37m<-- GET /wd/hub/session/1f8488e6-a58b-4bde-9c98-b99bd4a8b777/window/rect [39m[32m200[39m [90m20 ms - 50[39m
[35m[HTTP][39m [90m[39m
[35m[HTTP][39m [37m-->[39m [37mGET[39m [37m/wd/hub/session/1f8488e6-a58b-4bde-9c98-b99bd4a8b777/appium/device/system_bars[39m
[35m[HTTP][39m [90m{}[39m
[35m[HTTP][39m [37m<-- GET /wd/hub/session/1f8488e6-a58b-4bde-9c98-b99bd4a8b777/appium/device/system_bars [39m[32m200[39m [90m107 ms - 145[39m
[35m[HTTP][39m [90m[39m
[35m[HTTP][39m [37m-->[39m [37mPOST[39m [37m/wd/hub/session/1f8488e6-a58b-4bde-9c98-b99bd4a8b777/appium/device/activate_app[39m
[35m[HTTP][39m [90m{"bundleId":"pkp.mobile.fmui"}[39m
[35m[HTTP][39m [37m<-- POST /wd/hub/session/1f8488e6-a58b-4bde-9c98-b99bd4a8b777/appium/device/activate_app [39m[32m200[39m [90m3566 ms - 14[39m
[35m[HTTP][39m [90m[39m
[35m[HTTP][39m [37m-->[39m [37mPOST[39m [37m/wd/hub/session/1f8488e6-a58b-4bde-9c98-b99bd4a8b777/timeouts[39m
[35m[HTTP][39m [90m{"implicit":50}[39m
[35m[HTTP][39m [37m<-- POST /wd/hub/session/1f8488e6-a58b-4bde-9c98-b99bd4a8b777/timeouts [39m[32m200[39m [90m3 ms - 14[39m
[35m[HTTP][39m [90m[39m
[35m[HTTP][39m [37m-->[39m [37mGET[39m [37m/wd/hub/session/1f8488e6-a58b-4bde-9c98-b99bd4a8b777/window/rect[39m
[35m[HTTP][39m [90m{}[39m
[35m[HTTP][39m [37m<-- GET /wd/hub/session/1f8488e6-a58b-4bde-9c98-b99bd4a8b777/window/rect [39m[32m200[39m [90m34 ms - 50[39m
[35m[HTTP][39m [90m[39m
[35m[HTTP][39m [37m-->[39m [37mPOST[39m [37m/wd/hub/session/1f8488e6-a58b-4bde-9c98-b99bd4a8b777/elements[39m
[35m[HTTP][39m [90m{"using":"xpath","value":"//*[@class = 'android.widget.ImageView' and @resource-id = '' and (@text = '' or . = '')]"}[39m
[35m[HTTP][39m [37m<-- POST /wd/hub/session/1f8488e6-a58b-4bde-9c98-b99bd4a8b777/elements [39m[32m200[39m [90m361 ms - 139[39m
[35m[HTTP][39m [90m[39m
[35m[HTTP][39m [37m-->[39m [37mGET[39m [37m/wd/hub/session/1f8488e6-a58b-4bde-9c98-b99bd4a8b777/element/00000000-0000-04e6-0000-055100000003/location[39m
[35m[HTTP][39m [90m{}[39m
[35m[W3C (1f8488e6)][39m Driver proxy active, passing request on via HTTP proxy
[35m[WD Proxy][39m Replacing sessionId 0329d440-8b00-4a36-898a-b705a412d5f1 with 1f8488e6-a58b-4bde-9c98-b99bd4a8b777
[35m[HTTP][39m [37m<-- GET /wd/hub/session/1f8488e6-a58b-4bde-9c98-b99bd4a8b777/element/00000000-0000-04e6-0000-055100000003/location [39m[32m200[39m [90m721 ms - 79[39m
[35m[HTTP][39m [90m[39m
[35m[HTTP][39m [37m-->[39m [37mPOST[39m [37m/wd/hub/session/1f8488e6-a58b-4bde-9c98-b99bd4a8b777/timeouts[39m
[35m[HTTP][39m [90m{"implicit":120000}[39m
[35m[HTTP][39m [37m<-- POST /wd/hub/session/1f8488e6-a58b-4bde-9c98-b99bd4a8b777/timeouts [39m[32m200[39m [90m3 ms - 14[39m
[35m[HTTP][39m [90m[39m
[35m[HTTP][39m [37m-->[39m [37mPOST[39m [37m/wd/hub/session/1f8488e6-a58b-4bde-9c98-b99bd4a8b777/element/00000000-0000-04e6-0000-055100000003/click[39m
[35m[HTTP][39m [90m{"id":"00000000-0000-04e6-0000-055100000003"}[39m
[35m[HTTP][39m [37m<-- POST /wd/hub/session/1f8488e6-a58b-4bde-9c98-b99bd4a8b777/element/00000000-0000-04e6-0000-055100000003/click [39m[32m200[39m [90m948 ms - 14[39m
[35m[HTTP][39m [90m[39m
[35m[HTTP][39m [37m-->[39m [37mPOST[39m [37m/wd/hub/session/1f8488e6-a58b-4bde-9c98-b99bd4a8b777/timeouts[39m
[35m[HTTP][39m [90m{"implicit":50}[39m
[35m[HTTP][39m [37m<-- POST /wd/hub/session/1f8488e6-a58b-4bde-9c98-b99bd4a8b777/timeouts [39m[32m200[39m [90m2 ms - 14[39m
[35m[HTTP][39m [90m[39m
[35m[HTTP][39m [37m-->[39m [37mGET[39m [37m/wd/hub/session/1f8488e6-a58b-4bde-9c98-b99bd4a8b777/window/rect[39m
[35m[HTTP][39m [90m{}[39m
[35m[HTTP][39m [37m<-- GET /wd/hub/session/1f8488e6-a58b-4bde-9c98-b99bd4a8b777/window/rect [39m[32m200[39m [90m29 ms - 50[39m
[35m[HTTP][39m [90m[39m
[35m[HTTP][39m [37m-->[39m [37mPOST[39m [37m/wd/hub/session/1f8488e6-a58b-4bde-9c98-b99bd4a8b777/elements[39m
[35m[HTTP][39m [90m{"using":"accessibility id","value":"PENUGASAN"}[39m
[35m[HTTP][39m [37m<-- POST /wd/hub/session/1f8488e6-a58b-4bde-9c98-b99bd4a8b777/elements [39m[32m200[39m [90m67 ms - 139[39m
[35m[HTTP][39m [90m[39m
[35m[HTTP][39m [37m-->[39m [37mGET[39m [37m/wd/hub/session/1f8488e6-a58b-4bde-9c98-b99bd4a8b777/element/00000000-0000-04e6-0000-055900000003/location[39m
[35m[HTTP][39m [90m{}[39m
[35m[W3C (1f8488e6)][39m Driver proxy active, passing request on via HTTP proxy
[35m[WD Proxy][39m Replacing sessionId 0329d440-8b00-4a36-898a-b705a412d5f1 with 1f8488e6-a58b-4bde-9c98-b99bd4a8b777
[35m[HTTP][39m [37m<-- GET /wd/hub/session/1f8488e6-a58b-4bde-9c98-b99bd4a8b777/element/00000000-0000-04e6-0000-055900000003/location [39m[32m200[39m [90m34 ms - 78[39m
[35m[HTTP][39m [90m[39m
[35m[HTTP][39m [37m-->[39m [37mPOST[39m [37m/wd/hub/session/1f8488e6-a58b-4bde-9c98-b99bd4a8b777/timeouts[39m
[35m[HTTP][39m [90m{"implicit":120000}[39m
[35m[HTTP][39m [37m<-- POST /wd/hub/session/1f8488e6-a58b-4bde-9c98-b99bd4a8b777/timeouts [39m[32m200[39m [90m2 ms - 14[39m
[35m[HTTP][39m [90m[39m
[35m[HTTP][39m [37m-->[39m [37mPOST[39m [37m/wd/hub/session/1f8488e6-a58b-4bde-9c98-b99bd4a8b777/element/00000000-0000-04e6-0000-055900000003/click[39m
[35m[HTTP][39m [90m{"id":"00000000-0000-04e6-0000-055900000003"}[39m
[35m[HTTP][39m [37m<-- POST /wd/hub/session/1f8488e6-a58b-4bde-9c98-b99bd4a8b777/element/00000000-0000-04e6-0000-055900000003/click [39m[32m200[39m [90m976 ms - 14[39m
[35m[HTTP][39m [90m[39m
[35m[HTTP][39m [37m-->[39m [37mPOST[39m [37m/wd/hub/session/1f8488e6-a58b-4bde-9c98-b99bd4a8b777/timeouts[39m
[35m[HTTP][39m [90m{"implicit":50}[39m
[35m[HTTP][39m [37m<-- POST /wd/hub/session/1f8488e6-a58b-4bde-9c98-b99bd4a8b777/timeouts [39m[32m200[39m [90m1 ms - 14[39m
[35m[HTTP][39m [90m[39m
[35m[HTTP][39m [37m-->[39m [37mGET[39m [37m/wd/hub/session/1f8488e6-a58b-4bde-9c98-b99bd4a8b777/window/rect[39m
[35m[HTTP][39m [90m{}[39m
[35m[HTTP][39m [37m<-- GET /wd/hub/session/1f8488e6-a58b-4bde-9c98-b99bd4a8b777/window/rect [39m[32m200[39m [90m27 ms - 50[39m
[35m[HTTP][39m [90m[39m
[35m[HTTP][39m [37m-->[39m [37mPOST[39m [37m/wd/hub/session/1f8488e6-a58b-4bde-9c98-b99bd4a8b777/elements[39m
[35m[HTTP][39m [90m{"using":"xpath","value":"//hierarchy/android.widget.FrameLayout[1]/android.widget.LinearLayout[1]/android.widget.FrameLayout[1]/android.widget.FrameLayout[1]/android.view.View[1]/android.view.View[1]/android.view.View[1]/android.view.View[1]/android.view.View[4]/android.view.View[1]/android.view.View[1]/android.view.View[1]/android.view.View[1]"}[39m
[35m[HTTP][39m [37m<-- POST /wd/hub/session/1f8488e6-a58b-4bde-9c98-b99bd4a8b777/elements [39m[32m200[39m [90m163 ms - 139[39m
[35m[HTTP][39m [90m[39m
[35m[HTTP][39m [37m-->[39m [37mGET[39m [37m/wd/hub/session/1f8488e6-a58b-4bde-9c98-b99bd4a8b777/element/00000000-0000-04e6-0000-057000000003/location[39m
[35m[HTTP][39m [90m{}[39m
[35m[W3C (1f8488e6)][39m Driver proxy active, passing request on via HTTP proxy
[35m[WD Proxy][39m Replacing sessionId 0329d440-8b00-4a36-898a-b705a412d5f1 with 1f8488e6-a58b-4bde-9c98-b99bd4a8b777
[35m[HTTP][39m [37m<-- GET /wd/hub/session/1f8488e6-a58b-4bde-9c98-b99bd4a8b777/element/00000000-0000-04e6-0000-057000000003/location [39m[32m200[39m [90m449 ms - 78[39m
[35m[HTTP][39m [90m[39m
[35m[HTTP][39m [37m-->[39m [37mPOST[39m [37m/wd/hub/session/1f8488e6-a58b-4bde-9c98-b99bd4a8b777/timeouts[39m
[35m[HTTP][39m [90m{"implicit":120000}[39m
[35m[HTTP][39m [37m<-- POST /wd/hub/session/1f8488e6-a58b-4bde-9c98-b99bd4a8b777/timeouts [39m[32m200[39m [90m2 ms - 14[39m
[35m[HTTP][39m [90m[39m
[35m[HTTP][39m [37m-->[39m [37mPOST[39m [37m/wd/hub/session/1f8488e6-a58b-4bde-9c98-b99bd4a8b777/element/00000000-0000-04e6-0000-057000000003/click[39m
[35m[HTTP][39m [90m{"id":"00000000-0000-04e6-0000-057000000003"}[39m
[35m[HTTP][39m [37m<-- POST /wd/hub/session/1f8488e6-a58b-4bde-9c98-b99bd4a8b777/element/00000000-0000-04e6-0000-057000000003/click [39m[32m200[39m [90m972 ms - 14[39m
[35m[HTTP][39m [90m[39m
[35m[HTTP][39m [37m-->[39m [37mPOST[39m [37m/wd/hub/session/1f8488e6-a58b-4bde-9c98-b99bd4a8b777/timeouts[39m
[35m[HTTP][39m [90m{"implicit":50}[39m
[35m[HTTP][39m [37m<-- POST /wd/hub/session/1f8488e6-a58b-4bde-9c98-b99bd4a8b777/timeouts [39m[32m200[39m [90m2 ms - 14[39m
[35m[HTTP][39m [90m[39m
[35m[HTTP][39m [37m-->[39m [37mGET[39m [37m/wd/hub/session/1f8488e6-a58b-4bde-9c98-b99bd4a8b777/window/rect[39m
[35m[HTTP][39m [90m{}[39m
[35m[HTTP][39m [37m<-- GET /wd/hub/session/1f8488e6-a58b-4bde-9c98-b99bd4a8b777/window/rect [39m[32m200[39m [90m25 ms - 50[39m
[35m[HTTP][39m [90m[39m
[35m[HTTP][39m [37m-->[39m [37mPOST[39m [37m/wd/hub/session/1f8488e6-a58b-4bde-9c98-b99bd4a8b777/elements[39m
[35m[HTTP][39m [90m{"using":"accessibility id","value":"Selanjutnya"}[39m
[35m[HTTP][39m [37m<-- POST /wd/hub/session/1f8488e6-a58b-4bde-9c98-b99bd4a8b777/elements [39m[32m200[39m [90m62 ms - 139[39m
[35m[HTTP][39m [90m[39m
[35m[HTTP][39m [37m-->[39m [37mGET[39m [37m/wd/hub/session/1f8488e6-a58b-4bde-9c98-b99bd4a8b777/element/00000000-0000-04e6-0000-058700000003/location[39m
[35m[HTTP][39m [90m{}[39m
[35m[W3C (1f8488e6)][39m Driver proxy active, passing request on via HTTP proxy
[35m[WD Proxy][39m Replacing sessionId 0329d440-8b00-4a36-898a-b705a412d5f1 with 1f8488e6-a58b-4bde-9c98-b99bd4a8b777
[35m[HTTP][39m [37m<-- GET /wd/hub/session/1f8488e6-a58b-4bde-9c98-b99bd4a8b777/element/00000000-0000-04e6-0000-058700000003/location [39m[32m200[39m [90m27 ms - 78[39m
[35m[HTTP][39m [90m[39m
[35m[HTTP][39m [37m-->[39m [37mPOST[39m [37m/wd/hub/session/1f8488e6-a58b-4bde-9c98-b99bd4a8b777/timeouts[39m
[35m[HTTP][39m [90m{"implicit":120000}[39m
[35m[HTTP][39m [37m<-- POST /wd/hub/session/1f8488e6-a58b-4bde-9c98-b99bd4a8b777/timeouts [39m[32m200[39m [90m1 ms - 14[39m
[35m[HTTP][39m [90m[39m
[35m[HTTP][39m [37m-->[39m [37mPOST[39m [37m/wd/hub/session/1f8488e6-a58b-4bde-9c98-b99bd4a8b777/element/00000000-0000-04e6-0000-058700000003/click[39m
[35m[HTTP][39m [90m{"id":"00000000-0000-04e6-0000-058700000003"}[39m
[35m[HTTP][39m [37m<-- POST /wd/hub/session/1f8488e6-a58b-4bde-9c98-b99bd4a8b777/element/00000000-0000-04e6-0000-058700000003/click [39m[32m200[39m [90m2714 ms - 14[39m
[35m[HTTP][39m [90m[39m
[35m[HTTP][39m [37m-->[39m [37mGET[39m [37m/wd/hub/session/1f8488e6-a58b-4bde-9c98-b99bd4a8b777/context[39m
[35m[HTTP][39m [90m{}[39m
[35m[HTTP][39m [37m<-- GET /wd/hub/session/1f8488e6-a58b-4bde-9c98-b99bd4a8b777/context [39m[32m200[39m [90m1 ms - 22[39m
[35m[HTTP][39m [90m[39m
[35m[HTTP][39m [37m-->[39m [37mGET[39m [37m/wd/hub/session/1f8488e6-a58b-4bde-9c98-b99bd4a8b777/contexts[39m
[35m[HTTP][39m [90m{}[39m
[35m[HTTP][39m [37m<-- GET /wd/hub/session/1f8488e6-a58b-4bde-9c98-b99bd4a8b777/contexts [39m[32m200[39m [90m139 ms - 24[39m
[35m[HTTP][39m [90m[39m
[35m[HTTP][39m [37m-->[39m [37mPOST[39m [37m/wd/hub/session/1f8488e6-a58b-4bde-9c98-b99bd4a8b777/context[39m
[35m[HTTP][39m [90m{"name":"NATIVE_APP"}[39m
[35m[HTTP][39m [37m<-- POST /wd/hub/session/1f8488e6-a58b-4bde-9c98-b99bd4a8b777/context [39m[32m200[39m [90m1 ms - 14[39m
[35m[HTTP][39m [90m[39m
[35m[HTTP][39m [37m-->[39m [37mPOST[39m [37m/wd/hub/session/1f8488e6-a58b-4bde-9c98-b99bd4a8b777/touch/perform[39m
[35m[HTTP][39m [90m{"actions":[{"action":"press","options":{"x":0,"y":1926}},{"action":"wait","options":{"ms":500}},{"action":"moveTo","options":{"x":0,"y":1472}},{"action":"release","options":{}}]}[39m
[35m[HTTP][39m [37m<-- POST /wd/hub/session/1f8488e6-a58b-4bde-9c98-b99bd4a8b777/touch/perform [39m[32m200[39m [90m906 ms - 14[39m
[35m[HTTP][39m [90m[39m
[35m[HTTP][39m [37m-->[39m [37mPOST[39m [37m/wd/hub/session/1f8488e6-a58b-4bde-9c98-b99bd4a8b777/context[39m
[35m[HTTP][39m [90m{"name":"NATIVE_APP"}[39m
[35m[HTTP][39m [37m<-- POST /wd/hub/session/1f8488e6-a58b-4bde-9c98-b99bd4a8b777/context [39m[32m200[39m [90m3 ms - 14[39m
[35m[HTTP][39m [90m[39m
[35m[HTTP][39m [37m-->[39m [37mPOST[39m [37m/wd/hub/session/1f8488e6-a58b-4bde-9c98-b99bd4a8b777/timeouts[39m
[35m[HTTP][39m [90m{"implicit":50}[39m
[35m[HTTP][39m [37m<-- POST /wd/hub/session/1f8488e6-a58b-4bde-9c98-b99bd4a8b777/timeouts [39m[32m200[39m [90m3 ms - 14[39m
[35m[HTTP][39m [90m[39m
[35m[HTTP][39m [37m-->[39m [37mGET[39m [37m/wd/hub/session/1f8488e6-a58b-4bde-9c98-b99bd4a8b777/window/rect[39m
[35m[HTTP][39m [90m{}[39m
[35m[HTTP][39m [37m<-- GET /wd/hub/session/1f8488e6-a58b-4bde-9c98-b99bd4a8b777/window/rect [39m[32m200[39m [90m13 ms - 50[39m
[35m[HTTP][39m [90m[39m
[35m[HTTP][39m [37m-->[39m [37mPOST[39m [37m/wd/hub/session/1f8488e6-a58b-4bde-9c98-b99bd4a8b777/elements[39m
[35m[HTTP][39m [90m{"using":"accessibility id","value":"Selanjutnya"}[39m
[35m[HTTP][39m [37m<-- POST /wd/hub/session/1f8488e6-a58b-4bde-9c98-b99bd4a8b777/elements [39m[32m200[39m [90m30 ms - 139[39m
[35m[HTTP][39m [90m[39m
[35m[HTTP][39m [37m-->[39m [37mGET[39m [37m/wd/hub/session/1f8488e6-a58b-4bde-9c98-b99bd4a8b777/element/00000000-0000-04e6-0000-059900000003/location[39m
[35m[HTTP][39m [90m{}[39m
[35m[W3C (1f8488e6)][39m Driver proxy active, passing request on via HTTP proxy
[35m[WD Proxy][39m Replacing sessionId 0329d440-8b00-4a36-898a-b705a412d5f1 with 1f8488e6-a58b-4bde-9c98-b99bd4a8b777
[35m[HTTP][39m [37m<-- GET /wd/hub/session/1f8488e6-a58b-4bde-9c98-b99bd4a8b777/element/00000000-0000-04e6-0000-059900000003/location [39m[32m200[39m [90m24 ms - 78[39m
[35m[HTTP][39m [90m[39m
[35m[HTTP][39m [37m-->[39m [37mPOST[39m [37m/wd/hub/session/1f8488e6-a58b-4bde-9c98-b99bd4a8b777/timeouts[39m
[35m[HTTP][39m [90m{"implicit":120000}[39m
[35m[HTTP][39m [37m<-- POST /wd/hub/session/1f8488e6-a58b-4bde-9c98-b99bd4a8b777/timeouts [39m[32m200[39m [90m3 ms - 14[39m
[35m[HTTP][39m [90m[39m
[35m[HTTP][39m [37m-->[39m [37mPOST[39m [37m/wd/hub/session/1f8488e6-a58b-4bde-9c98-b99bd4a8b777/timeouts[39m
[35m[HTTP][39m [90m{"implicit":50}[39m
[35m[HTTP][39m [37m<-- POST /wd/hub/session/1f8488e6-a58b-4bde-9c98-b99bd4a8b777/timeouts [39m[32m200[39m [90m1 ms - 14[39m
[35m[HTTP][39m [90m[39m
[35m[HTTP][39m [37m-->[39m [37mGET[39m [37m/wd/hub/session/1f8488e6-a58b-4bde-9c98-b99bd4a8b777/window/rect[39m
[35m[HTTP][39m [90m{}[39m
[35m[HTTP][39m [37m<-- GET /wd/hub/session/1f8488e6-a58b-4bde-9c98-b99bd4a8b777/window/rect [39m[32m200[39m [90m13 ms - 50[39m
[35m[HTTP][39m [90m[39m
[35m[HTTP][39m [37m-->[39m [37mPOST[39m [37m/wd/hub/session/1f8488e6-a58b-4bde-9c98-b99bd4a8b777/elements[39m
[35m[HTTP][39m [90m{"using":"accessibility id","value":"Selanjutnya"}[39m
[35m[HTTP][39m [37m<-- POST /wd/hub/session/1f8488e6-a58b-4bde-9c98-b99bd4a8b777/elements [39m[32m200[39m [90m442 ms - 139[39m
[35m[HTTP][39m [90m[39m
[35m[HTTP][39m [37m-->[39m [37mGET[39m [37m/wd/hub/session/1f8488e6-a58b-4bde-9c98-b99bd4a8b777/element/00000000-0000-04e6-0000-059900000003/location[39m
[35m[HTTP][39m [90m{}[39m
[35m[W3C (1f8488e6)][39m Driver proxy active, passing request on via HTTP proxy
[35m[WD Proxy][39m Replacing sessionId 0329d440-8b00-4a36-898a-b705a412d5f1 with 1f8488e6-a58b-4bde-9c98-b99bd4a8b777
[35m[HTTP][39m [37m<-- GET /wd/hub/session/1f8488e6-a58b-4bde-9c98-b99bd4a8b777/element/00000000-0000-04e6-0000-059900000003/location [39m[32m200[39m [90m25 ms - 78[39m
[35m[HTTP][39m [90m[39m
[35m[HTTP][39m [37m-->[39m [37mPOST[39m [37m/wd/hub/session/1f8488e6-a58b-4bde-9c98-b99bd4a8b777/timeouts[39m
[35m[HTTP][39m [90m{"implicit":120000}[39m
[35m[HTTP][39m [37m<-- POST /wd/hub/session/1f8488e6-a58b-4bde-9c98-b99bd4a8b777/timeouts [39m[32m200[39m [90m2 ms - 14[39m
[35m[HTTP][39m [90m[39m
[35m[HTTP][39m [37m-->[39m [37mPOST[39m [37m/wd/hub/session/1f8488e6-a58b-4bde-9c98-b99bd4a8b777/element/00000000-0000-04e6-0000-059900000003/click[39m
[35m[HTTP][39m [90m{"id":"00000000-0000-04e6-0000-059900000003"}[39m
[35m[HTTP][39m [37m<-- POST /wd/hub/session/1f8488e6-a58b-4bde-9c98-b99bd4a8b777/element/00000000-0000-04e6-0000-059900000003/click [39m[32m200[39m [90m1120 ms - 14[39m
[35m[HTTP][39m [90m[39m
[35m[HTTP][39m [37m-->[39m [37mPOST[39m [37m/wd/hub/session/1f8488e6-a58b-4bde-9c98-b99bd4a8b777/timeouts[39m
[35m[HTTP][39m [90m{"implicit":50}[39m
[35m[HTTP][39m [37m<-- POST /wd/hub/session/1f8488e6-a58b-4bde-9c98-b99bd4a8b777/timeouts [39m[32m200[39m [90m2 ms - 14[39m
[35m[HTTP][39m [90m[39m
[35m[HTTP][39m [37m-->[39m [37mGET[39m [37m/wd/hub/session/1f8488e6-a58b-4bde-9c98-b99bd4a8b777/window/rect[39m
[35m[HTTP][39m [90m{}[39m
[35m[HTTP][39m [37m<-- GET /wd/hub/session/1f8488e6-a58b-4bde-9c98-b99bd4a8b777/window/rect [39m[32m200[39m [90m29 ms - 50[39m
[35m[HTTP][39m [90m[39m
[35m[HTTP][39m [37m-->[39m [37mPOST[39m [37m/wd/hub/session/1f8488e6-a58b-4bde-9c98-b99bd4a8b777/elements[39m
[35m[HTTP][39m [90m{"using":"xpath","value":"//hierarchy/android.widget.FrameLayout[1]/android.widget.LinearLayout[1]/android.widget.FrameLayout[1]/android.widget.FrameLayout[1]/android.view.View[1]/android.view.View[1]/android.view.View[1]/android.view.View[1]/android.view.View[1]/android.view.View[1]/android.widget.Button[1]"}[39m
[35m[HTTP][39m [37m<-- POST /wd/hub/session/1f8488e6-a58b-4bde-9c98-b99bd4a8b777/elements [39m[32m200[39m [90m79 ms - 139[39m
[35m[HTTP][39m [90m[39m
[35m[HTTP][39m [37m-->[39m [37mGET[39m [37m/wd/hub/session/1f8488e6-a58b-4bde-9c98-b99bd4a8b777/element/00000000-0000-04e6-0000-059d00000003/location[39m
[35m[HTTP][39m [90m{}[39m
[35m[W3C (1f8488e6)][39m Driver proxy active, passing request on via HTTP proxy
[35m[WD Proxy][39m Replacing sessionId 0329d440-8b00-4a36-898a-b705a412d5f1 with 1f8488e6-a58b-4bde-9c98-b99bd4a8b777
[35m[HTTP][39m [37m<-- GET /wd/hub/session/1f8488e6-a58b-4bde-9c98-b99bd4a8b777/element/00000000-0000-04e6-0000-059d00000003/location [39m[32m200[39m [90m19 ms - 76[39m
[35m[HTTP][39m [90m[39m
[35m[HTTP][39m [37m-->[39m [37mPOST[39m [37m/wd/hub/session/1f8488e6-a58b-4bde-9c98-b99bd4a8b777/timeouts[39m
[35m[HTTP][39m [90m{"implicit":120000}[39m
[35m[HTTP][39m [37m<-- POST /wd/hub/session/1f8488e6-a58b-4bde-9c98-b99bd4a8b777/timeouts [39m[32m200[39m [90m1 ms - 14[39m
[35m[HTTP][39m [90m[39m
[35m[HTTP][39m [37m-->[39m [37mPOST[39m [37m/wd/hub/session/1f8488e6-a58b-4bde-9c98-b99bd4a8b777/element/00000000-0000-04e6-0000-059d00000003/click[39m
[35m[HTTP][39m [90m{"id":"00000000-0000-04e6-0000-059d00000003"}[39m
[35m[HTTP][39m [37m<-- POST /wd/hub/session/1f8488e6-a58b-4bde-9c98-b99bd4a8b777/element/00000000-0000-04e6-0000-059d00000003/click [39m[32m200[39m [90m613 ms - 14[39m
[35m[HTTP][39m [90m[39m
[35m[HTTP][39m [37m-->[39m [37mPOST[39m [37m/wd/hub/session/1f8488e6-a58b-4bde-9c98-b99bd4a8b777/timeouts[39m
[35m[HTTP][39m [90m{"implicit":50}[39m
[35m[HTTP][39m [37m<-- POST /wd/hub/session/1f8488e6-a58b-4bde-9c98-b99bd4a8b777/timeouts [39m[32m200[39m [90m2 ms - 14[39m
[35m[HTTP][39m [90m[39m
[35m[HTTP][39m [37m-->[39m [37mGET[39m [37m/wd/hub/session/1f8488e6-a58b-4bde-9c98-b99bd4a8b777/window/rect[39m
[35m[HTTP][39m [90m{}[39m
[35m[HTTP][39m [37m<-- GET /wd/hub/session/1f8488e6-a58b-4bde-9c98-b99bd4a8b777/window/rect [39m[32m200[39m [90m13 ms - 50[39m
[35m[HTTP][39m [90m[39m
[35m[HTTP][39m [37m-->[39m [37mPOST[39m [37m/wd/hub/session/1f8488e6-a58b-4bde-9c98-b99bd4a8b777/elements[39m
[35m[HTTP][39m [90m{"using":"xpath","value":"//hierarchy/android.widget.FrameLayout[1]/android.widget.LinearLayout[1]/android.widget.FrameLayout[1]/android.widget.FrameLayout[1]/android.view.View[1]/android.view.View[1]/android.view.View[1]/android.view.View[1]/android.view.View[1]/android.view.View[1]/android.widget.Button[1]"}[39m
[35m[HTTP][39m [37m<-- POST /wd/hub/session/1f8488e6-a58b-4bde-9c98-b99bd4a8b777/elements [39m[32m200[39m [90m56 ms - 139[39m
[35m[HTTP][39m [90m[39m
[35m[HTTP][39m [37m-->[39m [37mGET[39m [37m/wd/hub/session/1f8488e6-a58b-4bde-9c98-b99bd4a8b777/element/00000000-0000-04e6-0000-059d00000003/location[39m
[35m[HTTP][39m [90m{}[39m
[35m[W3C (1f8488e6)][39m Driver proxy active, passing request on via HTTP proxy
[35m[WD Proxy][39m Replacing sessionId 0329d440-8b00-4a36-898a-b705a412d5f1 with 1f8488e6-a58b-4bde-9c98-b99bd4a8b777
[35m[HTTP][39m [37m<-- GET /wd/hub/session/1f8488e6-a58b-4bde-9c98-b99bd4a8b777/element/00000000-0000-04e6-0000-059d00000003/location [39m[32m200[39m [90m19 ms - 76[39m
[35m[HTTP][39m [90m[39m
[35m[HTTP][39m [37m-->[39m [37mPOST[39m [37m/wd/hub/session/1f8488e6-a58b-4bde-9c98-b99bd4a8b777/timeouts[39m
[35m[HTTP][39m [90m{"implicit":120000}[39m
[35m[HTTP][39m [37m<-- POST /wd/hub/session/1f8488e6-a58b-4bde-9c98-b99bd4a8b777/timeouts [39m[32m200[39m [90m2 ms - 14[39m
[35m[HTTP][39m [90m[39m
[35m[HTTP][39m [37m-->[39m [37mPOST[39m [37m/wd/hub/session/1f8488e6-a58b-4bde-9c98-b99bd4a8b777/element/00000000-0000-04e6-0000-059d00000003/click[39m
[35m[HTTP][39m [90m{"id":"00000000-0000-04e6-0000-059d00000003"}[39m
[35m[HTTP][39m [37m<-- POST /wd/hub/session/1f8488e6-a58b-4bde-9c98-b99bd4a8b777/element/00000000-0000-04e6-0000-059d00000003/click [39m[32m200[39m [90m671 ms - 14[39m
[35m[HTTP][39m [90m[39m
[35m[HTTP][39m [37m-->[39m [37mPOST[39m [37m/wd/hub/session/1f8488e6-a58b-4bde-9c98-b99bd4a8b777/timeouts[39m
[35m[HTTP][39m [90m{"implicit":50}[39m
[35m[HTTP][39m [37m<-- POST /wd/hub/session/1f8488e6-a58b-4bde-9c98-b99bd4a8b777/timeouts [39m[32m200[39m [90m1 ms - 14[39m
[35m[HTTP][39m [90m[39m
[35m[HTTP][39m [37m-->[39m [37mGET[39m [37m/wd/hub/session/1f8488e6-a58b-4bde-9c98-b99bd4a8b777/window/rect[39m
[35m[HTTP][39m [90m{}[39m
[35m[HTTP][39m [37m<-- GET /wd/hub/session/1f8488e6-a58b-4bde-9c98-b99bd4a8b777/window/rect [39m[32m200[39m [90m18 ms - 50[39m
[35m[HTTP][39m [90m[39m
[35m[HTTP][39m [37m-->[39m [37mPOST[39m [37m/wd/hub/session/1f8488e6-a58b-4bde-9c98-b99bd4a8b777/elements[39m
[35m[HTTP][39m [90m{"using":"accessibility id","value":"Iya"}[39m
[35m[HTTP][39m [37m<-- POST /wd/hub/session/1f8488e6-a58b-4bde-9c98-b99bd4a8b777/elements [39m[32m200[39m [90m27 ms - 139[39m
[35m[HTTP][39m [90m[39m
[35m[HTTP][39m [37m-->[39m [37mGET[39m [37m/wd/hub/session/1f8488e6-a58b-4bde-9c98-b99bd4a8b777/element/00000000-0000-04e6-0000-05cb00000003/location[39m
[35m[HTTP][39m [90m{}[39m
[35m[W3C (1f8488e6)][39m Driver proxy active, passing request on via HTTP proxy
[35m[WD Proxy][39m Replacing sessionId 0329d440-8b00-4a36-898a-b705a412d5f1 with 1f8488e6-a58b-4bde-9c98-b99bd4a8b777
[35m[HTTP][39m [37m<-- GET /wd/hub/session/1f8488e6-a58b-4bde-9c98-b99bd4a8b777/element/00000000-0000-04e6-0000-05cb00000003/location [39m[32m200[39m [90m20 ms - 79[39m
[35m[HTTP][39m [90m[39m
[35m[HTTP][39m [37m-->[39m [37mPOST[39m [37m/wd/hub/session/1f8488e6-a58b-4bde-9c98-b99bd4a8b777/timeouts[39m
[35m[HTTP][39m [90m{"implicit":120000}[39m
[35m[HTTP][39m [37m<-- POST /wd/hub/session/1f8488e6-a58b-4bde-9c98-b99bd4a8b777/timeouts [39m[32m200[39m [90m2 ms - 14[39m
[35m[HTTP][39m [90m[39m
[35m[HTTP][39m [37m-->[39m [37mPOST[39m [37m/wd/hub/session/1f8488e6-a58b-4bde-9c98-b99bd4a8b777/element/00000000-0000-04e6-0000-05cb00000003/click[39m
[35m[HTTP][39m [90m{"id":"00000000-0000-04e6-0000-05cb00000003"}[39m
[35m[HTTP][39m [37m<-- POST /wd/hub/session/1f8488e6-a58b-4bde-9c98-b99bd4a8b777/element/00000000-0000-04e6-0000-05cb00000003/click [39m[32m200[39m [90m53 ms - 14[39m
[35m[HTTP][39m [90m[39m
[35m[HTTP][39m [37m-->[39m [37mPOST[39m [37m/wd/hub/session/1f8488e6-a58b-4bde-9c98-b99bd4a8b777/timeouts[39m
[35m[HTTP][39m [90m{"implicit":50}[39m
[35m[HTTP][39m [37m<-- POST /wd/hub/session/1f8488e6-a58b-4bde-9c98-b99bd4a8b777/timeouts [39m[32m200[39m [90m2 ms - 14[39m
[35m[HTTP][39m [90m[39m
[35m[HTTP][39m [37m-->[39m [37mGET[39m [37m/wd/hub/session/1f8488e6-a58b-4bde-9c98-b99bd4a8b777/window/rect[39m
[35m[HTTP][39m [90m{}[39m
[35m[HTTP][39m [37m<-- GET /wd/hub/session/1f8488e6-a58b-4bde-9c98-b99bd4a8b777/window/rect [39m[32m200[39m [90m14 ms - 50[39m
[35m[HTTP][39m [90m[39m
[35m[HTTP][39m [37m-->[39m [37mPOST[39m [37m/wd/hub/session/1f8488e6-a58b-4bde-9c98-b99bd4a8b777/elements[39m
[35m[HTTP][39m [90m{"using":"accessibility id","value":"Selanjutnya"}[39m
[35m[HTTP][39m [37m<-- POST /wd/hub/session/1f8488e6-a58b-4bde-9c98-b99bd4a8b777/elements [39m[32m200[39m [90m36 ms - 139[39m
[35m[HTTP][39m [90m[39m
[35m[HTTP][39m [37m-->[39m [37mGET[39m [37m/wd/hub/session/1f8488e6-a58b-4bde-9c98-b99bd4a8b777/element/00000000-0000-04e6-0000-05d800000003/location[39m
[35m[HTTP][39m [90m{}[39m
[35m[W3C (1f8488e6)][39m Driver proxy active, passing request on via HTTP proxy
[35m[WD Proxy][39m Replacing sessionId 0329d440-8b00-4a36-898a-b705a412d5f1 with 1f8488e6-a58b-4bde-9c98-b99bd4a8b777
[35m[HTTP][39m [37m<-- GET /wd/hub/session/1f8488e6-a58b-4bde-9c98-b99bd4a8b777/element/00000000-0000-04e6-0000-05d800000003/location [39m[32m200[39m [90m22 ms - 78[39m
[35m[HTTP][39m [90m[39m
[35m[HTTP][39m [37m-->[39m [37mPOST[39m [37m/wd/hub/session/1f8488e6-a58b-4bde-9c98-b99bd4a8b777/timeouts[39m
[35m[HTTP][39m [90m{"implicit":120000}[39m
[35m[HTTP][39m [37m<-- POST /wd/hub/session/1f8488e6-a58b-4bde-9c98-b99bd4a8b777/timeouts [39m[32m200[39m [90m1 ms - 14[39m
[35m[HTTP][39m [90m[39m
[35m[HTTP][39m [37m-->[39m [37mPOST[39m [37m/wd/hub/session/1f8488e6-a58b-4bde-9c98-b99bd4a8b777/timeouts[39m
[35m[HTTP][39m [90m{"implicit":50}[39m
[35m[HTTP][39m [37m<-- POST /wd/hub/session/1f8488e6-a58b-4bde-9c98-b99bd4a8b777/timeouts [39m[32m200[39m [90m2 ms - 14[39m
[35m[HTTP][39m [90m[39m
[35m[HTTP][39m [37m-->[39m [37mGET[39m [37m/wd/hub/session/1f8488e6-a58b-4bde-9c98-b99bd4a8b777/window/rect[39m
[35m[HTTP][39m [90m{}[39m
[35m[HTTP][39m [37m<-- GET /wd/hub/session/1f8488e6-a58b-4bde-9c98-b99bd4a8b777/window/rect [39m[32m200[39m [90m17 ms - 50[39m
[35m[HTTP][39m [90m[39m
[35m[HTTP][39m [37m-->[39m [37mPOST[39m [37m/wd/hub/session/1f8488e6-a58b-4bde-9c98-b99bd4a8b777/elements[39m
[35m[HTTP][39m [90m{"using":"accessibility id","value":"Selanjutnya"}[39m
[35m[HTTP][39m [37m<-- POST /wd/hub/session/1f8488e6-a58b-4bde-9c98-b99bd4a8b777/elements [39m[32m200[39m [90m33 ms - 139[39m
[35m[HTTP][39m [90m[39m
[35m[HTTP][39m [37m-->[39m [37mGET[39m [37m/wd/hub/session/1f8488e6-a58b-4bde-9c98-b99bd4a8b777/element/00000000-0000-04e6-0000-05d800000003/location[39m
[35m[HTTP][39m [90m{}[39m
[35m[W3C (1f8488e6)][39m Driver proxy active, passing request on via HTTP proxy
[35m[WD Proxy][39m Replacing sessionId 0329d440-8b00-4a36-898a-b705a412d5f1 with 1f8488e6-a58b-4bde-9c98-b99bd4a8b777
[35m[HTTP][39m [37m<-- GET /wd/hub/session/1f8488e6-a58b-4bde-9c98-b99bd4a8b777/element/00000000-0000-04e6-0000-05d800000003/location [39m[32m200[39m [90m20 ms - 78[39m
[35m[HTTP][39m [90m[39m
[35m[HTTP][39m [37m-->[39m [37mPOST[39m [37m/wd/hub/session/1f8488e6-a58b-4bde-9c98-b99bd4a8b777/timeouts[39m
[35m[HTTP][39m [90m{"implicit":120000}[39m
[35m[HTTP][39m [37m<-- POST /wd/hub/session/1f8488e6-a58b-4bde-9c98-b99bd4a8b777/timeouts [39m[32m200[39m [90m1 ms - 14[39m
[35m[HTTP][39m [90m[39m
[35m[HTTP][39m [37m-->[39m [37mPOST[39m [37m/wd/hub/session/1f8488e6-a58b-4bde-9c98-b99bd4a8b777/element/00000000-0000-04e6-0000-05d800000003/click[39m
[35m[HTTP][39m [90m{"id":"00000000-0000-04e6-0000-05d800000003"}[39m
[35m[HTTP][39m [37m<-- POST /wd/hub/session/1f8488e6-a58b-4bde-9c98-b99bd4a8b777/element/00000000-0000-04e6-0000-05d800000003/click [39m[32m200[39m [90m1914 ms - 14[39m
[35m[HTTP][39m [90m[39m
[35m[HTTP][39m [37m-->[39m [37mPOST[39m [37m/wd/hub/session/1f8488e6-a58b-4bde-9c98-b99bd4a8b777/timeouts[39m
[35m[HTTP][39m [90m{"implicit":50}[39m
[35m[HTTP][39m [37m<-- POST /wd/hub/session/1f8488e6-a58b-4bde-9c98-b99bd4a8b777/timeouts [39m[32m200[39m [90m1 ms - 14[39m
[35m[HTTP][39m [90m[39m
[35m[HTTP][39m [37m-->[39m [37mGET[39m [37m/wd/hub/session/1f8488e6-a58b-4bde-9c98-b99bd4a8b777/window/rect[39m
[35m[HTTP][39m [90m{}[39m
[35m[HTTP][39m [37m<-- GET /wd/hub/session/1f8488e6-a58b-4bde-9c98-b99bd4a8b777/window/rect [39m[32m200[39m [90m25 ms - 50[39m
[35m[HTTP][39m [90m[39m
[35m[HTTP][39m [37m-->[39m [37mPOST[39m [37m/wd/hub/session/1f8488e6-a58b-4bde-9c98-b99bd4a8b777/elements[39m
[35m[HTTP][39m [90m{"using":"accessibility id","value":"Selanjutnya"}[39m
[35m[HTTP][39m [37m<-- POST /wd/hub/session/1f8488e6-a58b-4bde-9c98-b99bd4a8b777/elements [39m[32m200[39m [90m67 ms - 12[39m
[35m[HTTP][39m [90m[39m
[35m[HTTP][39m [37m-->[39m [37mPOST[39m [37m/wd/hub/session/1f8488e6-a58b-4bde-9c98-b99bd4a8b777/elements[39m
[35m[HTTP][39m [90m{"using":"accessibility id","value":"Selanjutnya"}[39m
[35m[HTTP][39m [37m<-- POST /wd/hub/session/1f8488e6-a58b-4bde-9c98-b99bd4a8b777/elements [39m[32m200[39m [90m519 ms - 12[39m
[35m[HTTP][39m [90m[39m
[35m[HTTP][39m [37m-->[39m [37mPOST[39m [37m/wd/hub/session/1f8488e6-a58b-4bde-9c98-b99bd4a8b777/elements[39m
[35m[HTTP][39m [90m{"using":"accessibility id","value":"Selanjutnya"}[39m
[35m[HTTP][39m [37m<-- POST /wd/hub/session/1f8488e6-a58b-4bde-9c98-b99bd4a8b777/elements [39m[32m200[39m [90m58 ms - 12[39m
[35m[HTTP][39m [90m[39m
[35m[HTTP][39m [37m-->[39m [37mPOST[39m [37m/wd/hub/session/1f8488e6-a58b-4bde-9c98-b99bd4a8b777/elements[39m
[35m[HTTP][39m [90m{"using":"accessibility id","value":"Selanjutnya"}[39m
[35m[HTTP][39m [37m<-- POST /wd/hub/session/1f8488e6-a58b-4bde-9c98-b99bd4a8b777/elements [39m[32m200[39m [90m96 ms - 12[39m
[35m[HTTP][39m [90m[39m
[35m[HTTP][39m [37m-->[39m [37mPOST[39m [37m/wd/hub/session/1f8488e6-a58b-4bde-9c98-b99bd4a8b777/elements[39m
[35m[HTTP][39m [90m{"using":"accessibility id","value":"Selanjutnya"}[39m
[35m[HTTP][39m [37m<-- POST /wd/hub/session/1f8488e6-a58b-4bde-9c98-b99bd4a8b777/elements [39m[32m200[39m [90m89 ms - 12[39m
[35m[HTTP][39m [90m[39m
[35m[HTTP][39m [37m-->[39m [37mPOST[39m [37m/wd/hub/session/1f8488e6-a58b-4bde-9c98-b99bd4a8b777/elements[39m
[35m[HTTP][39m [90m{"using":"accessibility id","value":"Selanjutnya"}[39m
[35m[HTTP][39m [37m<-- POST /wd/hub/session/1f8488e6-a58b-4bde-9c98-b99bd4a8b777/elements [39m[32m200[39m [90m94 ms - 12[39m
[35m[HTTP][39m [90m[39m
[35m[HTTP][39m [37m-->[39m [37mPOST[39m [37m/wd/hub/session/1f8488e6-a58b-4bde-9c98-b99bd4a8b777/elements[39m
[35m[HTTP][39m [90m{"using":"accessibility id","value":"Selanjutnya"}[39m
[35m[HTTP][39m [37m<-- POST /wd/hub/session/1f8488e6-a58b-4bde-9c98-b99bd4a8b777/elements [39m[32m200[39m [90m592 ms - 12[39m
[35m[HTTP][39m [90m[39m
[35m[HTTP][39m [37m-->[39m [37mPOST[39m [37m/wd/hub/session/1f8488e6-a58b-4bde-9c98-b99bd4a8b777/elements[39m
[35m[HTTP][39m [90m{"using":"accessibility id","value":"Selanjutnya"}[39m
[35m[HTTP][39m [37m<-- POST /wd/hub/session/1f8488e6-a58b-4bde-9c98-b99bd4a8b777/elements [39m[32m200[39m [90m55 ms - 12[39m
[35m[HTTP][39m [90m[39m
[35m[HTTP][39m [37m-->[39m [37mPOST[39m [37m/wd/hub/session/1f8488e6-a58b-4bde-9c98-b99bd4a8b777/elements[39m
[35m[HTTP][39m [90m{"using":"accessibility id","value":"Selanjutnya"}[39m
[35m[HTTP][39m [37m<-- POST /wd/hub/session/1f8488e6-a58b-4bde-9c98-b99bd4a8b777/elements [39m[32m200[39m [90m54 ms - 12[39m
[35m[HTTP][39m [90m[39m
[35m[HTTP][39m [37m-->[39m [37mPOST[39m [37m/wd/hub/session/1f8488e6-a58b-4bde-9c98-b99bd4a8b777/elements[39m
[35m[HTTP][39m [90m{"using":"accessibility id","value":"Selanjutnya"}[39m
[35m[HTTP][39m [37m<-- POST /wd/hub/session/1f8488e6-a58b-4bde-9c98-b99bd4a8b777/elements [39m[32m200[39m [90m94 ms - 12[39m
[35m[HTTP][39m [90m[39m
[35m[HTTP][39m [37m-->[39m [37mPOST[39m [37m/wd/hub/session/1f8488e6-a58b-4bde-9c98-b99bd4a8b777/elements[39m
[35m[HTTP][39m [90m{"using":"accessibility id","value":"Selanjutnya"}[39m
[35m[HTTP][39m [37m<-- POST /wd/hub/session/1f8488e6-a58b-4bde-9c98-b99bd4a8b777/elements [39m[32m200[39m [90m90 ms - 12[39m
[35m[HTTP][39m [90m[39m
[35m[HTTP][39m [37m-->[39m [37mPOST[39m [37m/wd/hub/session/1f8488e6-a58b-4bde-9c98-b99bd4a8b777/elements[39m
[35m[HTTP][39m [90m{"using":"accessibility id","value":"Selanjutnya"}[39m
[35m[HTTP][39m [37m<-- POST /wd/hub/session/1f8488e6-a58b-4bde-9c98-b99bd4a8b777/elements [39m[32m200[39m [90m96 ms - 12[39m
[35m[HTTP][39m [90m[39m
[35m[HTTP][39m [37m-->[39m [37mPOST[39m [37m/wd/hub/session/1f8488e6-a58b-4bde-9c98-b99bd4a8b777/elements[39m
[35m[HTTP][39m [90m{"using":"accessibility id","value":"Selanjutnya"}[39m
[35m[HTTP][39m [37m<-- POST /wd/hub/session/1f8488e6-a58b-4bde-9c98-b99bd4a8b777/elements [39m[32m200[39m [90m771 ms - 12[39m
[35m[HTTP][39m [90m[39m
[35m[HTTP][39m [37m-->[39m [37mPOST[39m [37m/wd/hub/session/1f8488e6-a58b-4bde-9c98-b99bd4a8b777/elements[39m
[35m[HTTP][39m [90m{"using":"accessibility id","value":"Selanjutnya"}[39m
[35m[HTTP][39m [37m<-- POST /wd/hub/session/1f8488e6-a58b-4bde-9c98-b99bd4a8b777/elements [39m[32m200[39m [90m53 ms - 12[39m
[35m[HTTP][39m [90m[39m
[35m[HTTP][39m [37m-->[39m [37mPOST[39m [37m/wd/hub/session/1f8488e6-a58b-4bde-9c98-b99bd4a8b777/elements[39m
[35m[HTTP][39m [90m{"using":"accessibility id","value":"Selanjutnya"}[39m
[35m[HTTP][39m [37m<-- POST /wd/hub/session/1f8488e6-a58b-4bde-9c98-b99bd4a8b777/elements [39m[32m200[39m [90m52 ms - 12[39m
[35m[HTTP][39m [90m[39m
[35m[HTTP][39m [37m-->[39m [37mPOST[39m [37m/wd/hub/session/1f8488e6-a58b-4bde-9c98-b99bd4a8b777/elements[39m
[35m[HTTP][39m [90m{"using":"accessibility id","value":"Selanjutnya"}[39m
[35m[HTTP][39m [37m<-- POST /wd/hub/session/1f8488e6-a58b-4bde-9c98-b99bd4a8b777/elements [39m[32m200[39m [90m56 ms - 12[39m
[35m[HTTP][39m [90m[39m
[35m[HTTP][39m [37m-->[39m [37mPOST[39m [37m/wd/hub/session/1f8488e6-a58b-4bde-9c98-b99bd4a8b777/elements[39m
[35m[HTTP][39m [90m{"using":"accessibility id","value":"Selanjutnya"}[39m
[35m[HTTP][39m [37m<-- POST /wd/hub/session/1f8488e6-a58b-4bde-9c98-b99bd4a8b777/elements [39m[32m200[39m [90m570 ms - 12[39m
[35m[HTTP][39m [90m[39m
[35m[HTTP][39m [37m-->[39m [37mPOST[39m [37m/wd/hub/session/1f8488e6-a58b-4bde-9c98-b99bd4a8b777/elements[39m
[35m[HTTP][39m [90m{"using":"accessibility id","value":"Selanjutnya"}[39m
[35m[HTTP][39m [37m<-- POST /wd/hub/session/1f8488e6-a58b-4bde-9c98-b99bd4a8b777/elements [39m[32m200[39m [90m54 ms - 12[39m
[35m[HTTP][39m [90m[39m
[35m[HTTP][39m [37m-->[39m [37mPOST[39m [37m/wd/hub/session/1f8488e6-a58b-4bde-9c98-b99bd4a8b777/elements[39m
[35m[HTTP][39m [90m{"using":"accessibility id","value":"Selanjutnya"}[39m
[35m[HTTP][39m [37m<-- POST /wd/hub/session/1f8488e6-a58b-4bde-9c98-b99bd4a8b777/elements [39m[32m200[39m [90m91 ms - 12[39m
[35m[HTTP][39m [90m[39m
[35m[HTTP][39m [37m-->[39m [37mPOST[39m [37m/wd/hub/session/1f8488e6-a58b-4bde-9c98-b99bd4a8b777/elements[39m
[35m[HTTP][39m [90m{"using":"accessibility id","value":"Selanjutnya"}[39m
[35m[HTTP][39m [37m<-- POST /wd/hub/session/1f8488e6-a58b-4bde-9c98-b99bd4a8b777/elements [39m[32m200[39m [90m94 ms - 12[39m
[35m[HTTP][39m [90m[39m
[35m[HTTP][39m [37m-->[39m [37mPOST[39m [37m/wd/hub/session/1f8488e6-a58b-4bde-9c98-b99bd4a8b777/elements[39m
[35m[HTTP][39m [90m{"using":"accessibility id","value":"Selanjutnya"}[39m
[35m[HTTP][39m [37m<-- POST /wd/hub/session/1f8488e6-a58b-4bde-9c98-b99bd4a8b777/elements [39m[32m200[39m [90m92 ms - 12[39m
[35m[HTTP][39m [90m[39m
[35m[HTTP][39m [37m-->[39m [37mPOST[39m [37m/wd/hub/session/1f8488e6-a58b-4bde-9c98-b99bd4a8b777/elements[39m
[35m[HTTP][39m [90m{"using":"accessibility id","value":"Selanjutnya"}[39m
[35m[HTTP][39m [37m<-- POST /wd/hub/session/1f8488e6-a58b-4bde-9c98-b99bd4a8b777/elements [39m[32m200[39m [90m103 ms - 12[39m
[35m[HTTP][39m [90m[39m
[35m[HTTP][39m [37m-->[39m [37mPOST[39m [37m/wd/hub/session/1f8488e6-a58b-4bde-9c98-b99bd4a8b777/elements[39m
[35m[HTTP][39m [90m{"using":"accessibility id","value":"Selanjutnya"}[39m
[35m[HTTP][39m [37m<-- POST /wd/hub/session/1f8488e6-a58b-4bde-9c98-b99bd4a8b777/elements [39m[32m200[39m [90m509 ms - 12[39m
[35m[HTTP][39m [90m[39m
[35m[HTTP][39m [37m-->[39m [37mPOST[39m [37m/wd/hub/session/1f8488e6-a58b-4bde-9c98-b99bd4a8b777/elements[39m
[35m[HTTP][39m [90m{"using":"accessibility id","value":"Selanjutnya"}[39m
[35m[HTTP][39m [37m<-- POST /wd/hub/session/1f8488e6-a58b-4bde-9c98-b99bd4a8b777/elements [39m[32m200[39m [90m110 ms - 12[39m
[35m[HTTP][39m [90m[39m
[35m[HTTP][39m [37m-->[39m [37mPOST[39m [37m/wd/hub/session/1f8488e6-a58b-4bde-9c98-b99bd4a8b777/elements[39m
[35m[HTTP][39m [90m{"using":"accessibility id","value":"Selanjutnya"}[39m
[35m[HTTP][39m [37m<-- POST /wd/hub/session/1f8488e6-a58b-4bde-9c98-b99bd4a8b777/elements [39m[32m200[39m [90m91 ms - 12[39m
[35m[HTTP][39m [90m[39m
[35m[HTTP][39m [37m-->[39m [37mPOST[39m [37m/wd/hub/session/1f8488e6-a58b-4bde-9c98-b99bd4a8b777/elements[39m
[35m[HTTP][39m [90m{"using":"accessibility id","value":"Selanjutnya"}[39m
[35m[HTTP][39m [37m<-- POST /wd/hub/session/1f8488e6-a58b-4bde-9c98-b99bd4a8b777/elements [39m[32m200[39m [90m771 ms - 12[39m
[35m[HTTP][39m [90m[39m
[35m[HTTP][39m [37m-->[39m [37mPOST[39m [37m/wd/hub/session/1f8488e6-a58b-4bde-9c98-b99bd4a8b777/elements[39m
[35m[HTTP][39m [90m{"using":"accessibility id","value":"Selanjutnya"}[39m
[35m[HTTP][39m [37m<-- POST /wd/hub/session/1f8488e6-a58b-4bde-9c98-b99bd4a8b777/elements [39m[32m200[39m [90m54 ms - 12[39m
[35m[HTTP][39m [90m[39m
[35m[HTTP][39m [37m-->[39m [37mPOST[39m [37m/wd/hub/session/1f8488e6-a58b-4bde-9c98-b99bd4a8b777/elements[39m
[35m[HTTP][39m [90m{"using":"accessibility id","value":"Selanjutnya"}[39m
[35m[HTTP][39m [37m<-- POST /wd/hub/session/1f8488e6-a58b-4bde-9c98-b99bd4a8b777/elements [39m[32m200[39m [90m114 ms - 12[39m
[35m[HTTP][39m [90m[39m
[35m[HTTP][39m [37m-->[39m [37mPOST[39m [37m/wd/hub/session/1f8488e6-a58b-4bde-9c98-b99bd4a8b777/elements[39m
[35m[HTTP][39m [90m{"using":"accessibility id","value":"Selanjutnya"}[39m
[35m[HTTP][39m [37m<-- POST /wd/hub/session/1f8488e6-a58b-4bde-9c98-b99bd4a8b777/elements [39m[32m200[39m [90m92 ms - 12[39m
[35m[HTTP][39m [90m[39m
[35m[HTTP][39m [37m-->[39m [37mPOST[39m [37m/wd/hub/session/1f8488e6-a58b-4bde-9c98-b99bd4a8b777/elements[39m
[35m[HTTP][39m [90m{"using":"accessibility id","value":"Selanjutnya"}[39m
[35m[HTTP][39m [37m<-- POST /wd/hub/session/1f8488e6-a58b-4bde-9c98-b99bd4a8b777/elements [39m[32m200[39m [90m91 ms - 12[39m
[35m[HTTP][39m [90m[39m
[35m[HTTP][39m [37m-->[39m [37mPOST[39m [37m/wd/hub/session/1f8488e6-a58b-4bde-9c98-b99bd4a8b777/elements[39m
[35m[HTTP][39m [90m{"using":"accessibility id","value":"Selanjutnya"}[39m
[35m[HTTP][39m [37m<-- POST /wd/hub/session/1f8488e6-a58b-4bde-9c98-b99bd4a8b777/elements [39m[32m200[39m [90m902 ms - 12[39m
[35m[HTTP][39m [90m[39m
[35m[HTTP][39m [37m-->[39m [37mPOST[39m [37m/wd/hub/session/1f8488e6-a58b-4bde-9c98-b99bd4a8b777/elements[39m
[35m[HTTP][39m [90m{"using":"accessibility id","value":"Selanjutnya"}[39m
[35m[HTTP][39m [37m<-- POST /wd/hub/session/1f8488e6-a58b-4bde-9c98-b99bd4a8b777/elements [39m[32m200[39m [90m51 ms - 12[39m
[35m[HTTP][39m [90m[39m
[35m[HTTP][39m [37m-->[39m [37mPOST[39m [37m/wd/hub/session/1f8488e6-a58b-4bde-9c98-b99bd4a8b777/elements[39m
[35m[HTTP][39m [90m{"using":"accessibility id","value":"Selanjutnya"}[39m
[35m[HTTP][39m [37m<-- POST /wd/hub/session/1f8488e6-a58b-4bde-9c98-b99bd4a8b777/elements [39m[32m200[39m [90m51 ms - 12[39m
[35m[HTTP][39m [90m[39m
[35m[HTTP][39m [37m-->[39m [37mPOST[39m [37m/wd/hub/session/1f8488e6-a58b-4bde-9c98-b99bd4a8b777/elements[39m
[35m[HTTP][39m [90m{"using":"accessibility id","value":"Selanjutnya"}[39m
[35m[HTTP][39m [37m<-- POST /wd/hub/session/1f8488e6-a58b-4bde-9c98-b99bd4a8b777/elements [39m[32m200[39m [90m526 ms - 12[39m
[35m[HTTP][39m [90m[39m
[35m[HTTP][39m [37m-->[39m [37mPOST[39m [37m/wd/hub/session/1f8488e6-a58b-4bde-9c98-b99bd4a8b777/elements[39m
[35m[HTTP][39m [90m{"using":"accessibility id","value":"Selanjutnya"}[39m
[35m[HTTP][39m [37m<-- POST /wd/hub/session/1f8488e6-a58b-4bde-9c98-b99bd4a8b777/elements [39m[32m200[39m [90m108 ms - 12[39m
[35m[HTTP][39m [90m[39m
[35m[HTTP][39m [37m-->[39m [37mPOST[39m [37m/wd/hub/session/1f8488e6-a58b-4bde-9c98-b99bd4a8b777/elements[39m
[35m[HTTP][39m [90m{"using":"accessibility id","value":"Selanjutnya"}[39m
[35m[HTTP][39m [37m<-- POST /wd/hub/session/1f8488e6-a58b-4bde-9c98-b99bd4a8b777/elements [39m[32m200[39m [90m51 ms - 12[39m
[35m[HTTP][39m [90m[39m
[35m[HTTP][39m [37m-->[39m [37mPOST[39m [37m/wd/hub/session/1f8488e6-a58b-4bde-9c98-b99bd4a8b777/elements[39m
[35m[HTTP][39m [90m{"using":"accessibility id","value":"Selanjutnya"}[39m
[35m[HTTP][39m [37m<-- POST /wd/hub/session/1f8488e6-a58b-4bde-9c98-b99bd4a8b777/elements [39m[32m200[39m [90m54 ms - 12[39m
[35m[HTTP][39m [90m[39m
[35m[HTTP][39m [37m-->[39m [37mPOST[39m [37m/wd/hub/session/1f8488e6-a58b-4bde-9c98-b99bd4a8b777/elements[39m
[35m[HTTP][39m [90m{"using":"accessibility id","value":"Selanjutnya"}[39m
[35m[HTTP][39m [37m<-- POST /wd/hub/session/1f8488e6-a58b-4bde-9c98-b99bd4a8b777/elements [39m[32m200[39m [90m52 ms - 12[39m
[35m[HTTP][39m [90m[39m
[35m[HTTP][39m [37m-->[39m [37mPOST[39m [37m/wd/hub/session/1f8488e6-a58b-4bde-9c98-b99bd4a8b777/elements[39m
[35m[HTTP][39m [90m{"using":"accessibility id","value":"Selanjutnya"}[39m
[35m[HTTP][39m [37m<-- POST /wd/hub/session/1f8488e6-a58b-4bde-9c98-b99bd4a8b777/elements [39m[32m200[39m [90m50 ms - 12[39m
[35m[HTTP][39m [90m[39m
[35m[HTTP][39m [37m-->[39m [37mPOST[39m [37m/wd/hub/session/1f8488e6-a58b-4bde-9c98-b99bd4a8b777/elements[39m
[35m[HTTP][39m [90m{"using":"accessibility id","value":"Selanjutnya"}[39m
[35m[HTTP][39m [37m<-- POST /wd/hub/session/1f8488e6-a58b-4bde-9c98-b99bd4a8b777/elements [39m[32m200[39m [90m88 ms - 12[39m
[35m[HTTP][39m [90m[39m
[35m[HTTP][39m [37m-->[39m [37mPOST[39m [37m/wd/hub/session/1f8488e6-a58b-4bde-9c98-b99bd4a8b777/elements[39m
[35m[HTTP][39m [90m{"using":"accessibility id","value":"Selanjutnya"}[39m
[35m[HTTP][39m [37m<-- POST /wd/hub/session/1f8488e6-a58b-4bde-9c98-b99bd4a8b777/elements [39m[32m200[39m [90m533 ms - 12[39m
[35m[HTTP][39m [90m[39m
[35m[HTTP][39m [37m-->[39m [37mPOST[39m [37m/wd/hub/session/1f8488e6-a58b-4bde-9c98-b99bd4a8b777/elements[39m
[35m[HTTP][39m [90m{"using":"accessibility id","value":"Selanjutnya"}[39m
[35m[HTTP][39m [37m<-- POST /wd/hub/session/1f8488e6-a58b-4bde-9c98-b99bd4a8b777/elements [39m[32m200[39m [90m106 ms - 12[39m
[35m[HTTP][39m [90m[39m
[35m[HTTP][39m [37m-->[39m [37mPOST[39m [37m/wd/hub/session/1f8488e6-a58b-4bde-9c98-b99bd4a8b777/elements[39m
[35m[HTTP][39m [90m{"using":"accessibility id","value":"Selanjutnya"}[39m
[35m[HTTP][39m [37m<-- POST /wd/hub/session/1f8488e6-a58b-4bde-9c98-b99bd4a8b777/elements [39m[32m200[39m [90m53 ms - 12[39m
[35m[HTTP][39m [90m[39m
[35m[HTTP][39m [37m-->[39m [37mPOST[39m [37m/wd/hub/session/1f8488e6-a58b-4bde-9c98-b99bd4a8b777/elements[39m
[35m[HTTP][39m [90m{"using":"accessibility id","value":"Selanjutnya"}[39m
[35m[HTTP][39m [37m<-- POST /wd/hub/session/1f8488e6-a58b-4bde-9c98-b99bd4a8b777/elements [39m[32m200[39m [90m114 ms - 12[39m
[35m[HTTP][39m [90m[39m
[35m[HTTP][39m [37m-->[39m [37mPOST[39m [37m/wd/hub/session/1f8488e6-a58b-4bde-9c98-b99bd4a8b777/elements[39m
[35m[HTTP][39m [90m{"using":"accessibility id","value":"Selanjutnya"}[39m
[35m[HTTP][39m [37m<-- POST /wd/hub/session/1f8488e6-a58b-4bde-9c98-b99bd4a8b777/elements [39m[32m200[39m [90m107 ms - 12[39m
[35m[HTTP][39m [90m[39m
[35m[HTTP][39m [37m-->[39m [37mPOST[39m [37m/wd/hub/session/1f8488e6-a58b-4bde-9c98-b99bd4a8b777/elements[39m
[35m[HTTP][39m [90m{"using":"accessibility id","value":"Selanjutnya"}[39m
[35m[HTTP][39m [37m<-- POST /wd/hub/session/1f8488e6-a58b-4bde-9c98-b99bd4a8b777/elements [39m[32m200[39m [90m51 ms - 12[39m
[35m[HTTP][39m [90m[39m
[35m[HTTP][39m [37m-->[39m [37mPOST[39m [37m/wd/hub/session/1f8488e6-a58b-4bde-9c98-b99bd4a8b777/elements[39m
[35m[HTTP][39m [90m{"using":"accessibility id","value":"Selanjutnya"}[39m
[35m[HTTP][39m [37m<-- POST /wd/hub/session/1f8488e6-a58b-4bde-9c98-b99bd4a8b777/elements [39m[32m200[39m [90m505 ms - 12[39m
[35m[HTTP][39m [90m[39m
[35m[HTTP][39m [37m-->[39m [37mPOST[39m [37m/wd/hub/session/1f8488e6-a58b-4bde-9c98-b99bd4a8b777/elements[39m
[35m[HTTP][39m [90m{"using":"accessibility id","value":"Selanjutnya"}[39m
[35m[HTTP][39m [37m<-- POST /wd/hub/session/1f8488e6-a58b-4bde-9c98-b99bd4a8b777/elements [39m[32m200[39m [90m57 ms - 12[39m
[35m[HTTP][39m [90m[39m
[35m[HTTP][39m [37m-->[39m [37mPOST[39m [37m/wd/hub/session/1f8488e6-a58b-4bde-9c98-b99bd4a8b777/elements[39m
[35m[HTTP][39m [90m{"using":"accessibility id","value":"Selanjutnya"}[39m
[35m[HTTP][39m [37m<-- POST /wd/hub/session/1f8488e6-a58b-4bde-9c98-b99bd4a8b777/elements [39m[32m200[39m [90m112 ms - 12[39m
[35m[HTTP][39m [90m[39m
[35m[HTTP][39m [37m-->[39m [37mPOST[39m [37m/wd/hub/session/1f8488e6-a58b-4bde-9c98-b99bd4a8b777/elements[39m
[35m[HTTP][39m [90m{"using":"accessibility id","value":"Selanjutnya"}[39m
[35m[HTTP][39m [37m<-- POST /wd/hub/session/1f8488e6-a58b-4bde-9c98-b99bd4a8b777/elements [39m[32m200[39m [90m105 ms - 12[39m
[35m[HTTP][39m [90m[39m
[35m[HTTP][39m [37m-->[39m [37mPOST[39m [37m/wd/hub/session/1f8488e6-a58b-4bde-9c98-b99bd4a8b777/elements[39m
[35m[HTTP][39m [90m{"using":"accessibility id","value":"Selanjutnya"}[39m
[35m[HTTP][39m [37m<-- POST /wd/hub/session/1f8488e6-a58b-4bde-9c98-b99bd4a8b777/elements [39m[32m200[39m [90m108 ms - 12[39m
[35m[HTTP][39m [90m[39m
[35m[HTTP][39m [37m-->[39m [37mPOST[39m [37m/wd/hub/session/1f8488e6-a58b-4bde-9c98-b99bd4a8b777/elements[39m
[35m[HTTP][39m [90m{"using":"accessibility id","value":"Selanjutnya"}[39m
[35m[HTTP][39m [37m<-- POST /wd/hub/session/1f8488e6-a58b-4bde-9c98-b99bd4a8b777/elements [39m[32m200[39m [90m801 ms - 12[39m
[35m[HTTP][39m [90m[39m
[35m[HTTP][39m [37m-->[39m [37mPOST[39m [37m/wd/hub/session/1f8488e6-a58b-4bde-9c98-b99bd4a8b777/elements[39m
[35m[HTTP][39m [90m{"using":"accessibility id","value":"Selanjutnya"}[39m
[35m[HTTP][39m [37m<-- POST /wd/hub/session/1f8488e6-a58b-4bde-9c98-b99bd4a8b777/elements [39m[32m200[39m [90m52 ms - 12[39m
[35m[HTTP][39m [90m[39m
[35m[HTTP][39m [37m-->[39m [37mPOST[39m [37m/wd/hub/session/1f8488e6-a58b-4bde-9c98-b99bd4a8b777/elements[39m
[35m[HTTP][39m [90m{"using":"accessibility id","value":"Selanjutnya"}[39m
[35m[HTTP][39m [37m<-- POST /wd/hub/session/1f8488e6-a58b-4bde-9c98-b99bd4a8b777/elements [39m[32m200[39m [90m92 ms - 12[39m
[35m[HTTP][39m [90m[39m
[35m[HTTP][39m [37m-->[39m [37mPOST[39m [37m/wd/hub/session/1f8488e6-a58b-4bde-9c98-b99bd4a8b777/elements[39m
[35m[HTTP][39m [90m{"using":"accessibility id","value":"Selanjutnya"}[39m
[35m[HTTP][39m [37m<-- POST /wd/hub/session/1f8488e6-a58b-4bde-9c98-b99bd4a8b777/elements [39m[32m200[39m [90m548 ms - 12[39m
[35m[HTTP][39m [90m[39m
[35m[HTTP][39m [37m-->[39m [37mPOST[39m [37m/wd/hub/session/1f8488e6-a58b-4bde-9c98-b99bd4a8b777/elements[39m
[35m[HTTP][39m [90m{"using":"accessibility id","value":"Selanjutnya"}[39m
[35m[HTTP][39m [37m<-- POST /wd/hub/session/1f8488e6-a58b-4bde-9c98-b99bd4a8b777/elements [39m[32m200[39m [90m53 ms - 12[39m
[35m[HTTP][39m [90m[39m
[35m[HTTP][39m [37m-->[39m [37mPOST[39m [37m/wd/hub/session/1f8488e6-a58b-4bde-9c98-b99bd4a8b777/elements[39m
[35m[HTTP][39m [90m{"using":"accessibility id","value":"Selanjutnya"}[39m
[35m[HTTP][39m [37m<-- POST /wd/hub/session/1f8488e6-a58b-4bde-9c98-b99bd4a8b777/elements [39m[32m200[39m [90m89 ms - 12[39m
[35m[HTTP][39m [90m[39m
[35m[HTTP][39m [37m-->[39m [37mPOST[39m [37m/wd/hub/session/1f8488e6-a58b-4bde-9c98-b99bd4a8b777/elements[39m
[35m[HTTP][39m [90m{"using":"accessibility id","value":"Selanjutnya"}[39m
[35m[HTTP][39m [37m<-- POST /wd/hub/session/1f8488e6-a58b-4bde-9c98-b99bd4a8b777/elements [39m[32m200[39m [90m92 ms - 12[39m
[35m[HTTP][39m [90m[39m
[35m[HTTP][39m [37m-->[39m [37mPOST[39m [37m/wd/hub/session/1f8488e6-a58b-4bde-9c98-b99bd4a8b777/elements[39m
[35m[HTTP][39m [90m{"using":"accessibility id","value":"Selanjutnya"}[39m
[35m[HTTP][39m [37m<-- POST /wd/hub/session/1f8488e6-a58b-4bde-9c98-b99bd4a8b777/elements [39m[32m200[39m [90m87 ms - 12[39m
[35m[HTTP][39m [90m[39m
[35m[HTTP][39m [37m-->[39m [37mPOST[39m [37m/wd/hub/session/1f8488e6-a58b-4bde-9c98-b99bd4a8b777/elements[39m
[35m[HTTP][39m [90m{"using":"accessibility id","value":"Selanjutnya"}[39m
[35m[HTTP][39m [37m<-- POST /wd/hub/session/1f8488e6-a58b-4bde-9c98-b99bd4a8b777/elements [39m[32m200[39m [90m97 ms - 12[39m
[35m[HTTP][39m [90m[39m
[35m[HTTP][39m [37m-->[39m [37mPOST[39m [37m/wd/hub/session/1f8488e6-a58b-4bde-9c98-b99bd4a8b777/elements[39m
[35m[HTTP][39m [90m{"using":"accessibility id","value":"Selanjutnya"}[39m
[35m[HTTP][39m [37m<-- POST /wd/hub/session/1f8488e6-a58b-4bde-9c98-b99bd4a8b777/elements [39m[32m200[39m [90m512 ms - 12[39m
[35m[HTTP][39m [90m[39m
[35m[HTTP][39m [37m-->[39m [37mPOST[39m [37m/wd/hub/session/1f8488e6-a58b-4bde-9c98-b99bd4a8b777/elements[39m
[35m[HTTP][39m [90m{"using":"accessibility id","value":"Selanjutnya"}[39m
[35m[HTTP][39m [37m<-- POST /wd/hub/session/1f8488e6-a58b-4bde-9c98-b99bd4a8b777/elements [39m[32m200[39m [90m94 ms - 12[39m
[35m[HTTP][39m [90m[39m
[35m[HTTP][39m [37m-->[39m [37mPOST[39m [37m/wd/hub/session/1f8488e6-a58b-4bde-9c98-b99bd4a8b777/elements[39m
[35m[HTTP][39m [90m{"using":"accessibility id","value":"Selanjutnya"}[39m
[35m[HTTP][39m [37m<-- POST /wd/hub/session/1f8488e6-a58b-4bde-9c98-b99bd4a8b777/elements [39m[32m200[39m [90m90 ms - 12[39m
[35m[HTTP][39m [90m[39m
[35m[HTTP][39m [37m-->[39m [37mPOST[39m [37m/wd/hub/session/1f8488e6-a58b-4bde-9c98-b99bd4a8b777/elements[39m
[35m[HTTP][39m [90m{"using":"accessibility id","value":"Selanjutnya"}[39m
[35m[HTTP][39m [37m<-- POST /wd/hub/session/1f8488e6-a58b-4bde-9c98-b99bd4a8b777/elements [39m[32m200[39m [90m97 ms - 12[39m
[35m[HTTP][39m [90m[39m
[35m[HTTP][39m [37m-->[39m [37mPOST[39m [37m/wd/hub/session/1f8488e6-a58b-4bde-9c98-b99bd4a8b777/elements[39m
[35m[HTTP][39m [90m{"using":"accessibility id","value":"Selanjutnya"}[39m
[35m[HTTP][39m [37m<-- POST /wd/hub/session/1f8488e6-a58b-4bde-9c98-b99bd4a8b777/elements [39m[32m200[39m [90m95 ms - 12[39m
[35m[HTTP][39m [90m[39m
[35m[HTTP][39m [37m-->[39m [37mPOST[39m [37m/wd/hub/session/1f8488e6-a58b-4bde-9c98-b99bd4a8b777/elements[39m
[35m[HTTP][39m [90m{"using":"accessibility id","value":"Selanjutnya"}[39m
[35m[HTTP][39m [37m<-- POST /wd/hub/session/1f8488e6-a58b-4bde-9c98-b99bd4a8b777/elements [39m[32m200[39m [90m572 ms - 12[39m
[35m[HTTP][39m [90m[39m
[35m[HTTP][39m [37m-->[39m [37mPOST[39m [37m/wd/hub/session/1f8488e6-a58b-4bde-9c98-b99bd4a8b777/elements[39m
[35m[HTTP][39m [90m{"using":"accessibility id","value":"Selanjutnya"}[39m
[35m[HTTP][39m [37m<-- POST /wd/hub/session/1f8488e6-a58b-4bde-9c98-b99bd4a8b777/elements [39m[32m200[39m [90m96 ms - 12[39m
[35m[HTTP][39m [90m[39m
[35m[HTTP][39m [37m-->[39m [37mPOST[39m [37m/wd/hub/session/1f8488e6-a58b-4bde-9c98-b99bd4a8b777/elements[39m
[35m[HTTP][39m [90m{"using":"accessibility id","value":"Selanjutnya"}[39m
[35m[HTTP][39m [37m<-- POST /wd/hub/session/1f8488e6-a58b-4bde-9c98-b99bd4a8b777/elements [39m[32m200[39m [90m87 ms - 12[39m
[35m[HTTP][39m [90m[39m
[35m[HTTP][39m [37m-->[39m [37mPOST[39m [37m/wd/hub/session/1f8488e6-a58b-4bde-9c98-b99bd4a8b777/elements[39m
[35m[HTTP][39m [90m{"using":"accessibility id","value":"Selanjutnya"}[39m
[35m[HTTP][39m [37m<-- POST /wd/hub/session/1f8488e6-a58b-4bde-9c98-b99bd4a8b777/elements [39m[32m200[39m [90m85 ms - 12[39m
[35m[HTTP][39m [90m[39m
[35m[HTTP][39m [37m-->[39m [37mPOST[39m [37m/wd/hub/session/1f8488e6-a58b-4bde-9c98-b99bd4a8b777/elements[39m
[35m[HTTP][39m [90m{"using":"accessibility id","value":"Selanjutnya"}[39m
[35m[HTTP][39m [37m<-- POST /wd/hub/session/1f8488e6-a58b-4bde-9c98-b99bd4a8b777/elements [39m[32m200[39m [90m88 ms - 12[39m
[35m[HTTP][39m [90m[39m
[35m[HTTP][39m [37m-->[39m [37mPOST[39m [37m/wd/hub/session/1f8488e6-a58b-4bde-9c98-b99bd4a8b777/elements[39m
[35m[HTTP][39m [90m{"using":"accessibility id","value":"Selanjutnya"}[39m
[35m[HTTP][39m [37m<-- POST /wd/hub/session/1f8488e6-a58b-4bde-9c98-b99bd4a8b777/elements [39m[32m200[39m [90m87 ms - 12[39m
[35m[HTTP][39m [90m[39m
[35m[HTTP][39m [37m-->[39m [37mPOST[39m [37m/wd/hub/session/1f8488e6-a58b-4bde-9c98-b99bd4a8b777/elements[39m
[35m[HTTP][39m [90m{"using":"accessibility id","value":"Selanjutnya"}[39m
[35m[HTTP][39m [37m<-- POST /wd/hub/session/1f8488e6-a58b-4bde-9c98-b99bd4a8b777/elements [39m[32m200[39m [90m772 ms - 12[39m
[35m[HTTP][39m [90m[39m
[35m[HTTP][39m [37m-->[39m [37mPOST[39m [37m/wd/hub/session/1f8488e6-a58b-4bde-9c98-b99bd4a8b777/elements[39m
[35m[HTTP][39m [90m{"using":"accessibility id","value":"Selanjutnya"}[39m
[35m[HTTP][39m [37m<-- POST /wd/hub/session/1f8488e6-a58b-4bde-9c98-b99bd4a8b777/elements [39m[32m200[39m [90m97 ms - 12[39m
[35m[HTTP][39m [90m[39m
[35m[HTTP][39m [37m-->[39m [37mPOST[39m [37m/wd/hub/session/1f8488e6-a58b-4bde-9c98-b99bd4a8b777/elements[39m
[35m[HTTP][39m [90m{"using":"accessibility id","value":"Selanjutnya"}[39m
[35m[HTTP][39m [37m<-- POST /wd/hub/session/1f8488e6-a58b-4bde-9c98-b99bd4a8b777/elements [39m[32m200[39m [90m58 ms - 12[39m
[35m[HTTP][39m [90m[39m
[35m[HTTP][39m [37m-->[39m [37mPOST[39m [37m/wd/hub/session/1f8488e6-a58b-4bde-9c98-b99bd4a8b777/elements[39m
[35m[HTTP][39m [90m{"using":"accessibility id","value":"Selanjutnya"}[39m
[35m[HTTP][39m [37m<-- POST /wd/hub/session/1f8488e6-a58b-4bde-9c98-b99bd4a8b777/elements [39m[32m200[39m [90m55 ms - 12[39m
[35m[HTTP][39m [90m[39m
[35m[HTTP][39m [37m-->[39m [37mPOST[39m [37m/wd/hub/session/1f8488e6-a58b-4bde-9c98-b99bd4a8b777/elements[39m
[35m[HTTP][39m [90m{"using":"accessibility id","value":"Selanjutnya"}[39m
[35m[HTTP][39m [37m<-- POST /wd/hub/session/1f8488e6-a58b-4bde-9c98-b99bd4a8b777/elements [39m[32m200[39m [90m523 ms - 12[39m
[35m[HTTP][39m [90m[39m
[35m[HTTP][39m [37m-->[39m [37mPOST[39m [37m/wd/hub/session/1f8488e6-a58b-4bde-9c98-b99bd4a8b777/elements[39m
[35m[HTTP][39m [90m{"using":"accessibility id","value":"Selanjutnya"}[39m
[35m[HTTP][39m [37m<-- POST /wd/hub/session/1f8488e6-a58b-4bde-9c98-b99bd4a8b777/elements [39m[32m200[39m [90m106 ms - 12[39m
[35m[HTTP][39m [90m[39m
[35m[HTTP][39m [37m-->[39m [37mPOST[39m [37m/wd/hub/session/1f8488e6-a58b-4bde-9c98-b99bd4a8b777/elements[39m
[35m[HTTP][39m [90m{"using":"accessibility id","value":"Selanjutnya"}[39m
[35m[HTTP][39m [37m<-- POST /wd/hub/session/1f8488e6-a58b-4bde-9c98-b99bd4a8b777/elements [39m[32m200[39m [90m84 ms - 12[39m
[35m[HTTP][39m [90m[39m
[35m[HTTP][39m [37m-->[39m [37mPOST[39m [37m/wd/hub/session/1f8488e6-a58b-4bde-9c98-b99bd4a8b777/elements[39m
[35m[HTTP][39m [90m{"using":"accessibility id","value":"Selanjutnya"}[39m
[35m[HTTP][39m [37m<-- POST /wd/hub/session/1f8488e6-a58b-4bde-9c98-b99bd4a8b777/elements [39m[32m200[39m [90m88 ms - 12[39m
[35m[HTTP][39m [90m[39m
[35m[HTTP][39m [37m-->[39m [37mPOST[39m [37m/wd/hub/session/1f8488e6-a58b-4bde-9c98-b99bd4a8b777/elements[39m
[35m[HTTP][39m [90m{"using":"accessibility id","value":"Selanjutnya"}[39m
[35m[HTTP][39m [37m<-- POST /wd/hub/session/1f8488e6-a58b-4bde-9c98-b99bd4a8b777/elements [39m[32m200[39m [90m91 ms - 12[39m
[35m[HTTP][39m [90m[39m
[35m[HTTP][39m [37m-->[39m [37mPOST[39m [37m/wd/hub/session/1f8488e6-a58b-4bde-9c98-b99bd4a8b777/elements[39m
[35m[HTTP][39m [90m{"using":"accessibility id","value":"Selanjutnya"}[39m
[35m[HTTP][39m [37m<-- POST /wd/hub/session/1f8488e6-a58b-4bde-9c98-b99bd4a8b777/elements [39m[32m200[39m [90m554 ms - 12[39m
[35m[HTTP][39m [90m[39m
[35m[HTTP][39m [37m-->[39m [37mPOST[39m [37m/wd/hub/session/1f8488e6-a58b-4bde-9c98-b99bd4a8b777/elements[39m
[35m[HTTP][39m [90m{"using":"accessibility id","value":"Selanjutnya"}[39m
[35m[HTTP][39m [37m<-- POST /wd/hub/session/1f8488e6-a58b-4bde-9c98-b99bd4a8b777/elements [39m[32m200[39m [90m117 ms - 12[39m
[35m[HTTP][39m [90m[39m
[35m[HTTP][39m [37m-->[39m [37mPOST[39m [37m/wd/hub/session/1f8488e6-a58b-4bde-9c98-b99bd4a8b777/elements[39m
[35m[HTTP][39m [90m{"using":"accessibility id","value":"Selanjutnya"}[39m
[35m[HTTP][39m [37m<-- POST /wd/hub/session/1f8488e6-a58b-4bde-9c98-b99bd4a8b777/elements [39m[32m200[39m [90m85 ms - 12[39m
[35m[HTTP][39m [90m[39m
[35m[HTTP][39m [37m-->[39m [37mPOST[39m [37m/wd/hub/session/1f8488e6-a58b-4bde-9c98-b99bd4a8b777/elements[39m
[35m[HTTP][39m [90m{"using":"accessibility id","value":"Selanjutnya"}[39m
[35m[HTTP][39m [37m<-- POST /wd/hub/session/1f8488e6-a58b-4bde-9c98-b99bd4a8b777/elements [39m[32m200[39m [90m79 ms - 12[39m
[35m[HTTP][39m [90m[39m
[35m[HTTP][39m [37m-->[39m [37mPOST[39m [37m/wd/hub/session/1f8488e6-a58b-4bde-9c98-b99bd4a8b777/elements[39m
[35m[HTTP][39m [90m{"using":"accessibility id","value":"Selanjutnya"}[39m
[35m[HTTP][39m [37m<-- POST /wd/hub/session/1f8488e6-a58b-4bde-9c98-b99bd4a8b777/elements [39m[32m200[39m [90m87 ms - 12[39m
[35m[HTTP][39m [90m[39m
[35m[HTTP][39m [37m-->[39m [37mPOST[39m [37m/wd/hub/session/1f8488e6-a58b-4bde-9c98-b99bd4a8b777/elements[39m
[35m[HTTP][39m [90m{"using":"accessibility id","value":"Selanjutnya"}[39m
[35m[HTTP][39m [37m<-- POST /wd/hub/session/1f8488e6-a58b-4bde-9c98-b99bd4a8b777/elements [39m[32m200[39m [90m600 ms - 12[39m
[35m[HTTP][39m [90m[39m
[35m[HTTP][39m [37m-->[39m [37mPOST[39m [37m/wd/hub/session/1f8488e6-a58b-4bde-9c98-b99bd4a8b777/elements[39m
[35m[HTTP][39m [90m{"using":"accessibility id","value":"Selanjutnya"}[39m
[35m[HTTP][39m [37m<-- POST /wd/hub/session/1f8488e6-a58b-4bde-9c98-b99bd4a8b777/elements [39m[32m200[39m [90m102 ms - 12[39m
[35m[HTTP][39m [90m[39m
[35m[HTTP][39m [37m-->[39m [37mPOST[39m [37m/wd/hub/session/1f8488e6-a58b-4bde-9c98-b99bd4a8b777/elements[39m
[35m[HTTP][39m [90m{"using":"accessibility id","value":"Selanjutnya"}[39m
[35m[HTTP][39m [37m<-- POST /wd/hub/session/1f8488e6-a58b-4bde-9c98-b99bd4a8b777/elements [39m[32m200[39m [90m84 ms - 12[39m
[35m[HTTP][39m [90m[39m
[35m[HTTP][39m [37m-->[39m [37mPOST[39m [37m/wd/hub/session/1f8488e6-a58b-4bde-9c98-b99bd4a8b777/elements[39m
[35m[HTTP][39m [90m{"using":"accessibility id","value":"Selanjutnya"}[39m
[35m[HTTP][39m [37m<-- POST /wd/hub/session/1f8488e6-a58b-4bde-9c98-b99bd4a8b777/elements [39m[32m200[39m [90m89 ms - 12[39m
[35m[HTTP][39m [90m[39m
[35m[HTTP][39m [37m-->[39m [37mPOST[39m [37m/wd/hub/session/1f8488e6-a58b-4bde-9c98-b99bd4a8b777/elements[39m
[35m[HTTP][39m [90m{"using":"accessibility id","value":"Selanjutnya"}[39m
[35m[HTTP][39m [37m<-- POST /wd/hub/session/1f8488e6-a58b-4bde-9c98-b99bd4a8b777/elements [39m[32m200[39m [90m89 ms - 12[39m
[35m[HTTP][39m [90m[39m
[35m[HTTP][39m [37m-->[39m [37mPOST[39m [37m/wd/hub/session/1f8488e6-a58b-4bde-9c98-b99bd4a8b777/elements[39m
[35m[HTTP][39m [90m{"using":"accessibility id","value":"Selanjutnya"}[39m
[35m[HTTP][39m [37m<-- POST /wd/hub/session/1f8488e6-a58b-4bde-9c98-b99bd4a8b777/elements [39m[32m200[39m [90m93 ms - 12[39m
[35m[HTTP][39m [90m[39m
[35m[HTTP][39m [37m-->[39m [37mPOST[39m [37m/wd/hub/session/1f8488e6-a58b-4bde-9c98-b99bd4a8b777/elements[39m
[35m[HTTP][39m [90m{"using":"accessibility id","value":"Selanjutnya"}[39m
[35m[HTTP][39m [37m<-- POST /wd/hub/session/1f8488e6-a58b-4bde-9c98-b99bd4a8b777/elements [39m[32m200[39m [90m742 ms - 12[39m
[35m[HTTP][39m [90m[39m
[35m[HTTP][39m [37m-->[39m [37mPOST[39m [37m/wd/hub/session/1f8488e6-a58b-4bde-9c98-b99bd4a8b777/elements[39m
[35m[HTTP][39m [90m{"using":"accessibility id","value":"Selanjutnya"}[39m
[35m[HTTP][39m [37m<-- POST /wd/hub/session/1f8488e6-a58b-4bde-9c98-b99bd4a8b777/elements [39m[32m200[39m [90m103 ms - 12[39m
[35m[HTTP][39m [90m[39m
[35m[HTTP][39m [37m-->[39m [37mPOST[39m [37m/wd/hub/session/1f8488e6-a58b-4bde-9c98-b99bd4a8b777/elements[39m
[35m[HTTP][39m [90m{"using":"accessibility id","value":"Selanjutnya"}[39m
[35m[HTTP][39m [37m<-- POST /wd/hub/session/1f8488e6-a58b-4bde-9c98-b99bd4a8b777/elements [39m[32m200[39m [90m92 ms - 12[39m
[35m[HTTP][39m [90m[39m
